#
# There is insufficient memory for the Java Runtime Environment to continue.
# Native memory allocation (malloc) failed to allocate 887616 bytes. Error detail: Chunk::new
# Possible reasons:
#   The system is out of physical RAM or swap space
#   This process is running with CompressedOops enabled, and the Java Heap may be blocking the growth of the native heap
# Possible solutions:
#   Reduce memory load on the system
#   Increase physical memory or swap space
#   Check if swap backing store is full
#   Decrease Java heap size (-Xmx/-Xms)
#   Decrease number of Java threads
#   Decrease Java thread stack sizes (-Xss)
#   Set larger code cache with -XX:ReservedCodeCacheSize=
#   JVM is running with Zero Based Compressed Oops mode in which the Java heap is
#     placed in the first 32GB address space. The Java Heap base address is the
#     maximum limit for the native heap growth. Please use -XX:HeapBaseMinAddress
#     to set the Java Heap base and to place the Java Heap above 32GB virtual address.
# This output file may be truncated or incomplete.
#
#  Out of Memory Error (arena.cpp:191), pid=3076, tid=11428
#
# JRE version: OpenJDK Runtime Environment Temurin-17.0.13+11 (17.0.13+11) (build 17.0.13+11)
# Java VM: OpenJDK 64-Bit Server VM Temurin-17.0.13+11 (17.0.13+11, mixed mode, sharing, tiered, compressed oops, compressed class ptrs, g1 gc, windows-amd64)
# No core dump will be written. Minidumps are not enabled by default on client versions of Windows
#

---------------  S U M M A R Y ------------

Command Line: -javaagent:C:\Program Files\JetBrains\IntelliJ IDEA Community Edition 2023.3.3\lib\idea_rt.jar=65119:C:\Program Files\JetBrains\IntelliJ IDEA Community Edition 2023.3.3\bin -Dfile.encoding=UTF-8 com.backend.api.BackendApiApplication

Host: Intel(R) Core(TM) i5-7200U CPU @ 2.50GHz, 4 cores, 11G,  Windows 10 , 64 bit Build 19041 (10.0.19041.5794)
Time: Mon Jun  2 08:34:41 2025 Hora oficial do Brasil elapsed time: 2.583341 seconds (0d 0h 0m 2s)

---------------  T H R E A D  ---------------

Current thread (0x00000208faea3da0):  JavaThread "C2 CompilerThread0" daemon [_thread_in_native, id=11428, stack(0x000000ef30600000,0x000000ef30700000)]


Current CompileTask:
C2:   2583 1851       4       jdk.internal.org.objectweb.asm.Frame::execute (2305 bytes)

Stack: [0x000000ef30600000,0x000000ef30700000]
Native frames: (J=compiled Java code, j=interpreted, Vv=VM code, C=native code)
V  [jvm.dll+0x682a19]
V  [jvm.dll+0x839538]
V  [jvm.dll+0x83afe3]
V  [jvm.dll+0x83b653]
V  [jvm.dll+0x24704f]
V  [jvm.dll+0xace34]
V  [jvm.dll+0xad4cc]
V  [jvm.dll+0x2ac84f]
V  [jvm.dll+0x588a79]
V  [jvm.dll+0x220ea2]
V  [jvm.dll+0x22129f]
V  [jvm.dll+0x21a2b0]
V  [jvm.dll+0x21738b]
V  [jvm.dll+0x1a3070]
V  [jvm.dll+0x22788c]
V  [jvm.dll+0x2259eb]
V  [jvm.dll+0x7eec98]
V  [jvm.dll+0x7e8ffc]
V  [jvm.dll+0x6818f7]
C  [ucrtbase.dll+0x21bb2]
C  [KERNEL32.DLL+0x17374]
C  [ntdll.dll+0x4cc91]


---------------  P R O C E S S  ---------------

Threads class SMR info:
_java_thread_list=0x00000208d04c5310, length=17, elements={
0x00000208e9d6a3d0, 0x00000208fae88390, 0x00000208fae89120, 0x00000208fae9dcc0,
0x00000208fae9f7a0, 0x00000208faea2820, 0x00000208faea30f0, 0x00000208faea3da0,
0x00000208faea9bb0, 0x00000208ff038010, 0x00000208ff0bf640, 0x00000208ff2368a0,
0x00000208ff2c2d30, 0x00000208ff1ec790, 0x00000208d00979b0, 0x00000208d0218640,
0x00000208d007fc20
}

Java Threads: ( => current thread )
  0x00000208e9d6a3d0 JavaThread "main" [_thread_blocked, id=2072, stack(0x000000ef2f900000,0x000000ef2fa00000)]
  0x00000208fae88390 JavaThread "Reference Handler" daemon [_thread_blocked, id=13644, stack(0x000000ef30000000,0x000000ef30100000)]
  0x00000208fae89120 JavaThread "Finalizer" daemon [_thread_blocked, id=15848, stack(0x000000ef30100000,0x000000ef30200000)]
  0x00000208fae9dcc0 JavaThread "Signal Dispatcher" daemon [_thread_blocked, id=7724, stack(0x000000ef30200000,0x000000ef30300000)]
  0x00000208fae9f7a0 JavaThread "Attach Listener" daemon [_thread_blocked, id=15728, stack(0x000000ef30300000,0x000000ef30400000)]
  0x00000208faea2820 JavaThread "Service Thread" daemon [_thread_blocked, id=7960, stack(0x000000ef30400000,0x000000ef30500000)]
  0x00000208faea30f0 JavaThread "Monitor Deflation Thread" daemon [_thread_blocked, id=7504, stack(0x000000ef30500000,0x000000ef30600000)]
=>0x00000208faea3da0 JavaThread "C2 CompilerThread0" daemon [_thread_in_native, id=11428, stack(0x000000ef30600000,0x000000ef30700000)]
  0x00000208faea9bb0 JavaThread "C1 CompilerThread0" daemon [_thread_blocked, id=7088, stack(0x000000ef30700000,0x000000ef30800000)]
  0x00000208ff038010 JavaThread "Sweeper thread" daemon [_thread_blocked, id=6424, stack(0x000000ef30800000,0x000000ef30900000)]
  0x00000208ff0bf640 JavaThread "Common-Cleaner" daemon [_thread_blocked, id=11560, stack(0x000000ef30900000,0x000000ef30a00000)]
  0x00000208ff2368a0 JavaThread "C2 CompilerThread1" daemon [_thread_blocked, id=1992, stack(0x000000ef30a00000,0x000000ef30b00000)]
  0x00000208ff2c2d30 JavaThread "Monitor Ctrl-Break" daemon [_thread_in_native, id=12932, stack(0x000000ef30b00000,0x000000ef30c00000)]
  0x00000208ff1ec790 JavaThread "Notification Thread" daemon [_thread_blocked, id=19280, stack(0x000000ef30c00000,0x000000ef30d00000)]
  0x00000208d00979b0 JavaThread "Thread-0" [_thread_blocked, id=10624, stack(0x000000ef31100000,0x000000ef31200000)]
  0x00000208d0218640 JavaThread "restartedMain" [_thread_in_vm, id=20476, stack(0x000000ef31200000,0x000000ef31300000)]
  0x00000208d007fc20 JavaThread "background-preinit" [_thread_in_Java, id=11492, stack(0x000000ef31300000,0x000000ef31400000)]

Other Threads:
  0x00000208fae80f90 VMThread "VM Thread" [stack: 0x000000ef2ff00000,0x000000ef30000000] [id=10488]
  0x00000208ff544450 WatcherThread [stack: 0x000000ef30d00000,0x000000ef30e00000] [id=19368]
  0x00000208e9dc0af0 GCTaskThread "GC Thread#0" [stack: 0x000000ef2fa00000,0x000000ef2fb00000] [id=14484]
  0x00000208ff766190 GCTaskThread "GC Thread#1" [stack: 0x000000ef30e00000,0x000000ef30f00000] [id=15232]
  0x00000208ff766450 GCTaskThread "GC Thread#2" [stack: 0x000000ef30f00000,0x000000ef31000000] [id=14020]
  0x00000208ff81f600 GCTaskThread "GC Thread#3" [stack: 0x000000ef31000000,0x000000ef31100000] [id=20424]
  0x00000208e9dcd760 ConcurrentGCThread "G1 Main Marker" [stack: 0x000000ef2fb00000,0x000000ef2fc00000] [id=12936]
  0x00000208e9dce090 ConcurrentGCThread "G1 Conc#0" [stack: 0x000000ef2fc00000,0x000000ef2fd00000] [id=15524]
  0x00000208e9e0c510 ConcurrentGCThread "G1 Refine#0" [stack: 0x000000ef2fd00000,0x000000ef2fe00000] [id=19708]
  0x00000208e9e0ce50 ConcurrentGCThread "G1 Service" [stack: 0x000000ef2fe00000,0x000000ef2ff00000] [id=18316]

Threads with active compile tasks:
C2 CompilerThread0     2624 1851       4       jdk.internal.org.objectweb.asm.Frame::execute (2305 bytes)

VM state: not at safepoint (normal execution)

VM Mutex/Monitor currently owned by a thread: None

Heap address: 0x0000000741e00000, size: 3042 MB, Compressed Oops mode: Zero based, Oop shift amount: 3

CDS archive(s) mapped at: [0x000002088f000000-0x000002088fbb0000-0x000002088fbb0000), size 12255232, SharedBaseAddress: 0x000002088f000000, ArchiveRelocationMode: 1.
Compressed class space mapped at: 0x0000020890000000-0x00000208d0000000, reserved size: 1073741824
Narrow klass base: 0x000002088f000000, Narrow klass shift: 0, Narrow klass range: 0x100000000

GC Precious Log:
 CPUs: 4 total, 4 available
 Memory: 12163M
 Large Page Support: Disabled
 NUMA Support: Disabled
 Compressed Oops: Enabled (Zero based)
 Heap Region Size: 2M
 Heap Min Capacity: 8M
 Heap Initial Capacity: 192M
 Heap Max Capacity: 3042M
 Pre-touch: Disabled
 Parallel Workers: 4
 Concurrent Workers: 1
 Concurrent Refinement Workers: 4
 Periodic GC: Disabled

Heap:
 garbage-first heap   total 196608K, used 20345K [0x0000000741e00000, 0x0000000800000000)
  region size 2048K, 9 young (18432K), 2 survivors (4096K)
 Metaspace       used 13800K, committed 14016K, reserved 1114112K
  class space    used 1653K, committed 1728K, reserved 1048576K

Heap Regions: E=young(eden), S=young(survivor), O=old, HS=humongous(starts), HC=humongous(continues), CS=collection set, F=free, OA=open archive, CA=closed archive, TAMS=top-at-mark-start (previous, next)
|   0|0x0000000741e00000, 0x0000000742000000, 0x0000000742000000|100%| O|  |TAMS 0x0000000741e00000, 0x0000000741e00000| Untracked 
|   1|0x0000000742000000, 0x0000000742200000, 0x0000000742200000|100%| O|  |TAMS 0x0000000742000000, 0x0000000742000000| Untracked 
|   2|0x0000000742200000, 0x000000074237be00, 0x0000000742400000| 74%| O|  |TAMS 0x0000000742200000, 0x0000000742200000| Untracked 
|   3|0x0000000742400000, 0x0000000742400000, 0x0000000742600000|  0%| F|  |TAMS 0x0000000742400000, 0x0000000742400000| Untracked 
|   4|0x0000000742600000, 0x0000000742600000, 0x0000000742800000|  0%| F|  |TAMS 0x0000000742600000, 0x0000000742600000| Untracked 
|   5|0x0000000742800000, 0x0000000742800000, 0x0000000742a00000|  0%| F|  |TAMS 0x0000000742800000, 0x0000000742800000| Untracked 
|   6|0x0000000742a00000, 0x0000000742a00000, 0x0000000742c00000|  0%| F|  |TAMS 0x0000000742a00000, 0x0000000742a00000| Untracked 
|   7|0x0000000742c00000, 0x0000000742c00000, 0x0000000742e00000|  0%| F|  |TAMS 0x0000000742c00000, 0x0000000742c00000| Untracked 
|   8|0x0000000742e00000, 0x0000000742e00000, 0x0000000743000000|  0%| F|  |TAMS 0x0000000742e00000, 0x0000000742e00000| Untracked 
|   9|0x0000000743000000, 0x0000000743000000, 0x0000000743200000|  0%| F|  |TAMS 0x0000000743000000, 0x0000000743000000| Untracked 
|  10|0x0000000743200000, 0x0000000743200000, 0x0000000743400000|  0%| F|  |TAMS 0x0000000743200000, 0x0000000743200000| Untracked 
|  11|0x0000000743400000, 0x0000000743400000, 0x0000000743600000|  0%| F|  |TAMS 0x0000000743400000, 0x0000000743400000| Untracked 
|  12|0x0000000743600000, 0x0000000743600000, 0x0000000743800000|  0%| F|  |TAMS 0x0000000743600000, 0x0000000743600000| Untracked 
|  13|0x0000000743800000, 0x0000000743800000, 0x0000000743a00000|  0%| F|  |TAMS 0x0000000743800000, 0x0000000743800000| Untracked 
|  14|0x0000000743a00000, 0x0000000743a00000, 0x0000000743c00000|  0%| F|  |TAMS 0x0000000743a00000, 0x0000000743a00000| Untracked 
|  15|0x0000000743c00000, 0x0000000743c00000, 0x0000000743e00000|  0%| F|  |TAMS 0x0000000743c00000, 0x0000000743c00000| Untracked 
|  16|0x0000000743e00000, 0x0000000743e00000, 0x0000000744000000|  0%| F|  |TAMS 0x0000000743e00000, 0x0000000743e00000| Untracked 
|  17|0x0000000744000000, 0x0000000744000000, 0x0000000744200000|  0%| F|  |TAMS 0x0000000744000000, 0x0000000744000000| Untracked 
|  18|0x0000000744200000, 0x0000000744200000, 0x0000000744400000|  0%| F|  |TAMS 0x0000000744200000, 0x0000000744200000| Untracked 
|  19|0x0000000744400000, 0x0000000744400000, 0x0000000744600000|  0%| F|  |TAMS 0x0000000744400000, 0x0000000744400000| Untracked 
|  20|0x0000000744600000, 0x0000000744600000, 0x0000000744800000|  0%| F|  |TAMS 0x0000000744600000, 0x0000000744600000| Untracked 
|  21|0x0000000744800000, 0x0000000744800000, 0x0000000744a00000|  0%| F|  |TAMS 0x0000000744800000, 0x0000000744800000| Untracked 
|  22|0x0000000744a00000, 0x0000000744a00000, 0x0000000744c00000|  0%| F|  |TAMS 0x0000000744a00000, 0x0000000744a00000| Untracked 
|  23|0x0000000744c00000, 0x0000000744c00000, 0x0000000744e00000|  0%| F|  |TAMS 0x0000000744c00000, 0x0000000744c00000| Untracked 
|  24|0x0000000744e00000, 0x0000000744e00000, 0x0000000745000000|  0%| F|  |TAMS 0x0000000744e00000, 0x0000000744e00000| Untracked 
|  25|0x0000000745000000, 0x0000000745000000, 0x0000000745200000|  0%| F|  |TAMS 0x0000000745000000, 0x0000000745000000| Untracked 
|  26|0x0000000745200000, 0x0000000745200000, 0x0000000745400000|  0%| F|  |TAMS 0x0000000745200000, 0x0000000745200000| Untracked 
|  27|0x0000000745400000, 0x0000000745400000, 0x0000000745600000|  0%| F|  |TAMS 0x0000000745400000, 0x0000000745400000| Untracked 
|  28|0x0000000745600000, 0x0000000745600000, 0x0000000745800000|  0%| F|  |TAMS 0x0000000745600000, 0x0000000745600000| Untracked 
|  29|0x0000000745800000, 0x0000000745800000, 0x0000000745a00000|  0%| F|  |TAMS 0x0000000745800000, 0x0000000745800000| Untracked 
|  30|0x0000000745a00000, 0x0000000745a00000, 0x0000000745c00000|  0%| F|  |TAMS 0x0000000745a00000, 0x0000000745a00000| Untracked 
|  31|0x0000000745c00000, 0x0000000745c00000, 0x0000000745e00000|  0%| F|  |TAMS 0x0000000745c00000, 0x0000000745c00000| Untracked 
|  32|0x0000000745e00000, 0x0000000745e00000, 0x0000000746000000|  0%| F|  |TAMS 0x0000000745e00000, 0x0000000745e00000| Untracked 
|  33|0x0000000746000000, 0x0000000746000000, 0x0000000746200000|  0%| F|  |TAMS 0x0000000746000000, 0x0000000746000000| Untracked 
|  34|0x0000000746200000, 0x0000000746200000, 0x0000000746400000|  0%| F|  |TAMS 0x0000000746200000, 0x0000000746200000| Untracked 
|  35|0x0000000746400000, 0x0000000746400000, 0x0000000746600000|  0%| F|  |TAMS 0x0000000746400000, 0x0000000746400000| Untracked 
|  36|0x0000000746600000, 0x0000000746600000, 0x0000000746800000|  0%| F|  |TAMS 0x0000000746600000, 0x0000000746600000| Untracked 
|  37|0x0000000746800000, 0x0000000746800000, 0x0000000746a00000|  0%| F|  |TAMS 0x0000000746800000, 0x0000000746800000| Untracked 
|  38|0x0000000746a00000, 0x0000000746a00000, 0x0000000746c00000|  0%| F|  |TAMS 0x0000000746a00000, 0x0000000746a00000| Untracked 
|  39|0x0000000746c00000, 0x0000000746c00000, 0x0000000746e00000|  0%| F|  |TAMS 0x0000000746c00000, 0x0000000746c00000| Untracked 
|  40|0x0000000746e00000, 0x0000000746e00000, 0x0000000747000000|  0%| F|  |TAMS 0x0000000746e00000, 0x0000000746e00000| Untracked 
|  41|0x0000000747000000, 0x0000000747000000, 0x0000000747200000|  0%| F|  |TAMS 0x0000000747000000, 0x0000000747000000| Untracked 
|  42|0x0000000747200000, 0x0000000747200000, 0x0000000747400000|  0%| F|  |TAMS 0x0000000747200000, 0x0000000747200000| Untracked 
|  43|0x0000000747400000, 0x0000000747400000, 0x0000000747600000|  0%| F|  |TAMS 0x0000000747400000, 0x0000000747400000| Untracked 
|  44|0x0000000747600000, 0x0000000747600000, 0x0000000747800000|  0%| F|  |TAMS 0x0000000747600000, 0x0000000747600000| Untracked 
|  45|0x0000000747800000, 0x0000000747800000, 0x0000000747a00000|  0%| F|  |TAMS 0x0000000747800000, 0x0000000747800000| Untracked 
|  46|0x0000000747a00000, 0x0000000747a00000, 0x0000000747c00000|  0%| F|  |TAMS 0x0000000747a00000, 0x0000000747a00000| Untracked 
|  47|0x0000000747c00000, 0x0000000747c00000, 0x0000000747e00000|  0%| F|  |TAMS 0x0000000747c00000, 0x0000000747c00000| Untracked 
|  48|0x0000000747e00000, 0x0000000747e00000, 0x0000000748000000|  0%| F|  |TAMS 0x0000000747e00000, 0x0000000747e00000| Untracked 
|  49|0x0000000748000000, 0x0000000748000000, 0x0000000748200000|  0%| F|  |TAMS 0x0000000748000000, 0x0000000748000000| Untracked 
|  50|0x0000000748200000, 0x0000000748200000, 0x0000000748400000|  0%| F|  |TAMS 0x0000000748200000, 0x0000000748200000| Untracked 
|  51|0x0000000748400000, 0x0000000748400000, 0x0000000748600000|  0%| F|  |TAMS 0x0000000748400000, 0x0000000748400000| Untracked 
|  52|0x0000000748600000, 0x0000000748600000, 0x0000000748800000|  0%| F|  |TAMS 0x0000000748600000, 0x0000000748600000| Untracked 
|  53|0x0000000748800000, 0x0000000748800000, 0x0000000748a00000|  0%| F|  |TAMS 0x0000000748800000, 0x0000000748800000| Untracked 
|  54|0x0000000748a00000, 0x0000000748a00000, 0x0000000748c00000|  0%| F|  |TAMS 0x0000000748a00000, 0x0000000748a00000| Untracked 
|  55|0x0000000748c00000, 0x0000000748c00000, 0x0000000748e00000|  0%| F|  |TAMS 0x0000000748c00000, 0x0000000748c00000| Untracked 
|  56|0x0000000748e00000, 0x0000000748e00000, 0x0000000749000000|  0%| F|  |TAMS 0x0000000748e00000, 0x0000000748e00000| Untracked 
|  57|0x0000000749000000, 0x0000000749000000, 0x0000000749200000|  0%| F|  |TAMS 0x0000000749000000, 0x0000000749000000| Untracked 
|  58|0x0000000749200000, 0x0000000749200000, 0x0000000749400000|  0%| F|  |TAMS 0x0000000749200000, 0x0000000749200000| Untracked 
|  59|0x0000000749400000, 0x0000000749400000, 0x0000000749600000|  0%| F|  |TAMS 0x0000000749400000, 0x0000000749400000| Untracked 
|  60|0x0000000749600000, 0x0000000749600000, 0x0000000749800000|  0%| F|  |TAMS 0x0000000749600000, 0x0000000749600000| Untracked 
|  61|0x0000000749800000, 0x0000000749800000, 0x0000000749a00000|  0%| F|  |TAMS 0x0000000749800000, 0x0000000749800000| Untracked 
|  62|0x0000000749a00000, 0x0000000749a00000, 0x0000000749c00000|  0%| F|  |TAMS 0x0000000749a00000, 0x0000000749a00000| Untracked 
|  63|0x0000000749c00000, 0x0000000749c00000, 0x0000000749e00000|  0%| F|  |TAMS 0x0000000749c00000, 0x0000000749c00000| Untracked 
|  64|0x0000000749e00000, 0x0000000749e00000, 0x000000074a000000|  0%| F|  |TAMS 0x0000000749e00000, 0x0000000749e00000| Untracked 
|  65|0x000000074a000000, 0x000000074a000000, 0x000000074a200000|  0%| F|  |TAMS 0x000000074a000000, 0x000000074a000000| Untracked 
|  66|0x000000074a200000, 0x000000074a200000, 0x000000074a400000|  0%| F|  |TAMS 0x000000074a200000, 0x000000074a200000| Untracked 
|  67|0x000000074a400000, 0x000000074a400000, 0x000000074a600000|  0%| F|  |TAMS 0x000000074a400000, 0x000000074a400000| Untracked 
|  68|0x000000074a600000, 0x000000074a600000, 0x000000074a800000|  0%| F|  |TAMS 0x000000074a600000, 0x000000074a600000| Untracked 
|  69|0x000000074a800000, 0x000000074a800000, 0x000000074aa00000|  0%| F|  |TAMS 0x000000074a800000, 0x000000074a800000| Untracked 
|  70|0x000000074aa00000, 0x000000074aa00000, 0x000000074ac00000|  0%| F|  |TAMS 0x000000074aa00000, 0x000000074aa00000| Untracked 
|  71|0x000000074ac00000, 0x000000074ac00000, 0x000000074ae00000|  0%| F|  |TAMS 0x000000074ac00000, 0x000000074ac00000| Untracked 
|  72|0x000000074ae00000, 0x000000074ae00000, 0x000000074b000000|  0%| F|  |TAMS 0x000000074ae00000, 0x000000074ae00000| Untracked 
|  73|0x000000074b000000, 0x000000074b000000, 0x000000074b200000|  0%| F|  |TAMS 0x000000074b000000, 0x000000074b000000| Untracked 
|  74|0x000000074b200000, 0x000000074b200000, 0x000000074b400000|  0%| F|  |TAMS 0x000000074b200000, 0x000000074b200000| Untracked 
|  75|0x000000074b400000, 0x000000074b400000, 0x000000074b600000|  0%| F|  |TAMS 0x000000074b400000, 0x000000074b400000| Untracked 
|  76|0x000000074b600000, 0x000000074b600000, 0x000000074b800000|  0%| F|  |TAMS 0x000000074b600000, 0x000000074b600000| Untracked 
|  77|0x000000074b800000, 0x000000074b800000, 0x000000074ba00000|  0%| F|  |TAMS 0x000000074b800000, 0x000000074b800000| Untracked 
|  78|0x000000074ba00000, 0x000000074ba00000, 0x000000074bc00000|  0%| F|  |TAMS 0x000000074ba00000, 0x000000074ba00000| Untracked 
|  79|0x000000074bc00000, 0x000000074bc00000, 0x000000074be00000|  0%| F|  |TAMS 0x000000074bc00000, 0x000000074bc00000| Untracked 
|  80|0x000000074be00000, 0x000000074be00000, 0x000000074c000000|  0%| F|  |TAMS 0x000000074be00000, 0x000000074be00000| Untracked 
|  81|0x000000074c000000, 0x000000074c062680, 0x000000074c200000| 19%| S|CS|TAMS 0x000000074c000000, 0x000000074c000000| Complete 
|  82|0x000000074c200000, 0x000000074c400000, 0x000000074c400000|100%| S|CS|TAMS 0x000000074c200000, 0x000000074c200000| Complete 
|  83|0x000000074c400000, 0x000000074c400000, 0x000000074c600000|  0%| F|  |TAMS 0x000000074c400000, 0x000000074c400000| Untracked 
|  84|0x000000074c600000, 0x000000074c600000, 0x000000074c800000|  0%| F|  |TAMS 0x000000074c600000, 0x000000074c600000| Untracked 
|  85|0x000000074c800000, 0x000000074c800000, 0x000000074ca00000|  0%| F|  |TAMS 0x000000074c800000, 0x000000074c800000| Untracked 
|  86|0x000000074ca00000, 0x000000074ca00000, 0x000000074cc00000|  0%| F|  |TAMS 0x000000074ca00000, 0x000000074ca00000| Untracked 
|  87|0x000000074cc00000, 0x000000074cc00000, 0x000000074ce00000|  0%| F|  |TAMS 0x000000074cc00000, 0x000000074cc00000| Untracked 
|  88|0x000000074ce00000, 0x000000074ce87318, 0x000000074d000000| 26%| E|  |TAMS 0x000000074ce00000, 0x000000074ce00000| Complete 
|  89|0x000000074d000000, 0x000000074d200000, 0x000000074d200000|100%| E|CS|TAMS 0x000000074d000000, 0x000000074d000000| Complete 
|  90|0x000000074d200000, 0x000000074d400000, 0x000000074d400000|100%| E|CS|TAMS 0x000000074d200000, 0x000000074d200000| Complete 
|  91|0x000000074d400000, 0x000000074d600000, 0x000000074d600000|100%| E|CS|TAMS 0x000000074d400000, 0x000000074d400000| Complete 
|  92|0x000000074d600000, 0x000000074d800000, 0x000000074d800000|100%| E|CS|TAMS 0x000000074d600000, 0x000000074d600000| Complete 
|  93|0x000000074d800000, 0x000000074da00000, 0x000000074da00000|100%| E|CS|TAMS 0x000000074d800000, 0x000000074d800000| Complete 
|  94|0x000000074da00000, 0x000000074dc00000, 0x000000074dc00000|100%| E|CS|TAMS 0x000000074da00000, 0x000000074da00000| Complete 
|  95|0x000000074dc00000, 0x000000074de00000, 0x000000074de00000|100%| E|CS|TAMS 0x000000074dc00000, 0x000000074dc00000| Complete 

Card table byte_map: [0x00000208f1ea0000,0x00000208f24a0000] _byte_map_base: 0x00000208ee491000

Marking Bits (Prev, Next): (CMBitMap*) 0x00000208e9dc1020, (CMBitMap*) 0x00000208e9dc1060
 Prev Bits: [0x00000208f2aa0000, 0x00000208f5a28000)
 Next Bits: [0x00000208f5a30000, 0x00000208f89b8000)

Polling page: 0x00000208e7d50000

Metaspace:

Usage:
  Non-class:     11.95 MB used.
      Class:      1.63 MB used.
       Both:     13.58 MB used.

Virtual space:
  Non-class space:       64.00 MB reserved,      12.06 MB ( 19%) committed,  1 nodes.
      Class space:        1.00 GB reserved,       1.75 MB ( <1%) committed,  1 nodes.
             Both:        1.06 GB reserved,      13.81 MB (  1%) committed. 

Chunk freelists:
   Non-Class:  3.06 MB
       Class:  14.23 MB
        Both:  17.30 MB

MaxMetaspaceSize: unlimited
CompressedClassSpaceSize: 1.00 GB
Initial GC threshold: 21.00 MB
Current GC threshold: 21.00 MB
CDS: on
MetaspaceReclaimPolicy: balanced
 - commit_granule_bytes: 65536.
 - commit_granule_words: 8192.
 - virtual_space_node_default_size: 8388608.
 - enlarge_chunks_in_place: 1.
 - new_chunks_are_fully_committed: 0.
 - uncommit_free_chunks: 1.
 - use_allocation_guard: 0.
 - handle_deallocations: 1.


Internal statistics:

num_allocs_failed_limit: 0.
num_arena_births: 182.
num_arena_deaths: 0.
num_vsnodes_births: 2.
num_vsnodes_deaths: 0.
num_space_committed: 221.
num_space_uncommitted: 0.
num_chunks_returned_to_freelist: 0.
num_chunks_taken_from_freelist: 586.
num_chunk_merges: 0.
num_chunk_splits: 416.
num_chunks_enlarged: 334.
num_inconsistent_stats: 0.

CodeHeap 'non-profiled nmethods': size=120000Kb used=723Kb max_used=723Kb free=119276Kb
 bounds [0x0000020887ad0000, 0x0000020887d40000, 0x000002088f000000]
CodeHeap 'profiled nmethods': size=120000Kb used=3542Kb max_used=3542Kb free=116457Kb
 bounds [0x0000020880000000, 0x0000020880380000, 0x0000020887530000]
CodeHeap 'non-nmethods': size=5760Kb used=1192Kb max_used=1241Kb free=4567Kb
 bounds [0x0000020887530000, 0x00000208877a0000, 0x0000020887ad0000]
 total_blobs=2427 nmethods=1940 adapters=399
 compilation: enabled
              stopped_count=0, restarted_count=0
 full_count=0

Compilation events (20 events):
Event: 2.545 Thread 0x00000208faea9bb0 1922       3       org.springframework.core.annotation.PackagesAnnotationFilter::matches (42 bytes)
Event: 2.545 Thread 0x00000208faea9bb0 nmethod 1922 0x000002088036bb10 code [0x000002088036bce0, 0x000002088036bfe8]
Event: 2.546 Thread 0x00000208faea9bb0 1923       3       org.springframework.core.annotation.AnnotationFilter::matches (11 bytes)
Event: 2.546 Thread 0x00000208faea9bb0 nmethod 1923 0x000002088036c190 code [0x000002088036c340, 0x000002088036c5f8]
Event: 2.549 Thread 0x00000208faea9bb0 1924       3       java.util.AbstractCollection::addAll (42 bytes)
Event: 2.549 Thread 0x00000208faea9bb0 nmethod 1924 0x000002088036c710 code [0x000002088036c900, 0x000002088036ce38]
Event: 2.558 Thread 0x00000208faea9bb0 1925       1       ch.qos.logback.classic.spi.LogbackServiceProvider::getLoggerFactory (5 bytes)
Event: 2.558 Thread 0x00000208faea9bb0 nmethod 1925 0x0000020887b7cf10 code [0x0000020887b7d0a0, 0x0000020887b7d178]
Event: 2.558 Thread 0x00000208faea9bb0 1926       1       org.apache.commons.logging.impl.WeakHashtable$Referenced::hashCode (5 bytes)
Event: 2.559 Thread 0x00000208faea9bb0 nmethod 1926 0x0000020887b7d210 code [0x0000020887b7d3a0, 0x0000020887b7d478]
Event: 2.559 Thread 0x00000208faea9bb0 1927       3       org.apache.commons.logging.impl.WeakHashtable$Referenced::getValue (8 bytes)
Event: 2.559 Thread 0x00000208faea9bb0 nmethod 1927 0x000002088036cf90 code [0x000002088036d120, 0x000002088036d2f8]
Event: 2.559 Thread 0x00000208faea9bb0 1928       3       java.lang.ref.WeakReference::<init> (6 bytes)
Event: 2.559 Thread 0x00000208faea9bb0 nmethod 1928 0x000002088036d410 code [0x000002088036d5c0, 0x000002088036d8d8]
Event: 2.559 Thread 0x00000208faea9bb0 1929       3       java.lang.Thread::getContextClassLoader (32 bytes)
Event: 2.560 Thread 0x00000208faea9bb0 nmethod 1929 0x000002088036da10 code [0x000002088036dc40, 0x000002088036e5b8]
Event: 2.565 Thread 0x00000208ff2368a0 nmethod 1845 0x0000020887b7d510 code [0x0000020887b7d860, 0x0000020887b80498]
Event: 2.566 Thread 0x00000208faea9bb0 1930       1       ch.qos.logback.core.pattern.Converter::getNext (5 bytes)
Event: 2.566 Thread 0x00000208faea9bb0 nmethod 1930 0x0000020887b81c10 code [0x0000020887b81da0, 0x0000020887b81e78]
Event: 2.566 Thread 0x00000208ff2368a0 1864       4       java.lang.String::regionMatches (150 bytes)

GC Heap History (6 events):
Event: 0.653 GC heap before
{Heap before GC invocations=0 (full 0):
 garbage-first heap   total 196608K, used 10240K [0x0000000741e00000, 0x0000000800000000)
  region size 2048K, 6 young (12288K), 0 survivors (0K)
 Metaspace       used 2777K, committed 2944K, reserved 1114112K
  class space    used 272K, committed 384K, reserved 1048576K
}
Event: 0.657 GC heap after
{Heap after GC invocations=1 (full 0):
 garbage-first heap   total 196608K, used 5552K [0x0000000741e00000, 0x0000000800000000)
  region size 2048K, 1 young (2048K), 1 survivors (2048K)
 Metaspace       used 2777K, committed 2944K, reserved 1114112K
  class space    used 272K, committed 384K, reserved 1048576K
}
Event: 1.020 GC heap before
{Heap before GC invocations=1 (full 0):
 garbage-first heap   total 196608K, used 11696K [0x0000000741e00000, 0x0000000800000000)
  region size 2048K, 4 young (8192K), 1 survivors (2048K)
 Metaspace       used 4933K, committed 5120K, reserved 1114112K
  class space    used 543K, committed 640K, reserved 1048576K
}
Event: 1.026 GC heap after
{Heap after GC invocations=2 (full 0):
 garbage-first heap   total 196608K, used 6481K [0x0000000741e00000, 0x0000000800000000)
  region size 2048K, 1 young (2048K), 1 survivors (2048K)
 Metaspace       used 4933K, committed 5120K, reserved 1114112K
  class space    used 543K, committed 640K, reserved 1048576K
}
Event: 2.152 GC heap before
{Heap before GC invocations=2 (full 0):
 garbage-first heap   total 196608K, used 29009K [0x0000000741e00000, 0x0000000800000000)
  region size 2048K, 13 young (26624K), 1 survivors (2048K)
 Metaspace       used 10349K, committed 10624K, reserved 1114112K
  class space    used 1246K, committed 1408K, reserved 1048576K
}
Event: 2.156 GC heap after
{Heap after GC invocations=3 (full 0):
 garbage-first heap   total 196608K, used 8057K [0x0000000741e00000, 0x0000000800000000)
  region size 2048K, 2 young (4096K), 2 survivors (4096K)
 Metaspace       used 10349K, committed 10624K, reserved 1114112K
  class space    used 1246K, committed 1408K, reserved 1048576K
}

Dll operation events (13 events):
Event: 0.018 Loaded shared library C:\Users\Donguinha\.gradle\jdks\eclipse_adoptium-17-amd64-windows.2\bin\java.dll
Event: 0.049 Loaded shared library C:\Users\Donguinha\.gradle\jdks\eclipse_adoptium-17-amd64-windows.2\bin\jsvml.dll
Event: 0.208 Loaded shared library C:\Users\Donguinha\.gradle\jdks\eclipse_adoptium-17-amd64-windows.2\bin\zip.dll
Event: 0.211 Loaded shared library C:\Users\Donguinha\.gradle\jdks\eclipse_adoptium-17-amd64-windows.2\bin\instrument.dll
Event: 0.220 Loaded shared library C:\Users\Donguinha\.gradle\jdks\eclipse_adoptium-17-amd64-windows.2\bin\net.dll
Event: 0.223 Loaded shared library C:\Users\Donguinha\.gradle\jdks\eclipse_adoptium-17-amd64-windows.2\bin\nio.dll
Event: 0.226 Loaded shared library C:\Users\Donguinha\.gradle\jdks\eclipse_adoptium-17-amd64-windows.2\bin\zip.dll
Event: 0.352 Loaded shared library C:\Program Files\JetBrains\IntelliJ IDEA Community Edition 2023.3.3\bin\breakgen64.dll
Event: 0.370 Loaded shared library C:\Users\Donguinha\.gradle\jdks\eclipse_adoptium-17-amd64-windows.2\bin\extnet.dll
Event: 0.393 Loaded shared library C:\Users\Donguinha\.gradle\jdks\eclipse_adoptium-17-amd64-windows.2\bin\verify.dll
Event: 0.405 Loaded shared library C:\Users\Donguinha\.gradle\jdks\eclipse_adoptium-17-amd64-windows.2\bin\jimage.dll
Event: 0.919 Loaded shared library C:\Users\Donguinha\.gradle\jdks\eclipse_adoptium-17-amd64-windows.2\bin\management.dll
Event: 0.923 Loaded shared library C:\Users\Donguinha\.gradle\jdks\eclipse_adoptium-17-amd64-windows.2\bin\management_ext.dll

Deoptimization events (20 events):
Event: 2.434 Thread 0x00000208d007fc20 Uncommon trap: trap_request=0xffffff45 fr.pc=0x0000020887ae9508 relative=0x0000000000000468
Event: 2.434 Thread 0x00000208d007fc20 Uncommon trap: reason=unstable_if action=reinterpret pc=0x0000020887ae9508 method=java.lang.StringLatin1.canEncode(I)Z @ 4 c2
Event: 2.434 Thread 0x00000208d007fc20 DEOPT PACKING pc=0x0000020887ae9508 sp=0x000000ef313fd880
Event: 2.434 Thread 0x00000208d007fc20 DEOPT UNPACKING pc=0x00000208875869a3 sp=0x000000ef313fd7a8 mode 2
Event: 2.434 Thread 0x00000208d007fc20 Uncommon trap: trap_request=0xffffff45 fr.pc=0x0000020887aea6ec relative=0x000000000000044c
Event: 2.434 Thread 0x00000208d007fc20 Uncommon trap: reason=unstable_if action=reinterpret pc=0x0000020887aea6ec method=java.lang.AbstractStringBuilder.isLatin1()Z @ 10 c2
Event: 2.434 Thread 0x00000208d007fc20 DEOPT PACKING pc=0x0000020887aea6ec sp=0x000000ef313fd8a0
Event: 2.434 Thread 0x00000208d007fc20 DEOPT UNPACKING pc=0x00000208875869a3 sp=0x000000ef313fd820 mode 2
Event: 2.434 Thread 0x00000208d007fc20 Uncommon trap: trap_request=0xffffff45 fr.pc=0x0000020887b4ef5c relative=0x000000000000005c
Event: 2.434 Thread 0x00000208d007fc20 Uncommon trap: reason=unstable_if action=reinterpret pc=0x0000020887b4ef5c method=java.lang.AbstractStringBuilder.isLatin1()Z @ 10 c2
Event: 2.434 Thread 0x00000208d007fc20 DEOPT PACKING pc=0x0000020887b4ef5c sp=0x000000ef313fd880
Event: 2.434 Thread 0x00000208d007fc20 DEOPT UNPACKING pc=0x00000208875869a3 sp=0x000000ef313fd810 mode 2
Event: 2.438 Thread 0x00000208d007fc20 Uncommon trap: trap_request=0xffffff45 fr.pc=0x0000020887b29ec8 relative=0x0000000000000048
Event: 2.438 Thread 0x00000208d007fc20 Uncommon trap: reason=unstable_if action=reinterpret pc=0x0000020887b29ec8 method=java.lang.CharacterData.of(I)Ljava/lang/CharacterData; @ 4 c2
Event: 2.438 Thread 0x00000208d007fc20 DEOPT PACKING pc=0x0000020887b29ec8 sp=0x000000ef313fd030
Event: 2.438 Thread 0x00000208d007fc20 DEOPT UNPACKING pc=0x00000208875869a3 sp=0x000000ef313fcfc8 mode 2
Event: 2.465 Thread 0x00000208d0218640 Uncommon trap: trap_request=0xffffff45 fr.pc=0x0000020887b50e34 relative=0x0000000000000314
Event: 2.465 Thread 0x00000208d0218640 Uncommon trap: reason=unstable_if action=reinterpret pc=0x0000020887b50e34 method=jdk.internal.org.objectweb.asm.SymbolTable.put(Ljdk/internal/org/objectweb/asm/SymbolTable$Entry;)Ljdk/internal/org/objectweb/asm/SymbolTable$Entry; @ 13 c2
Event: 2.465 Thread 0x00000208d0218640 DEOPT PACKING pc=0x0000020887b50e34 sp=0x000000ef312fcaa0
Event: 2.465 Thread 0x00000208d0218640 DEOPT UNPACKING pc=0x00000208875869a3 sp=0x000000ef312fca20 mode 2

Classes loaded (20 events):
Event: 2.433 Loading class jdk/internal/reflect/UTF8
Event: 2.433 Loading class jdk/internal/reflect/UTF8 done
Event: 2.434 Loading class jdk/internal/reflect/Label
Event: 2.434 Loading class jdk/internal/reflect/Label done
Event: 2.434 Loading class jdk/internal/reflect/Label$PatchInfo
Event: 2.434 Loading class jdk/internal/reflect/Label$PatchInfo done
Event: 2.434 Loading class jdk/internal/reflect/MethodAccessorGenerator$1
Event: 2.435 Loading class jdk/internal/reflect/MethodAccessorGenerator$1 done
Event: 2.435 Loading class jdk/internal/reflect/ClassDefiner
Event: 2.435 Loading class jdk/internal/reflect/ClassDefiner done
Event: 2.435 Loading class jdk/internal/reflect/ClassDefiner$1
Event: 2.435 Loading class jdk/internal/reflect/ClassDefiner$1 done
Event: 2.435 Loading class jdk/internal/reflect/BootstrapConstructorAccessorImpl
Event: 2.436 Loading class jdk/internal/reflect/BootstrapConstructorAccessorImpl done
Event: 2.445 Loading class java/lang/annotation/Repeatable
Event: 2.445 Loading class java/lang/annotation/Repeatable done
Event: 2.453 Loading class java/io/CharArrayReader
Event: 2.453 Loading class java/io/CharArrayReader done
Event: 2.554 Loading class jdk/internal/reflect/UnsafeObjectFieldAccessorImpl
Event: 2.555 Loading class jdk/internal/reflect/UnsafeObjectFieldAccessorImpl done

Classes unloaded (0 events):
No events

Classes redefined (0 events):
No events

Internal exceptions (20 events):
Event: 1.497 Thread 0x00000208d0218640 Exception <a 'java/lang/NoSuchMethodError'{0x000000074ce51160}: 'java.lang.Object java.lang.invoke.DirectMethodHandle$Holder.invokeSpecial(java.lang.Object, java.lang.Object, java.lang.Object, java.lang.Object, java.lang.Object, java.lang.Object, int)'> (0x000000074ce51160) 
thrown [s\src\hotspot\share\interpreter\linkResolver.cpp, line 759]
Event: 1.499 Thread 0x00000208d0218640 Exception <a 'java/lang/NoSuchMethodError'{0x000000074ce5b6c8}: 'java.lang.Object java.lang.invoke.DirectMethodHandle$Holder.newInvokeSpecial(java.lang.Object, java.lang.Object, java.lang.Object, java.lang.Object, java.lang.Object, java.lang.Object, int)'> (0x000000074ce5b6c8) 
thrown [s\src\hotspot\share\interpreter\linkResolver.cpp, line 759]
Event: 1.499 Thread 0x00000208d0218640 Exception <a 'java/lang/NoSuchMethodError'{0x000000074ce60708}: 'java.lang.Object java.lang.invoke.DirectMethodHandle$Holder.invokeSpecial(java.lang.Object, java.lang.Object, java.lang.Object, java.lang.Object, java.lang.Object, java.lang.Object, java.lang.Object, int)'> (0x000000074ce60708) 
thrown [s\src\hotspot\share\interpreter\linkResolver.cpp, line 759]
Event: 1.570 Thread 0x00000208d0218640 Exception <a 'java/lang/NoSuchMethodError'{0x000000074cf99550}: 'int java.lang.invoke.DirectMethodHandle$Holder.invokeInterface(java.lang.Object, java.lang.Object)'> (0x000000074cf99550) 
thrown [s\src\hotspot\share\interpreter\linkResolver.cpp, line 759]
Event: 1.657 Thread 0x00000208d0218640 Exception <a 'java/lang/NoSuchMethodError'{0x000000074ccae3f8}: 'java.lang.Object java.lang.invoke.DirectMethodHandle$Holder.invokeSpecial(java.lang.Object, java.lang.Object, java.lang.Object, int, java.lang.Object)'> (0x000000074ccae3f8) 
thrown [s\src\hotspot\share\interpreter\linkResolver.cpp, line 759]
Event: 1.660 Thread 0x00000208d0218640 Exception <a 'java/lang/NoSuchMethodError'{0x000000074ccb6a58}: 'java.lang.Object java.lang.invoke.DirectMethodHandle$Holder.newInvokeSpecial(java.lang.Object, java.lang.Object, java.lang.Object, int, java.lang.Object)'> (0x000000074ccb6a58) 
thrown [s\src\hotspot\share\interpreter\linkResolver.cpp, line 759]
Event: 1.664 Thread 0x00000208d0218640 Exception <a 'java/lang/NoSuchMethodError'{0x000000074ccc14b8}: 'java.lang.Object java.lang.invoke.Invokers$Holder.linkToTargetMethod(java.lang.Object, java.lang.Object, int, java.lang.Object, java.lang.Object)'> (0x000000074ccc14b8) 
thrown [s\src\hotspot\share\interpreter\linkResolver.cpp, line 759]
Event: 1.668 Thread 0x00000208d0218640 Exception <a 'java/lang/NoSuchMethodError'{0x000000074ccd0c08}: 'java.lang.Object java.lang.invoke.DirectMethodHandle$Holder.newInvokeSpecial(java.lang.Object, int, java.lang.Object)'> (0x000000074ccd0c08) 
thrown [s\src\hotspot\share\interpreter\linkResolver.cpp, line 759]
Event: 1.669 Thread 0x00000208d0218640 Exception <a 'java/lang/NoSuchMethodError'{0x000000074ccd5b38}: 'int java.lang.invoke.DirectMethodHandle$Holder.invokeSpecialIFC(java.lang.Object, java.lang.Object, java.lang.Object, java.lang.Object)'> (0x000000074ccd5b38) 
thrown [s\src\hotspot\share\interpreter\linkResolver.cpp, line 759]
Event: 1.741 Thread 0x00000208d0218640 Exception <a 'java/lang/NoSuchMethodError'{0x000000074cda0170}: 'void java.lang.invoke.DirectMethodHandle$Holder.invokeInterface(java.lang.Object, java.lang.Object, java.lang.Object)'> (0x000000074cda0170) 
thrown [s\src\hotspot\share\interpreter\linkResolver.cpp, line 759]
Event: 1.849 Thread 0x00000208d0218640 Exception <a 'java/lang/NoSuchMethodError'{0x000000074ca4f850}: 'void java.lang.invoke.DirectMethodHandle$Holder.invokeStaticInit(java.lang.Object, java.lang.Object, java.lang.Object)'> (0x000000074ca4f850) 
thrown [s\src\hotspot\share\interpreter\linkResolver.cpp, line 759]
Event: 1.875 Thread 0x00000208d0218640 Exception <a 'java/lang/NoSuchMethodError'{0x000000074ca96650}: 'java.lang.Object java.lang.invoke.DirectMethodHandle$Holder.invokeStatic(java.lang.Object, java.lang.Object, long, java.lang.Object)'> (0x000000074ca96650) 
thrown [s\src\hotspot\share\interpreter\linkResolver.cpp, line 759]
Event: 1.877 Thread 0x00000208d0218640 Exception <a 'java/lang/NoSuchMethodError'{0x000000074ca9a0e8}: 'java.lang.Object java.lang.invoke.DirectMethodHandle$Holder.invokeStaticInit(java.lang.Object, java.lang.Object, long, java.lang.Object)'> (0x000000074ca9a0e8) 
thrown [s\src\hotspot\share\interpreter\linkResolver.cpp, line 759]
Event: 1.883 Thread 0x00000208d0218640 Exception <a 'java/lang/NoSuchMethodError'{0x000000074caa07f0}: 'java.lang.Object java.lang.invoke.DirectMethodHandle$Holder.newInvokeSpecial(java.lang.Object, java.lang.Object, long)'> (0x000000074caa07f0) 
thrown [s\src\hotspot\share\interpreter\linkResolver.cpp, line 759]
Event: 1.884 Thread 0x00000208d0218640 Exception <a 'java/lang/NoSuchMethodError'{0x000000074caa4360}: 'java.lang.Object java.lang.invoke.Invokers$Holder.linkToTargetMethod(java.lang.Object, long, java.lang.Object)'> (0x000000074caa4360) 
thrown [s\src\hotspot\share\interpreter\linkResolver.cpp, line 759]
Event: 1.953 Thread 0x00000208d0218640 Exception <a 'java/lang/NoSuchMethodError'{0x000000074caf5580}: 'void java.lang.invoke.DirectMethodHandle$Holder.invokeSpecial(java.lang.Object, java.lang.Object, java.lang.Object, java.lang.Object, java.lang.Object)'> (0x000000074caf5580) 
thrown [s\src\hotspot\share\interpreter\linkResolver.cpp, line 759]
Event: 1.954 Thread 0x00000208d0218640 Exception <a 'java/lang/NoSuchMethodError'{0x000000074cafdd90}: 'void java.lang.invoke.DirectMethodHandle$Holder.invokeVirtual(java.lang.Object, java.lang.Object, java.lang.Object, java.lang.Object)'> (0x000000074cafdd90) 
thrown [s\src\hotspot\share\interpreter\linkResolver.cpp, line 759]
Event: 2.040 Thread 0x00000208d0218640 Exception <a 'java/lang/NoSuchMethodError'{0x000000074c8574c8}: 'void java.lang.invoke.DirectMethodHandle$Holder.invokeSpecial(java.lang.Object, java.lang.Object, java.lang.Object)'> (0x000000074c8574c8) 
thrown [s\src\hotspot\share\interpreter\linkResolver.cpp, line 759]
Event: 2.054 Thread 0x00000208d007fc20 Exception <a 'java/lang/NoClassDefFoundError'{0x000000074c8940f8}: jakarta/validation/Validation> (0x000000074c8940f8) 
thrown [s\src\hotspot\share\classfile\systemDictionary.cpp, line 245]
Event: 2.055 Thread 0x00000208d0218640 Exception <a 'java/lang/IncompatibleClassChangeError'{0x000000074c8b1118}: Found class java.lang.Object, but interface was expected> (0x000000074c8b1118) 
thrown [s\src\hotspot\share\interpreter\linkResolver.cpp, line 826]

VM Operations (20 events):
Event: 0.652 Executing VM operation: G1CollectForAllocation
Event: 0.657 Executing VM operation: G1CollectForAllocation done
Event: 1.020 Executing VM operation: G1CollectForAllocation
Event: 1.026 Executing VM operation: G1CollectForAllocation done
Event: 1.233 Executing VM operation: HandshakeAllThreads
Event: 1.233 Executing VM operation: HandshakeAllThreads done
Event: 1.606 Executing VM operation: HandshakeAllThreads
Event: 1.606 Executing VM operation: HandshakeAllThreads done
Event: 1.731 Executing VM operation: HandshakeAllThreads
Event: 1.731 Executing VM operation: HandshakeAllThreads done
Event: 2.035 Executing VM operation: HandshakeAllThreads
Event: 2.036 Executing VM operation: HandshakeAllThreads done
Event: 2.036 Executing VM operation: Cleanup
Event: 2.036 Executing VM operation: Cleanup done
Event: 2.036 Executing VM operation: HandshakeAllThreads
Event: 2.036 Executing VM operation: HandshakeAllThreads done
Event: 2.151 Executing VM operation: G1CollectForAllocation
Event: 2.156 Executing VM operation: G1CollectForAllocation done
Event: 2.439 Executing VM operation: HandshakeAllThreads
Event: 2.439 Executing VM operation: HandshakeAllThreads done

Memory protections (0 events):
No events

Nmethod flushes (0 events):
No events

Events (17 events):
Event: 0.050 Thread 0x00000208e9d6a3d0 Thread added: 0x00000208e9d6a3d0
Event: 0.059 Thread 0x00000208e9d6a3d0 Thread added: 0x00000208fae88390
Event: 0.060 Thread 0x00000208e9d6a3d0 Thread added: 0x00000208fae89120
Event: 0.073 Thread 0x00000208e9d6a3d0 Thread added: 0x00000208fae9dcc0
Event: 0.073 Thread 0x00000208e9d6a3d0 Thread added: 0x00000208fae9f7a0
Event: 0.074 Thread 0x00000208e9d6a3d0 Thread added: 0x00000208faea2820
Event: 0.074 Thread 0x00000208e9d6a3d0 Thread added: 0x00000208faea30f0
Event: 0.074 Thread 0x00000208e9d6a3d0 Thread added: 0x00000208faea3da0
Event: 0.074 Thread 0x00000208e9d6a3d0 Thread added: 0x00000208faea9bb0
Event: 0.076 Thread 0x00000208e9d6a3d0 Thread added: 0x00000208ff038010
Event: 0.180 Thread 0x00000208e9d6a3d0 Thread added: 0x00000208ff0bf640
Event: 0.282 Thread 0x00000208faea9bb0 Thread added: 0x00000208ff2368a0
Event: 0.353 Thread 0x00000208e9d6a3d0 Thread added: 0x00000208ff2c2d30
Event: 0.353 Thread 0x00000208e9d6a3d0 Thread added: 0x00000208ff1ec790
Event: 1.112 Thread 0x00000208e9d6a3d0 Thread added: 0x00000208d00979b0
Event: 1.115 Thread 0x00000208d00979b0 Thread added: 0x00000208d0218640
Event: 2.049 Thread 0x00000208d0218640 Thread added: 0x00000208d007fc20


Dynamic libraries:
0x00007ff604d70000 - 0x00007ff604d7e000 	C:\Users\Donguinha\.gradle\jdks\eclipse_adoptium-17-amd64-windows.2\bin\java.exe
0x00007ff8fc6f0000 - 0x00007ff8fc8e8000 	C:\WINDOWS\SYSTEM32\ntdll.dll
0x00007ff8fb5e0000 - 0x00007ff8fb6a2000 	C:\WINDOWS\System32\KERNEL32.DLL
0x00007ff8fa370000 - 0x00007ff8fa666000 	C:\WINDOWS\System32\KERNELBASE.dll
0x00007ff8f9d90000 - 0x00007ff8f9e90000 	C:\WINDOWS\System32\ucrtbase.dll
0x00007ff8da090000 - 0x00007ff8da0ae000 	C:\Users\Donguinha\.gradle\jdks\eclipse_adoptium-17-amd64-windows.2\bin\VCRUNTIME140.dll
0x00007ff8de380000 - 0x00007ff8de397000 	C:\Users\Donguinha\.gradle\jdks\eclipse_adoptium-17-amd64-windows.2\bin\jli.dll
0x00007ff8fb3a0000 - 0x00007ff8fb53d000 	C:\WINDOWS\System32\USER32.dll
0x00007ff8fa670000 - 0x00007ff8fa692000 	C:\WINDOWS\System32\win32u.dll
0x00007ff8fb6e0000 - 0x00007ff8fb70b000 	C:\WINDOWS\System32\GDI32.dll
0x00007ff8f9e90000 - 0x00007ff8f9faa000 	C:\WINDOWS\System32\gdi32full.dll
0x00007ff8f9fb0000 - 0x00007ff8fa04d000 	C:\WINDOWS\System32\msvcp_win.dll
0x00007ff8e8b20000 - 0x00007ff8e8dba000 	C:\WINDOWS\WinSxS\amd64_microsoft.windows.common-controls_6595b64144ccf1df_6.0.19041.5794_none_60bcd33171f2783c\COMCTL32.dll
0x00007ff8fb540000 - 0x00007ff8fb5de000 	C:\WINDOWS\System32\msvcrt.dll
0x00007ff8fbc20000 - 0x00007ff8fbc4f000 	C:\WINDOWS\System32\IMM32.DLL
0x00007ff8e45c0000 - 0x00007ff8e45cc000 	C:\Users\Donguinha\.gradle\jdks\eclipse_adoptium-17-amd64-windows.2\bin\vcruntime140_1.dll
0x00007ff8d4e50000 - 0x00007ff8d4edd000 	C:\Users\Donguinha\.gradle\jdks\eclipse_adoptium-17-amd64-windows.2\bin\msvcp140.dll
0x00007ff8c3700000 - 0x00007ff8c436b000 	C:\Users\Donguinha\.gradle\jdks\eclipse_adoptium-17-amd64-windows.2\bin\server\jvm.dll
0x00007ff8fb010000 - 0x00007ff8fb0bf000 	C:\WINDOWS\System32\ADVAPI32.dll
0x00007ff8fbab0000 - 0x00007ff8fbb4f000 	C:\WINDOWS\System32\sechost.dll
0x00007ff8fb7e0000 - 0x00007ff8fb903000 	C:\WINDOWS\System32\RPCRT4.dll
0x00007ff8fa6f0000 - 0x00007ff8fa717000 	C:\WINDOWS\System32\bcrypt.dll
0x00007ff8fbbb0000 - 0x00007ff8fbc1b000 	C:\WINDOWS\System32\WS2_32.dll
0x00007ff8f9900000 - 0x00007ff8f994b000 	C:\WINDOWS\SYSTEM32\POWRPROF.dll
0x00007ff8e39c0000 - 0x00007ff8e39e7000 	C:\WINDOWS\SYSTEM32\WINMM.dll
0x00007ff8e3970000 - 0x00007ff8e397a000 	C:\WINDOWS\SYSTEM32\VERSION.dll
0x00007ff8f97f0000 - 0x00007ff8f9802000 	C:\WINDOWS\SYSTEM32\UMPDC.dll
0x00007ff8f7af0000 - 0x00007ff8f7b02000 	C:\WINDOWS\SYSTEM32\kernel.appcore.dll
0x00007ff8e2ff0000 - 0x00007ff8e2ffa000 	C:\Users\Donguinha\.gradle\jdks\eclipse_adoptium-17-amd64-windows.2\bin\jimage.dll
0x00007ff8e4db0000 - 0x00007ff8e4fb1000 	C:\WINDOWS\SYSTEM32\DBGHELP.DLL
0x00007ff8e4d70000 - 0x00007ff8e4da4000 	C:\WINDOWS\SYSTEM32\dbgcore.DLL
0x00007ff8fa2e0000 - 0x00007ff8fa362000 	C:\WINDOWS\System32\bcryptPrimitives.dll
0x00007ff8f3560000 - 0x00007ff8f356e000 	C:\Users\Donguinha\.gradle\jdks\eclipse_adoptium-17-amd64-windows.2\bin\instrument.dll
0x00007ff8d6b20000 - 0x00007ff8d6b45000 	C:\Users\Donguinha\.gradle\jdks\eclipse_adoptium-17-amd64-windows.2\bin\java.dll
0x00007ff8d45e0000 - 0x00007ff8d46b7000 	C:\Users\Donguinha\.gradle\jdks\eclipse_adoptium-17-amd64-windows.2\bin\jsvml.dll
0x00007ff8fbf40000 - 0x00007ff8fc6ae000 	C:\WINDOWS\System32\SHELL32.dll
0x00007ff8f7dd0000 - 0x00007ff8f8573000 	C:\WINDOWS\SYSTEM32\windows.storage.dll
0x00007ff8fac50000 - 0x00007ff8fafa3000 	C:\WINDOWS\System32\combase.dll
0x00007ff8f9750000 - 0x00007ff8f977b000 	C:\WINDOWS\SYSTEM32\Wldp.dll
0x00007ff8fb710000 - 0x00007ff8fb7dd000 	C:\WINDOWS\System32\OLEAUT32.dll
0x00007ff8fb910000 - 0x00007ff8fb9bd000 	C:\WINDOWS\System32\SHCORE.dll
0x00007ff8fa720000 - 0x00007ff8fa775000 	C:\WINDOWS\System32\shlwapi.dll
0x00007ff8f9cc0000 - 0x00007ff8f9ce5000 	C:\WINDOWS\SYSTEM32\profapi.dll
0x00007ff8d83b0000 - 0x00007ff8d83c8000 	C:\Users\Donguinha\.gradle\jdks\eclipse_adoptium-17-amd64-windows.2\bin\zip.dll
0x00007ff8d8ce0000 - 0x00007ff8d8cf9000 	C:\Users\Donguinha\.gradle\jdks\eclipse_adoptium-17-amd64-windows.2\bin\net.dll
0x00007ff8f24f0000 - 0x00007ff8f25fa000 	C:\WINDOWS\SYSTEM32\WINHTTP.dll
0x00007ff8f9400000 - 0x00007ff8f946c000 	C:\WINDOWS\system32\mswsock.dll
0x00007ff8d85d0000 - 0x00007ff8d85e6000 	C:\Users\Donguinha\.gradle\jdks\eclipse_adoptium-17-amd64-windows.2\bin\nio.dll
0x00007ff8e9fc0000 - 0x00007ff8e9fda000 	C:\Program Files\JetBrains\IntelliJ IDEA Community Edition 2023.3.3\bin\breakgen64.dll
0x00007ff8e1f80000 - 0x00007ff8e1f89000 	C:\Users\Donguinha\.gradle\jdks\eclipse_adoptium-17-amd64-windows.2\bin\extnet.dll
0x00007ff8d82f0000 - 0x00007ff8d8300000 	C:\Users\Donguinha\.gradle\jdks\eclipse_adoptium-17-amd64-windows.2\bin\verify.dll
0x00007ff8f3050000 - 0x00007ff8f305a000 	C:\Users\Donguinha\.gradle\jdks\eclipse_adoptium-17-amd64-windows.2\bin\management.dll
0x00007ff8f2c30000 - 0x00007ff8f2c3b000 	C:\Users\Donguinha\.gradle\jdks\eclipse_adoptium-17-amd64-windows.2\bin\management_ext.dll
0x00007ff8fb9c0000 - 0x00007ff8fb9c8000 	C:\WINDOWS\System32\PSAPI.DLL

dbghelp: loaded successfully - version: 4.0.5 - missing functions: none
symbol engine: initialized successfully - sym options: 0x614 - pdb path: .;C:\Users\Donguinha\.gradle\jdks\eclipse_adoptium-17-amd64-windows.2\bin;C:\WINDOWS\SYSTEM32;C:\WINDOWS\WinSxS\amd64_microsoft.windows.common-controls_6595b64144ccf1df_6.0.19041.5794_none_60bcd33171f2783c;C:\Users\Donguinha\.gradle\jdks\eclipse_adoptium-17-amd64-windows.2\bin\server;C:\Program Files\JetBrains\IntelliJ IDEA Community Edition 2023.3.3\bin

VM Arguments:
jvm_args: -javaagent:C:\Program Files\JetBrains\IntelliJ IDEA Community Edition 2023.3.3\lib\idea_rt.jar=65119:C:\Program Files\JetBrains\IntelliJ IDEA Community Edition 2023.3.3\bin -Dfile.encoding=UTF-8 
java_command: com.backend.api.BackendApiApplication
java_class_path (initial): C:\Users\Donguinha\IdeaProjects\d2win_backend\target\classes;C:\Users\Donguinha\.m2\repository\org\springframework\boot\spring-boot-starter-web\3.2.5\spring-boot-starter-web-3.2.5.jar;C:\Users\Donguinha\.m2\repository\org\springframework\boot\spring-boot-starter\3.2.5\spring-boot-starter-3.2.5.jar;C:\Users\Donguinha\.m2\repository\org\springframework\boot\spring-boot-starter-logging\3.2.5\spring-boot-starter-logging-3.2.5.jar;C:\Users\Donguinha\.m2\repository\ch\qos\logback\logback-classic\1.4.14\logback-classic-1.4.14.jar;C:\Users\Donguinha\.m2\repository\ch\qos\logback\logback-core\1.4.14\logback-core-1.4.14.jar;C:\Users\Donguinha\.m2\repository\org\apache\logging\log4j\log4j-to-slf4j\2.21.1\log4j-to-slf4j-2.21.1.jar;C:\Users\Donguinha\.m2\repository\org\apache\logging\log4j\log4j-api\2.21.1\log4j-api-2.21.1.jar;C:\Users\Donguinha\.m2\repository\org\slf4j\jul-to-slf4j\2.0.13\jul-to-slf4j-2.0.13.jar;C:\Users\Donguinha\.m2\repository\jakarta\annotation\jakarta.annotation-api\2.1.1\jakarta.annotation-api-2.1.1.jar;C:\Users\Donguinha\.m2\repository\org\yaml\snakeyaml\2.2\snakeyaml-2.2.jar;C:\Users\Donguinha\.m2\repository\org\springframework\boot\spring-boot-starter-json\3.2.5\spring-boot-starter-json-3.2.5.jar;C:\Users\Donguinha\.m2\repository\com\fasterxml\jackson\core\jackson-databind\2.15.4\jackson-databind-2.15.4.jar;C:\Users\Donguinha\.m2\repository\com\fasterxml\jackson\core\jackson-annotations\2.15.4\jackson-annotations-2.15.4.jar;C:\Users\Donguinha\.m2\repository\com\fasterxml\jackson\core\jackson-core\2.15.4\jackson-core-2.15.4.jar;C:\Users\Donguinha\.m2\repository\com\fasterxml\jackson\datatype\jackson-datatype-jdk8\2.15.4\jackson-datatype-jdk8-2.15.4.jar;C:\Users\Donguinha\.m2\repository\com\fasterxml\jackson\datatype\jackson-datatype-jsr310\2.15.4\jackson-datatype-jsr310-2.15.4.jar;C:\Users\Donguinha\.m2\repository\com\fasterxml\jackson\module\jackson-module-parameter-names\2.15.4\jackson-module-parameter-names-2.15.4.jar;C:\U
Launcher Type: SUN_STANDARD

[Global flags]
     intx CICompilerCount                          = 3                                         {product} {ergonomic}
     uint ConcGCThreads                            = 1                                         {product} {ergonomic}
     uint G1ConcRefinementThreads                  = 4                                         {product} {ergonomic}
   size_t G1HeapRegionSize                         = 2097152                                   {product} {ergonomic}
    uintx GCDrainStackTargetSize                   = 64                                        {product} {ergonomic}
   size_t InitialHeapSize                          = 201326592                                 {product} {ergonomic}
   size_t MarkStackSize                            = 4194304                                   {product} {ergonomic}
   size_t MaxHeapSize                              = 3189768192                                {product} {ergonomic}
   size_t MaxNewSize                               = 1912602624                                {product} {ergonomic}
   size_t MinHeapDeltaBytes                        = 2097152                                   {product} {ergonomic}
   size_t MinHeapSize                              = 8388608                                   {product} {ergonomic}
    uintx NonNMethodCodeHeapSize                   = 5832780                                {pd product} {ergonomic}
    uintx NonProfiledCodeHeapSize                  = 122912730                              {pd product} {ergonomic}
    uintx ProfiledCodeHeapSize                     = 122912730                              {pd product} {ergonomic}
    uintx ReservedCodeCacheSize                    = 251658240                              {pd product} {ergonomic}
     bool SegmentedCodeCache                       = true                                      {product} {ergonomic}
   size_t SoftMaxHeapSize                          = 3189768192                             {manageable} {ergonomic}
     bool UseCompressedClassPointers               = true                           {product lp64_product} {ergonomic}
     bool UseCompressedOops                        = true                           {product lp64_product} {ergonomic}
     bool UseG1GC                                  = true                                      {product} {ergonomic}
     bool UseLargePagesIndividualAllocation        = false                                  {pd product} {ergonomic}

Logging:
Log output configuration:
 #0: stdout all=warning uptime,level,tags
 #1: stderr all=off uptime,level,tags

Environment Variables:
PATH=C:\Program Files\Common Files\Oracle\Java\javapath;C:\ProgramData\Oracle\Java\javapath;C:\WINDOWS\system32;C:\WINDOWS;C:\WINDOWS\System32\Wbem;C:\WINDOWS\System32\WindowsPowerShell\v1.0\;C:\WINDOWS\System32\OpenSSH\;C:\Program Files\SafeNet\Authentication\SAC\x64;C:\Program Files\SafeNet\Authentication\SAC\x32;C:\ProgramData\chocolatey\bin;C:\Program Files (x86)\Microsoft SQL Server\160\DTS\Binn\;C:\Program Files (x86)\Microsoft SQL Server\160\Tools\Binn\;C:\Program Files\Microsoft SQL Server\160\Tools\Binn\;C:\Program Files\Microsoft SQL Server\Client SDK\ODBC\170\Tools\Binn\;C:\Program Files\Microsoft SQL Server\160\DTS\Binn\;C:\Program Files\nodejs\;C:\Program Files\Git\cmd;C:\Users\Donguinha\AppData\Local\Microsoft\WindowsApps;;C:\Users\Donguinha\AppData\Local\Programs\Microsoft VS Code\bin;C:\Users\Donguinha\AppData\Roaming\npm
USERNAME=Donguinha
OS=Windows_NT
PROCESSOR_IDENTIFIER=Intel64 Family 6 Model 142 Stepping 9, GenuineIntel
TMP=C:\Users\DONGUI~1\AppData\Local\Temp
TEMP=C:\Users\DONGUI~1\AppData\Local\Temp



Periodic native trim disabled


---------------  S Y S T E M  ---------------

OS:
 Windows 10 , 64 bit Build 19041 (10.0.19041.5794)
OS uptime: 0 days 9:00 hours
Hyper-V role detected

CPU: total 4 (initial active 4) (2 cores per cpu, 2 threads per core) family 6 model 142 stepping 9 microcode 0xb4, cx8, cmov, fxsr, ht, mmx, 3dnowpref, sse, sse2, sse3, ssse3, sse4.1, sse4.2, popcnt, lzcnt, tsc, tscinvbit, avx, avx2, aes, erms, clmul, bmi1, bmi2, adx, fma, vzeroupper, clflush, clflushopt, hv
Processor Information for all 4 processors :
  Max Mhz: 2712, Current Mhz: 2511, Mhz Limit: 2495

Memory: 4k page, system-wide physical 12163M (846M free)
TotalPageFile size 12163M (AvailPageFile size 17M)
current process WorkingSet (physical memory assigned to process): 110M, peak: 110M
current process commit charge ("private bytes"): 307M, peak: 307M

vm_info: OpenJDK 64-Bit Server VM (17.0.13+11) for windows-amd64 JRE (17.0.13+11), built on Oct 16 2024 00:10:08 by "admin" with MS VC++ 17.7 (VS2022)

END.
