#
# There is insufficient memory for the Java Runtime Environment to continue.
# Native memory allocation (malloc) failed to allocate 1227616 bytes. Error detail: Chunk::new
# Possible reasons:
#   The system is out of physical RAM or swap space
#   This process is running with CompressedOops enabled, and the Java Heap may be blocking the growth of the native heap
# Possible solutions:
#   Reduce memory load on the system
#   Increase physical memory or swap space
#   Check if swap backing store is full
#   Decrease Java heap size (-Xmx/-Xms)
#   Decrease number of Java threads
#   Decrease Java thread stack sizes (-Xss)
#   Set larger code cache with -XX:ReservedCodeCacheSize=
#   JVM is running with Zero Based Compressed Oops mode in which the Java heap is
#     placed in the first 32GB address space. The Java Heap base address is the
#     maximum limit for the native heap growth. Please use -XX:HeapBaseMinAddress
#     to set the Java Heap base and to place the Java Heap above 32GB virtual address.
# This output file may be truncated or incomplete.
#
#  Out of Memory Error (arena.cpp:191), pid=13552, tid=17500
#
# JRE version: OpenJDK Runtime Environment Temurin-17.0.13+11 (17.0.13+11) (build 17.0.13+11)
# Java VM: OpenJDK 64-Bit Server VM Temurin-17.0.13+11 (17.0.13+11, mixed mode, sharing, tiered, compressed oops, compressed class ptrs, g1 gc, windows-amd64)
# No core dump will be written. Minidumps are not enabled by default on client versions of Windows
#

---------------  S U M M A R Y ------------

Command Line: -javaagent:C:\Program Files\JetBrains\IntelliJ IDEA Community Edition 2023.3.3\lib\idea_rt.jar=65127:C:\Program Files\JetBrains\IntelliJ IDEA Community Edition 2023.3.3\bin -Dfile.encoding=UTF-8 com.backend.api.BackendApiApplication

Host: Intel(R) Core(TM) i5-7200U CPU @ 2.50GHz, 4 cores, 11G,  Windows 10 , 64 bit Build 19041 (10.0.19041.5794)
Time: Mon Jun  2 08:34:52 2025 Hora oficial do Brasil elapsed time: 2.640277 seconds (0d 0h 0m 2s)

---------------  T H R E A D  ---------------

Current thread (0x000001f07e514480):  JavaThread "C2 CompilerThread1" daemon [_thread_in_native, id=17500, stack(0x0000005fb2b00000,0x0000005fb2c00000)]


Current CompileTask:
C2:   2640 1836       4       jdk.internal.org.objectweb.asm.Frame::execute (2305 bytes)

Stack: [0x0000005fb2b00000,0x0000005fb2c00000]
Native frames: (J=compiled Java code, j=interpreted, Vv=VM code, C=native code)
V  [jvm.dll+0x682a19]
V  [jvm.dll+0x839538]
V  [jvm.dll+0x83afe3]
V  [jvm.dll+0x83b653]
V  [jvm.dll+0x24704f]
V  [jvm.dll+0xace34]
V  [jvm.dll+0xad4cc]
V  [jvm.dll+0x36597e]
V  [jvm.dll+0x1ba989]
V  [jvm.dll+0x2181a7]
V  [jvm.dll+0x21748f]
V  [jvm.dll+0x1a3070]
V  [jvm.dll+0x22788c]
V  [jvm.dll+0x2259eb]
V  [jvm.dll+0x7eec98]
V  [jvm.dll+0x7e8ffc]
V  [jvm.dll+0x6818f7]
C  [ucrtbase.dll+0x21bb2]
C  [KERNEL32.DLL+0x17374]
C  [ntdll.dll+0x4cc91]


---------------  P R O C E S S  ---------------

Threads class SMR info:
_java_thread_list=0x000001f07e538c50, length=17, elements={
0x000001f05d47b2d0, 0x000001f07d5a8230, 0x000001f07d5a90b0, 0x000001f07d5bcca0,
0x000001f07d5c0780, 0x000001f07d5c18e0, 0x000001f07d5c2a40, 0x000001f07d5c9410,
0x000001f07d5cb5c0, 0x000001f07d5e0e70, 0x000001f07d594350, 0x000001f07d98e750,
0x000001f07d98ec30, 0x000001f07e188dd0, 0x000001f07e194370, 0x000001f07e4cb9a0,
0x000001f07e514480
}

Java Threads: ( => current thread )
  0x000001f05d47b2d0 JavaThread "main" [_thread_blocked, id=7540, stack(0x0000005fb1100000,0x0000005fb1200000)]
  0x000001f07d5a8230 JavaThread "Reference Handler" daemon [_thread_blocked, id=12252, stack(0x0000005fb1800000,0x0000005fb1900000)]
  0x000001f07d5a90b0 JavaThread "Finalizer" daemon [_thread_blocked, id=10304, stack(0x0000005fb1900000,0x0000005fb1a00000)]
  0x000001f07d5bcca0 JavaThread "Signal Dispatcher" daemon [_thread_blocked, id=1116, stack(0x0000005fb1a00000,0x0000005fb1b00000)]
  0x000001f07d5c0780 JavaThread "Attach Listener" daemon [_thread_blocked, id=12656, stack(0x0000005fb1b00000,0x0000005fb1c00000)]
  0x000001f07d5c18e0 JavaThread "Service Thread" daemon [_thread_blocked, id=14436, stack(0x0000005fb1c00000,0x0000005fb1d00000)]
  0x000001f07d5c2a40 JavaThread "Monitor Deflation Thread" daemon [_thread_blocked, id=16228, stack(0x0000005fb1d00000,0x0000005fb1e00000)]
  0x000001f07d5c9410 JavaThread "C2 CompilerThread0" daemon [_thread_blocked, id=18500, stack(0x0000005fb1e00000,0x0000005fb1f00000)]
  0x000001f07d5cb5c0 JavaThread "C1 CompilerThread0" daemon [_thread_blocked, id=14440, stack(0x0000005fb1f00000,0x0000005fb2000000)]
  0x000001f07d5e0e70 JavaThread "Sweeper thread" daemon [_thread_blocked, id=2060, stack(0x0000005fb2000000,0x0000005fb2100000)]
  0x000001f07d594350 JavaThread "Common-Cleaner" daemon [_thread_blocked, id=17336, stack(0x0000005fb2100000,0x0000005fb2200000)]
  0x000001f07d98e750 JavaThread "Monitor Ctrl-Break" daemon [_thread_in_native, id=13704, stack(0x0000005fb2200000,0x0000005fb2300000)]
  0x000001f07d98ec30 JavaThread "Notification Thread" daemon [_thread_blocked, id=13068, stack(0x0000005fb2300000,0x0000005fb2400000)]
  0x000001f07e188dd0 JavaThread "Thread-0" [_thread_blocked, id=11404, stack(0x0000005fb2900000,0x0000005fb2a00000)]
  0x000001f07e194370 JavaThread "restartedMain" [_thread_in_Java, id=20388, stack(0x0000005fb2a00000,0x0000005fb2b00000)]
  0x000001f07e4cb9a0 JavaThread "background-preinit" [_thread_in_vm, id=18916, stack(0x0000005fb2800000,0x0000005fb2900000)]
=>0x000001f07e514480 JavaThread "C2 CompilerThread1" daemon [_thread_in_native, id=17500, stack(0x0000005fb2b00000,0x0000005fb2c00000)]

Other Threads:
  0x000001f07d5a0c10 VMThread "VM Thread" [stack: 0x0000005fb1700000,0x0000005fb1800000] [id=968]
  0x000001f07d98d980 WatcherThread [stack: 0x0000005fb2400000,0x0000005fb2500000] [id=11308]
  0x000001f05d4d1150 GCTaskThread "GC Thread#0" [stack: 0x0000005fb1200000,0x0000005fb1300000] [id=17140]
  0x000001f07df59610 GCTaskThread "GC Thread#1" [stack: 0x0000005fb2500000,0x0000005fb2600000] [id=17268]
  0x000001f07dbf53e0 GCTaskThread "GC Thread#2" [stack: 0x0000005fb2600000,0x0000005fb2700000] [id=19556]
  0x000001f07dbf56a0 GCTaskThread "GC Thread#3" [stack: 0x0000005fb2700000,0x0000005fb2800000] [id=13800]
  0x000001f05d4ddeb0 ConcurrentGCThread "G1 Main Marker" [stack: 0x0000005fb1300000,0x0000005fb1400000] [id=12852]
  0x000001f05d4de8d0 ConcurrentGCThread "G1 Conc#0" [stack: 0x0000005fb1400000,0x0000005fb1500000] [id=17368]
  0x000001f05d51bb70 ConcurrentGCThread "G1 Refine#0" [stack: 0x0000005fb1500000,0x0000005fb1600000] [id=3116]
  0x000001f07d472710 ConcurrentGCThread "G1 Service" [stack: 0x0000005fb1600000,0x0000005fb1700000] [id=676]

Threads with active compile tasks:
C2 CompilerThread0     2675 2043       4       java.util.Arrays::copyOf (19 bytes)
C2 CompilerThread1     2675 1836       4       jdk.internal.org.objectweb.asm.Frame::execute (2305 bytes)

VM state: not at safepoint (normal execution)

VM Mutex/Monitor currently owned by a thread: None

Heap address: 0x0000000741e00000, size: 3042 MB, Compressed Oops mode: Zero based, Oop shift amount: 3

CDS archive(s) mapped at: [0x000001f000000000-0x000001f000bb0000-0x000001f000bb0000), size 12255232, SharedBaseAddress: 0x000001f000000000, ArchiveRelocationMode: 1.
Compressed class space mapped at: 0x000001f001000000-0x000001f041000000, reserved size: 1073741824
Narrow klass base: 0x000001f000000000, Narrow klass shift: 0, Narrow klass range: 0x100000000

GC Precious Log:
 CPUs: 4 total, 4 available
 Memory: 12163M
 Large Page Support: Disabled
 NUMA Support: Disabled
 Compressed Oops: Enabled (Zero based)
 Heap Region Size: 2M
 Heap Min Capacity: 8M
 Heap Initial Capacity: 192M
 Heap Max Capacity: 3042M
 Pre-touch: Disabled
 Parallel Workers: 4
 Concurrent Workers: 1
 Concurrent Refinement Workers: 4
 Periodic GC: Disabled

Heap:
 garbage-first heap   total 196608K, used 28824K [0x0000000741e00000, 0x0000000800000000)
  region size 2048K, 13 young (26624K), 2 survivors (4096K)
 Metaspace       used 16178K, committed 16384K, reserved 1114112K
  class space    used 1988K, committed 2112K, reserved 1048576K

Heap Regions: E=young(eden), S=young(survivor), O=old, HS=humongous(starts), HC=humongous(continues), CS=collection set, F=free, OA=open archive, CA=closed archive, TAMS=top-at-mark-start (previous, next)
|   0|0x0000000741e00000, 0x0000000742000000, 0x0000000742000000|100%| O|  |TAMS 0x0000000741e00000, 0x0000000741e00000| Untracked 
|   1|0x0000000742000000, 0x0000000742200000, 0x0000000742200000|100%| O|  |TAMS 0x0000000742000000, 0x0000000742000000| Untracked 
|   2|0x0000000742200000, 0x00000007423b6200, 0x0000000742400000| 85%| O|  |TAMS 0x0000000742200000, 0x0000000742200000| Untracked 
|   3|0x0000000742400000, 0x0000000742400000, 0x0000000742600000|  0%| F|  |TAMS 0x0000000742400000, 0x0000000742400000| Untracked 
|   4|0x0000000742600000, 0x0000000742600000, 0x0000000742800000|  0%| F|  |TAMS 0x0000000742600000, 0x0000000742600000| Untracked 
|   5|0x0000000742800000, 0x0000000742800000, 0x0000000742a00000|  0%| F|  |TAMS 0x0000000742800000, 0x0000000742800000| Untracked 
|   6|0x0000000742a00000, 0x0000000742a00000, 0x0000000742c00000|  0%| F|  |TAMS 0x0000000742a00000, 0x0000000742a00000| Untracked 
|   7|0x0000000742c00000, 0x0000000742c00000, 0x0000000742e00000|  0%| F|  |TAMS 0x0000000742c00000, 0x0000000742c00000| Untracked 
|   8|0x0000000742e00000, 0x0000000742e00000, 0x0000000743000000|  0%| F|  |TAMS 0x0000000742e00000, 0x0000000742e00000| Untracked 
|   9|0x0000000743000000, 0x0000000743000000, 0x0000000743200000|  0%| F|  |TAMS 0x0000000743000000, 0x0000000743000000| Untracked 
|  10|0x0000000743200000, 0x0000000743200000, 0x0000000743400000|  0%| F|  |TAMS 0x0000000743200000, 0x0000000743200000| Untracked 
|  11|0x0000000743400000, 0x0000000743400000, 0x0000000743600000|  0%| F|  |TAMS 0x0000000743400000, 0x0000000743400000| Untracked 
|  12|0x0000000743600000, 0x0000000743600000, 0x0000000743800000|  0%| F|  |TAMS 0x0000000743600000, 0x0000000743600000| Untracked 
|  13|0x0000000743800000, 0x0000000743800000, 0x0000000743a00000|  0%| F|  |TAMS 0x0000000743800000, 0x0000000743800000| Untracked 
|  14|0x0000000743a00000, 0x0000000743a00000, 0x0000000743c00000|  0%| F|  |TAMS 0x0000000743a00000, 0x0000000743a00000| Untracked 
|  15|0x0000000743c00000, 0x0000000743c00000, 0x0000000743e00000|  0%| F|  |TAMS 0x0000000743c00000, 0x0000000743c00000| Untracked 
|  16|0x0000000743e00000, 0x0000000743e00000, 0x0000000744000000|  0%| F|  |TAMS 0x0000000743e00000, 0x0000000743e00000| Untracked 
|  17|0x0000000744000000, 0x0000000744000000, 0x0000000744200000|  0%| F|  |TAMS 0x0000000744000000, 0x0000000744000000| Untracked 
|  18|0x0000000744200000, 0x0000000744200000, 0x0000000744400000|  0%| F|  |TAMS 0x0000000744200000, 0x0000000744200000| Untracked 
|  19|0x0000000744400000, 0x0000000744400000, 0x0000000744600000|  0%| F|  |TAMS 0x0000000744400000, 0x0000000744400000| Untracked 
|  20|0x0000000744600000, 0x0000000744600000, 0x0000000744800000|  0%| F|  |TAMS 0x0000000744600000, 0x0000000744600000| Untracked 
|  21|0x0000000744800000, 0x0000000744800000, 0x0000000744a00000|  0%| F|  |TAMS 0x0000000744800000, 0x0000000744800000| Untracked 
|  22|0x0000000744a00000, 0x0000000744a00000, 0x0000000744c00000|  0%| F|  |TAMS 0x0000000744a00000, 0x0000000744a00000| Untracked 
|  23|0x0000000744c00000, 0x0000000744c00000, 0x0000000744e00000|  0%| F|  |TAMS 0x0000000744c00000, 0x0000000744c00000| Untracked 
|  24|0x0000000744e00000, 0x0000000744e00000, 0x0000000745000000|  0%| F|  |TAMS 0x0000000744e00000, 0x0000000744e00000| Untracked 
|  25|0x0000000745000000, 0x0000000745000000, 0x0000000745200000|  0%| F|  |TAMS 0x0000000745000000, 0x0000000745000000| Untracked 
|  26|0x0000000745200000, 0x0000000745200000, 0x0000000745400000|  0%| F|  |TAMS 0x0000000745200000, 0x0000000745200000| Untracked 
|  27|0x0000000745400000, 0x0000000745400000, 0x0000000745600000|  0%| F|  |TAMS 0x0000000745400000, 0x0000000745400000| Untracked 
|  28|0x0000000745600000, 0x0000000745600000, 0x0000000745800000|  0%| F|  |TAMS 0x0000000745600000, 0x0000000745600000| Untracked 
|  29|0x0000000745800000, 0x0000000745800000, 0x0000000745a00000|  0%| F|  |TAMS 0x0000000745800000, 0x0000000745800000| Untracked 
|  30|0x0000000745a00000, 0x0000000745a00000, 0x0000000745c00000|  0%| F|  |TAMS 0x0000000745a00000, 0x0000000745a00000| Untracked 
|  31|0x0000000745c00000, 0x0000000745c00000, 0x0000000745e00000|  0%| F|  |TAMS 0x0000000745c00000, 0x0000000745c00000| Untracked 
|  32|0x0000000745e00000, 0x0000000745e00000, 0x0000000746000000|  0%| F|  |TAMS 0x0000000745e00000, 0x0000000745e00000| Untracked 
|  33|0x0000000746000000, 0x0000000746000000, 0x0000000746200000|  0%| F|  |TAMS 0x0000000746000000, 0x0000000746000000| Untracked 
|  34|0x0000000746200000, 0x0000000746200000, 0x0000000746400000|  0%| F|  |TAMS 0x0000000746200000, 0x0000000746200000| Untracked 
|  35|0x0000000746400000, 0x0000000746400000, 0x0000000746600000|  0%| F|  |TAMS 0x0000000746400000, 0x0000000746400000| Untracked 
|  36|0x0000000746600000, 0x0000000746600000, 0x0000000746800000|  0%| F|  |TAMS 0x0000000746600000, 0x0000000746600000| Untracked 
|  37|0x0000000746800000, 0x0000000746800000, 0x0000000746a00000|  0%| F|  |TAMS 0x0000000746800000, 0x0000000746800000| Untracked 
|  38|0x0000000746a00000, 0x0000000746a00000, 0x0000000746c00000|  0%| F|  |TAMS 0x0000000746a00000, 0x0000000746a00000| Untracked 
|  39|0x0000000746c00000, 0x0000000746c00000, 0x0000000746e00000|  0%| F|  |TAMS 0x0000000746c00000, 0x0000000746c00000| Untracked 
|  40|0x0000000746e00000, 0x0000000746e00000, 0x0000000747000000|  0%| F|  |TAMS 0x0000000746e00000, 0x0000000746e00000| Untracked 
|  41|0x0000000747000000, 0x0000000747000000, 0x0000000747200000|  0%| F|  |TAMS 0x0000000747000000, 0x0000000747000000| Untracked 
|  42|0x0000000747200000, 0x0000000747200000, 0x0000000747400000|  0%| F|  |TAMS 0x0000000747200000, 0x0000000747200000| Untracked 
|  43|0x0000000747400000, 0x0000000747400000, 0x0000000747600000|  0%| F|  |TAMS 0x0000000747400000, 0x0000000747400000| Untracked 
|  44|0x0000000747600000, 0x0000000747600000, 0x0000000747800000|  0%| F|  |TAMS 0x0000000747600000, 0x0000000747600000| Untracked 
|  45|0x0000000747800000, 0x0000000747800000, 0x0000000747a00000|  0%| F|  |TAMS 0x0000000747800000, 0x0000000747800000| Untracked 
|  46|0x0000000747a00000, 0x0000000747a00000, 0x0000000747c00000|  0%| F|  |TAMS 0x0000000747a00000, 0x0000000747a00000| Untracked 
|  47|0x0000000747c00000, 0x0000000747c00000, 0x0000000747e00000|  0%| F|  |TAMS 0x0000000747c00000, 0x0000000747c00000| Untracked 
|  48|0x0000000747e00000, 0x0000000747e00000, 0x0000000748000000|  0%| F|  |TAMS 0x0000000747e00000, 0x0000000747e00000| Untracked 
|  49|0x0000000748000000, 0x0000000748000000, 0x0000000748200000|  0%| F|  |TAMS 0x0000000748000000, 0x0000000748000000| Untracked 
|  50|0x0000000748200000, 0x0000000748200000, 0x0000000748400000|  0%| F|  |TAMS 0x0000000748200000, 0x0000000748200000| Untracked 
|  51|0x0000000748400000, 0x0000000748400000, 0x0000000748600000|  0%| F|  |TAMS 0x0000000748400000, 0x0000000748400000| Untracked 
|  52|0x0000000748600000, 0x0000000748600000, 0x0000000748800000|  0%| F|  |TAMS 0x0000000748600000, 0x0000000748600000| Untracked 
|  53|0x0000000748800000, 0x0000000748800000, 0x0000000748a00000|  0%| F|  |TAMS 0x0000000748800000, 0x0000000748800000| Untracked 
|  54|0x0000000748a00000, 0x0000000748a00000, 0x0000000748c00000|  0%| F|  |TAMS 0x0000000748a00000, 0x0000000748a00000| Untracked 
|  55|0x0000000748c00000, 0x0000000748c00000, 0x0000000748e00000|  0%| F|  |TAMS 0x0000000748c00000, 0x0000000748c00000| Untracked 
|  56|0x0000000748e00000, 0x0000000748e00000, 0x0000000749000000|  0%| F|  |TAMS 0x0000000748e00000, 0x0000000748e00000| Untracked 
|  57|0x0000000749000000, 0x0000000749000000, 0x0000000749200000|  0%| F|  |TAMS 0x0000000749000000, 0x0000000749000000| Untracked 
|  58|0x0000000749200000, 0x0000000749200000, 0x0000000749400000|  0%| F|  |TAMS 0x0000000749200000, 0x0000000749200000| Untracked 
|  59|0x0000000749400000, 0x0000000749400000, 0x0000000749600000|  0%| F|  |TAMS 0x0000000749400000, 0x0000000749400000| Untracked 
|  60|0x0000000749600000, 0x0000000749600000, 0x0000000749800000|  0%| F|  |TAMS 0x0000000749600000, 0x0000000749600000| Untracked 
|  61|0x0000000749800000, 0x0000000749800000, 0x0000000749a00000|  0%| F|  |TAMS 0x0000000749800000, 0x0000000749800000| Untracked 
|  62|0x0000000749a00000, 0x0000000749a00000, 0x0000000749c00000|  0%| F|  |TAMS 0x0000000749a00000, 0x0000000749a00000| Untracked 
|  63|0x0000000749c00000, 0x0000000749c00000, 0x0000000749e00000|  0%| F|  |TAMS 0x0000000749c00000, 0x0000000749c00000| Untracked 
|  64|0x0000000749e00000, 0x0000000749e00000, 0x000000074a000000|  0%| F|  |TAMS 0x0000000749e00000, 0x0000000749e00000| Untracked 
|  65|0x000000074a000000, 0x000000074a000000, 0x000000074a200000|  0%| F|  |TAMS 0x000000074a000000, 0x000000074a000000| Untracked 
|  66|0x000000074a200000, 0x000000074a200000, 0x000000074a400000|  0%| F|  |TAMS 0x000000074a200000, 0x000000074a200000| Untracked 
|  67|0x000000074a400000, 0x000000074a400000, 0x000000074a600000|  0%| F|  |TAMS 0x000000074a400000, 0x000000074a400000| Untracked 
|  68|0x000000074a600000, 0x000000074a600000, 0x000000074a800000|  0%| F|  |TAMS 0x000000074a600000, 0x000000074a600000| Untracked 
|  69|0x000000074a800000, 0x000000074a800000, 0x000000074aa00000|  0%| F|  |TAMS 0x000000074a800000, 0x000000074a800000| Untracked 
|  70|0x000000074aa00000, 0x000000074aa00000, 0x000000074ac00000|  0%| F|  |TAMS 0x000000074aa00000, 0x000000074aa00000| Untracked 
|  71|0x000000074ac00000, 0x000000074ac00000, 0x000000074ae00000|  0%| F|  |TAMS 0x000000074ac00000, 0x000000074ac00000| Untracked 
|  72|0x000000074ae00000, 0x000000074ae00000, 0x000000074b000000|  0%| F|  |TAMS 0x000000074ae00000, 0x000000074ae00000| Untracked 
|  73|0x000000074b000000, 0x000000074b000000, 0x000000074b200000|  0%| F|  |TAMS 0x000000074b000000, 0x000000074b000000| Untracked 
|  74|0x000000074b200000, 0x000000074b200000, 0x000000074b400000|  0%| F|  |TAMS 0x000000074b200000, 0x000000074b200000| Untracked 
|  75|0x000000074b400000, 0x000000074b400000, 0x000000074b600000|  0%| F|  |TAMS 0x000000074b400000, 0x000000074b400000| Untracked 
|  76|0x000000074b600000, 0x000000074b600000, 0x000000074b800000|  0%| F|  |TAMS 0x000000074b600000, 0x000000074b600000| Untracked 
|  77|0x000000074b800000, 0x000000074b800000, 0x000000074ba00000|  0%| F|  |TAMS 0x000000074b800000, 0x000000074b800000| Untracked 
|  78|0x000000074ba00000, 0x000000074ba00000, 0x000000074bc00000|  0%| F|  |TAMS 0x000000074ba00000, 0x000000074ba00000| Untracked 
|  79|0x000000074bc00000, 0x000000074bc00000, 0x000000074be00000|  0%| F|  |TAMS 0x000000074bc00000, 0x000000074bc00000| Untracked 
|  80|0x000000074be00000, 0x000000074be00000, 0x000000074c000000|  0%| F|  |TAMS 0x000000074be00000, 0x000000074be00000| Untracked 
|  81|0x000000074c000000, 0x000000074c06ff60, 0x000000074c200000| 21%| S|CS|TAMS 0x000000074c000000, 0x000000074c000000| Complete 
|  82|0x000000074c200000, 0x000000074c400000, 0x000000074c400000|100%| S|CS|TAMS 0x000000074c200000, 0x000000074c200000| Complete 
|  83|0x000000074c400000, 0x000000074c400000, 0x000000074c600000|  0%| F|  |TAMS 0x000000074c400000, 0x000000074c400000| Untracked 
|  84|0x000000074c600000, 0x000000074c600000, 0x000000074c800000|  0%| F|  |TAMS 0x000000074c600000, 0x000000074c600000| Untracked 
|  85|0x000000074c800000, 0x000000074c9944e8, 0x000000074ca00000| 78%| E|  |TAMS 0x000000074c800000, 0x000000074c800000| Complete 
|  86|0x000000074ca00000, 0x000000074cc00000, 0x000000074cc00000|100%| E|CS|TAMS 0x000000074ca00000, 0x000000074ca00000| Complete 
|  87|0x000000074cc00000, 0x000000074ce00000, 0x000000074ce00000|100%| E|CS|TAMS 0x000000074cc00000, 0x000000074cc00000| Complete 
|  88|0x000000074ce00000, 0x000000074d000000, 0x000000074d000000|100%| E|CS|TAMS 0x000000074ce00000, 0x000000074ce00000| Complete 
|  89|0x000000074d000000, 0x000000074d200000, 0x000000074d200000|100%| E|CS|TAMS 0x000000074d000000, 0x000000074d000000| Complete 
|  90|0x000000074d200000, 0x000000074d400000, 0x000000074d400000|100%| E|CS|TAMS 0x000000074d200000, 0x000000074d200000| Complete 
|  91|0x000000074d400000, 0x000000074d600000, 0x000000074d600000|100%| E|CS|TAMS 0x000000074d400000, 0x000000074d400000| Complete 
|  92|0x000000074d600000, 0x000000074d800000, 0x000000074d800000|100%| E|CS|TAMS 0x000000074d600000, 0x000000074d600000| Complete 
|  93|0x000000074d800000, 0x000000074da00000, 0x000000074da00000|100%| E|CS|TAMS 0x000000074d800000, 0x000000074d800000| Complete 
|  94|0x000000074da00000, 0x000000074dc00000, 0x000000074dc00000|100%| E|CS|TAMS 0x000000074da00000, 0x000000074da00000| Complete 
|  95|0x000000074dc00000, 0x000000074de00000, 0x000000074de00000|100%| E|CS|TAMS 0x000000074dc00000, 0x000000074dc00000| Complete 

Card table byte_map: [0x000001f0745b0000,0x000001f074bb0000] _byte_map_base: 0x000001f070ba1000

Marking Bits (Prev, Next): (CMBitMap*) 0x000001f05d4d1770, (CMBitMap*) 0x000001f05d4d17b0
 Prev Bits: [0x000001f0751b0000, 0x000001f078138000)
 Next Bits: [0x000001f078140000, 0x000001f07b0c8000)

Polling page: 0x000001f05b5f0000

Metaspace:

Usage:
  Non-class:     13.91 MB used.
      Class:      1.95 MB used.
       Both:     15.86 MB used.

Virtual space:
  Non-class space:       64.00 MB reserved,      14.00 MB ( 22%) committed,  1 nodes.
      Class space:        1.00 GB reserved,       2.06 MB ( <1%) committed,  1 nodes.
             Both:        1.06 GB reserved,      16.06 MB (  1%) committed. 

Chunk freelists:
   Non-Class:  1.39 MB
       Class:  13.94 MB
        Both:  15.33 MB

MaxMetaspaceSize: unlimited
CompressedClassSpaceSize: 1.00 GB
Initial GC threshold: 21.00 MB
Current GC threshold: 21.00 MB
CDS: on
MetaspaceReclaimPolicy: balanced
 - commit_granule_bytes: 65536.
 - commit_granule_words: 8192.
 - virtual_space_node_default_size: 8388608.
 - enlarge_chunks_in_place: 1.
 - new_chunks_are_fully_committed: 0.
 - uncommit_free_chunks: 1.
 - use_allocation_guard: 0.
 - handle_deallocations: 1.


Internal statistics:

num_allocs_failed_limit: 0.
num_arena_births: 204.
num_arena_deaths: 0.
num_vsnodes_births: 2.
num_vsnodes_deaths: 0.
num_space_committed: 257.
num_space_uncommitted: 0.
num_chunks_returned_to_freelist: 0.
num_chunks_taken_from_freelist: 711.
num_chunk_merges: 0.
num_chunk_splits: 493.
num_chunks_enlarged: 395.
num_inconsistent_stats: 0.

CodeHeap 'non-profiled nmethods': size=120000Kb used=739Kb max_used=739Kb free=119260Kb
 bounds [0x000001f06ca80000, 0x000001f06ccf0000, 0x000001f073fb0000]
CodeHeap 'profiled nmethods': size=120000Kb used=3899Kb max_used=3899Kb free=116100Kb
 bounds [0x000001f064fb0000, 0x000001f065380000, 0x000001f06c4e0000]
CodeHeap 'non-nmethods': size=5760Kb used=1195Kb max_used=1230Kb free=4564Kb
 bounds [0x000001f06c4e0000, 0x000001f06c750000, 0x000001f06ca80000]
 total_blobs=2538 nmethods=2045 adapters=405
 compilation: enabled
              stopped_count=0, restarted_count=0
 full_count=0

Compilation events (20 events):
Event: 2.613 Thread 0x000001f07d5cb5c0 1996       3       java.util.zip.ZipFile::getZipEntry (322 bytes)
Event: 2.617 Thread 0x000001f07d5cb5c0 nmethod 1996 0x000001f065362010 code [0x000001f065362480, 0x000001f065364b78]
Event: 2.621 Thread 0x000001f07d5c9410 1997       4       java.lang.String::<init> (74 bytes)
Event: 2.625 Thread 0x000001f07d5c9410 nmethod 1997 0x000001f06cb34f10 code [0x000001f06cb350a0, 0x000001f06cb35518]
Event: 2.626 Thread 0x000001f07d5c9410 1999       4       jdk.internal.org.objectweb.asm.SymbolTable::addConstantUtf8Reference (101 bytes)
Event: 2.629 Thread 0x000001f07d5cb5c0 2000       3       java.lang.invoke.BoundMethodHandle::bindArgumentL (11 bytes)
Event: 2.630 Thread 0x000001f07d5cb5c0 nmethod 2000 0x000001f065365a10 code [0x000001f065365c00, 0x000001f0653660f8]
Event: 2.632 Thread 0x000001f07d5cb5c0 2001       3       org.springframework.asm.ClassReader::readUnsignedShort (26 bytes)
Event: 2.633 Thread 0x000001f07d5cb5c0 nmethod 2001 0x000001f065366310 code [0x000001f0653664a0, 0x000001f065366618]
Event: 2.634 Thread 0x000001f07d5cb5c0 2002       3       org.springframework.util.ConcurrentReferenceHashMap$1::<init> (23 bytes)
Event: 2.634 Thread 0x000001f07d5cb5c0 nmethod 2002 0x000001f065366710 code [0x000001f0653668e0, 0x000001f065366d18]
Event: 2.634 Thread 0x000001f07d5cb5c0 2003       3       org.springframework.util.ConcurrentReferenceHashMap$Task::<init> (34 bytes)
Event: 2.635 Thread 0x000001f07d5cb5c0 nmethod 2003 0x000001f065366e90 code [0x000001f065367060, 0x000001f065367378]
Event: 2.635 Thread 0x000001f07d5cb5c0 2004       3       org.springframework.util.ConcurrentReferenceHashMap$1::execute (55 bytes)
Event: 2.635 Thread 0x000001f07d5cb5c0 nmethod 2004 0x000001f065367490 code [0x000001f065367680, 0x000001f065367b78]
Event: 2.635 Thread 0x000001f07d5cb5c0 2005       3       java.nio.HeapByteBuffer::get (14 bytes)
Event: 2.636 Thread 0x000001f07d5cb5c0 nmethod 2005 0x000001f065367d90 code [0x000001f065367f60, 0x000001f065368228]
Event: 2.636 Thread 0x000001f07d5cb5c0 2006       3       java.nio.Buffer::nextGetIndex (30 bytes)
Event: 2.636 Thread 0x000001f07d5cb5c0 nmethod 2006 0x000001f065368390 code [0x000001f065368540, 0x000001f065368708]
Event: 2.638 Thread 0x000001f07d5cb5c0 2007   !   3       jdk.internal.loader.BuiltinClassLoader$2::run (114 bytes)

GC Heap History (6 events):
Event: 0.789 GC heap before
{Heap before GC invocations=0 (full 0):
 garbage-first heap   total 196608K, used 10240K [0x0000000741e00000, 0x0000000800000000)
  region size 2048K, 6 young (12288K), 0 survivors (0K)
 Metaspace       used 2786K, committed 3008K, reserved 1114112K
  class space    used 270K, committed 384K, reserved 1048576K
}
Event: 0.799 GC heap after
{Heap after GC invocations=1 (full 0):
 garbage-first heap   total 196608K, used 5630K [0x0000000741e00000, 0x0000000800000000)
  region size 2048K, 1 young (2048K), 1 survivors (2048K)
 Metaspace       used 2786K, committed 3008K, reserved 1114112K
  class space    used 270K, committed 384K, reserved 1048576K
}
Event: 1.159 GC heap before
{Heap before GC invocations=1 (full 0):
 garbage-first heap   total 196608K, used 13822K [0x0000000741e00000, 0x0000000800000000)
  region size 2048K, 5 young (10240K), 1 survivors (2048K)
 Metaspace       used 4982K, committed 5184K, reserved 1114112K
  class space    used 543K, committed 640K, reserved 1048576K
}
Event: 1.163 GC heap after
{Heap after GC invocations=2 (full 0):
 garbage-first heap   total 196608K, used 6723K [0x0000000741e00000, 0x0000000800000000)
  region size 2048K, 1 young (2048K), 1 survivors (2048K)
 Metaspace       used 4982K, committed 5184K, reserved 1114112K
  class space    used 543K, committed 640K, reserved 1048576K
}
Event: 2.134 GC heap before
{Heap before GC invocations=2 (full 0):
 garbage-first heap   total 196608K, used 29251K [0x0000000741e00000, 0x0000000800000000)
  region size 2048K, 13 young (26624K), 1 survivors (2048K)
 Metaspace       used 11088K, committed 11328K, reserved 1114112K
  class space    used 1318K, committed 1472K, reserved 1048576K
}
Event: 2.138 GC heap after
{Heap after GC invocations=3 (full 0):
 garbage-first heap   total 196608K, used 8344K [0x0000000741e00000, 0x0000000800000000)
  region size 2048K, 2 young (4096K), 2 survivors (4096K)
 Metaspace       used 11088K, committed 11328K, reserved 1114112K
  class space    used 1318K, committed 1472K, reserved 1048576K
}

Dll operation events (13 events):
Event: 0.035 Loaded shared library C:\Users\Donguinha\.gradle\jdks\eclipse_adoptium-17-amd64-windows.2\bin\java.dll
Event: 0.061 Loaded shared library C:\Users\Donguinha\.gradle\jdks\eclipse_adoptium-17-amd64-windows.2\bin\jsvml.dll
Event: 0.208 Loaded shared library C:\Users\Donguinha\.gradle\jdks\eclipse_adoptium-17-amd64-windows.2\bin\zip.dll
Event: 0.212 Loaded shared library C:\Users\Donguinha\.gradle\jdks\eclipse_adoptium-17-amd64-windows.2\bin\instrument.dll
Event: 0.220 Loaded shared library C:\Users\Donguinha\.gradle\jdks\eclipse_adoptium-17-amd64-windows.2\bin\net.dll
Event: 0.224 Loaded shared library C:\Users\Donguinha\.gradle\jdks\eclipse_adoptium-17-amd64-windows.2\bin\nio.dll
Event: 0.228 Loaded shared library C:\Users\Donguinha\.gradle\jdks\eclipse_adoptium-17-amd64-windows.2\bin\zip.dll
Event: 0.457 Loaded shared library C:\Program Files\JetBrains\IntelliJ IDEA Community Edition 2023.3.3\bin\breakgen64.dll
Event: 0.479 Loaded shared library C:\Users\Donguinha\.gradle\jdks\eclipse_adoptium-17-amd64-windows.2\bin\extnet.dll
Event: 0.497 Loaded shared library C:\Users\Donguinha\.gradle\jdks\eclipse_adoptium-17-amd64-windows.2\bin\verify.dll
Event: 0.511 Loaded shared library C:\Users\Donguinha\.gradle\jdks\eclipse_adoptium-17-amd64-windows.2\bin\jimage.dll
Event: 1.090 Loaded shared library C:\Users\Donguinha\.gradle\jdks\eclipse_adoptium-17-amd64-windows.2\bin\management.dll
Event: 1.093 Loaded shared library C:\Users\Donguinha\.gradle\jdks\eclipse_adoptium-17-amd64-windows.2\bin\management_ext.dll

Deoptimization events (20 events):
Event: 2.566 Thread 0x000001f07e194370 Uncommon trap: trap_request=0xffffff45 fr.pc=0x000001f06cac7bdc relative=0x00000000000005fc
Event: 2.566 Thread 0x000001f07e194370 Uncommon trap: reason=unstable_if action=reinterpret pc=0x000001f06cac7bdc method=java.util.zip.ZipCoder.hash(Ljava/lang/String;)I @ 23 c2
Event: 2.566 Thread 0x000001f07e194370 DEOPT PACKING pc=0x000001f06cac7bdc sp=0x0000005fb2afd9b0
Event: 2.567 Thread 0x000001f07e194370 DEOPT UNPACKING pc=0x000001f06c5369a3 sp=0x0000005fb2afd8c8 mode 2
Event: 2.567 Thread 0x000001f07e194370 Uncommon trap: trap_request=0xffffff45 fr.pc=0x000001f06caa70fc relative=0x000000000000025c
Event: 2.567 Thread 0x000001f07e194370 Uncommon trap: reason=unstable_if action=reinterpret pc=0x000001f06caa70fc method=java.util.zip.ZipCoder.hash(Ljava/lang/String;)I @ 23 c2
Event: 2.567 Thread 0x000001f07e194370 DEOPT PACKING pc=0x000001f06caa70fc sp=0x0000005fb2afd930
Event: 2.567 Thread 0x000001f07e194370 DEOPT UNPACKING pc=0x000001f06c5369a3 sp=0x0000005fb2afd8c8 mode 2
Event: 2.568 Thread 0x000001f07e194370 Uncommon trap: trap_request=0xffffff45 fr.pc=0x000001f06ca9abc0 relative=0x0000000000000040
Event: 2.568 Thread 0x000001f07e194370 Uncommon trap: reason=unstable_if action=reinterpret pc=0x000001f06ca9abc0 method=sun.nio.fs.WindowsPathParser.isSlash(C)Z @ 9 c2
Event: 2.568 Thread 0x000001f07e194370 DEOPT PACKING pc=0x000001f06ca9abc0 sp=0x0000005fb2afdb50
Event: 2.568 Thread 0x000001f07e194370 DEOPT UNPACKING pc=0x000001f06c5369a3 sp=0x0000005fb2afdad8 mode 2
Event: 2.579 Thread 0x000001f07e194370 Uncommon trap: trap_request=0xffffff45 fr.pc=0x000001f06cb1f028 relative=0x0000000000000208
Event: 2.579 Thread 0x000001f07e194370 Uncommon trap: reason=unstable_if action=reinterpret pc=0x000001f06cb1f028 method=java.util.StringTokenizer.skipDelimiters(I)I @ 64 c2
Event: 2.579 Thread 0x000001f07e194370 DEOPT PACKING pc=0x000001f06cb1f028 sp=0x0000005fb2afd5f0
Event: 2.579 Thread 0x000001f07e194370 DEOPT UNPACKING pc=0x000001f06c5369a3 sp=0x0000005fb2afd580 mode 2
Event: 2.579 Thread 0x000001f07e194370 Uncommon trap: trap_request=0xffffff45 fr.pc=0x000001f06cb1bd64 relative=0x0000000000000244
Event: 2.579 Thread 0x000001f07e194370 Uncommon trap: reason=unstable_if action=reinterpret pc=0x000001f06cb1bd64 method=java.util.StringTokenizer.scanToken(I)I @ 42 c2
Event: 2.579 Thread 0x000001f07e194370 DEOPT PACKING pc=0x000001f06cb1bd64 sp=0x0000005fb2afd5e0
Event: 2.579 Thread 0x000001f07e194370 DEOPT UNPACKING pc=0x000001f06c5369a3 sp=0x0000005fb2afd570 mode 2

Classes loaded (20 events):
Event: 2.576 Loading class java/nio/file/FileTreeWalker$Event
Event: 2.576 Loading class java/nio/file/FileTreeWalker$Event done
Event: 2.576 Loading class java/nio/file/FileTreeWalker$EventType
Event: 2.576 Loading class java/nio/file/FileTreeWalker$EventType done
Event: 2.579 Loading class sun/nio/fs/WindowsPath$WindowsPathWithAttributes
Event: 2.579 Loading class sun/nio/fs/BasicFileAttributesHolder
Event: 2.579 Loading class sun/nio/fs/BasicFileAttributesHolder done
Event: 2.579 Loading class sun/nio/fs/WindowsPath$WindowsPathWithAttributes done
Event: 2.583 Loading class java/util/regex/Pattern$LazyLoop
Event: 2.583 Loading class java/util/regex/Pattern$Loop
Event: 2.583 Loading class java/util/regex/Pattern$Loop done
Event: 2.583 Loading class java/util/regex/Pattern$LazyLoop done
Event: 2.583 Loading class java/util/regex/Pattern$Prolog
Event: 2.583 Loading class java/util/regex/Pattern$Prolog done
Event: 2.610 Loading class java/lang/AssertionError
Event: 2.611 Loading class java/lang/AssertionError done
Event: 2.620 Loading class java/lang/reflect/MalformedParametersException
Event: 2.620 Loading class java/lang/reflect/MalformedParametersException done
Event: 2.633 Loading class java/lang/ThreadLocal$SuppliedThreadLocal
Event: 2.633 Loading class java/lang/ThreadLocal$SuppliedThreadLocal done

Classes unloaded (0 events):
No events

Classes redefined (0 events):
No events

Internal exceptions (20 events):
Event: 1.906 Thread 0x000001f07e194370 Exception <a 'java/lang/NoSuchMethodError'{0x000000074cfb9310}: 'void java.lang.invoke.DirectMethodHandle$Holder.invokeStaticInit(java.lang.Object, java.lang.Object, java.lang.Object)'> (0x000000074cfb9310) 
thrown [s\src\hotspot\share\interpreter\linkResolver.cpp, line 759]
Event: 1.917 Thread 0x000001f07e194370 Exception <a 'java/lang/NoSuchMethodError'{0x000000074cc003a0}: 'java.lang.Object java.lang.invoke.DirectMethodHandle$Holder.invokeStatic(java.lang.Object, java.lang.Object, long, java.lang.Object)'> (0x000000074cc003a0) 
thrown [s\src\hotspot\share\interpreter\linkResolver.cpp, line 759]
Event: 1.919 Thread 0x000001f07e194370 Exception <a 'java/lang/NoSuchMethodError'{0x000000074cc03e38}: 'java.lang.Object java.lang.invoke.DirectMethodHandle$Holder.invokeStaticInit(java.lang.Object, java.lang.Object, long, java.lang.Object)'> (0x000000074cc03e38) 
thrown [s\src\hotspot\share\interpreter\linkResolver.cpp, line 759]
Event: 1.920 Thread 0x000001f07e194370 Exception <a 'java/lang/NoSuchMethodError'{0x000000074cc0a540}: 'java.lang.Object java.lang.invoke.DirectMethodHandle$Holder.newInvokeSpecial(java.lang.Object, java.lang.Object, long)'> (0x000000074cc0a540) 
thrown [s\src\hotspot\share\interpreter\linkResolver.cpp, line 759]
Event: 1.921 Thread 0x000001f07e194370 Exception <a 'java/lang/NoSuchMethodError'{0x000000074cc0e0b0}: 'java.lang.Object java.lang.invoke.Invokers$Holder.linkToTargetMethod(java.lang.Object, long, java.lang.Object)'> (0x000000074cc0e0b0) 
thrown [s\src\hotspot\share\interpreter\linkResolver.cpp, line 759]
Event: 1.948 Thread 0x000001f07e194370 Exception <a 'java/lang/NoSuchMethodError'{0x000000074cc5f3f0}: 'void java.lang.invoke.DirectMethodHandle$Holder.invokeSpecial(java.lang.Object, java.lang.Object, java.lang.Object, java.lang.Object, java.lang.Object)'> (0x000000074cc5f3f0) 
thrown [s\src\hotspot\share\interpreter\linkResolver.cpp, line 759]
Event: 1.949 Thread 0x000001f07e194370 Exception <a 'java/lang/NoSuchMethodError'{0x000000074cc67980}: 'void java.lang.invoke.DirectMethodHandle$Holder.invokeVirtual(java.lang.Object, java.lang.Object, java.lang.Object, java.lang.Object)'> (0x000000074cc67980) 
thrown [s\src\hotspot\share\interpreter\linkResolver.cpp, line 759]
Event: 2.012 Thread 0x000001f07e194370 Exception <a 'java/lang/NoSuchMethodError'{0x000000074cdc0df8}: 'void java.lang.invoke.DirectMethodHandle$Holder.invokeSpecial(java.lang.Object, java.lang.Object, java.lang.Object)'> (0x000000074cdc0df8) 
thrown [s\src\hotspot\share\interpreter\linkResolver.cpp, line 759]
Event: 2.021 Thread 0x000001f07e194370 Exception <a 'java/lang/IncompatibleClassChangeError'{0x000000074ca05360}: Found class java.lang.Object, but interface was expected> (0x000000074ca05360) 
thrown [s\src\hotspot\share\interpreter\linkResolver.cpp, line 826]
Event: 2.025 Thread 0x000001f07e4cb9a0 Exception <a 'java/lang/NoClassDefFoundError'{0x000000074ca2d158}: jakarta/validation/Validation> (0x000000074ca2d158) 
thrown [s\src\hotspot\share\classfile\systemDictionary.cpp, line 245]
Event: 2.563 Thread 0x000001f07e194370 Exception <a 'java/lang/NoSuchMethodError'{0x000000074cd78688}: 'java.lang.Object java.lang.invoke.DirectMethodHandle$Holder.invokeVirtual(java.lang.Object, java.lang.Object, java.lang.Object)'> (0x000000074cd78688) 
thrown [s\src\hotspot\share\interpreter\linkResolver.cpp, line 759]
Event: 2.569 Thread 0x000001f07e194370 Exception <a 'sun/nio/fs/WindowsException'{0x000000074cd91c60}> (0x000000074cd91c60) 
thrown [s\src\hotspot\share\prims\jni.cpp, line 516]
Event: 2.570 Thread 0x000001f07e194370 Exception <a 'java/lang/NoSuchMethodError'{0x000000074cd93520}: 'int java.lang.invoke.DirectMethodHandle$Holder.invokeSpecial(java.lang.Object, java.lang.Object, java.lang.Object, java.lang.Object, java.lang.Object)'> (0x000000074cd93520) 
thrown [s\src\hotspot\share\interpreter\linkResolver.cpp, line 759]
Event: 2.576 Thread 0x000001f07e194370 Exception <a 'java/lang/NoSuchMethodError'{0x000000074cd9c1c8}: 'void java.lang.invoke.DirectMethodHandle$Holder.invokeVirtual(java.lang.Object, java.lang.Object)'> (0x000000074cd9c1c8) 
thrown [s\src\hotspot\share\interpreter\linkResolver.cpp, line 759]
Event: 2.577 Thread 0x000001f07e4cb9a0 Exception <a 'java/lang/NoSuchMethodError'{0x000000074ca14bb8}: 'long java.lang.invoke.DirectMethodHandle$Holder.invokeSpecial(java.lang.Object, java.lang.Object)'> (0x000000074ca14bb8) 
thrown [s\src\hotspot\share\interpreter\linkResolver.cpp, line 759]
Event: 2.582 Thread 0x000001f07e4cb9a0 Exception <a 'java/lang/NoSuchMethodError'{0x000000074ca1fa28}: 'long java.lang.invoke.DirectMethodHandle$Holder.invokeStatic(java.lang.Object, java.lang.Object)'> (0x000000074ca1fa28) 
thrown [s\src\hotspot\share\interpreter\linkResolver.cpp, line 759]
Event: 2.583 Thread 0x000001f07e4cb9a0 Exception <a 'java/lang/NoSuchMethodError'{0x000000074ca23028}: 'long java.lang.invoke.DirectMethodHandle$Holder.invokeStaticInit(java.lang.Object, java.lang.Object)'> (0x000000074ca23028) 
thrown [s\src\hotspot\share\interpreter\linkResolver.cpp, line 759]
Event: 2.598 Thread 0x000001f07e4cb9a0 Exception <a 'java/lang/NoSuchMethodError'{0x000000074ca30b10}: 'long java.lang.invoke.DirectMethodHandle$Holder.invokeInterface(java.lang.Object, java.lang.Object)'> (0x000000074ca30b10) 
thrown [s\src\hotspot\share\interpreter\linkResolver.cpp, line 759]
Event: 2.600 Thread 0x000001f07e4cb9a0 Exception <a 'java/lang/IncompatibleClassChangeError'{0x000000074ca340a0}: Found class java.lang.Object, but interface was expected> (0x000000074ca340a0) 
thrown [s\src\hotspot\share\interpreter\linkResolver.cpp, line 826]
Event: 2.626 Thread 0x000001f07e4cb9a0 Exception <a 'java/lang/NoSuchMethodError'{0x000000074cbb1888}: 'java.lang.Object java.lang.invoke.DirectMethodHandle$Holder.invokeVirtual(java.lang.Object, java.lang.Object, java.lang.Object, java.lang.Object)'> (0x000000074cbb1888) 
thrown [s\src\hotspot\share\interpreter\linkResolver.cpp, line 759]

VM Operations (20 events):
Event: 1.318 Executing VM operation: HandshakeAllThreads
Event: 1.318 Executing VM operation: HandshakeAllThreads done
Event: 1.749 Executing VM operation: HandshakeAllThreads
Event: 1.749 Executing VM operation: HandshakeAllThreads done
Event: 1.841 Executing VM operation: HandshakeAllThreads
Event: 1.841 Executing VM operation: HandshakeAllThreads done
Event: 1.928 Executing VM operation: ICBufferFull
Event: 1.928 Executing VM operation: ICBufferFull done
Event: 2.008 Executing VM operation: HandshakeAllThreads
Event: 2.008 Executing VM operation: HandshakeAllThreads done
Event: 2.008 Executing VM operation: HandshakeAllThreads
Event: 2.009 Executing VM operation: HandshakeAllThreads done
Event: 2.134 Executing VM operation: G1CollectForAllocation
Event: 2.138 Executing VM operation: G1CollectForAllocation done
Event: 2.223 Executing VM operation: HandshakeAllThreads
Event: 2.223 Executing VM operation: HandshakeAllThreads done
Event: 2.423 Executing VM operation: HandshakeAllThreads
Event: 2.424 Executing VM operation: HandshakeAllThreads done
Event: 2.527 Executing VM operation: HandshakeAllThreads
Event: 2.527 Executing VM operation: HandshakeAllThreads done

Memory protections (0 events):
No events

Nmethod flushes (0 events):
No events

Events (19 events):
Event: 0.061 Thread 0x000001f05d47b2d0 Thread added: 0x000001f05d47b2d0
Event: 0.065 Thread 0x000001f05d47b2d0 Thread added: 0x000001f07d5a8230
Event: 0.066 Thread 0x000001f05d47b2d0 Thread added: 0x000001f07d5a90b0
Event: 0.079 Thread 0x000001f05d47b2d0 Thread added: 0x000001f07d5bcca0
Event: 0.079 Thread 0x000001f05d47b2d0 Thread added: 0x000001f07d5c0780
Event: 0.079 Thread 0x000001f05d47b2d0 Thread added: 0x000001f07d5c18e0
Event: 0.079 Thread 0x000001f05d47b2d0 Thread added: 0x000001f07d5c2a40
Event: 0.079 Thread 0x000001f05d47b2d0 Thread added: 0x000001f07d5c9410
Event: 0.079 Thread 0x000001f05d47b2d0 Thread added: 0x000001f07d5cb5c0
Event: 0.079 Thread 0x000001f05d47b2d0 Thread added: 0x000001f07d5e0e70
Event: 0.181 Thread 0x000001f05d47b2d0 Thread added: 0x000001f07d594350
Event: 0.458 Thread 0x000001f05d47b2d0 Thread added: 0x000001f07d98e750
Event: 0.458 Thread 0x000001f05d47b2d0 Thread added: 0x000001f07d98ec30
Event: 0.819 Thread 0x000001f07d5c9410 Thread added: 0x000001f07de5ead0
Event: 1.186 Thread 0x000001f05d47b2d0 Thread added: 0x000001f07e188dd0
Event: 1.190 Thread 0x000001f07e188dd0 Thread added: 0x000001f07e194370
Event: 1.315 Thread 0x000001f07de5ead0 Thread exited: 0x000001f07de5ead0
Event: 2.016 Thread 0x000001f07e194370 Thread added: 0x000001f07e4cb9a0
Event: 2.186 Thread 0x000001f07d5cb5c0 Thread added: 0x000001f07e514480


Dynamic libraries:
0x00007ff604d70000 - 0x00007ff604d7e000 	C:\Users\Donguinha\.gradle\jdks\eclipse_adoptium-17-amd64-windows.2\bin\java.exe
0x00007ff8fc6f0000 - 0x00007ff8fc8e8000 	C:\WINDOWS\SYSTEM32\ntdll.dll
0x00007ff8fb5e0000 - 0x00007ff8fb6a2000 	C:\WINDOWS\System32\KERNEL32.DLL
0x00007ff8fa370000 - 0x00007ff8fa666000 	C:\WINDOWS\System32\KERNELBASE.dll
0x00007ff8f9d90000 - 0x00007ff8f9e90000 	C:\WINDOWS\System32\ucrtbase.dll
0x00007ff8da090000 - 0x00007ff8da0ae000 	C:\Users\Donguinha\.gradle\jdks\eclipse_adoptium-17-amd64-windows.2\bin\VCRUNTIME140.dll
0x00007ff8de380000 - 0x00007ff8de397000 	C:\Users\Donguinha\.gradle\jdks\eclipse_adoptium-17-amd64-windows.2\bin\jli.dll
0x00007ff8fb3a0000 - 0x00007ff8fb53d000 	C:\WINDOWS\System32\USER32.dll
0x00007ff8fa670000 - 0x00007ff8fa692000 	C:\WINDOWS\System32\win32u.dll
0x00007ff8fb6e0000 - 0x00007ff8fb70b000 	C:\WINDOWS\System32\GDI32.dll
0x00007ff8f9e90000 - 0x00007ff8f9faa000 	C:\WINDOWS\System32\gdi32full.dll
0x00007ff8f9fb0000 - 0x00007ff8fa04d000 	C:\WINDOWS\System32\msvcp_win.dll
0x00007ff8e8b20000 - 0x00007ff8e8dba000 	C:\WINDOWS\WinSxS\amd64_microsoft.windows.common-controls_6595b64144ccf1df_6.0.19041.5794_none_60bcd33171f2783c\COMCTL32.dll
0x00007ff8fb540000 - 0x00007ff8fb5de000 	C:\WINDOWS\System32\msvcrt.dll
0x00007ff8fbc20000 - 0x00007ff8fbc4f000 	C:\WINDOWS\System32\IMM32.DLL
0x00007ff8e45c0000 - 0x00007ff8e45cc000 	C:\Users\Donguinha\.gradle\jdks\eclipse_adoptium-17-amd64-windows.2\bin\vcruntime140_1.dll
0x00007ff8d4e50000 - 0x00007ff8d4edd000 	C:\Users\Donguinha\.gradle\jdks\eclipse_adoptium-17-amd64-windows.2\bin\msvcp140.dll
0x00007ff8c3700000 - 0x00007ff8c436b000 	C:\Users\Donguinha\.gradle\jdks\eclipse_adoptium-17-amd64-windows.2\bin\server\jvm.dll
0x00007ff8fb010000 - 0x00007ff8fb0bf000 	C:\WINDOWS\System32\ADVAPI32.dll
0x00007ff8fbab0000 - 0x00007ff8fbb4f000 	C:\WINDOWS\System32\sechost.dll
0x00007ff8fb7e0000 - 0x00007ff8fb903000 	C:\WINDOWS\System32\RPCRT4.dll
0x00007ff8fa6f0000 - 0x00007ff8fa717000 	C:\WINDOWS\System32\bcrypt.dll
0x00007ff8fbbb0000 - 0x00007ff8fbc1b000 	C:\WINDOWS\System32\WS2_32.dll
0x00007ff8f9900000 - 0x00007ff8f994b000 	C:\WINDOWS\SYSTEM32\POWRPROF.dll
0x00007ff8e39c0000 - 0x00007ff8e39e7000 	C:\WINDOWS\SYSTEM32\WINMM.dll
0x00007ff8e3970000 - 0x00007ff8e397a000 	C:\WINDOWS\SYSTEM32\VERSION.dll
0x00007ff8f97f0000 - 0x00007ff8f9802000 	C:\WINDOWS\SYSTEM32\UMPDC.dll
0x00007ff8f7af0000 - 0x00007ff8f7b02000 	C:\WINDOWS\SYSTEM32\kernel.appcore.dll
0x00007ff8e2ff0000 - 0x00007ff8e2ffa000 	C:\Users\Donguinha\.gradle\jdks\eclipse_adoptium-17-amd64-windows.2\bin\jimage.dll
0x00007ff8e4db0000 - 0x00007ff8e4fb1000 	C:\WINDOWS\SYSTEM32\DBGHELP.DLL
0x00007ff8e4d70000 - 0x00007ff8e4da4000 	C:\WINDOWS\SYSTEM32\dbgcore.DLL
0x00007ff8fa2e0000 - 0x00007ff8fa362000 	C:\WINDOWS\System32\bcryptPrimitives.dll
0x00007ff8f3560000 - 0x00007ff8f356e000 	C:\Users\Donguinha\.gradle\jdks\eclipse_adoptium-17-amd64-windows.2\bin\instrument.dll
0x00007ff8d6b20000 - 0x00007ff8d6b45000 	C:\Users\Donguinha\.gradle\jdks\eclipse_adoptium-17-amd64-windows.2\bin\java.dll
0x00007ff8d45e0000 - 0x00007ff8d46b7000 	C:\Users\Donguinha\.gradle\jdks\eclipse_adoptium-17-amd64-windows.2\bin\jsvml.dll
0x00007ff8fbf40000 - 0x00007ff8fc6ae000 	C:\WINDOWS\System32\SHELL32.dll
0x00007ff8f7dd0000 - 0x00007ff8f8573000 	C:\WINDOWS\SYSTEM32\windows.storage.dll
0x00007ff8fac50000 - 0x00007ff8fafa3000 	C:\WINDOWS\System32\combase.dll
0x00007ff8f9750000 - 0x00007ff8f977b000 	C:\WINDOWS\SYSTEM32\Wldp.dll
0x00007ff8fb710000 - 0x00007ff8fb7dd000 	C:\WINDOWS\System32\OLEAUT32.dll
0x00007ff8fb910000 - 0x00007ff8fb9bd000 	C:\WINDOWS\System32\SHCORE.dll
0x00007ff8fa720000 - 0x00007ff8fa775000 	C:\WINDOWS\System32\shlwapi.dll
0x00007ff8f9cc0000 - 0x00007ff8f9ce5000 	C:\WINDOWS\SYSTEM32\profapi.dll
0x00007ff8d83b0000 - 0x00007ff8d83c8000 	C:\Users\Donguinha\.gradle\jdks\eclipse_adoptium-17-amd64-windows.2\bin\zip.dll
0x00007ff8d8ce0000 - 0x00007ff8d8cf9000 	C:\Users\Donguinha\.gradle\jdks\eclipse_adoptium-17-amd64-windows.2\bin\net.dll
0x00007ff8f24f0000 - 0x00007ff8f25fa000 	C:\WINDOWS\SYSTEM32\WINHTTP.dll
0x00007ff8f9400000 - 0x00007ff8f946c000 	C:\WINDOWS\system32\mswsock.dll
0x00007ff8d85d0000 - 0x00007ff8d85e6000 	C:\Users\Donguinha\.gradle\jdks\eclipse_adoptium-17-amd64-windows.2\bin\nio.dll
0x00007ff8da120000 - 0x00007ff8da13a000 	C:\Program Files\JetBrains\IntelliJ IDEA Community Edition 2023.3.3\bin\breakgen64.dll
0x00007ff8e1f80000 - 0x00007ff8e1f89000 	C:\Users\Donguinha\.gradle\jdks\eclipse_adoptium-17-amd64-windows.2\bin\extnet.dll
0x00007ff8d82f0000 - 0x00007ff8d8300000 	C:\Users\Donguinha\.gradle\jdks\eclipse_adoptium-17-amd64-windows.2\bin\verify.dll
0x00007ff8f3050000 - 0x00007ff8f305a000 	C:\Users\Donguinha\.gradle\jdks\eclipse_adoptium-17-amd64-windows.2\bin\management.dll
0x00007ff8f2c30000 - 0x00007ff8f2c3b000 	C:\Users\Donguinha\.gradle\jdks\eclipse_adoptium-17-amd64-windows.2\bin\management_ext.dll
0x00007ff8fb9c0000 - 0x00007ff8fb9c8000 	C:\WINDOWS\System32\PSAPI.DLL

dbghelp: loaded successfully - version: 4.0.5 - missing functions: none
symbol engine: initialized successfully - sym options: 0x614 - pdb path: .;C:\Users\Donguinha\.gradle\jdks\eclipse_adoptium-17-amd64-windows.2\bin;C:\WINDOWS\SYSTEM32;C:\WINDOWS\WinSxS\amd64_microsoft.windows.common-controls_6595b64144ccf1df_6.0.19041.5794_none_60bcd33171f2783c;C:\Users\Donguinha\.gradle\jdks\eclipse_adoptium-17-amd64-windows.2\bin\server;C:\Program Files\JetBrains\IntelliJ IDEA Community Edition 2023.3.3\bin

VM Arguments:
jvm_args: -javaagent:C:\Program Files\JetBrains\IntelliJ IDEA Community Edition 2023.3.3\lib\idea_rt.jar=65127:C:\Program Files\JetBrains\IntelliJ IDEA Community Edition 2023.3.3\bin -Dfile.encoding=UTF-8 
java_command: com.backend.api.BackendApiApplication
java_class_path (initial): C:\Users\Donguinha\IdeaProjects\d2win_backend\target\classes;C:\Users\Donguinha\.m2\repository\org\springframework\boot\spring-boot-starter-web\3.2.5\spring-boot-starter-web-3.2.5.jar;C:\Users\Donguinha\.m2\repository\org\springframework\boot\spring-boot-starter\3.2.5\spring-boot-starter-3.2.5.jar;C:\Users\Donguinha\.m2\repository\org\springframework\boot\spring-boot-starter-logging\3.2.5\spring-boot-starter-logging-3.2.5.jar;C:\Users\Donguinha\.m2\repository\ch\qos\logback\logback-classic\1.4.14\logback-classic-1.4.14.jar;C:\Users\Donguinha\.m2\repository\ch\qos\logback\logback-core\1.4.14\logback-core-1.4.14.jar;C:\Users\Donguinha\.m2\repository\org\apache\logging\log4j\log4j-to-slf4j\2.21.1\log4j-to-slf4j-2.21.1.jar;C:\Users\Donguinha\.m2\repository\org\apache\logging\log4j\log4j-api\2.21.1\log4j-api-2.21.1.jar;C:\Users\Donguinha\.m2\repository\org\slf4j\jul-to-slf4j\2.0.13\jul-to-slf4j-2.0.13.jar;C:\Users\Donguinha\.m2\repository\jakarta\annotation\jakarta.annotation-api\2.1.1\jakarta.annotation-api-2.1.1.jar;C:\Users\Donguinha\.m2\repository\org\yaml\snakeyaml\2.2\snakeyaml-2.2.jar;C:\Users\Donguinha\.m2\repository\org\springframework\boot\spring-boot-starter-json\3.2.5\spring-boot-starter-json-3.2.5.jar;C:\Users\Donguinha\.m2\repository\com\fasterxml\jackson\core\jackson-databind\2.15.4\jackson-databind-2.15.4.jar;C:\Users\Donguinha\.m2\repository\com\fasterxml\jackson\core\jackson-annotations\2.15.4\jackson-annotations-2.15.4.jar;C:\Users\Donguinha\.m2\repository\com\fasterxml\jackson\core\jackson-core\2.15.4\jackson-core-2.15.4.jar;C:\Users\Donguinha\.m2\repository\com\fasterxml\jackson\datatype\jackson-datatype-jdk8\2.15.4\jackson-datatype-jdk8-2.15.4.jar;C:\Users\Donguinha\.m2\repository\com\fasterxml\jackson\datatype\jackson-datatype-jsr310\2.15.4\jackson-datatype-jsr310-2.15.4.jar;C:\Users\Donguinha\.m2\repository\com\fasterxml\jackson\module\jackson-module-parameter-names\2.15.4\jackson-module-parameter-names-2.15.4.jar;C:\U
Launcher Type: SUN_STANDARD

[Global flags]
     intx CICompilerCount                          = 3                                         {product} {ergonomic}
     uint ConcGCThreads                            = 1                                         {product} {ergonomic}
     uint G1ConcRefinementThreads                  = 4                                         {product} {ergonomic}
   size_t G1HeapRegionSize                         = 2097152                                   {product} {ergonomic}
    uintx GCDrainStackTargetSize                   = 64                                        {product} {ergonomic}
   size_t InitialHeapSize                          = 201326592                                 {product} {ergonomic}
   size_t MarkStackSize                            = 4194304                                   {product} {ergonomic}
   size_t MaxHeapSize                              = 3189768192                                {product} {ergonomic}
   size_t MaxNewSize                               = 1912602624                                {product} {ergonomic}
   size_t MinHeapDeltaBytes                        = 2097152                                   {product} {ergonomic}
   size_t MinHeapSize                              = 8388608                                   {product} {ergonomic}
    uintx NonNMethodCodeHeapSize                   = 5832780                                {pd product} {ergonomic}
    uintx NonProfiledCodeHeapSize                  = 122912730                              {pd product} {ergonomic}
    uintx ProfiledCodeHeapSize                     = 122912730                              {pd product} {ergonomic}
    uintx ReservedCodeCacheSize                    = 251658240                              {pd product} {ergonomic}
     bool SegmentedCodeCache                       = true                                      {product} {ergonomic}
   size_t SoftMaxHeapSize                          = 3189768192                             {manageable} {ergonomic}
     bool UseCompressedClassPointers               = true                           {product lp64_product} {ergonomic}
     bool UseCompressedOops                        = true                           {product lp64_product} {ergonomic}
     bool UseG1GC                                  = true                                      {product} {ergonomic}
     bool UseLargePagesIndividualAllocation        = false                                  {pd product} {ergonomic}

Logging:
Log output configuration:
 #0: stdout all=warning uptime,level,tags
 #1: stderr all=off uptime,level,tags

Environment Variables:
PATH=C:\Program Files\Common Files\Oracle\Java\javapath;C:\ProgramData\Oracle\Java\javapath;C:\WINDOWS\system32;C:\WINDOWS;C:\WINDOWS\System32\Wbem;C:\WINDOWS\System32\WindowsPowerShell\v1.0\;C:\WINDOWS\System32\OpenSSH\;C:\Program Files\SafeNet\Authentication\SAC\x64;C:\Program Files\SafeNet\Authentication\SAC\x32;C:\ProgramData\chocolatey\bin;C:\Program Files (x86)\Microsoft SQL Server\160\DTS\Binn\;C:\Program Files (x86)\Microsoft SQL Server\160\Tools\Binn\;C:\Program Files\Microsoft SQL Server\160\Tools\Binn\;C:\Program Files\Microsoft SQL Server\Client SDK\ODBC\170\Tools\Binn\;C:\Program Files\Microsoft SQL Server\160\DTS\Binn\;C:\Program Files\nodejs\;C:\Program Files\Git\cmd;C:\Users\Donguinha\AppData\Local\Microsoft\WindowsApps;;C:\Users\Donguinha\AppData\Local\Programs\Microsoft VS Code\bin;C:\Users\Donguinha\AppData\Roaming\npm
USERNAME=Donguinha
OS=Windows_NT
PROCESSOR_IDENTIFIER=Intel64 Family 6 Model 142 Stepping 9, GenuineIntel
TMP=C:\Users\DONGUI~1\AppData\Local\Temp
TEMP=C:\Users\DONGUI~1\AppData\Local\Temp



Periodic native trim disabled


---------------  S Y S T E M  ---------------

OS:
 Windows 10 , 64 bit Build 19041 (10.0.19041.5794)
OS uptime: 0 days 9:00 hours
Hyper-V role detected

CPU: total 4 (initial active 4) (2 cores per cpu, 2 threads per core) family 6 model 142 stepping 9 microcode 0xb4, cx8, cmov, fxsr, ht, mmx, 3dnowpref, sse, sse2, sse3, ssse3, sse4.1, sse4.2, popcnt, lzcnt, tsc, tscinvbit, avx, avx2, aes, erms, clmul, bmi1, bmi2, adx, fma, vzeroupper, clflush, clflushopt, hv
Processor Information for all 4 processors :
  Max Mhz: 2712, Current Mhz: 2511, Mhz Limit: 2495

Memory: 4k page, system-wide physical 12163M (825M free)
TotalPageFile size 12163M (AvailPageFile size 6M)
current process WorkingSet (physical memory assigned to process): 119M, peak: 121M
current process commit charge ("private bytes"): 316M, peak: 319M

vm_info: OpenJDK 64-Bit Server VM (17.0.13+11) for windows-amd64 JRE (17.0.13+11), built on Oct 16 2024 00:10:08 by "admin" with MS VC++ 17.7 (VS2022)

END.
