#
# There is insufficient memory for the Java Runtime Environment to continue.
# Native memory allocation (malloc) failed to allocate 813856 bytes. Error detail: Chunk::new
# Possible reasons:
#   The system is out of physical RAM or swap space
#   This process is running with CompressedOops enabled, and the Java Heap may be blocking the growth of the native heap
# Possible solutions:
#   Reduce memory load on the system
#   Increase physical memory or swap space
#   Check if swap backing store is full
#   Decrease Java heap size (-Xmx/-Xms)
#   Decrease number of Java threads
#   Decrease Java thread stack sizes (-Xss)
#   Set larger code cache with -XX:ReservedCodeCacheSize=
#   JVM is running with Zero Based Compressed Oops mode in which the Java heap is
#     placed in the first 32GB address space. The Java Heap base address is the
#     maximum limit for the native heap growth. Please use -XX:HeapBaseMinAddress
#     to set the Java Heap base and to place the Java Heap above 32GB virtual address.
# This output file may be truncated or incomplete.
#
#  Out of Memory Error (arena.cpp:191), pid=3588, tid=10524
#
# JRE version: OpenJDK Runtime Environment Temurin-17.0.13+11 (17.0.13+11) (build 17.0.13+11)
# Java VM: OpenJDK 64-Bit Server VM Temurin-17.0.13+11 (17.0.13+11, mixed mode, sharing, tiered, compressed oops, compressed class ptrs, g1 gc, windows-amd64)
# No core dump will be written. Minidumps are not enabled by default on client versions of Windows
#

---------------  S U M M A R Y ------------

Command Line: -javaagent:C:\Program Files\JetBrains\IntelliJ IDEA Community Edition 2023.3.3\lib\idea_rt.jar=49607:C:\Program Files\JetBrains\IntelliJ IDEA Community Edition 2023.3.3\bin -Dfile.encoding=UTF-8 com.backend.api.BackendApiApplication

Host: Intel(R) Core(TM) i5-7200U CPU @ 2.50GHz, 4 cores, 11G,  Windows 10 , 64 bit Build 19041 (10.0.19041.5794)
Time: Mon Jun  2 08:50:12 2025 Hora oficial do Brasil elapsed time: 2.261765 seconds (0d 0h 0m 2s)

---------------  T H R E A D  ---------------

Current thread (0x000001657d35afe0):  JavaThread "C2 CompilerThread1" daemon [_thread_in_native, id=10524, stack(0x0000001b05d00000,0x0000001b05e00000)]


Current CompileTask:
C2:   2261 1858       4       jdk.internal.org.objectweb.asm.Frame::execute (2305 bytes)

Stack: [0x0000001b05d00000,0x0000001b05e00000]
Native frames: (J=compiled Java code, j=interpreted, Vv=VM code, C=native code)
V  [jvm.dll+0x682a19]
V  [jvm.dll+0x839538]
V  [jvm.dll+0x83afe3]
V  [jvm.dll+0x83b653]
V  [jvm.dll+0x24704f]
V  [jvm.dll+0xace34]
V  [jvm.dll+0xad4cc]
V  [jvm.dll+0x2ac84f]
V  [jvm.dll+0x588a79]
V  [jvm.dll+0x220ea2]
V  [jvm.dll+0x219cd2]
V  [jvm.dll+0x21738b]
V  [jvm.dll+0x1a3070]
V  [jvm.dll+0x22788c]
V  [jvm.dll+0x2259eb]
V  [jvm.dll+0x7eec98]
V  [jvm.dll+0x7e8ffc]
V  [jvm.dll+0x6818f7]
C  [ucrtbase.dll+0x21bb2]
C  [KERNEL32.DLL+0x17374]
C  [ntdll.dll+0x4cc91]


---------------  P R O C E S S  ---------------

Threads class SMR info:
_java_thread_list=0x000001657dff9e90, length=17, elements={
0x000001656bd68f30, 0x000001657ce88c90, 0x000001657ce8a2b0, 0x000001657ce9ba60,
0x000001657ce9d950, 0x000001657cea0320, 0x000001657cea0ce0, 0x000001657cea21e0,
0x000001657cea4000, 0x000001657d0287d0, 0x000001657d0bb6d0, 0x000001657d35afe0,
0x000001657d2721d0, 0x000001657d3372d0, 0x000001657ddec8b0, 0x000001657e1c8840,
0x000001657e01cb60
}

Java Threads: ( => current thread )
  0x000001656bd68f30 JavaThread "main" [_thread_blocked, id=7992, stack(0x0000001b04c00000,0x0000001b04d00000)]
  0x000001657ce88c90 JavaThread "Reference Handler" daemon [_thread_blocked, id=3716, stack(0x0000001b05300000,0x0000001b05400000)]
  0x000001657ce8a2b0 JavaThread "Finalizer" daemon [_thread_blocked, id=17796, stack(0x0000001b05400000,0x0000001b05500000)]
  0x000001657ce9ba60 JavaThread "Signal Dispatcher" daemon [_thread_blocked, id=11616, stack(0x0000001b05500000,0x0000001b05600000)]
  0x000001657ce9d950 JavaThread "Attach Listener" daemon [_thread_blocked, id=13788, stack(0x0000001b05600000,0x0000001b05700000)]
  0x000001657cea0320 JavaThread "Service Thread" daemon [_thread_blocked, id=19336, stack(0x0000001b05700000,0x0000001b05800000)]
  0x000001657cea0ce0 JavaThread "Monitor Deflation Thread" daemon [_thread_blocked, id=14012, stack(0x0000001b05800000,0x0000001b05900000)]
  0x000001657cea21e0 JavaThread "C2 CompilerThread0" daemon [_thread_in_native, id=11372, stack(0x0000001b05900000,0x0000001b05a00000)]
  0x000001657cea4000 JavaThread "C1 CompilerThread0" daemon [_thread_in_native, id=9544, stack(0x0000001b05a00000,0x0000001b05b00000)]
  0x000001657d0287d0 JavaThread "Sweeper thread" daemon [_thread_blocked, id=19720, stack(0x0000001b05b00000,0x0000001b05c00000)]
  0x000001657d0bb6d0 JavaThread "Common-Cleaner" daemon [_thread_blocked, id=12640, stack(0x0000001b05c00000,0x0000001b05d00000)]
=>0x000001657d35afe0 JavaThread "C2 CompilerThread1" daemon [_thread_in_native, id=10524, stack(0x0000001b05d00000,0x0000001b05e00000)]
  0x000001657d2721d0 JavaThread "Monitor Ctrl-Break" daemon [_thread_in_native, id=19056, stack(0x0000001b05e00000,0x0000001b05f00000)]
  0x000001657d3372d0 JavaThread "Notification Thread" daemon [_thread_blocked, id=13524, stack(0x0000001b05f00000,0x0000001b06000000)]
  0x000001657ddec8b0 JavaThread "Thread-0" [_thread_blocked, id=19796, stack(0x0000001b06400000,0x0000001b06500000)]
  0x000001657e1c8840 JavaThread "restartedMain" [_thread_in_vm, id=14432, stack(0x0000001b06500000,0x0000001b06600000)]
  0x000001657e01cb60 JavaThread "background-preinit" [_thread_in_vm, id=17748, stack(0x0000001b06600000,0x0000001b06700000)]

Other Threads:
  0x000001657ce81670 VMThread "VM Thread" [stack: 0x0000001b05200000,0x0000001b05300000] [id=10172]
  0x000001657d387bb0 WatcherThread [stack: 0x0000001b06000000,0x0000001b06100000] [id=14036]
  0x000001656bdbe530 GCTaskThread "GC Thread#0" [stack: 0x0000001b04d00000,0x0000001b04e00000] [id=8456]
  0x000001657d8240e0 GCTaskThread "GC Thread#1" [stack: 0x0000001b06100000,0x0000001b06200000] [id=11364]
  0x000001657d66d0f0 GCTaskThread "GC Thread#2" [stack: 0x0000001b06200000,0x0000001b06300000] [id=1524]
  0x000001657de42c10 GCTaskThread "GC Thread#3" [stack: 0x0000001b06300000,0x0000001b06400000] [id=20212]
  0x000001656bdcb290 ConcurrentGCThread "G1 Main Marker" [stack: 0x0000001b04e00000,0x0000001b04f00000] [id=7716]
  0x000001656bdcbcb0 ConcurrentGCThread "G1 Conc#0" [stack: 0x0000001b04f00000,0x0000001b05000000] [id=7272]
  0x000001656be09680 ConcurrentGCThread "G1 Refine#0" [stack: 0x0000001b05000000,0x0000001b05100000] [id=16980]
  0x000001656be0a0b0 ConcurrentGCThread "G1 Service" [stack: 0x0000001b05100000,0x0000001b05200000] [id=16364]

Threads with active compile tasks:
C2 CompilerThread0     2294 1920   !   4      
[error occurred during error reporting (printing all threads), id 0xe0000001, Out of Memory Error (s\src\hotspot\share\memory\arena.cpp:79)]

VM state: not at safepoint (normal execution)

VM Mutex/Monitor currently owned by a thread:  ([mutex/lock_event])
[0x000001656bd61030] Metaspace_lock - owner thread: 0x000001657e01cb60

Heap address: 0x0000000741e00000, size: 3042 MB, Compressed Oops mode: Zero based, Oop shift amount: 3

CDS archive(s) mapped at: [0x000001650f000000-0x000001650fbb0000-0x000001650fbb0000), size 12255232, SharedBaseAddress: 0x000001650f000000, ArchiveRelocationMode: 1.
Compressed class space mapped at: 0x0000016510000000-0x0000016550000000, reserved size: 1073741824
Narrow klass base: 0x000001650f000000, Narrow klass shift: 0, Narrow klass range: 0x100000000

GC Precious Log:
 CPUs: 4 total, 4 available
 Memory: 12163M
 Large Page Support: Disabled
 NUMA Support: Disabled
 Compressed Oops: Enabled (Zero based)
 Heap Region Size: 2M
 Heap Min Capacity: 8M
 Heap Initial Capacity: 192M
 Heap Max Capacity: 3042M
 Pre-touch: Disabled
 Parallel Workers: 4
 Concurrent Workers: 1
 Concurrent Refinement Workers: 4
 Periodic GC: Disabled

Heap:
 garbage-first heap   total 196608K, used 18531K [0x0000000741e00000, 0x0000000800000000)
  region size 2048K, 8 young (16384K), 2 survivors (4096K)
 Metaspace       used 14366K, committed 14592K, reserved 1114112K
  class space    used 1727K, committed 1856K, reserved 1048576K

Heap Regions: E=young(eden), S=young(survivor), O=old, HS=humongous(starts), HC=humongous(continues), CS=collection set, F=free, OA=open archive, CA=closed archive, TAMS=top-at-mark-start (previous, next)
|   0|0x0000000741e00000, 0x0000000742000000, 0x0000000742000000|100%| O|  |TAMS 0x0000000741e00000, 0x0000000741e00000| Untracked 
|   1|0x0000000742000000, 0x0000000742200000, 0x0000000742200000|100%| O|  |TAMS 0x0000000742000000, 0x0000000742000000| Untracked 
|   2|0x0000000742200000, 0x00000007423a1400, 0x0000000742400000| 81%| O|  |TAMS 0x0000000742200000, 0x0000000742200000| Untracked 
|   3|0x0000000742400000, 0x0000000742400000, 0x0000000742600000|  0%| F|  |TAMS 0x0000000742400000, 0x0000000742400000| Untracked 
|   4|0x0000000742600000, 0x0000000742600000, 0x0000000742800000|  0%| F|  |TAMS 0x0000000742600000, 0x0000000742600000| Untracked 
|   5|0x0000000742800000, 0x0000000742800000, 0x0000000742a00000|  0%| F|  |TAMS 0x0000000742800000, 0x0000000742800000| Untracked 
|   6|0x0000000742a00000, 0x0000000742a00000, 0x0000000742c00000|  0%| F|  |TAMS 0x0000000742a00000, 0x0000000742a00000| Untracked 
|   7|0x0000000742c00000, 0x0000000742c00000, 0x0000000742e00000|  0%| F|  |TAMS 0x0000000742c00000, 0x0000000742c00000| Untracked 
|   8|0x0000000742e00000, 0x0000000742e00000, 0x0000000743000000|  0%| F|  |TAMS 0x0000000742e00000, 0x0000000742e00000| Untracked 
|   9|0x0000000743000000, 0x0000000743000000, 0x0000000743200000|  0%| F|  |TAMS 0x0000000743000000, 0x0000000743000000| Untracked 
|  10|0x0000000743200000, 0x0000000743200000, 0x0000000743400000|  0%| F|  |TAMS 0x0000000743200000, 0x0000000743200000| Untracked 
|  11|0x0000000743400000, 0x0000000743400000, 0x0000000743600000|  0%| F|  |TAMS 0x0000000743400000, 0x0000000743400000| Untracked 
|  12|0x0000000743600000, 0x0000000743600000, 0x0000000743800000|  0%| F|  |TAMS 0x0000000743600000, 0x0000000743600000| Untracked 
|  13|0x0000000743800000, 0x0000000743800000, 0x0000000743a00000|  0%| F|  |TAMS 0x0000000743800000, 0x0000000743800000| Untracked 
|  14|0x0000000743a00000, 0x0000000743a00000, 0x0000000743c00000|  0%| F|  |TAMS 0x0000000743a00000, 0x0000000743a00000| Untracked 
|  15|0x0000000743c00000, 0x0000000743c00000, 0x0000000743e00000|  0%| F|  |TAMS 0x0000000743c00000, 0x0000000743c00000| Untracked 
|  16|0x0000000743e00000, 0x0000000743e00000, 0x0000000744000000|  0%| F|  |TAMS 0x0000000743e00000, 0x0000000743e00000| Untracked 
|  17|0x0000000744000000, 0x0000000744000000, 0x0000000744200000|  0%| F|  |TAMS 0x0000000744000000, 0x0000000744000000| Untracked 
|  18|0x0000000744200000, 0x0000000744200000, 0x0000000744400000|  0%| F|  |TAMS 0x0000000744200000, 0x0000000744200000| Untracked 
|  19|0x0000000744400000, 0x0000000744400000, 0x0000000744600000|  0%| F|  |TAMS 0x0000000744400000, 0x0000000744400000| Untracked 
|  20|0x0000000744600000, 0x0000000744600000, 0x0000000744800000|  0%| F|  |TAMS 0x0000000744600000, 0x0000000744600000| Untracked 
|  21|0x0000000744800000, 0x0000000744800000, 0x0000000744a00000|  0%| F|  |TAMS 0x0000000744800000, 0x0000000744800000| Untracked 
|  22|0x0000000744a00000, 0x0000000744a00000, 0x0000000744c00000|  0%| F|  |TAMS 0x0000000744a00000, 0x0000000744a00000| Untracked 
|  23|0x0000000744c00000, 0x0000000744c00000, 0x0000000744e00000|  0%| F|  |TAMS 0x0000000744c00000, 0x0000000744c00000| Untracked 
|  24|0x0000000744e00000, 0x0000000744e00000, 0x0000000745000000|  0%| F|  |TAMS 0x0000000744e00000, 0x0000000744e00000| Untracked 
|  25|0x0000000745000000, 0x0000000745000000, 0x0000000745200000|  0%| F|  |TAMS 0x0000000745000000, 0x0000000745000000| Untracked 
|  26|0x0000000745200000, 0x0000000745200000, 0x0000000745400000|  0%| F|  |TAMS 0x0000000745200000, 0x0000000745200000| Untracked 
|  27|0x0000000745400000, 0x0000000745400000, 0x0000000745600000|  0%| F|  |TAMS 0x0000000745400000, 0x0000000745400000| Untracked 
|  28|0x0000000745600000, 0x0000000745600000, 0x0000000745800000|  0%| F|  |TAMS 0x0000000745600000, 0x0000000745600000| Untracked 
|  29|0x0000000745800000, 0x0000000745800000, 0x0000000745a00000|  0%| F|  |TAMS 0x0000000745800000, 0x0000000745800000| Untracked 
|  30|0x0000000745a00000, 0x0000000745a00000, 0x0000000745c00000|  0%| F|  |TAMS 0x0000000745a00000, 0x0000000745a00000| Untracked 
|  31|0x0000000745c00000, 0x0000000745c00000, 0x0000000745e00000|  0%| F|  |TAMS 0x0000000745c00000, 0x0000000745c00000| Untracked 
|  32|0x0000000745e00000, 0x0000000745e00000, 0x0000000746000000|  0%| F|  |TAMS 0x0000000745e00000, 0x0000000745e00000| Untracked 
|  33|0x0000000746000000, 0x0000000746000000, 0x0000000746200000|  0%| F|  |TAMS 0x0000000746000000, 0x0000000746000000| Untracked 
|  34|0x0000000746200000, 0x0000000746200000, 0x0000000746400000|  0%| F|  |TAMS 0x0000000746200000, 0x0000000746200000| Untracked 
|  35|0x0000000746400000, 0x0000000746400000, 0x0000000746600000|  0%| F|  |TAMS 0x0000000746400000, 0x0000000746400000| Untracked 
|  36|0x0000000746600000, 0x0000000746600000, 0x0000000746800000|  0%| F|  |TAMS 0x0000000746600000, 0x0000000746600000| Untracked 
|  37|0x0000000746800000, 0x0000000746800000, 0x0000000746a00000|  0%| F|  |TAMS 0x0000000746800000, 0x0000000746800000| Untracked 
|  38|0x0000000746a00000, 0x0000000746a00000, 0x0000000746c00000|  0%| F|  |TAMS 0x0000000746a00000, 0x0000000746a00000| Untracked 
|  39|0x0000000746c00000, 0x0000000746c00000, 0x0000000746e00000|  0%| F|  |TAMS 0x0000000746c00000, 0x0000000746c00000| Untracked 
|  40|0x0000000746e00000, 0x0000000746e00000, 0x0000000747000000|  0%| F|  |TAMS 0x0000000746e00000, 0x0000000746e00000| Untracked 
|  41|0x0000000747000000, 0x0000000747000000, 0x0000000747200000|  0%| F|  |TAMS 0x0000000747000000, 0x0000000747000000| Untracked 
|  42|0x0000000747200000, 0x0000000747200000, 0x0000000747400000|  0%| F|  |TAMS 0x0000000747200000, 0x0000000747200000| Untracked 
|  43|0x0000000747400000, 0x0000000747400000, 0x0000000747600000|  0%| F|  |TAMS 0x0000000747400000, 0x0000000747400000| Untracked 
|  44|0x0000000747600000, 0x0000000747600000, 0x0000000747800000|  0%| F|  |TAMS 0x0000000747600000, 0x0000000747600000| Untracked 
|  45|0x0000000747800000, 0x0000000747800000, 0x0000000747a00000|  0%| F|  |TAMS 0x0000000747800000, 0x0000000747800000| Untracked 
|  46|0x0000000747a00000, 0x0000000747a00000, 0x0000000747c00000|  0%| F|  |TAMS 0x0000000747a00000, 0x0000000747a00000| Untracked 
|  47|0x0000000747c00000, 0x0000000747c00000, 0x0000000747e00000|  0%| F|  |TAMS 0x0000000747c00000, 0x0000000747c00000| Untracked 
|  48|0x0000000747e00000, 0x0000000747e00000, 0x0000000748000000|  0%| F|  |TAMS 0x0000000747e00000, 0x0000000747e00000| Untracked 
|  49|0x0000000748000000, 0x0000000748000000, 0x0000000748200000|  0%| F|  |TAMS 0x0000000748000000, 0x0000000748000000| Untracked 
|  50|0x0000000748200000, 0x0000000748200000, 0x0000000748400000|  0%| F|  |TAMS 0x0000000748200000, 0x0000000748200000| Untracked 
|  51|0x0000000748400000, 0x0000000748400000, 0x0000000748600000|  0%| F|  |TAMS 0x0000000748400000, 0x0000000748400000| Untracked 
|  52|0x0000000748600000, 0x0000000748600000, 0x0000000748800000|  0%| F|  |TAMS 0x0000000748600000, 0x0000000748600000| Untracked 
|  53|0x0000000748800000, 0x0000000748800000, 0x0000000748a00000|  0%| F|  |TAMS 0x0000000748800000, 0x0000000748800000| Untracked 
|  54|0x0000000748a00000, 0x0000000748a00000, 0x0000000748c00000|  0%| F|  |TAMS 0x0000000748a00000, 0x0000000748a00000| Untracked 
|  55|0x0000000748c00000, 0x0000000748c00000, 0x0000000748e00000|  0%| F|  |TAMS 0x0000000748c00000, 0x0000000748c00000| Untracked 
|  56|0x0000000748e00000, 0x0000000748e00000, 0x0000000749000000|  0%| F|  |TAMS 0x0000000748e00000, 0x0000000748e00000| Untracked 
|  57|0x0000000749000000, 0x0000000749000000, 0x0000000749200000|  0%| F|  |TAMS 0x0000000749000000, 0x0000000749000000| Untracked 
|  58|0x0000000749200000, 0x0000000749200000, 0x0000000749400000|  0%| F|  |TAMS 0x0000000749200000, 0x0000000749200000| Untracked 
|  59|0x0000000749400000, 0x0000000749400000, 0x0000000749600000|  0%| F|  |TAMS 0x0000000749400000, 0x0000000749400000| Untracked 
|  60|0x0000000749600000, 0x0000000749600000, 0x0000000749800000|  0%| F|  |TAMS 0x0000000749600000, 0x0000000749600000| Untracked 
|  61|0x0000000749800000, 0x0000000749800000, 0x0000000749a00000|  0%| F|  |TAMS 0x0000000749800000, 0x0000000749800000| Untracked 
|  62|0x0000000749a00000, 0x0000000749a00000, 0x0000000749c00000|  0%| F|  |TAMS 0x0000000749a00000, 0x0000000749a00000| Untracked 
|  63|0x0000000749c00000, 0x0000000749c00000, 0x0000000749e00000|  0%| F|  |TAMS 0x0000000749c00000, 0x0000000749c00000| Untracked 
|  64|0x0000000749e00000, 0x0000000749e00000, 0x000000074a000000|  0%| F|  |TAMS 0x0000000749e00000, 0x0000000749e00000| Untracked 
|  65|0x000000074a000000, 0x000000074a000000, 0x000000074a200000|  0%| F|  |TAMS 0x000000074a000000, 0x000000074a000000| Untracked 
|  66|0x000000074a200000, 0x000000074a200000, 0x000000074a400000|  0%| F|  |TAMS 0x000000074a200000, 0x000000074a200000| Untracked 
|  67|0x000000074a400000, 0x000000074a400000, 0x000000074a600000|  0%| F|  |TAMS 0x000000074a400000, 0x000000074a400000| Untracked 
|  68|0x000000074a600000, 0x000000074a600000, 0x000000074a800000|  0%| F|  |TAMS 0x000000074a600000, 0x000000074a600000| Untracked 
|  69|0x000000074a800000, 0x000000074a800000, 0x000000074aa00000|  0%| F|  |TAMS 0x000000074a800000, 0x000000074a800000| Untracked 
|  70|0x000000074aa00000, 0x000000074aa00000, 0x000000074ac00000|  0%| F|  |TAMS 0x000000074aa00000, 0x000000074aa00000| Untracked 
|  71|0x000000074ac00000, 0x000000074ac00000, 0x000000074ae00000|  0%| F|  |TAMS 0x000000074ac00000, 0x000000074ac00000| Untracked 
|  72|0x000000074ae00000, 0x000000074ae00000, 0x000000074b000000|  0%| F|  |TAMS 0x000000074ae00000, 0x000000074ae00000| Untracked 
|  73|0x000000074b000000, 0x000000074b000000, 0x000000074b200000|  0%| F|  |TAMS 0x000000074b000000, 0x000000074b000000| Untracked 
|  74|0x000000074b200000, 0x000000074b200000, 0x000000074b400000|  0%| F|  |TAMS 0x000000074b200000, 0x000000074b200000| Untracked 
|  75|0x000000074b400000, 0x000000074b400000, 0x000000074b600000|  0%| F|  |TAMS 0x000000074b400000, 0x000000074b400000| Untracked 
|  76|0x000000074b600000, 0x000000074b600000, 0x000000074b800000|  0%| F|  |TAMS 0x000000074b600000, 0x000000074b600000| Untracked 
|  77|0x000000074b800000, 0x000000074b800000, 0x000000074ba00000|  0%| F|  |TAMS 0x000000074b800000, 0x000000074b800000| Untracked 
|  78|0x000000074ba00000, 0x000000074ba00000, 0x000000074bc00000|  0%| F|  |TAMS 0x000000074ba00000, 0x000000074ba00000| Untracked 
|  79|0x000000074bc00000, 0x000000074bc00000, 0x000000074be00000|  0%| F|  |TAMS 0x000000074bc00000, 0x000000074bc00000| Untracked 
|  80|0x000000074be00000, 0x000000074be77b80, 0x000000074c000000| 23%| S|CS|TAMS 0x000000074be00000, 0x000000074be00000| Complete 
|  81|0x000000074c000000, 0x000000074c200000, 0x000000074c200000|100%| S|CS|TAMS 0x000000074c000000, 0x000000074c000000| Complete 
|  82|0x000000074c200000, 0x000000074c200000, 0x000000074c400000|  0%| F|  |TAMS 0x000000074c200000, 0x000000074c200000| Untracked 
|  83|0x000000074c400000, 0x000000074c400000, 0x000000074c600000|  0%| F|  |TAMS 0x000000074c400000, 0x000000074c400000| Untracked 
|  84|0x000000074c600000, 0x000000074c600000, 0x000000074c800000|  0%| F|  |TAMS 0x000000074c600000, 0x000000074c600000| Untracked 
|  85|0x000000074c800000, 0x000000074c800000, 0x000000074ca00000|  0%| F|  |TAMS 0x000000074c800000, 0x000000074c800000| Untracked 
|  86|0x000000074ca00000, 0x000000074ca00000, 0x000000074cc00000|  0%| F|  |TAMS 0x000000074ca00000, 0x000000074ca00000| Untracked 
|  87|0x000000074cc00000, 0x000000074cc00000, 0x000000074ce00000|  0%| F|  |TAMS 0x000000074cc00000, 0x000000074cc00000| Untracked 
|  88|0x000000074ce00000, 0x000000074ce00000, 0x000000074d000000|  0%| F|  |TAMS 0x000000074ce00000, 0x000000074ce00000| Untracked 
|  89|0x000000074d000000, 0x000000074d000000, 0x000000074d200000|  0%| F|  |TAMS 0x000000074d000000, 0x000000074d000000| Untracked 
|  90|0x000000074d200000, 0x000000074d400000, 0x000000074d400000|100%| E|  |TAMS 0x000000074d200000, 0x000000074d200000| Complete 
|  91|0x000000074d400000, 0x000000074d600000, 0x000000074d600000|100%| E|CS|TAMS 0x000000074d400000, 0x000000074d400000| Complete 
|  92|0x000000074d600000, 0x000000074d800000, 0x000000074d800000|100%| E|CS|TAMS 0x000000074d600000, 0x000000074d600000| Complete 
|  93|0x000000074d800000, 0x000000074da00000, 0x000000074da00000|100%| E|CS|TAMS 0x000000074d800000, 0x000000074d800000| Complete 
|  94|0x000000074da00000, 0x000000074dc00000, 0x000000074dc00000|100%| E|CS|TAMS 0x000000074da00000, 0x000000074da00000| Complete 
|  95|0x000000074dc00000, 0x000000074de00000, 0x000000074de00000|100%| E|CS|TAMS 0x000000074dc00000, 0x000000074dc00000| Complete 

Card table byte_map: [0x0000016573ea0000,0x00000165744a0000] _byte_map_base: 0x0000016570491000

Marking Bits (Prev, Next): (CMBitMap*) 0x000001656bdbeb50, (CMBitMap*) 0x000001656bdbeb90
 Prev Bits: [0x0000016574aa0000, 0x0000016577a28000)
 Next Bits: [0x0000016577a30000, 0x000001657a9b8000)

Polling page: 0x0000016569c30000

Metaspace:

Usage:
  Non-class:     12.34 MB used.
      Class:      1.69 MB used.
       Both:     14.03 MB used.

Virtual space:
  Non-class space:       64.00 MB reserved,      12.44 MB ( 19%) committed,  1 nodes.
      Class space:        1.00 GB reserved,       1.81 MB ( <1%) committed,  1 nodes.
             Both:        1.06 GB reserved,      14.25 MB (  1%) committed. 

Chunk freelists:
   Non-Class:  2.67 MB
       Class:  14.17 MB
        Both:  16.84 MB

MaxMetaspaceSize: unlimited
CompressedClassSpaceSize: 1.00 GB
Initial GC threshold: 21.00 MB
Current GC threshold: 21.00 MB
CDS: on
MetaspaceReclaimPolicy: balanced
 - commit_granule_bytes: 65536.
 - commit_granule_words: 8192.
 - virtual_space_node_default_size: 8388608.
 - enlarge_chunks_in_place: 1.
 - new_chunks_are_fully_committed: 0.
 - uncommit_free_chunks: 1.
 - use_allocation_guard: 0.
 - handle_deallocations: 1.


Internal statistics:

num_allocs_failed_limit: 0.
num_arena_births: 182.
num_arena_deaths: 0.
num_vsnodes_births: 2.
num_vsnodes_deaths: 0.
num_space_committed: 228.
num_space_uncommitted: 0.
num_chunks_returned_to_freelist: 0.
num_chunks_taken_from_freelist: 604.
num_chunk_merges: 0.
num_chunk_splits: 432.
num_chunks_enlarged: 348.
num_inconsistent_stats: 0.

CodeHeap 'non-profiled nmethods': size=120000Kb used=704Kb max_used=704Kb free=119295Kb
 bounds [0x0000016507ad0000, 0x0000016507d40000, 0x000001650f000000]
CodeHeap 'profiled nmethods': size=120000Kb used=3528Kb max_used=3528Kb free=116471Kb
 bounds [0x0000016500000000, 0x0000016500380000, 0x0000016507530000]
CodeHeap 'non-nmethods': size=5760Kb used=1192Kb max_used=1225Kb free=4567Kb
 bounds [0x0000016507530000, 0x00000165077a0000, 0x0000016507ad0000]
 total_blobs=2406 nmethods=1917 adapters=401
 compilation: enabled
              stopped_count=0, restarted_count=0
 full_count=0

Compilation events (20 events):
Event: 2.201 Thread 0x000001657cea4000 nmethod 1902 0x0000016507b7d310 code [0x0000016507b7d4a0, 0x0000016507b7d578]
Event: 2.207 Thread 0x000001657cea21e0 1903       4       java.lang.CharacterData::of (136 bytes)
Event: 2.208 Thread 0x000001657cea21e0 nmethod 1903 0x0000016507b7d610 code [0x0000016507b7d780, 0x0000016507b7d818]
Event: 2.220 Thread 0x000001657cea21e0 1904   !   4       java.util.zip.Inflater::inflate (418 bytes)
Event: 2.227 Thread 0x000001657cea21e0 nmethod 1904 0x0000016507b7d910 code [0x0000016507b7dac0, 0x0000016507b7e218]
Event: 2.231 Thread 0x000001657cea21e0 1905       4       java.lang.StringLatin1::regionMatchesCI (98 bytes)
Event: 2.236 Thread 0x000001657cea4000 1906       3       java.util.EnumSet::noneOf (63 bytes)
Event: 2.237 Thread 0x000001657cea4000 nmethod 1906 0x000001650036ab90 code [0x000001650036ae60, 0x000001650036bcc8]
Event: 2.237 Thread 0x000001657cea4000 1907       3       java.util.EnumSet::getUniverse (10 bytes)
Event: 2.238 Thread 0x000001657cea4000 nmethod 1907 0x000001650036c210 code [0x000001650036c3e0, 0x000001650036c708]
Event: 2.238 Thread 0x000001657cea4000 1909       3       java.lang.Enum::getDeclaringClass (22 bytes)
Event: 2.238 Thread 0x000001657cea4000 nmethod 1909 0x000001650036c890 code [0x000001650036ca40, 0x000001650036cc28]
Event: 2.238 Thread 0x000001657cea4000 1910       3       java.nio.Buffer::limit (65 bytes)
Event: 2.238 Thread 0x000001657cea4000 nmethod 1910 0x000001650036cd10 code [0x000001650036cec0, 0x000001650036d168]
Event: 2.238 Thread 0x000001657cea4000 1911       3       jdk.internal.loader.AbstractClassLoaderValue::<init> (5 bytes)
Event: 2.238 Thread 0x000001657cea4000 nmethod 1911 0x000001650036d210 code [0x000001650036d3a0, 0x000001650036d4f8]
Event: 2.238 Thread 0x000001657cea4000 1912       3       java.lang.System$2::createOrGetClassLoaderValueMap (5 bytes)
Event: 2.238 Thread 0x000001657cea4000 nmethod 1912 0x000001650036d590 code [0x000001650036d740, 0x000001650036d908]
Event: 2.241 Thread 0x000001657cea4000 1913       1       sun.reflect.generics.repository.AbstractRepository::getFactory (5 bytes)
Event: 2.241 Thread 0x000001657cea4000 nmethod 1913 0x0000016507b7e890 code [0x0000016507b7ea20, 0x0000016507b7eaf8]

GC Heap History (6 events):
Event: 0.703 GC heap before
{Heap before GC invocations=0 (full 0):
 garbage-first heap   total 196608K, used 10240K [0x0000000741e00000, 0x0000000800000000)
  region size 2048K, 6 young (12288K), 0 survivors (0K)
 Metaspace       used 2785K, committed 3008K, reserved 1114112K
  class space    used 272K, committed 384K, reserved 1048576K
}
Event: 0.710 GC heap after
{Heap after GC invocations=1 (full 0):
 garbage-first heap   total 196608K, used 5603K [0x0000000741e00000, 0x0000000800000000)
  region size 2048K, 1 young (2048K), 1 survivors (2048K)
 Metaspace       used 2785K, committed 3008K, reserved 1114112K
  class space    used 272K, committed 384K, reserved 1048576K
}
Event: 1.121 GC heap before
{Heap before GC invocations=1 (full 0):
 garbage-first heap   total 196608K, used 13795K [0x0000000741e00000, 0x0000000800000000)
  region size 2048K, 5 young (10240K), 1 survivors (2048K)
 Metaspace       used 4971K, committed 5120K, reserved 1114112K
  class space    used 544K, committed 640K, reserved 1048576K
}
Event: 1.124 GC heap after
{Heap after GC invocations=2 (full 0):
 garbage-first heap   total 196608K, used 6628K [0x0000000741e00000, 0x0000000800000000)
  region size 2048K, 1 young (2048K), 1 survivors (2048K)
 Metaspace       used 4971K, committed 5120K, reserved 1114112K
  class space    used 544K, committed 640K, reserved 1048576K
}
Event: 2.020 GC heap before
{Heap before GC invocations=2 (full 0):
 garbage-first heap   total 196608K, used 31204K [0x0000000741e00000, 0x0000000800000000)
  region size 2048K, 14 young (28672K), 1 survivors (2048K)
 Metaspace       used 11572K, committed 11904K, reserved 1114112K
  class space    used 1379K, committed 1536K, reserved 1048576K
}
Event: 2.024 GC heap after
{Heap after GC invocations=3 (full 0):
 garbage-first heap   total 196608K, used 8291K [0x0000000741e00000, 0x0000000800000000)
  region size 2048K, 2 young (4096K), 2 survivors (4096K)
 Metaspace       used 11572K, committed 11904K, reserved 1114112K
  class space    used 1379K, committed 1536K, reserved 1048576K
}

Dll operation events (13 events):
Event: 0.019 Loaded shared library C:\Users\Donguinha\.gradle\jdks\eclipse_adoptium-17-amd64-windows.2\bin\java.dll
Event: 0.044 Loaded shared library C:\Users\Donguinha\.gradle\jdks\eclipse_adoptium-17-amd64-windows.2\bin\jsvml.dll
Event: 0.218 Loaded shared library C:\Users\Donguinha\.gradle\jdks\eclipse_adoptium-17-amd64-windows.2\bin\zip.dll
Event: 0.222 Loaded shared library C:\Users\Donguinha\.gradle\jdks\eclipse_adoptium-17-amd64-windows.2\bin\instrument.dll
Event: 0.232 Loaded shared library C:\Users\Donguinha\.gradle\jdks\eclipse_adoptium-17-amd64-windows.2\bin\net.dll
Event: 0.235 Loaded shared library C:\Users\Donguinha\.gradle\jdks\eclipse_adoptium-17-amd64-windows.2\bin\nio.dll
Event: 0.239 Loaded shared library C:\Users\Donguinha\.gradle\jdks\eclipse_adoptium-17-amd64-windows.2\bin\zip.dll
Event: 0.379 Loaded shared library C:\Program Files\JetBrains\IntelliJ IDEA Community Edition 2023.3.3\bin\breakgen64.dll
Event: 0.396 Loaded shared library C:\Users\Donguinha\.gradle\jdks\eclipse_adoptium-17-amd64-windows.2\bin\extnet.dll
Event: 0.419 Loaded shared library C:\Users\Donguinha\.gradle\jdks\eclipse_adoptium-17-amd64-windows.2\bin\verify.dll
Event: 0.432 Loaded shared library C:\Users\Donguinha\.gradle\jdks\eclipse_adoptium-17-amd64-windows.2\bin\jimage.dll
Event: 1.041 Loaded shared library C:\Users\Donguinha\.gradle\jdks\eclipse_adoptium-17-amd64-windows.2\bin\management.dll
Event: 1.045 Loaded shared library C:\Users\Donguinha\.gradle\jdks\eclipse_adoptium-17-amd64-windows.2\bin\management_ext.dll

Deoptimization events (20 events):
Event: 2.110 Thread 0x000001657e01cb60 Uncommon trap: trap_request=0xffffff45 fr.pc=0x0000016507aea208 relative=0x0000000000000468
Event: 2.110 Thread 0x000001657e01cb60 Uncommon trap: reason=unstable_if action=reinterpret pc=0x0000016507aea208 method=java.lang.StringLatin1.canEncode(I)Z @ 4 c2
Event: 2.110 Thread 0x000001657e01cb60 DEOPT PACKING pc=0x0000016507aea208 sp=0x0000001b066fdc50
Event: 2.110 Thread 0x000001657e01cb60 DEOPT UNPACKING pc=0x00000165075869a3 sp=0x0000001b066fdb78 mode 2
Event: 2.110 Thread 0x000001657e01cb60 Uncommon trap: trap_request=0xffffff45 fr.pc=0x0000016507ae97ec relative=0x000000000000044c
Event: 2.110 Thread 0x000001657e01cb60 Uncommon trap: reason=unstable_if action=reinterpret pc=0x0000016507ae97ec method=java.lang.AbstractStringBuilder.isLatin1()Z @ 10 c2
Event: 2.110 Thread 0x000001657e01cb60 DEOPT PACKING pc=0x0000016507ae97ec sp=0x0000001b066fdc70
Event: 2.110 Thread 0x000001657e01cb60 DEOPT UNPACKING pc=0x00000165075869a3 sp=0x0000001b066fdbf0 mode 2
Event: 2.110 Thread 0x000001657e01cb60 Uncommon trap: trap_request=0xffffff45 fr.pc=0x0000016507aefbdc relative=0x000000000000005c
Event: 2.110 Thread 0x000001657e01cb60 Uncommon trap: reason=unstable_if action=reinterpret pc=0x0000016507aefbdc method=java.lang.AbstractStringBuilder.isLatin1()Z @ 10 c2
Event: 2.110 Thread 0x000001657e01cb60 DEOPT PACKING pc=0x0000016507aefbdc sp=0x0000001b066fdc50
Event: 2.110 Thread 0x000001657e01cb60 DEOPT UNPACKING pc=0x00000165075869a3 sp=0x0000001b066fdbe0 mode 2
Event: 2.113 Thread 0x000001657e01cb60 Uncommon trap: trap_request=0xffffff45 fr.pc=0x0000016507b2b048 relative=0x0000000000000048
Event: 2.114 Thread 0x000001657e01cb60 Uncommon trap: reason=unstable_if action=reinterpret pc=0x0000016507b2b048 method=java.lang.CharacterData.of(I)Ljava/lang/CharacterData; @ 4 c2
Event: 2.114 Thread 0x000001657e01cb60 DEOPT PACKING pc=0x0000016507b2b048 sp=0x0000001b066fd400
Event: 2.114 Thread 0x000001657e01cb60 DEOPT UNPACKING pc=0x00000165075869a3 sp=0x0000001b066fd398 mode 2
Event: 2.136 Thread 0x000001657e1c8840 Uncommon trap: trap_request=0xffffff45 fr.pc=0x0000016507b517b4 relative=0x0000000000000314
Event: 2.136 Thread 0x000001657e1c8840 Uncommon trap: reason=unstable_if action=reinterpret pc=0x0000016507b517b4 method=jdk.internal.org.objectweb.asm.SymbolTable.put(Ljdk/internal/org/objectweb/asm/SymbolTable$Entry;)Ljdk/internal/org/objectweb/asm/SymbolTable$Entry; @ 13 c2
Event: 2.136 Thread 0x000001657e1c8840 DEOPT PACKING pc=0x0000016507b517b4 sp=0x0000001b065fc8a0
Event: 2.136 Thread 0x000001657e1c8840 DEOPT UNPACKING pc=0x00000165075869a3 sp=0x0000001b065fc820 mode 2

Classes loaded (20 events):
Event: 2.115 Loading class jdk/internal/reflect/UTF8
Event: 2.115 Loading class jdk/internal/reflect/UTF8 done
Event: 2.116 Loading class jdk/internal/reflect/Label
Event: 2.116 Loading class jdk/internal/reflect/Label done
Event: 2.116 Loading class jdk/internal/reflect/Label$PatchInfo
Event: 2.116 Loading class jdk/internal/reflect/Label$PatchInfo done
Event: 2.116 Loading class jdk/internal/reflect/MethodAccessorGenerator$1
Event: 2.116 Loading class jdk/internal/reflect/MethodAccessorGenerator$1 done
Event: 2.116 Loading class jdk/internal/reflect/ClassDefiner
Event: 2.116 Loading class jdk/internal/reflect/ClassDefiner done
Event: 2.116 Loading class jdk/internal/reflect/ClassDefiner$1
Event: 2.117 Loading class jdk/internal/reflect/ClassDefiner$1 done
Event: 2.117 Loading class jdk/internal/reflect/BootstrapConstructorAccessorImpl
Event: 2.117 Loading class jdk/internal/reflect/BootstrapConstructorAccessorImpl done
Event: 2.128 Loading class java/lang/annotation/Repeatable
Event: 2.128 Loading class java/lang/annotation/Repeatable done
Event: 2.155 Loading class java/io/CharArrayReader
Event: 2.155 Loading class java/io/CharArrayReader done
Event: 2.194 Loading class jdk/internal/reflect/UnsafeObjectFieldAccessorImpl
Event: 2.194 Loading class jdk/internal/reflect/UnsafeObjectFieldAccessorImpl done

Classes unloaded (0 events):
No events

Classes redefined (0 events):
No events

Internal exceptions (20 events):
Event: 1.532 Thread 0x000001657e1c8840 Exception <a 'java/lang/NoSuchMethodError'{0x000000074d3fb9b0}: 'java.lang.Object java.lang.invoke.DirectMethodHandle$Holder.invokeSpecial(java.lang.Object, java.lang.Object, java.lang.Object, java.lang.Object, java.lang.Object, java.lang.Object, int)'> (0x000000074d3fb9b0) 
thrown [s\src\hotspot\share\interpreter\linkResolver.cpp, line 759]
Event: 1.534 Thread 0x000001657e1c8840 Exception <a 'java/lang/NoSuchMethodError'{0x000000074d006180}: 'java.lang.Object java.lang.invoke.DirectMethodHandle$Holder.newInvokeSpecial(java.lang.Object, java.lang.Object, java.lang.Object, java.lang.Object, java.lang.Object, java.lang.Object, int)'> (0x000000074d006180) 
thrown [s\src\hotspot\share\interpreter\linkResolver.cpp, line 759]
Event: 1.534 Thread 0x000001657e1c8840 Exception <a 'java/lang/NoSuchMethodError'{0x000000074d00b1c0}: 'java.lang.Object java.lang.invoke.DirectMethodHandle$Holder.invokeSpecial(java.lang.Object, java.lang.Object, java.lang.Object, java.lang.Object, java.lang.Object, java.lang.Object, java.lang.Object, int)'> (0x000000074d00b1c0) 
thrown [s\src\hotspot\share\interpreter\linkResolver.cpp, line 759]
Event: 1.597 Thread 0x000001657e1c8840 Exception <a 'java/lang/NoSuchMethodError'{0x000000074d144440}: 'int java.lang.invoke.DirectMethodHandle$Holder.invokeInterface(java.lang.Object, java.lang.Object)'> (0x000000074d144440) 
thrown [s\src\hotspot\share\interpreter\linkResolver.cpp, line 759]
Event: 1.653 Thread 0x000001657e1c8840 Exception <a 'java/lang/NoSuchMethodError'{0x000000074ce59540}: 'java.lang.Object java.lang.invoke.DirectMethodHandle$Holder.invokeSpecial(java.lang.Object, java.lang.Object, java.lang.Object, int, java.lang.Object)'> (0x000000074ce59540) 
thrown [s\src\hotspot\share\interpreter\linkResolver.cpp, line 759]
Event: 1.655 Thread 0x000001657e1c8840 Exception <a 'java/lang/NoSuchMethodError'{0x000000074ce61ba0}: 'java.lang.Object java.lang.invoke.DirectMethodHandle$Holder.newInvokeSpecial(java.lang.Object, java.lang.Object, java.lang.Object, int, java.lang.Object)'> (0x000000074ce61ba0) 
thrown [s\src\hotspot\share\interpreter\linkResolver.cpp, line 759]
Event: 1.657 Thread 0x000001657e1c8840 Exception <a 'java/lang/NoSuchMethodError'{0x000000074ce6c600}: 'java.lang.Object java.lang.invoke.Invokers$Holder.linkToTargetMethod(java.lang.Object, java.lang.Object, int, java.lang.Object, java.lang.Object)'> (0x000000074ce6c600) 
thrown [s\src\hotspot\share\interpreter\linkResolver.cpp, line 759]
Event: 1.660 Thread 0x000001657e1c8840 Exception <a 'java/lang/NoSuchMethodError'{0x000000074ce7bd50}: 'java.lang.Object java.lang.invoke.DirectMethodHandle$Holder.newInvokeSpecial(java.lang.Object, int, java.lang.Object)'> (0x000000074ce7bd50) 
thrown [s\src\hotspot\share\interpreter\linkResolver.cpp, line 759]
Event: 1.661 Thread 0x000001657e1c8840 Exception <a 'java/lang/NoSuchMethodError'{0x000000074ce80a30}: 'int java.lang.invoke.DirectMethodHandle$Holder.invokeSpecialIFC(java.lang.Object, java.lang.Object, java.lang.Object, java.lang.Object)'> (0x000000074ce80a30) 
thrown [s\src\hotspot\share\interpreter\linkResolver.cpp, line 759]
Event: 1.694 Thread 0x000001657e1c8840 Exception <a 'java/lang/NoSuchMethodError'{0x000000074cf4b4a8}: 'void java.lang.invoke.DirectMethodHandle$Holder.invokeInterface(java.lang.Object, java.lang.Object, java.lang.Object)'> (0x000000074cf4b4a8) 
thrown [s\src\hotspot\share\interpreter\linkResolver.cpp, line 759]
Event: 1.736 Thread 0x000001657e1c8840 Exception <a 'java/lang/NoSuchMethodError'{0x000000074cffb218}: 'void java.lang.invoke.DirectMethodHandle$Holder.invokeStaticInit(java.lang.Object, java.lang.Object, java.lang.Object)'> (0x000000074cffb218) 
thrown [s\src\hotspot\share\interpreter\linkResolver.cpp, line 759]
Event: 1.744 Thread 0x000001657e1c8840 Exception <a 'java/lang/NoSuchMethodError'{0x000000074cc42578}: 'java.lang.Object java.lang.invoke.DirectMethodHandle$Holder.invokeStatic(java.lang.Object, java.lang.Object, long, java.lang.Object)'> (0x000000074cc42578) 
thrown [s\src\hotspot\share\interpreter\linkResolver.cpp, line 759]
Event: 1.744 Thread 0x000001657e1c8840 Exception <a 'java/lang/NoSuchMethodError'{0x000000074cc46010}: 'java.lang.Object java.lang.invoke.DirectMethodHandle$Holder.invokeStaticInit(java.lang.Object, java.lang.Object, long, java.lang.Object)'> (0x000000074cc46010) 
thrown [s\src\hotspot\share\interpreter\linkResolver.cpp, line 759]
Event: 1.745 Thread 0x000001657e1c8840 Exception <a 'java/lang/NoSuchMethodError'{0x000000074cc4c718}: 'java.lang.Object java.lang.invoke.DirectMethodHandle$Holder.newInvokeSpecial(java.lang.Object, java.lang.Object, long)'> (0x000000074cc4c718) 
thrown [s\src\hotspot\share\interpreter\linkResolver.cpp, line 759]
Event: 1.745 Thread 0x000001657e1c8840 Exception <a 'java/lang/NoSuchMethodError'{0x000000074cc50288}: 'java.lang.Object java.lang.invoke.Invokers$Holder.linkToTargetMethod(java.lang.Object, long, java.lang.Object)'> (0x000000074cc50288) 
thrown [s\src\hotspot\share\interpreter\linkResolver.cpp, line 759]
Event: 1.767 Thread 0x000001657e1c8840 Exception <a 'java/lang/NoSuchMethodError'{0x000000074cca1738}: 'void java.lang.invoke.DirectMethodHandle$Holder.invokeSpecial(java.lang.Object, java.lang.Object, java.lang.Object, java.lang.Object, java.lang.Object)'> (0x000000074cca1738) 
thrown [s\src\hotspot\share\interpreter\linkResolver.cpp, line 759]
Event: 1.768 Thread 0x000001657e1c8840 Exception <a 'java/lang/NoSuchMethodError'{0x000000074cca9cc8}: 'void java.lang.invoke.DirectMethodHandle$Holder.invokeVirtual(java.lang.Object, java.lang.Object, java.lang.Object, java.lang.Object)'> (0x000000074cca9cc8) 
thrown [s\src\hotspot\share\interpreter\linkResolver.cpp, line 759]
Event: 1.833 Thread 0x000001657e1c8840 Exception <a 'java/lang/NoSuchMethodError'{0x000000074ca03858}: 'void java.lang.invoke.DirectMethodHandle$Holder.invokeSpecial(java.lang.Object, java.lang.Object, java.lang.Object)'> (0x000000074ca03858) 
thrown [s\src\hotspot\share\interpreter\linkResolver.cpp, line 759]
Event: 1.843 Thread 0x000001657e1c8840 Exception <a 'java/lang/IncompatibleClassChangeError'{0x000000074ca60b78}: Found class java.lang.Object, but interface was expected> (0x000000074ca60b78) 
thrown [s\src\hotspot\share\interpreter\linkResolver.cpp, line 826]
Event: 1.845 Thread 0x000001657e01cb60 Exception <a 'java/lang/NoClassDefFoundError'{0x000000074ca43c50}: jakarta/validation/Validation> (0x000000074ca43c50) 
thrown [s\src\hotspot\share\classfile\systemDictionary.cpp, line 245]

VM Operations (20 events):
Event: 1.121 Executing VM operation: G1CollectForAllocation
Event: 1.124 Executing VM operation: G1CollectForAllocation done
Event: 1.254 Executing VM operation: HandshakeAllThreads
Event: 1.254 Executing VM operation: HandshakeAllThreads done
Event: 1.620 Executing VM operation: HandshakeAllThreads
Event: 1.620 Executing VM operation: HandshakeAllThreads done
Event: 1.685 Executing VM operation: HandshakeAllThreads
Event: 1.685 Executing VM operation: HandshakeAllThreads done
Event: 1.790 Executing VM operation: ICBufferFull
Event: 1.790 Executing VM operation: ICBufferFull done
Event: 1.829 Executing VM operation: HandshakeAllThreads
Event: 1.829 Executing VM operation: HandshakeAllThreads done
Event: 1.829 Executing VM operation: HandshakeAllThreads
Event: 1.829 Executing VM operation: HandshakeAllThreads done
Event: 2.020 Executing VM operation: G1CollectForAllocation
Event: 2.024 Executing VM operation: G1CollectForAllocation done
Event: 2.114 Executing VM operation: HandshakeAllThreads
Event: 2.114 Executing VM operation: HandshakeAllThreads done
Event: 2.239 Executing VM operation: HandshakeAllThreads
Event: 2.239 Executing VM operation: HandshakeAllThreads done

Memory protections (0 events):
No events

Nmethod flushes (0 events):
No events

Events (17 events):
Event: 0.045 Thread 0x000001656bd68f30 Thread added: 0x000001656bd68f30
Event: 0.049 Thread 0x000001656bd68f30 Thread added: 0x000001657ce88c90
Event: 0.049 Thread 0x000001656bd68f30 Thread added: 0x000001657ce8a2b0
Event: 0.064 Thread 0x000001656bd68f30 Thread added: 0x000001657ce9ba60
Event: 0.064 Thread 0x000001656bd68f30 Thread added: 0x000001657ce9d950
Event: 0.065 Thread 0x000001656bd68f30 Thread added: 0x000001657cea0320
Event: 0.065 Thread 0x000001656bd68f30 Thread added: 0x000001657cea0ce0
Event: 0.065 Thread 0x000001656bd68f30 Thread added: 0x000001657cea21e0
Event: 0.068 Thread 0x000001656bd68f30 Thread added: 0x000001657cea4000
Event: 0.079 Thread 0x000001656bd68f30 Thread added: 0x000001657d0287d0
Event: 0.183 Thread 0x000001656bd68f30 Thread added: 0x000001657d0bb6d0
Event: 0.308 Thread 0x000001657cea4000 Thread added: 0x000001657d35afe0
Event: 0.380 Thread 0x000001656bd68f30 Thread added: 0x000001657d2721d0
Event: 0.380 Thread 0x000001656bd68f30 Thread added: 0x000001657d3372d0
Event: 1.146 Thread 0x000001656bd68f30 Thread added: 0x000001657ddec8b0
Event: 1.150 Thread 0x000001657ddec8b0 Thread added: 0x000001657e1c8840
Event: 1.839 Thread 0x000001657e1c8840 Thread added: 0x000001657e01cb60


Dynamic libraries:
0x00007ff604d70000 - 0x00007ff604d7e000 	C:\Users\Donguinha\.gradle\jdks\eclipse_adoptium-17-amd64-windows.2\bin\java.exe
0x00007ff8fc6f0000 - 0x00007ff8fc8e8000 	C:\WINDOWS\SYSTEM32\ntdll.dll
0x00007ff8fb5e0000 - 0x00007ff8fb6a2000 	C:\WINDOWS\System32\KERNEL32.DLL
0x00007ff8fa370000 - 0x00007ff8fa666000 	C:\WINDOWS\System32\KERNELBASE.dll
0x00007ff8f9d90000 - 0x00007ff8f9e90000 	C:\WINDOWS\System32\ucrtbase.dll
0x00007ff8de380000 - 0x00007ff8de397000 	C:\Users\Donguinha\.gradle\jdks\eclipse_adoptium-17-amd64-windows.2\bin\jli.dll
0x00007ff8da090000 - 0x00007ff8da0ae000 	C:\Users\Donguinha\.gradle\jdks\eclipse_adoptium-17-amd64-windows.2\bin\VCRUNTIME140.dll
0x00007ff8fb3a0000 - 0x00007ff8fb53d000 	C:\WINDOWS\System32\USER32.dll
0x00007ff8e8b20000 - 0x00007ff8e8dba000 	C:\WINDOWS\WinSxS\amd64_microsoft.windows.common-controls_6595b64144ccf1df_6.0.19041.5794_none_60bcd33171f2783c\COMCTL32.dll
0x00007ff8fb540000 - 0x00007ff8fb5de000 	C:\WINDOWS\System32\msvcrt.dll
0x00007ff8fb6e0000 - 0x00007ff8fb70b000 	C:\WINDOWS\System32\GDI32.dll
0x00007ff8fa670000 - 0x00007ff8fa692000 	C:\WINDOWS\System32\win32u.dll
0x00007ff8f9e90000 - 0x00007ff8f9faa000 	C:\WINDOWS\System32\gdi32full.dll
0x00007ff8f9fb0000 - 0x00007ff8fa04d000 	C:\WINDOWS\System32\msvcp_win.dll
0x00007ff8fbc20000 - 0x00007ff8fbc4f000 	C:\WINDOWS\System32\IMM32.DLL
0x00007ff8e45c0000 - 0x00007ff8e45cc000 	C:\Users\Donguinha\.gradle\jdks\eclipse_adoptium-17-amd64-windows.2\bin\vcruntime140_1.dll
0x00007ff8d4e50000 - 0x00007ff8d4edd000 	C:\Users\Donguinha\.gradle\jdks\eclipse_adoptium-17-amd64-windows.2\bin\msvcp140.dll
0x00007ff8c3700000 - 0x00007ff8c436b000 	C:\Users\Donguinha\.gradle\jdks\eclipse_adoptium-17-amd64-windows.2\bin\server\jvm.dll
0x00007ff8fb010000 - 0x00007ff8fb0bf000 	C:\WINDOWS\System32\ADVAPI32.dll
0x00007ff8fbab0000 - 0x00007ff8fbb4f000 	C:\WINDOWS\System32\sechost.dll
0x00007ff8fb7e0000 - 0x00007ff8fb903000 	C:\WINDOWS\System32\RPCRT4.dll
0x00007ff8fa6f0000 - 0x00007ff8fa717000 	C:\WINDOWS\System32\bcrypt.dll
0x00007ff8fbbb0000 - 0x00007ff8fbc1b000 	C:\WINDOWS\System32\WS2_32.dll
0x00007ff8f9900000 - 0x00007ff8f994b000 	C:\WINDOWS\SYSTEM32\POWRPROF.dll
0x00007ff8e39c0000 - 0x00007ff8e39e7000 	C:\WINDOWS\SYSTEM32\WINMM.dll
0x00007ff8e3970000 - 0x00007ff8e397a000 	C:\WINDOWS\SYSTEM32\VERSION.dll
0x00007ff8f97f0000 - 0x00007ff8f9802000 	C:\WINDOWS\SYSTEM32\UMPDC.dll
0x00007ff8f7af0000 - 0x00007ff8f7b02000 	C:\WINDOWS\SYSTEM32\kernel.appcore.dll
0x00007ff8e2ff0000 - 0x00007ff8e2ffa000 	C:\Users\Donguinha\.gradle\jdks\eclipse_adoptium-17-amd64-windows.2\bin\jimage.dll
0x00007ff8e4db0000 - 0x00007ff8e4fb1000 	C:\WINDOWS\SYSTEM32\DBGHELP.DLL
0x00007ff8e4d70000 - 0x00007ff8e4da4000 	C:\WINDOWS\SYSTEM32\dbgcore.DLL
0x00007ff8fa2e0000 - 0x00007ff8fa362000 	C:\WINDOWS\System32\bcryptPrimitives.dll
0x00007ff8f3560000 - 0x00007ff8f356e000 	C:\Users\Donguinha\.gradle\jdks\eclipse_adoptium-17-amd64-windows.2\bin\instrument.dll
0x00007ff8d6b20000 - 0x00007ff8d6b45000 	C:\Users\Donguinha\.gradle\jdks\eclipse_adoptium-17-amd64-windows.2\bin\java.dll
0x00007ff8d45e0000 - 0x00007ff8d46b7000 	C:\Users\Donguinha\.gradle\jdks\eclipse_adoptium-17-amd64-windows.2\bin\jsvml.dll
0x00007ff8fbf40000 - 0x00007ff8fc6ae000 	C:\WINDOWS\System32\SHELL32.dll
0x00007ff8f7dd0000 - 0x00007ff8f8573000 	C:\WINDOWS\SYSTEM32\windows.storage.dll
0x00007ff8fac50000 - 0x00007ff8fafa3000 	C:\WINDOWS\System32\combase.dll
0x00007ff8f9750000 - 0x00007ff8f977b000 	C:\WINDOWS\SYSTEM32\Wldp.dll
0x00007ff8fb710000 - 0x00007ff8fb7dd000 	C:\WINDOWS\System32\OLEAUT32.dll
0x00007ff8fb910000 - 0x00007ff8fb9bd000 	C:\WINDOWS\System32\SHCORE.dll
0x00007ff8fa720000 - 0x00007ff8fa775000 	C:\WINDOWS\System32\shlwapi.dll
0x00007ff8f9cc0000 - 0x00007ff8f9ce5000 	C:\WINDOWS\SYSTEM32\profapi.dll
0x00007ff8d83b0000 - 0x00007ff8d83c8000 	C:\Users\Donguinha\.gradle\jdks\eclipse_adoptium-17-amd64-windows.2\bin\zip.dll
0x00007ff8d8ce0000 - 0x00007ff8d8cf9000 	C:\Users\Donguinha\.gradle\jdks\eclipse_adoptium-17-amd64-windows.2\bin\net.dll
0x00007ff8f24f0000 - 0x00007ff8f25fa000 	C:\WINDOWS\SYSTEM32\WINHTTP.dll
0x00007ff8f9400000 - 0x00007ff8f946c000 	C:\WINDOWS\system32\mswsock.dll
0x00007ff8d85d0000 - 0x00007ff8d85e6000 	C:\Users\Donguinha\.gradle\jdks\eclipse_adoptium-17-amd64-windows.2\bin\nio.dll
0x00007ff8f24d0000 - 0x00007ff8f24ea000 	C:\Program Files\JetBrains\IntelliJ IDEA Community Edition 2023.3.3\bin\breakgen64.dll
0x00007ff8e1f80000 - 0x00007ff8e1f89000 	C:\Users\Donguinha\.gradle\jdks\eclipse_adoptium-17-amd64-windows.2\bin\extnet.dll
0x00007ff8d82f0000 - 0x00007ff8d8300000 	C:\Users\Donguinha\.gradle\jdks\eclipse_adoptium-17-amd64-windows.2\bin\verify.dll
0x00007ff8f3050000 - 0x00007ff8f305a000 	C:\Users\Donguinha\.gradle\jdks\eclipse_adoptium-17-amd64-windows.2\bin\management.dll
0x00007ff8f2c30000 - 0x00007ff8f2c3b000 	C:\Users\Donguinha\.gradle\jdks\eclipse_adoptium-17-amd64-windows.2\bin\management_ext.dll
0x00007ff8fb9c0000 - 0x00007ff8fb9c8000 	C:\WINDOWS\System32\PSAPI.DLL

dbghelp: loaded successfully - version: 4.0.5 - missing functions: none
symbol engine: initialized successfully - sym options: 0x614 - pdb path: (cannot be retrieved)

VM Arguments:
jvm_args: -javaagent:C:\Program Files\JetBrains\IntelliJ IDEA Community Edition 2023.3.3\lib\idea_rt.jar=49607:C:\Program Files\JetBrains\IntelliJ IDEA Community Edition 2023.3.3\bin -Dfile.encoding=UTF-8 
java_command: com.backend.api.BackendApiApplication
java_class_path (initial): C:\Users\Donguinha\IdeaProjects\d2win_backend\target\classes;C:\Users\Donguinha\.m2\repository\org\springframework\boot\spring-boot-starter-web\3.2.5\spring-boot-starter-web-3.2.5.jar;C:\Users\Donguinha\.m2\repository\org\springframework\boot\spring-boot-starter\3.2.5\spring-boot-starter-3.2.5.jar;C:\Users\Donguinha\.m2\repository\org\springframework\boot\spring-boot-starter-logging\3.2.5\spring-boot-starter-logging-3.2.5.jar;C:\Users\Donguinha\.m2\repository\ch\qos\logback\logback-classic\1.4.14\logback-classic-1.4.14.jar;C:\Users\Donguinha\.m2\repository\ch\qos\logback\logback-core\1.4.14\logback-core-1.4.14.jar;C:\Users\Donguinha\.m2\repository\org\apache\logging\log4j\log4j-to-slf4j\2.21.1\log4j-to-slf4j-2.21.1.jar;C:\Users\Donguinha\.m2\repository\org\apache\logging\log4j\log4j-api\2.21.1\log4j-api-2.21.1.jar;C:\Users\Donguinha\.m2\repository\org\slf4j\jul-to-slf4j\2.0.13\jul-to-slf4j-2.0.13.jar;C:\Users\Donguinha\.m2\repository\jakarta\annotation\jakarta.annotation-api\2.1.1\jakarta.annotation-api-2.1.1.jar;C:\Users\Donguinha\.m2\repository\org\yaml\snakeyaml\2.2\snakeyaml-2.2.jar;C:\Users\Donguinha\.m2\repository\org\springframework\boot\spring-boot-starter-json\3.2.5\spring-boot-starter-json-3.2.5.jar;C:\Users\Donguinha\.m2\repository\com\fasterxml\jackson\core\jackson-databind\2.15.4\jackson-databind-2.15.4.jar;C:\Users\Donguinha\.m2\repository\com\fasterxml\jackson\core\jackson-annotations\2.15.4\jackson-annotations-2.15.4.jar;C:\Users\Donguinha\.m2\repository\com\fasterxml\jackson\core\jackson-core\2.15.4\jackson-core-2.15.4.jar;C:\Users\Donguinha\.m2\repository\com\fasterxml\jackson\datatype\jackson-datatype-jdk8\2.15.4\jackson-datatype-jdk8-2.15.4.jar;C:\Users\Donguinha\.m2\repository\com\fasterxml\jackson\datatype\jackson-datatype-jsr310\2.15.4\jackson-datatype-jsr310-2.15.4.jar;C:\Users\Donguinha\.m2\repository\com\fasterxml\jackson\module\jackson-module-parameter-names\2.15.4\jackson-module-parameter-names-2.15.4.jar;C:\U
Launcher Type: SUN_STANDARD

[Global flags]
     intx CICompilerCount                          = 3                                         {product} {ergonomic}
     uint ConcGCThreads                            = 1                                         {product} {ergonomic}
     uint G1ConcRefinementThreads                  = 4                                         {product} {ergonomic}
   size_t G1HeapRegionSize                         = 2097152                                   {product} {ergonomic}
    uintx GCDrainStackTargetSize                   = 64                                        {product} {ergonomic}
   size_t InitialHeapSize                          = 201326592                                 {product} {ergonomic}
   size_t MarkStackSize                            = 4194304                                   {product} {ergonomic}
   size_t MaxHeapSize                              = 3189768192                                {product} {ergonomic}
   size_t MaxNewSize                               = 1912602624                                {product} {ergonomic}
   size_t MinHeapDeltaBytes                        = 2097152                                   {product} {ergonomic}
   size_t MinHeapSize                              = 8388608                                   {product} {ergonomic}
    uintx NonNMethodCodeHeapSize                   = 5832780                                {pd product} {ergonomic}
    uintx NonProfiledCodeHeapSize                  = 122912730                              {pd product} {ergonomic}
    uintx ProfiledCodeHeapSize                     = 122912730                              {pd product} {ergonomic}
    uintx ReservedCodeCacheSize                    = 251658240                              {pd product} {ergonomic}
     bool SegmentedCodeCache                       = true                                      {product} {ergonomic}
   size_t SoftMaxHeapSize                          = 3189768192                             {manageable} {ergonomic}
     bool UseCompressedClassPointers               = true                           {product lp64_product} {ergonomic}
     bool UseCompressedOops                        = true                           {product lp64_product} {ergonomic}
     bool UseG1GC                                  = true                                      {product} {ergonomic}
     bool UseLargePagesIndividualAllocation        = false                                  {pd product} {ergonomic}

Logging:
Log output configuration:
 #0: stdout all=warning uptime,level,tags
 #1: stderr all=off uptime,level,tags

Environment Variables:
PATH=C:\Program Files\Common Files\Oracle\Java\javapath;C:\ProgramData\Oracle\Java\javapath;C:\WINDOWS\system32;C:\WINDOWS;C:\WINDOWS\System32\Wbem;C:\WINDOWS\System32\WindowsPowerShell\v1.0\;C:\WINDOWS\System32\OpenSSH\;C:\Program Files\SafeNet\Authentication\SAC\x64;C:\Program Files\SafeNet\Authentication\SAC\x32;C:\ProgramData\chocolatey\bin;C:\Program Files (x86)\Microsoft SQL Server\160\DTS\Binn\;C:\Program Files (x86)\Microsoft SQL Server\160\Tools\Binn\;C:\Program Files\Microsoft SQL Server\160\Tools\Binn\;C:\Program Files\Microsoft SQL Server\Client SDK\ODBC\170\Tools\Binn\;C:\Program Files\Microsoft SQL Server\160\DTS\Binn\;C:\Program Files\nodejs\;C:\Program Files\Git\cmd;C:\Users\Donguinha\AppData\Local\Microsoft\WindowsApps;;C:\Users\Donguinha\AppData\Local\Programs\Microsoft VS Code\bin;C:\Users\Donguinha\AppData\Roaming\npm
USERNAME=Donguinha
OS=Windows_NT
PROCESSOR_IDENTIFIER=Intel64 Family 6 Model 142 Stepping 9, GenuineIntel
TMP=C:\Users\DONGUI~1\AppData\Local\Temp
TEMP=C:\Users\DONGUI~1\AppData\Local\Temp



Periodic native trim disabled


---------------  S Y S T E M  ---------------

OS:
 Windows 10 , 64 bit Build 19041 (10.0.19041.5794)
OS uptime: 0 days 9:15 hours
Hyper-V role detected

CPU: total 4 (initial active 4) (2 cores per cpu, 2 threads per core) family 6 model 142 stepping 9 microcode 0xb4, cx8, cmov, fxsr, ht, mmx, 3dnowpref, sse, sse2, sse3, ssse3, sse4.1, sse4.2, popcnt, lzcnt, tsc, tscinvbit, avx, avx2, aes, erms, clmul, bmi1, bmi2, adx, fma, vzeroupper, clflush, clflushopt, hv
Processor Information for all 4 processors :
  Max Mhz: 2712, Current Mhz: 2511, Mhz Limit: 2495

Memory: 4k page, system-wide physical 12163M (794M free)
TotalPageFile size 12163M (AvailPageFile size 5M)
current process WorkingSet (physical memory assigned to process): 110M, peak: 110M
current process commit charge ("private bytes"): 303M, peak: 304M

vm_info: OpenJDK 64-Bit Server VM (17.0.13+11) for windows-amd64 JRE (17.0.13+11), built on Oct 16 2024 00:10:08 by "admin" with MS VC++ 17.7 (VS2022)

END.
