#
# There is insufficient memory for the Java Runtime Environment to continue.
# Native memory allocation (malloc) failed to allocate 1975088 bytes. Error detail: Chunk::new
# Possible reasons:
#   The system is out of physical RAM or swap space
#   This process is running with CompressedOops enabled, and the Java Heap may be blocking the growth of the native heap
# Possible solutions:
#   Reduce memory load on the system
#   Increase physical memory or swap space
#   Check if swap backing store is full
#   Decrease Java heap size (-Xmx/-Xms)
#   Decrease number of Java threads
#   Decrease Java thread stack sizes (-Xss)
#   Set larger code cache with -XX:ReservedCodeCacheSize=
#   JVM is running with Zero Based Compressed Oops mode in which the Java heap is
#     placed in the first 32GB address space. The Java Heap base address is the
#     maximum limit for the native heap growth. Please use -XX:HeapBaseMinAddress
#     to set the Java Heap base and to place the Java Heap above 32GB virtual address.
# This output file may be truncated or incomplete.
#
#  Out of Memory Error (arena.cpp:191), pid=4040, tid=13896
#
# JRE version: OpenJDK Runtime Environment Temurin-17.0.13+11 (17.0.13+11) (build 17.0.13+11)
# Java VM: OpenJDK 64-Bit Server VM Temurin-17.0.13+11 (17.0.13+11, mixed mode, sharing, tiered, compressed oops, compressed class ptrs, g1 gc, windows-amd64)
# No core dump will be written. Minidumps are not enabled by default on client versions of Windows
#

---------------  S U M M A R Y ------------

Command Line: -javaagent:C:\Program Files\JetBrains\IntelliJ IDEA Community Edition 2023.3.3\lib\idea_rt.jar=49316:C:\Program Files\JetBrains\IntelliJ IDEA Community Edition 2023.3.3\bin -Dfile.encoding=UTF-8 com.backend.api.BackendApiApplication

Host: Intel(R) Core(TM) i5-7200U CPU @ 2.50GHz, 4 cores, 11G,  Windows 10 , 64 bit Build 19041 (10.0.19041.5794)
Time: Mon Jun  2 08:44:34 2025 Hora oficial do Brasil elapsed time: 3.021921 seconds (0d 0h 0m 3s)

---------------  T H R E A D  ---------------

Current thread (0x0000028031532e60):  JavaThread "C2 CompilerThread0" daemon [_thread_in_native, id=13896, stack(0x000000f647400000,0x000000f647500000)]


Current CompileTask:
C2:   3022 2025       4       jdk.internal.org.objectweb.asm.Frame::execute (2305 bytes)

Stack: [0x000000f647400000,0x000000f647500000]
Native frames: (J=compiled Java code, j=interpreted, Vv=VM code, C=native code)
V  [jvm.dll+0x682a19]
V  [jvm.dll+0x839538]
V  [jvm.dll+0x83afe3]
V  [jvm.dll+0x83b653]
V  [jvm.dll+0x24704f]
V  [jvm.dll+0xace34]
V  [jvm.dll+0xad4cc]
V  [jvm.dll+0x36597e]
V  [jvm.dll+0x32fbd8]
V  [jvm.dll+0x32f05a]
V  [jvm.dll+0x21804f]
V  [jvm.dll+0x21748f]
V  [jvm.dll+0x1a3070]
V  [jvm.dll+0x22788c]
V  [jvm.dll+0x2259eb]
V  [jvm.dll+0x7eec98]
V  [jvm.dll+0x7e8ffc]
V  [jvm.dll+0x6818f7]
C  [ucrtbase.dll+0x21bb2]
C  [KERNEL32.DLL+0x17374]
C  [ntdll.dll+0x4cc91]


---------------  P R O C E S S  ---------------

Threads class SMR info:
_java_thread_list=0x0000028078fce3f0, length=17, elements={
0x00000280113fb8f0, 0x0000028031516dd0, 0x000002803151a310, 0x000002803152d6d0,
0x00000280315310c0, 0x0000028031531990, 0x0000028031532260, 0x0000028031532e60,
0x0000028031534780, 0x0000028031537fe0, 0x000002803174ae80, 0x000002807714ef60,
0x000002807714f440, 0x0000028077d7cd70, 0x00000280780c7a30, 0x000002803195d480,
0x0000028078de0e20
}

Java Threads: ( => current thread )
  0x00000280113fb8f0 JavaThread "main" [_thread_blocked, id=13064, stack(0x000000f646700000,0x000000f646800000)]
  0x0000028031516dd0 JavaThread "Reference Handler" daemon [_thread_blocked, id=14252, stack(0x000000f646e00000,0x000000f646f00000)]
  0x000002803151a310 JavaThread "Finalizer" daemon [_thread_blocked, id=20360, stack(0x000000f646f00000,0x000000f647000000)]
  0x000002803152d6d0 JavaThread "Signal Dispatcher" daemon [_thread_blocked, id=18168, stack(0x000000f647000000,0x000000f647100000)]
  0x00000280315310c0 JavaThread "Attach Listener" daemon [_thread_blocked, id=16968, stack(0x000000f647100000,0x000000f647200000)]
  0x0000028031531990 JavaThread "Service Thread" daemon [_thread_blocked, id=20024, stack(0x000000f647200000,0x000000f647300000)]
  0x0000028031532260 JavaThread "Monitor Deflation Thread" daemon [_thread_blocked, id=2712, stack(0x000000f647300000,0x000000f647400000)]
=>0x0000028031532e60 JavaThread "C2 CompilerThread0" daemon [_thread_in_native, id=13896, stack(0x000000f647400000,0x000000f647500000)]
  0x0000028031534780 JavaThread "C1 CompilerThread0" daemon [_thread_blocked, id=13000, stack(0x000000f647500000,0x000000f647600000)]
  0x0000028031537fe0 JavaThread "Sweeper thread" daemon [_thread_blocked, id=12540, stack(0x000000f647600000,0x000000f647700000)]
  0x000002803174ae80 JavaThread "Common-Cleaner" daemon [_thread_blocked, id=12560, stack(0x000000f647700000,0x000000f647800000)]
  0x000002807714ef60 JavaThread "Monitor Ctrl-Break" daemon [_thread_in_native, id=4560, stack(0x000000f647900000,0x000000f647a00000)]
  0x000002807714f440 JavaThread "Notification Thread" daemon [_thread_blocked, id=11368, stack(0x000000f647a00000,0x000000f647b00000)]
  0x0000028077d7cd70 JavaThread "Thread-0" [_thread_blocked, id=18492, stack(0x000000f647f00000,0x000000f648000000)]
  0x00000280780c7a30 JavaThread "restartedMain" [_thread_in_Java, id=17092, stack(0x000000f648000000,0x000000f648100000)]
  0x000002803195d480 JavaThread "C2 CompilerThread1" daemon [_thread_in_native, id=11524, stack(0x000000f648100000,0x000000f648200000)]
  0x0000028078de0e20 JavaThread "Thread-3" [_thread_in_vm, id=13624, stack(0x000000f647800000,0x000000f647900000)]

Other Threads:
  0x00000280315117c0 VMThread "VM Thread" [stack: 0x000000f646d00000,0x000000f646e00000] [id=14320]
  0x0000028031a8db00 WatcherThread [stack: 0x000000f647b00000,0x000000f647c00000] [id=17236]
  0x0000028011452570 GCTaskThread "GC Thread#0" [stack: 0x000000f646800000,0x000000f646900000] [id=17852]
  0x0000028077408c90 GCTaskThread "GC Thread#1" [stack: 0x000000f647c00000,0x000000f647d00000] [id=14572]
  0x0000028077433f90 GCTaskThread "GC Thread#2" [stack: 0x000000f647d00000,0x000000f647e00000] [id=4852]
  0x0000028077572fc0 GCTaskThread "GC Thread#3" [stack: 0x000000f647e00000,0x000000f647f00000] [id=19160]
  0x000002801145f1e0 ConcurrentGCThread "G1 Main Marker" [stack: 0x000000f646900000,0x000000f646a00000] [id=8780]
  0x000002801145fb10 ConcurrentGCThread "G1 Conc#0" [stack: 0x000000f646a00000,0x000000f646b00000] [id=13908]
  0x000002801149be20 ConcurrentGCThread "G1 Refine#0" [stack: 0x000000f646b00000,0x000000f646c00000] [id=4960]
  0x000002801149c760 ConcurrentGCThread "G1 Service" [stack: 0x000000f646c00000,0x000000f646d00000] [id=17820]

Threads with active compile tasks:
C2 CompilerThread0     3059 2025       4       jdk.internal.org.objectweb.asm.Frame::execute (2305 bytes)
C1 CompilerThread0     3059 2226       3       java.lang.invoke.DirectMethodHandle$Holder::invokeStatic (21 bytes)
C2 CompilerThread1     3059 2218 %     4       java.util.Properties$LineReader::readLine @ 53 (584 bytes)

VM state: not at safepoint (normal execution)

VM Mutex/Monitor currently owned by a thread: None

Heap address: 0x0000000741e00000, size: 3042 MB, Compressed Oops mode: Zero based, Oop shift amount: 3

CDS archive(s) mapped at: [0x0000028032000000-0x0000028032bb0000-0x0000028032bb0000), size 12255232, SharedBaseAddress: 0x0000028032000000, ArchiveRelocationMode: 1.
Compressed class space mapped at: 0x0000028033000000-0x0000028073000000, reserved size: 1073741824
Narrow klass base: 0x0000028032000000, Narrow klass shift: 0, Narrow klass range: 0x100000000

GC Precious Log:
 CPUs: 4 total, 4 available
 Memory: 12163M
 Large Page Support: Disabled
 NUMA Support: Disabled
 Compressed Oops: Enabled (Zero based)
 Heap Region Size: 2M
 Heap Min Capacity: 8M
 Heap Initial Capacity: 192M
 Heap Max Capacity: 3042M
 Pre-touch: Disabled
 Parallel Workers: 4
 Concurrent Workers: 1
 Concurrent Refinement Workers: 4
 Periodic GC: Disabled

Heap:
 garbage-first heap   total 196608K, used 37037K [0x0000000741e00000, 0x0000000800000000)
  region size 2048K, 17 young (34816K), 2 survivors (4096K)
 Metaspace       used 17238K, committed 17472K, reserved 1114112K
  class space    used 2118K, committed 2176K, reserved 1048576K

Heap Regions: E=young(eden), S=young(survivor), O=old, HS=humongous(starts), HC=humongous(continues), CS=collection set, F=free, OA=open archive, CA=closed archive, TAMS=top-at-mark-start (previous, next)
|   0|0x0000000741e00000, 0x0000000742000000, 0x0000000742000000|100%| O|  |TAMS 0x0000000741e00000, 0x0000000741e00000| Untracked 
|   1|0x0000000742000000, 0x0000000742200000, 0x0000000742200000|100%| O|  |TAMS 0x0000000742000000, 0x0000000742000000| Untracked 
|   2|0x0000000742200000, 0x00000007423be200, 0x0000000742400000| 87%| O|  |TAMS 0x0000000742200000, 0x0000000742200000| Untracked 
|   3|0x0000000742400000, 0x0000000742400000, 0x0000000742600000|  0%| F|  |TAMS 0x0000000742400000, 0x0000000742400000| Untracked 
|   4|0x0000000742600000, 0x0000000742600000, 0x0000000742800000|  0%| F|  |TAMS 0x0000000742600000, 0x0000000742600000| Untracked 
|   5|0x0000000742800000, 0x0000000742800000, 0x0000000742a00000|  0%| F|  |TAMS 0x0000000742800000, 0x0000000742800000| Untracked 
|   6|0x0000000742a00000, 0x0000000742a00000, 0x0000000742c00000|  0%| F|  |TAMS 0x0000000742a00000, 0x0000000742a00000| Untracked 
|   7|0x0000000742c00000, 0x0000000742c00000, 0x0000000742e00000|  0%| F|  |TAMS 0x0000000742c00000, 0x0000000742c00000| Untracked 
|   8|0x0000000742e00000, 0x0000000742e00000, 0x0000000743000000|  0%| F|  |TAMS 0x0000000742e00000, 0x0000000742e00000| Untracked 
|   9|0x0000000743000000, 0x0000000743000000, 0x0000000743200000|  0%| F|  |TAMS 0x0000000743000000, 0x0000000743000000| Untracked 
|  10|0x0000000743200000, 0x0000000743200000, 0x0000000743400000|  0%| F|  |TAMS 0x0000000743200000, 0x0000000743200000| Untracked 
|  11|0x0000000743400000, 0x0000000743400000, 0x0000000743600000|  0%| F|  |TAMS 0x0000000743400000, 0x0000000743400000| Untracked 
|  12|0x0000000743600000, 0x0000000743600000, 0x0000000743800000|  0%| F|  |TAMS 0x0000000743600000, 0x0000000743600000| Untracked 
|  13|0x0000000743800000, 0x0000000743800000, 0x0000000743a00000|  0%| F|  |TAMS 0x0000000743800000, 0x0000000743800000| Untracked 
|  14|0x0000000743a00000, 0x0000000743a00000, 0x0000000743c00000|  0%| F|  |TAMS 0x0000000743a00000, 0x0000000743a00000| Untracked 
|  15|0x0000000743c00000, 0x0000000743c00000, 0x0000000743e00000|  0%| F|  |TAMS 0x0000000743c00000, 0x0000000743c00000| Untracked 
|  16|0x0000000743e00000, 0x0000000743e00000, 0x0000000744000000|  0%| F|  |TAMS 0x0000000743e00000, 0x0000000743e00000| Untracked 
|  17|0x0000000744000000, 0x0000000744000000, 0x0000000744200000|  0%| F|  |TAMS 0x0000000744000000, 0x0000000744000000| Untracked 
|  18|0x0000000744200000, 0x0000000744200000, 0x0000000744400000|  0%| F|  |TAMS 0x0000000744200000, 0x0000000744200000| Untracked 
|  19|0x0000000744400000, 0x0000000744400000, 0x0000000744600000|  0%| F|  |TAMS 0x0000000744400000, 0x0000000744400000| Untracked 
|  20|0x0000000744600000, 0x0000000744600000, 0x0000000744800000|  0%| F|  |TAMS 0x0000000744600000, 0x0000000744600000| Untracked 
|  21|0x0000000744800000, 0x0000000744800000, 0x0000000744a00000|  0%| F|  |TAMS 0x0000000744800000, 0x0000000744800000| Untracked 
|  22|0x0000000744a00000, 0x0000000744a00000, 0x0000000744c00000|  0%| F|  |TAMS 0x0000000744a00000, 0x0000000744a00000| Untracked 
|  23|0x0000000744c00000, 0x0000000744c00000, 0x0000000744e00000|  0%| F|  |TAMS 0x0000000744c00000, 0x0000000744c00000| Untracked 
|  24|0x0000000744e00000, 0x0000000744e00000, 0x0000000745000000|  0%| F|  |TAMS 0x0000000744e00000, 0x0000000744e00000| Untracked 
|  25|0x0000000745000000, 0x0000000745000000, 0x0000000745200000|  0%| F|  |TAMS 0x0000000745000000, 0x0000000745000000| Untracked 
|  26|0x0000000745200000, 0x0000000745200000, 0x0000000745400000|  0%| F|  |TAMS 0x0000000745200000, 0x0000000745200000| Untracked 
|  27|0x0000000745400000, 0x0000000745400000, 0x0000000745600000|  0%| F|  |TAMS 0x0000000745400000, 0x0000000745400000| Untracked 
|  28|0x0000000745600000, 0x0000000745600000, 0x0000000745800000|  0%| F|  |TAMS 0x0000000745600000, 0x0000000745600000| Untracked 
|  29|0x0000000745800000, 0x0000000745800000, 0x0000000745a00000|  0%| F|  |TAMS 0x0000000745800000, 0x0000000745800000| Untracked 
|  30|0x0000000745a00000, 0x0000000745a00000, 0x0000000745c00000|  0%| F|  |TAMS 0x0000000745a00000, 0x0000000745a00000| Untracked 
|  31|0x0000000745c00000, 0x0000000745c00000, 0x0000000745e00000|  0%| F|  |TAMS 0x0000000745c00000, 0x0000000745c00000| Untracked 
|  32|0x0000000745e00000, 0x0000000745e00000, 0x0000000746000000|  0%| F|  |TAMS 0x0000000745e00000, 0x0000000745e00000| Untracked 
|  33|0x0000000746000000, 0x0000000746000000, 0x0000000746200000|  0%| F|  |TAMS 0x0000000746000000, 0x0000000746000000| Untracked 
|  34|0x0000000746200000, 0x0000000746200000, 0x0000000746400000|  0%| F|  |TAMS 0x0000000746200000, 0x0000000746200000| Untracked 
|  35|0x0000000746400000, 0x0000000746400000, 0x0000000746600000|  0%| F|  |TAMS 0x0000000746400000, 0x0000000746400000| Untracked 
|  36|0x0000000746600000, 0x0000000746600000, 0x0000000746800000|  0%| F|  |TAMS 0x0000000746600000, 0x0000000746600000| Untracked 
|  37|0x0000000746800000, 0x0000000746800000, 0x0000000746a00000|  0%| F|  |TAMS 0x0000000746800000, 0x0000000746800000| Untracked 
|  38|0x0000000746a00000, 0x0000000746a00000, 0x0000000746c00000|  0%| F|  |TAMS 0x0000000746a00000, 0x0000000746a00000| Untracked 
|  39|0x0000000746c00000, 0x0000000746c00000, 0x0000000746e00000|  0%| F|  |TAMS 0x0000000746c00000, 0x0000000746c00000| Untracked 
|  40|0x0000000746e00000, 0x0000000746e00000, 0x0000000747000000|  0%| F|  |TAMS 0x0000000746e00000, 0x0000000746e00000| Untracked 
|  41|0x0000000747000000, 0x0000000747000000, 0x0000000747200000|  0%| F|  |TAMS 0x0000000747000000, 0x0000000747000000| Untracked 
|  42|0x0000000747200000, 0x0000000747200000, 0x0000000747400000|  0%| F|  |TAMS 0x0000000747200000, 0x0000000747200000| Untracked 
|  43|0x0000000747400000, 0x0000000747400000, 0x0000000747600000|  0%| F|  |TAMS 0x0000000747400000, 0x0000000747400000| Untracked 
|  44|0x0000000747600000, 0x0000000747600000, 0x0000000747800000|  0%| F|  |TAMS 0x0000000747600000, 0x0000000747600000| Untracked 
|  45|0x0000000747800000, 0x0000000747800000, 0x0000000747a00000|  0%| F|  |TAMS 0x0000000747800000, 0x0000000747800000| Untracked 
|  46|0x0000000747a00000, 0x0000000747a00000, 0x0000000747c00000|  0%| F|  |TAMS 0x0000000747a00000, 0x0000000747a00000| Untracked 
|  47|0x0000000747c00000, 0x0000000747c00000, 0x0000000747e00000|  0%| F|  |TAMS 0x0000000747c00000, 0x0000000747c00000| Untracked 
|  48|0x0000000747e00000, 0x0000000747e00000, 0x0000000748000000|  0%| F|  |TAMS 0x0000000747e00000, 0x0000000747e00000| Untracked 
|  49|0x0000000748000000, 0x0000000748000000, 0x0000000748200000|  0%| F|  |TAMS 0x0000000748000000, 0x0000000748000000| Untracked 
|  50|0x0000000748200000, 0x0000000748200000, 0x0000000748400000|  0%| F|  |TAMS 0x0000000748200000, 0x0000000748200000| Untracked 
|  51|0x0000000748400000, 0x0000000748400000, 0x0000000748600000|  0%| F|  |TAMS 0x0000000748400000, 0x0000000748400000| Untracked 
|  52|0x0000000748600000, 0x0000000748600000, 0x0000000748800000|  0%| F|  |TAMS 0x0000000748600000, 0x0000000748600000| Untracked 
|  53|0x0000000748800000, 0x0000000748800000, 0x0000000748a00000|  0%| F|  |TAMS 0x0000000748800000, 0x0000000748800000| Untracked 
|  54|0x0000000748a00000, 0x0000000748a00000, 0x0000000748c00000|  0%| F|  |TAMS 0x0000000748a00000, 0x0000000748a00000| Untracked 
|  55|0x0000000748c00000, 0x0000000748c00000, 0x0000000748e00000|  0%| F|  |TAMS 0x0000000748c00000, 0x0000000748c00000| Untracked 
|  56|0x0000000748e00000, 0x0000000748e00000, 0x0000000749000000|  0%| F|  |TAMS 0x0000000748e00000, 0x0000000748e00000| Untracked 
|  57|0x0000000749000000, 0x0000000749000000, 0x0000000749200000|  0%| F|  |TAMS 0x0000000749000000, 0x0000000749000000| Untracked 
|  58|0x0000000749200000, 0x0000000749200000, 0x0000000749400000|  0%| F|  |TAMS 0x0000000749200000, 0x0000000749200000| Untracked 
|  59|0x0000000749400000, 0x0000000749400000, 0x0000000749600000|  0%| F|  |TAMS 0x0000000749400000, 0x0000000749400000| Untracked 
|  60|0x0000000749600000, 0x0000000749600000, 0x0000000749800000|  0%| F|  |TAMS 0x0000000749600000, 0x0000000749600000| Untracked 
|  61|0x0000000749800000, 0x0000000749800000, 0x0000000749a00000|  0%| F|  |TAMS 0x0000000749800000, 0x0000000749800000| Untracked 
|  62|0x0000000749a00000, 0x0000000749a00000, 0x0000000749c00000|  0%| F|  |TAMS 0x0000000749a00000, 0x0000000749a00000| Untracked 
|  63|0x0000000749c00000, 0x0000000749c00000, 0x0000000749e00000|  0%| F|  |TAMS 0x0000000749c00000, 0x0000000749c00000| Untracked 
|  64|0x0000000749e00000, 0x0000000749e00000, 0x000000074a000000|  0%| F|  |TAMS 0x0000000749e00000, 0x0000000749e00000| Untracked 
|  65|0x000000074a000000, 0x000000074a000000, 0x000000074a200000|  0%| F|  |TAMS 0x000000074a000000, 0x000000074a000000| Untracked 
|  66|0x000000074a200000, 0x000000074a200000, 0x000000074a400000|  0%| F|  |TAMS 0x000000074a200000, 0x000000074a200000| Untracked 
|  67|0x000000074a400000, 0x000000074a400000, 0x000000074a600000|  0%| F|  |TAMS 0x000000074a400000, 0x000000074a400000| Untracked 
|  68|0x000000074a600000, 0x000000074a600000, 0x000000074a800000|  0%| F|  |TAMS 0x000000074a600000, 0x000000074a600000| Untracked 
|  69|0x000000074a800000, 0x000000074a800000, 0x000000074aa00000|  0%| F|  |TAMS 0x000000074a800000, 0x000000074a800000| Untracked 
|  70|0x000000074aa00000, 0x000000074aa00000, 0x000000074ac00000|  0%| F|  |TAMS 0x000000074aa00000, 0x000000074aa00000| Untracked 
|  71|0x000000074ac00000, 0x000000074ac00000, 0x000000074ae00000|  0%| F|  |TAMS 0x000000074ac00000, 0x000000074ac00000| Untracked 
|  72|0x000000074ae00000, 0x000000074ae00000, 0x000000074b000000|  0%| F|  |TAMS 0x000000074ae00000, 0x000000074ae00000| Untracked 
|  73|0x000000074b000000, 0x000000074b000000, 0x000000074b200000|  0%| F|  |TAMS 0x000000074b000000, 0x000000074b000000| Untracked 
|  74|0x000000074b200000, 0x000000074b200000, 0x000000074b400000|  0%| F|  |TAMS 0x000000074b200000, 0x000000074b200000| Untracked 
|  75|0x000000074b400000, 0x000000074b400000, 0x000000074b600000|  0%| F|  |TAMS 0x000000074b400000, 0x000000074b400000| Untracked 
|  76|0x000000074b600000, 0x000000074b600000, 0x000000074b800000|  0%| F|  |TAMS 0x000000074b600000, 0x000000074b600000| Untracked 
|  77|0x000000074b800000, 0x000000074b800000, 0x000000074ba00000|  0%| F|  |TAMS 0x000000074b800000, 0x000000074b800000| Untracked 
|  78|0x000000074ba00000, 0x000000074ba00000, 0x000000074bc00000|  0%| F|  |TAMS 0x000000074ba00000, 0x000000074ba00000| Untracked 
|  79|0x000000074bc00000, 0x000000074bd00000, 0x000000074be00000| 50%| E|  |TAMS 0x000000074bc00000, 0x000000074bc00000| Complete 
|  80|0x000000074be00000, 0x000000074c000000, 0x000000074c000000|100%| E|CS|TAMS 0x000000074be00000, 0x000000074be00000| Complete 
|  81|0x000000074c000000, 0x000000074c06d470, 0x000000074c200000| 21%| S|CS|TAMS 0x000000074c000000, 0x000000074c000000| Complete 
|  82|0x000000074c200000, 0x000000074c400000, 0x000000074c400000|100%| S|CS|TAMS 0x000000074c200000, 0x000000074c200000| Complete 
|  83|0x000000074c400000, 0x000000074c600000, 0x000000074c600000|100%| E|CS|TAMS 0x000000074c400000, 0x000000074c400000| Complete 
|  84|0x000000074c600000, 0x000000074c800000, 0x000000074c800000|100%| E|CS|TAMS 0x000000074c600000, 0x000000074c600000| Complete 
|  85|0x000000074c800000, 0x000000074ca00000, 0x000000074ca00000|100%| E|CS|TAMS 0x000000074c800000, 0x000000074c800000| Complete 
|  86|0x000000074ca00000, 0x000000074cc00000, 0x000000074cc00000|100%| E|CS|TAMS 0x000000074ca00000, 0x000000074ca00000| Complete 
|  87|0x000000074cc00000, 0x000000074ce00000, 0x000000074ce00000|100%| E|CS|TAMS 0x000000074cc00000, 0x000000074cc00000| Complete 
|  88|0x000000074ce00000, 0x000000074d000000, 0x000000074d000000|100%| E|CS|TAMS 0x000000074ce00000, 0x000000074ce00000| Complete 
|  89|0x000000074d000000, 0x000000074d200000, 0x000000074d200000|100%| E|CS|TAMS 0x000000074d000000, 0x000000074d000000| Complete 
|  90|0x000000074d200000, 0x000000074d400000, 0x000000074d400000|100%| E|CS|TAMS 0x000000074d200000, 0x000000074d200000| Complete 
|  91|0x000000074d400000, 0x000000074d600000, 0x000000074d600000|100%| E|CS|TAMS 0x000000074d400000, 0x000000074d400000| Complete 
|  92|0x000000074d600000, 0x000000074d800000, 0x000000074d800000|100%| E|CS|TAMS 0x000000074d600000, 0x000000074d600000| Complete 
|  93|0x000000074d800000, 0x000000074da00000, 0x000000074da00000|100%| E|CS|TAMS 0x000000074d800000, 0x000000074d800000| Complete 
|  94|0x000000074da00000, 0x000000074dc00000, 0x000000074dc00000|100%| E|CS|TAMS 0x000000074da00000, 0x000000074da00000| Complete 
|  95|0x000000074dc00000, 0x000000074de00000, 0x000000074de00000|100%| E|CS|TAMS 0x000000074dc00000, 0x000000074dc00000| Complete 

Card table byte_map: [0x0000028028530000,0x0000028028b30000] _byte_map_base: 0x0000028024b21000

Marking Bits (Prev, Next): (CMBitMap*) 0x0000028011452aa0, (CMBitMap*) 0x0000028011452ae0
 Prev Bits: [0x0000028029130000, 0x000002802c0b8000)
 Next Bits: [0x000002802c0c0000, 0x000002802f048000)

Polling page: 0x0000028010bb0000

Metaspace:

Usage:
  Non-class:     14.77 MB used.
      Class:      2.07 MB used.
       Both:     16.84 MB used.

Virtual space:
  Non-class space:       64.00 MB reserved,      14.94 MB ( 23%) committed,  1 nodes.
      Class space:        1.00 GB reserved,       2.12 MB ( <1%) committed,  1 nodes.
             Both:        1.06 GB reserved,      17.06 MB (  2%) committed. 

Chunk freelists:
   Non-Class:  928.00 KB
       Class:  13.88 MB
        Both:  14.78 MB

MaxMetaspaceSize: unlimited
CompressedClassSpaceSize: 1.00 GB
Initial GC threshold: 21.00 MB
Current GC threshold: 21.00 MB
CDS: on
MetaspaceReclaimPolicy: balanced
 - commit_granule_bytes: 65536.
 - commit_granule_words: 8192.
 - virtual_space_node_default_size: 8388608.
 - enlarge_chunks_in_place: 1.
 - new_chunks_are_fully_committed: 0.
 - uncommit_free_chunks: 1.
 - use_allocation_guard: 0.
 - handle_deallocations: 1.


Internal statistics:

num_allocs_failed_limit: 0.
num_arena_births: 204.
num_arena_deaths: 0.
num_vsnodes_births: 2.
num_vsnodes_deaths: 0.
num_space_committed: 273.
num_space_uncommitted: 0.
num_chunks_returned_to_freelist: 0.
num_chunks_taken_from_freelist: 740.
num_chunk_merges: 0.
num_chunk_splits: 513.
num_chunks_enlarged: 412.
num_inconsistent_stats: 0.

CodeHeap 'non-profiled nmethods': size=120000Kb used=890Kb max_used=890Kb free=119109Kb
 bounds [0x0000028020a00000, 0x0000028020c70000, 0x0000028027f30000]
CodeHeap 'profiled nmethods': size=120000Kb used=4432Kb max_used=4432Kb free=115567Kb
 bounds [0x0000028018f30000, 0x0000028019390000, 0x0000028020460000]
CodeHeap 'non-nmethods': size=5760Kb used=1207Kb max_used=1232Kb free=4552Kb
 bounds [0x0000028020460000, 0x00000280206d0000, 0x0000028020a00000]
 total_blobs=2715 nmethods=2217 adapters=409
 compilation: enabled
              stopped_count=0, restarted_count=0
 full_count=0

Compilation events (20 events):
Event: 2.983 Thread 0x0000028031534780 2208       3       jdk.internal.org.objectweb.asm.FieldVisitor::<init> (88 bytes)
Event: 2.983 Thread 0x0000028031534780 nmethod 2208 0x0000028019379310 code [0x0000028019379560, 0x0000028019379e28]
Event: 2.984 Thread 0x0000028031534780 2209       3       jdk.internal.org.objectweb.asm.MethodVisitor::visitFieldInsn (20 bytes)
Event: 2.984 Thread 0x0000028031534780 nmethod 2209 0x000002801937a110 code [0x000002801937a2c0, 0x000002801937a4c8]
Event: 2.988 Thread 0x0000028031534780 2210       3       java.lang.invoke.MemberName::equals (69 bytes)
Event: 2.989 Thread 0x0000028031534780 nmethod 2210 0x000002801937a590 code [0x000002801937a820, 0x000002801937b4f8]
Event: 2.991 Thread 0x0000028031534780 2212       3       org.springframework.boot.context.properties.source.SpringIterableConfigurationPropertySource::getConfigurationProperty (94 bytes)
Event: 2.993 Thread 0x0000028031534780 nmethod 2212 0x000002801937b890 code [0x000002801937bc00, 0x000002801937d468]
Event: 2.993 Thread 0x0000028031534780 2214       3       org.springframework.boot.context.properties.source.SpringIterableConfigurationPropertySource$Mappings::getMapped (17 bytes)
Event: 2.994 Thread 0x0000028031534780 nmethod 2214 0x000002801937db90 code [0x000002801937dd40, 0x000002801937e088]
Event: 2.995 Thread 0x0000028031534780 2215       3       org.springframework.boot.context.annotation.ImportCandidates::stripComment (21 bytes)
Event: 2.995 Thread 0x0000028031534780 nmethod 2215 0x000002801937e190 code [0x000002801937e340, 0x000002801937e518]
Event: 2.995 Thread 0x0000028031534780 2216       3       java.util.ArrayDeque::peek (5 bytes)
Event: 2.995 Thread 0x0000028031534780 nmethod 2216 0x000002801937e610 code [0x000002801937e7c0, 0x000002801937ea38]
Event: 2.996 Thread 0x0000028031534780 2217       3       java.time.Instant::create (49 bytes)
Event: 2.996 Thread 0x0000028031534780 nmethod 2217 0x000002801937eb90 code [0x000002801937ed60, 0x000002801937f128]
Event: 3.003 Thread 0x000002803195d480 nmethod 2155 0x0000028020adc690 code [0x0000028020adc840, 0x0000028020add258]
Event: 3.003 Thread 0x000002803195d480 2211       4       org.springframework.boot.context.properties.source.ConfigurationPropertyName$ElementsParser::updateType (109 bytes)
Event: 3.008 Thread 0x000002803195d480 nmethod 2211 0x0000028020add690 code [0x0000028020add840, 0x0000028020addb98]
Event: 3.008 Thread 0x000002803195d480 2197       4       org.springframework.asm.ClassReader::readUtf (161 bytes)

GC Heap History (6 events):
Event: 0.714 GC heap before
{Heap before GC invocations=0 (full 0):
 garbage-first heap   total 196608K, used 10240K [0x0000000741e00000, 0x0000000800000000)
  region size 2048K, 6 young (12288K), 0 survivors (0K)
 Metaspace       used 2782K, committed 3008K, reserved 1114112K
  class space    used 272K, committed 384K, reserved 1048576K
}
Event: 0.720 GC heap after
{Heap after GC invocations=1 (full 0):
 garbage-first heap   total 196608K, used 5881K [0x0000000741e00000, 0x0000000800000000)
  region size 2048K, 1 young (2048K), 1 survivors (2048K)
 Metaspace       used 2782K, committed 3008K, reserved 1114112K
  class space    used 272K, committed 384K, reserved 1048576K
}
Event: 1.093 GC heap before
{Heap before GC invocations=1 (full 0):
 garbage-first heap   total 196608K, used 12025K [0x0000000741e00000, 0x0000000800000000)
  region size 2048K, 5 young (10240K), 1 survivors (2048K)
 Metaspace       used 4963K, committed 5120K, reserved 1114112K
  class space    used 544K, committed 640K, reserved 1048576K
}
Event: 1.096 GC heap after
{Heap after GC invocations=2 (full 0):
 garbage-first heap   total 196608K, used 7014K [0x0000000741e00000, 0x0000000800000000)
  region size 2048K, 1 young (2048K), 1 survivors (2048K)
 Metaspace       used 4963K, committed 5120K, reserved 1114112K
  class space    used 544K, committed 640K, reserved 1048576K
}
Event: 2.112 GC heap before
{Heap before GC invocations=2 (full 0):
 garbage-first heap   total 196608K, used 29542K [0x0000000741e00000, 0x0000000800000000)
  region size 2048K, 13 young (26624K), 1 survivors (2048K)
 Metaspace       used 10914K, committed 11136K, reserved 1114112K
  class space    used 1304K, committed 1408K, reserved 1048576K
}
Event: 2.117 GC heap after
{Heap after GC invocations=3 (full 0):
 garbage-first heap   total 196608K, used 8365K [0x0000000741e00000, 0x0000000800000000)
  region size 2048K, 2 young (4096K), 2 survivors (4096K)
 Metaspace       used 10914K, committed 11136K, reserved 1114112K
  class space    used 1304K, committed 1408K, reserved 1048576K
}

Dll operation events (14 events):
Event: 0.017 Loaded shared library C:\Users\Donguinha\.gradle\jdks\eclipse_adoptium-17-amd64-windows.2\bin\java.dll
Event: 0.065 Loaded shared library C:\Users\Donguinha\.gradle\jdks\eclipse_adoptium-17-amd64-windows.2\bin\jsvml.dll
Event: 0.236 Loaded shared library C:\Users\Donguinha\.gradle\jdks\eclipse_adoptium-17-amd64-windows.2\bin\zip.dll
Event: 0.240 Loaded shared library C:\Users\Donguinha\.gradle\jdks\eclipse_adoptium-17-amd64-windows.2\bin\instrument.dll
Event: 0.249 Loaded shared library C:\Users\Donguinha\.gradle\jdks\eclipse_adoptium-17-amd64-windows.2\bin\net.dll
Event: 0.252 Loaded shared library C:\Users\Donguinha\.gradle\jdks\eclipse_adoptium-17-amd64-windows.2\bin\nio.dll
Event: 0.256 Loaded shared library C:\Users\Donguinha\.gradle\jdks\eclipse_adoptium-17-amd64-windows.2\bin\zip.dll
Event: 0.370 Loaded shared library C:\Program Files\JetBrains\IntelliJ IDEA Community Edition 2023.3.3\bin\breakgen64.dll
Event: 0.386 Loaded shared library C:\Users\Donguinha\.gradle\jdks\eclipse_adoptium-17-amd64-windows.2\bin\extnet.dll
Event: 0.408 Loaded shared library C:\Users\Donguinha\.gradle\jdks\eclipse_adoptium-17-amd64-windows.2\bin\verify.dll
Event: 0.424 Loaded shared library C:\Users\Donguinha\.gradle\jdks\eclipse_adoptium-17-amd64-windows.2\bin\jimage.dll
Event: 1.018 Loaded shared library C:\Users\Donguinha\.gradle\jdks\eclipse_adoptium-17-amd64-windows.2\bin\management.dll
Event: 1.022 Loaded shared library C:\Users\Donguinha\.gradle\jdks\eclipse_adoptium-17-amd64-windows.2\bin\management_ext.dll
Event: 2.903 Loaded shared library C:\Users\Donguinha\.gradle\jdks\eclipse_adoptium-17-amd64-windows.2\bin\sunmscapi.dll

Deoptimization events (20 events):
Event: 2.884 Thread 0x00000280778139d0 Uncommon trap: trap_request=0xffffff45 fr.pc=0x0000028020a82ccc relative=0x000000000000024c
Event: 2.884 Thread 0x00000280778139d0 Uncommon trap: reason=unstable_if action=reinterpret pc=0x0000028020a82ccc method=java.util.HashMap.putVal(ILjava/lang/Object;Ljava/lang/Object;ZZ)Ljava/lang/Object; @ 162 c2
Event: 2.884 Thread 0x00000280778139d0 DEOPT PACKING pc=0x0000028020a82ccc sp=0x000000f6478fd590
Event: 2.884 Thread 0x00000280778139d0 DEOPT UNPACKING pc=0x00000280204b69a3 sp=0x000000f6478fd4b8 mode 2
Event: 2.885 Thread 0x00000280778139d0 Uncommon trap: trap_request=0xffffffc6 fr.pc=0x0000028020a7c270 relative=0x0000000000000510
Event: 2.885 Thread 0x00000280778139d0 Uncommon trap: reason=bimorphic_or_optimized_type_check action=maybe_recompile pc=0x0000028020a7c270 method=java.util.HashMap.getNode(Ljava/lang/Object;)Ljava/util/HashMap$Node; @ 128 c2
Event: 2.885 Thread 0x00000280778139d0 DEOPT PACKING pc=0x0000028020a7c270 sp=0x000000f6478fd5d0
Event: 2.885 Thread 0x00000280778139d0 DEOPT UNPACKING pc=0x00000280204b69a3 sp=0x000000f6478fd4e8 mode 2
Event: 2.885 Thread 0x00000280778139d0 Uncommon trap: trap_request=0xffffffc6 fr.pc=0x0000028020a7c270 relative=0x0000000000000510
Event: 2.885 Thread 0x00000280778139d0 Uncommon trap: reason=bimorphic_or_optimized_type_check action=maybe_recompile pc=0x0000028020a7c270 method=java.util.HashMap.getNode(Ljava/lang/Object;)Ljava/util/HashMap$Node; @ 128 c2
Event: 2.885 Thread 0x00000280778139d0 DEOPT PACKING pc=0x0000028020a7c270 sp=0x000000f6478fd5d0
Event: 2.885 Thread 0x00000280778139d0 DEOPT UNPACKING pc=0x00000280204b69a3 sp=0x000000f6478fd4e8 mode 2
Event: 2.916 Thread 0x00000280778139d0 Uncommon trap: trap_request=0xffffffde fr.pc=0x0000028020aa03b8 relative=0x00000000000007d8
Event: 2.916 Thread 0x00000280778139d0 Uncommon trap: reason=class_check action=maybe_recompile pc=0x0000028020aa03b8 method=java.util.HashMap.putVal(ILjava/lang/Object;Ljava/lang/Object;ZZ)Ljava/lang/Object; @ 203 c2
Event: 2.916 Thread 0x00000280778139d0 DEOPT PACKING pc=0x0000028020aa03b8 sp=0x000000f6478fc880
Event: 2.916 Thread 0x00000280778139d0 DEOPT UNPACKING pc=0x00000280204b69a3 sp=0x000000f6478fc810 mode 2
Event: 2.917 Thread 0x00000280778139d0 Uncommon trap: trap_request=0xffffffde fr.pc=0x0000028020aa03b8 relative=0x00000000000007d8
Event: 2.917 Thread 0x00000280778139d0 Uncommon trap: reason=class_check action=maybe_recompile pc=0x0000028020aa03b8 method=java.util.HashMap.putVal(ILjava/lang/Object;Ljava/lang/Object;ZZ)Ljava/lang/Object; @ 203 c2
Event: 2.917 Thread 0x00000280778139d0 DEOPT PACKING pc=0x0000028020aa03b8 sp=0x000000f6478fc880
Event: 2.917 Thread 0x00000280778139d0 DEOPT UNPACKING pc=0x00000280204b69a3 sp=0x000000f6478fc810 mode 2

Classes loaded (20 events):
Event: 2.913 Loading class sun/security/util/ByteArrayTagOrder
Event: 2.913 Loading class sun/security/util/ByteArrayTagOrder done
Event: 2.913 Loading class sun/security/util/ObjectIdentifier
Event: 2.914 Loading class sun/security/util/ObjectIdentifier done
Event: 2.919 Loading class java/security/spec/ECFieldF2m
Event: 2.919 Loading class java/security/spec/ECFieldF2m done
Event: 2.926 Loading class sun/security/ssl/SunJSSE
Event: 2.927 Loading class sun/security/ssl/SunJSSE done
Event: 2.927 Loading class com/sun/crypto/provider/SunJCE
Event: 2.928 Loading class com/sun/crypto/provider/SunJCE done
Event: 2.943 Loading class sun/security/provider/certpath/ldap/JdkLDAP
Event: 2.944 Loading class sun/security/provider/certpath/ldap/JdkLDAP done
Event: 2.944 Loading class sun/security/provider/certpath/ldap/JdkLDAP$ProviderService
Event: 2.944 Loading class sun/security/provider/certpath/ldap/JdkLDAP$ProviderService done
Event: 2.945 Loading class com/sun/security/sasl/Provider
Event: 2.945 Loading class com/sun/security/sasl/Provider done
Event: 2.945 Loading class com/sun/security/sasl/Provider$1
Event: 2.945 Loading class com/sun/security/sasl/Provider$1 done
Event: 2.945 Loading class com/sun/security/sasl/Provider$ProviderService
Event: 2.945 Loading class com/sun/security/sasl/Provider$ProviderService done

Classes unloaded (0 events):
No events

Classes redefined (0 events):
No events

Internal exceptions (20 events):
Event: 1.824 Thread 0x00000280780c7a30 Exception <a 'java/lang/NoSuchMethodError'{0x000000074cc469e8}: 'void java.lang.invoke.DirectMethodHandle$Holder.invokeStaticInit(java.lang.Object, java.lang.Object, java.lang.Object)'> (0x000000074cc469e8) 
thrown [s\src\hotspot\share\interpreter\linkResolver.cpp, line 759]
Event: 1.837 Thread 0x00000280780c7a30 Exception <a 'java/lang/NoSuchMethodError'{0x000000074cc8d850}: 'java.lang.Object java.lang.invoke.DirectMethodHandle$Holder.invokeStatic(java.lang.Object, java.lang.Object, long, java.lang.Object)'> (0x000000074cc8d850) 
thrown [s\src\hotspot\share\interpreter\linkResolver.cpp, line 759]
Event: 1.838 Thread 0x00000280780c7a30 Exception <a 'java/lang/NoSuchMethodError'{0x000000074cc912e8}: 'java.lang.Object java.lang.invoke.DirectMethodHandle$Holder.invokeStaticInit(java.lang.Object, java.lang.Object, long, java.lang.Object)'> (0x000000074cc912e8) 
thrown [s\src\hotspot\share\interpreter\linkResolver.cpp, line 759]
Event: 1.840 Thread 0x00000280780c7a30 Exception <a 'java/lang/NoSuchMethodError'{0x000000074cc979f0}: 'java.lang.Object java.lang.invoke.DirectMethodHandle$Holder.newInvokeSpecial(java.lang.Object, java.lang.Object, long)'> (0x000000074cc979f0) 
thrown [s\src\hotspot\share\interpreter\linkResolver.cpp, line 759]
Event: 1.841 Thread 0x00000280780c7a30 Exception <a 'java/lang/NoSuchMethodError'{0x000000074cc9b560}: 'java.lang.Object java.lang.invoke.Invokers$Holder.linkToTargetMethod(java.lang.Object, long, java.lang.Object)'> (0x000000074cc9b560) 
thrown [s\src\hotspot\share\interpreter\linkResolver.cpp, line 759]
Event: 1.874 Thread 0x00000280780c7a30 Exception <a 'java/lang/NoSuchMethodError'{0x000000074ccec5c0}: 'void java.lang.invoke.DirectMethodHandle$Holder.invokeSpecial(java.lang.Object, java.lang.Object, java.lang.Object, java.lang.Object, java.lang.Object)'> (0x000000074ccec5c0) 
thrown [s\src\hotspot\share\interpreter\linkResolver.cpp, line 759]
Event: 1.875 Thread 0x00000280780c7a30 Exception <a 'java/lang/NoSuchMethodError'{0x000000074ccf4b50}: 'void java.lang.invoke.DirectMethodHandle$Holder.invokeVirtual(java.lang.Object, java.lang.Object, java.lang.Object, java.lang.Object)'> (0x000000074ccf4b50) 
thrown [s\src\hotspot\share\interpreter\linkResolver.cpp, line 759]
Event: 1.964 Thread 0x00000280780c7a30 Exception <a 'java/lang/NoSuchMethodError'{0x000000074ca4f2c0}: 'void java.lang.invoke.DirectMethodHandle$Holder.invokeSpecial(java.lang.Object, java.lang.Object, java.lang.Object)'> (0x000000074ca4f2c0) 
thrown [s\src\hotspot\share\interpreter\linkResolver.cpp, line 759]
Event: 1.978 Thread 0x00000280780c7a30 Exception <a 'java/lang/IncompatibleClassChangeError'{0x000000074ca80b20}: Found class java.lang.Object, but interface was expected> (0x000000074ca80b20) 
thrown [s\src\hotspot\share\interpreter\linkResolver.cpp, line 826]
Event: 1.990 Thread 0x00000280778139d0 Exception <a 'java/lang/NoClassDefFoundError'{0x000000074cabddc8}: jakarta/validation/Validation> (0x000000074cabddc8) 
thrown [s\src\hotspot\share\classfile\systemDictionary.cpp, line 245]
Event: 2.512 Thread 0x00000280780c7a30 Exception <a 'java/lang/NoSuchMethodError'{0x000000074cfc4610}: 'java.lang.Object java.lang.invoke.DirectMethodHandle$Holder.invokeVirtual(java.lang.Object, java.lang.Object, java.lang.Object)'> (0x000000074cfc4610) 
thrown [s\src\hotspot\share\interpreter\linkResolver.cpp, line 759]
Event: 2.537 Thread 0x00000280780c7a30 Exception <a 'sun/nio/fs/WindowsException'{0x000000074cfdef58}> (0x000000074cfdef58) 
thrown [s\src\hotspot\share\prims\jni.cpp, line 516]
Event: 2.538 Thread 0x00000280780c7a30 Exception <a 'java/lang/NoSuchMethodError'{0x000000074cfe0818}: 'int java.lang.invoke.DirectMethodHandle$Holder.invokeSpecial(java.lang.Object, java.lang.Object, java.lang.Object, java.lang.Object, java.lang.Object)'> (0x000000074cfe0818) 
thrown [s\src\hotspot\share\interpreter\linkResolver.cpp, line 759]
Event: 2.541 Thread 0x00000280780c7a30 Exception <a 'java/lang/NoSuchMethodError'{0x000000074cfe9540}: 'void java.lang.invoke.DirectMethodHandle$Holder.invokeVirtual(java.lang.Object, java.lang.Object)'> (0x000000074cfe9540) 
thrown [s\src\hotspot\share\interpreter\linkResolver.cpp, line 759]
Event: 2.647 Thread 0x00000280778139d0 Exception <a 'java/lang/NoSuchMethodError'{0x000000074cb7aa90}: 'long java.lang.invoke.DirectMethodHandle$Holder.invokeSpecial(java.lang.Object, java.lang.Object)'> (0x000000074cb7aa90) 
thrown [s\src\hotspot\share\interpreter\linkResolver.cpp, line 759]
Event: 2.658 Thread 0x00000280778139d0 Exception <a 'java/lang/NoSuchMethodError'{0x000000074cb858b0}: 'long java.lang.invoke.DirectMethodHandle$Holder.invokeStatic(java.lang.Object, java.lang.Object)'> (0x000000074cb858b0) 
thrown [s\src\hotspot\share\interpreter\linkResolver.cpp, line 759]
Event: 2.659 Thread 0x00000280778139d0 Exception <a 'java/lang/NoSuchMethodError'{0x000000074cb88eb0}: 'long java.lang.invoke.DirectMethodHandle$Holder.invokeStaticInit(java.lang.Object, java.lang.Object)'> (0x000000074cb88eb0) 
thrown [s\src\hotspot\share\interpreter\linkResolver.cpp, line 759]
Event: 2.679 Thread 0x00000280778139d0 Exception <a 'java/lang/NoSuchMethodError'{0x000000074cb96c60}: 'long java.lang.invoke.DirectMethodHandle$Holder.invokeInterface(java.lang.Object, java.lang.Object)'> (0x000000074cb96c60) 
thrown [s\src\hotspot\share\interpreter\linkResolver.cpp, line 759]
Event: 2.683 Thread 0x00000280778139d0 Exception <a 'java/lang/IncompatibleClassChangeError'{0x000000074cb9a1f0}: Found class java.lang.Object, but interface was expected> (0x000000074cb9a1f0) 
thrown [s\src\hotspot\share\interpreter\linkResolver.cpp, line 826]
Event: 2.762 Thread 0x00000280778139d0 Exception <a 'java/lang/NoSuchMethodError'{0x000000074c914fd8}: 'java.lang.Object java.lang.invoke.DirectMethodHandle$Holder.invokeVirtual(java.lang.Object, java.lang.Object, java.lang.Object, java.lang.Object)'> (0x000000074c914fd8) 
thrown [s\src\hotspot\share\interpreter\linkResolver.cpp, line 759]

VM Operations (20 events):
Event: 1.846 Executing VM operation: ICBufferFull
Event: 1.847 Executing VM operation: ICBufferFull done
Event: 1.958 Executing VM operation: HandshakeAllThreads
Event: 1.958 Executing VM operation: HandshakeAllThreads done
Event: 1.959 Executing VM operation: HandshakeAllThreads
Event: 1.959 Executing VM operation: HandshakeAllThreads done
Event: 2.112 Executing VM operation: G1CollectForAllocation
Event: 2.117 Executing VM operation: G1CollectForAllocation done
Event: 2.302 Executing VM operation: HandshakeAllThreads
Event: 2.302 Executing VM operation: HandshakeAllThreads done
Event: 2.384 Executing VM operation: HandshakeAllThreads
Event: 2.384 Executing VM operation: HandshakeAllThreads done
Event: 2.464 Executing VM operation: HandshakeAllThreads
Event: 2.465 Executing VM operation: HandshakeAllThreads done
Event: 2.859 Executing VM operation: HandshakeAllThreads
Event: 2.859 Executing VM operation: HandshakeAllThreads done
Event: 2.913 Executing VM operation: HandshakeAllThreads
Event: 2.913 Executing VM operation: HandshakeAllThreads done
Event: 2.991 Executing VM operation: ICBufferFull
Event: 2.991 Executing VM operation: ICBufferFull done

Memory protections (0 events):
No events

Nmethod flushes (0 events):
No events

Events (20 events):
Event: 0.065 Thread 0x00000280113fb8f0 Thread added: 0x00000280113fb8f0
Event: 0.069 Thread 0x00000280113fb8f0 Thread added: 0x0000028031516dd0
Event: 0.069 Thread 0x00000280113fb8f0 Thread added: 0x000002803151a310
Event: 0.083 Thread 0x00000280113fb8f0 Thread added: 0x000002803152d6d0
Event: 0.083 Thread 0x00000280113fb8f0 Thread added: 0x00000280315310c0
Event: 0.083 Thread 0x00000280113fb8f0 Thread added: 0x0000028031531990
Event: 0.083 Thread 0x00000280113fb8f0 Thread added: 0x0000028031532260
Event: 0.084 Thread 0x00000280113fb8f0 Thread added: 0x0000028031532e60
Event: 0.084 Thread 0x00000280113fb8f0 Thread added: 0x0000028031534780
Event: 0.084 Thread 0x00000280113fb8f0 Thread added: 0x0000028031537fe0
Event: 0.206 Thread 0x00000280113fb8f0 Thread added: 0x000002803174ae80
Event: 0.307 Thread 0x0000028031534780 Thread added: 0x000002803195c9e0
Event: 0.370 Thread 0x00000280113fb8f0 Thread added: 0x000002807714ef60
Event: 0.370 Thread 0x00000280113fb8f0 Thread added: 0x000002807714f440
Event: 1.138 Thread 0x00000280113fb8f0 Thread added: 0x0000028077d7cd70
Event: 1.142 Thread 0x0000028077d7cd70 Thread added: 0x00000280780c7a30
Event: 1.694 Thread 0x000002803195c9e0 Thread exited: 0x000002803195c9e0
Event: 1.973 Thread 0x00000280780c7a30 Thread added: 0x00000280778139d0
Event: 2.495 Thread 0x0000028031534780 Thread added: 0x000002803195d480
Event: 2.948 Thread 0x00000280778139d0 Thread exited: 0x00000280778139d0


Dynamic libraries:
0x00007ff604d70000 - 0x00007ff604d7e000 	C:\Users\Donguinha\.gradle\jdks\eclipse_adoptium-17-amd64-windows.2\bin\java.exe
0x00007ff8fc6f0000 - 0x00007ff8fc8e8000 	C:\WINDOWS\SYSTEM32\ntdll.dll
0x00007ff8fb5e0000 - 0x00007ff8fb6a2000 	C:\WINDOWS\System32\KERNEL32.DLL
0x00007ff8fa370000 - 0x00007ff8fa666000 	C:\WINDOWS\System32\KERNELBASE.dll
0x00007ff8f9d90000 - 0x00007ff8f9e90000 	C:\WINDOWS\System32\ucrtbase.dll
0x00007ff8de380000 - 0x00007ff8de397000 	C:\Users\Donguinha\.gradle\jdks\eclipse_adoptium-17-amd64-windows.2\bin\jli.dll
0x00007ff8da090000 - 0x00007ff8da0ae000 	C:\Users\Donguinha\.gradle\jdks\eclipse_adoptium-17-amd64-windows.2\bin\VCRUNTIME140.dll
0x00007ff8fb3a0000 - 0x00007ff8fb53d000 	C:\WINDOWS\System32\USER32.dll
0x00007ff8fa670000 - 0x00007ff8fa692000 	C:\WINDOWS\System32\win32u.dll
0x00007ff8fb6e0000 - 0x00007ff8fb70b000 	C:\WINDOWS\System32\GDI32.dll
0x00007ff8f9e90000 - 0x00007ff8f9faa000 	C:\WINDOWS\System32\gdi32full.dll
0x00007ff8f9fb0000 - 0x00007ff8fa04d000 	C:\WINDOWS\System32\msvcp_win.dll
0x00007ff8e8b20000 - 0x00007ff8e8dba000 	C:\WINDOWS\WinSxS\amd64_microsoft.windows.common-controls_6595b64144ccf1df_6.0.19041.5794_none_60bcd33171f2783c\COMCTL32.dll
0x00007ff8fb540000 - 0x00007ff8fb5de000 	C:\WINDOWS\System32\msvcrt.dll
0x00007ff8fbc20000 - 0x00007ff8fbc4f000 	C:\WINDOWS\System32\IMM32.DLL
0x00007ff8e45c0000 - 0x00007ff8e45cc000 	C:\Users\Donguinha\.gradle\jdks\eclipse_adoptium-17-amd64-windows.2\bin\vcruntime140_1.dll
0x00007ff8d4e50000 - 0x00007ff8d4edd000 	C:\Users\Donguinha\.gradle\jdks\eclipse_adoptium-17-amd64-windows.2\bin\msvcp140.dll
0x00007ff8c3700000 - 0x00007ff8c436b000 	C:\Users\Donguinha\.gradle\jdks\eclipse_adoptium-17-amd64-windows.2\bin\server\jvm.dll
0x00007ff8fb010000 - 0x00007ff8fb0bf000 	C:\WINDOWS\System32\ADVAPI32.dll
0x00007ff8fbab0000 - 0x00007ff8fbb4f000 	C:\WINDOWS\System32\sechost.dll
0x00007ff8fb7e0000 - 0x00007ff8fb903000 	C:\WINDOWS\System32\RPCRT4.dll
0x00007ff8fa6f0000 - 0x00007ff8fa717000 	C:\WINDOWS\System32\bcrypt.dll
0x00007ff8fbbb0000 - 0x00007ff8fbc1b000 	C:\WINDOWS\System32\WS2_32.dll
0x00007ff8f9900000 - 0x00007ff8f994b000 	C:\WINDOWS\SYSTEM32\POWRPROF.dll
0x00007ff8e39c0000 - 0x00007ff8e39e7000 	C:\WINDOWS\SYSTEM32\WINMM.dll
0x00007ff8e3970000 - 0x00007ff8e397a000 	C:\WINDOWS\SYSTEM32\VERSION.dll
0x00007ff8f97f0000 - 0x00007ff8f9802000 	C:\WINDOWS\SYSTEM32\UMPDC.dll
0x00007ff8f7af0000 - 0x00007ff8f7b02000 	C:\WINDOWS\SYSTEM32\kernel.appcore.dll
0x00007ff8e2ff0000 - 0x00007ff8e2ffa000 	C:\Users\Donguinha\.gradle\jdks\eclipse_adoptium-17-amd64-windows.2\bin\jimage.dll
0x00007ff8e4db0000 - 0x00007ff8e4fb1000 	C:\WINDOWS\SYSTEM32\DBGHELP.DLL
0x00007ff8e4d70000 - 0x00007ff8e4da4000 	C:\WINDOWS\SYSTEM32\dbgcore.DLL
0x00007ff8fa2e0000 - 0x00007ff8fa362000 	C:\WINDOWS\System32\bcryptPrimitives.dll
0x00007ff8f3560000 - 0x00007ff8f356e000 	C:\Users\Donguinha\.gradle\jdks\eclipse_adoptium-17-amd64-windows.2\bin\instrument.dll
0x00007ff8d6b20000 - 0x00007ff8d6b45000 	C:\Users\Donguinha\.gradle\jdks\eclipse_adoptium-17-amd64-windows.2\bin\java.dll
0x00007ff8d45e0000 - 0x00007ff8d46b7000 	C:\Users\Donguinha\.gradle\jdks\eclipse_adoptium-17-amd64-windows.2\bin\jsvml.dll
0x00007ff8fbf40000 - 0x00007ff8fc6ae000 	C:\WINDOWS\System32\SHELL32.dll
0x00007ff8f7dd0000 - 0x00007ff8f8573000 	C:\WINDOWS\SYSTEM32\windows.storage.dll
0x00007ff8fac50000 - 0x00007ff8fafa3000 	C:\WINDOWS\System32\combase.dll
0x00007ff8f9750000 - 0x00007ff8f977b000 	C:\WINDOWS\SYSTEM32\Wldp.dll
0x00007ff8fb710000 - 0x00007ff8fb7dd000 	C:\WINDOWS\System32\OLEAUT32.dll
0x00007ff8fb910000 - 0x00007ff8fb9bd000 	C:\WINDOWS\System32\SHCORE.dll
0x00007ff8fa720000 - 0x00007ff8fa775000 	C:\WINDOWS\System32\shlwapi.dll
0x00007ff8f9cc0000 - 0x00007ff8f9ce5000 	C:\WINDOWS\SYSTEM32\profapi.dll
0x00007ff8d83b0000 - 0x00007ff8d83c8000 	C:\Users\Donguinha\.gradle\jdks\eclipse_adoptium-17-amd64-windows.2\bin\zip.dll
0x00007ff8d8ce0000 - 0x00007ff8d8cf9000 	C:\Users\Donguinha\.gradle\jdks\eclipse_adoptium-17-amd64-windows.2\bin\net.dll
0x00007ff8f24f0000 - 0x00007ff8f25fa000 	C:\WINDOWS\SYSTEM32\WINHTTP.dll
0x00007ff8f9400000 - 0x00007ff8f946c000 	C:\WINDOWS\system32\mswsock.dll
0x00007ff8d85d0000 - 0x00007ff8d85e6000 	C:\Users\Donguinha\.gradle\jdks\eclipse_adoptium-17-amd64-windows.2\bin\nio.dll
0x00007ff8f24d0000 - 0x00007ff8f24ea000 	C:\Program Files\JetBrains\IntelliJ IDEA Community Edition 2023.3.3\bin\breakgen64.dll
0x00007ff8e1f80000 - 0x00007ff8e1f89000 	C:\Users\Donguinha\.gradle\jdks\eclipse_adoptium-17-amd64-windows.2\bin\extnet.dll
0x00007ff8d82f0000 - 0x00007ff8d8300000 	C:\Users\Donguinha\.gradle\jdks\eclipse_adoptium-17-amd64-windows.2\bin\verify.dll
0x00007ff8f3050000 - 0x00007ff8f305a000 	C:\Users\Donguinha\.gradle\jdks\eclipse_adoptium-17-amd64-windows.2\bin\management.dll
0x00007ff8f2c30000 - 0x00007ff8f2c3b000 	C:\Users\Donguinha\.gradle\jdks\eclipse_adoptium-17-amd64-windows.2\bin\management_ext.dll
0x00007ff8fb9c0000 - 0x00007ff8fb9c8000 	C:\WINDOWS\System32\PSAPI.DLL
0x00007ff8e9fd0000 - 0x00007ff8e9fde000 	C:\Users\Donguinha\.gradle\jdks\eclipse_adoptium-17-amd64-windows.2\bin\sunmscapi.dll
0x00007ff8fa180000 - 0x00007ff8fa2dd000 	C:\WINDOWS\System32\CRYPT32.dll
0x00007ff8f97c0000 - 0x00007ff8f97e7000 	C:\WINDOWS\SYSTEM32\ncrypt.dll
0x00007ff8f9780000 - 0x00007ff8f97bb000 	C:\WINDOWS\SYSTEM32\NTASN1.dll

dbghelp: loaded successfully - version: 4.0.5 - missing functions: none
symbol engine: initialized successfully - sym options: 0x614 - pdb path: .;C:\Users\Donguinha\.gradle\jdks\eclipse_adoptium-17-amd64-windows.2\bin;C:\WINDOWS\SYSTEM32;C:\WINDOWS\WinSxS\amd64_microsoft.windows.common-controls_6595b64144ccf1df_6.0.19041.5794_none_60bcd33171f2783c;C:\Users\Donguinha\.gradle\jdks\eclipse_adoptium-17-amd64-windows.2\bin\server;C:\Program Files\JetBrains\IntelliJ IDEA Community Edition 2023.3.3\bin

VM Arguments:
jvm_args: -javaagent:C:\Program Files\JetBrains\IntelliJ IDEA Community Edition 2023.3.3\lib\idea_rt.jar=49316:C:\Program Files\JetBrains\IntelliJ IDEA Community Edition 2023.3.3\bin -Dfile.encoding=UTF-8 
java_command: com.backend.api.BackendApiApplication
java_class_path (initial): C:\Users\Donguinha\IdeaProjects\d2win_backend\target\classes;C:\Users\Donguinha\.m2\repository\org\springframework\boot\spring-boot-starter-web\3.2.5\spring-boot-starter-web-3.2.5.jar;C:\Users\Donguinha\.m2\repository\org\springframework\boot\spring-boot-starter\3.2.5\spring-boot-starter-3.2.5.jar;C:\Users\Donguinha\.m2\repository\org\springframework\boot\spring-boot-starter-logging\3.2.5\spring-boot-starter-logging-3.2.5.jar;C:\Users\Donguinha\.m2\repository\ch\qos\logback\logback-classic\1.4.14\logback-classic-1.4.14.jar;C:\Users\Donguinha\.m2\repository\ch\qos\logback\logback-core\1.4.14\logback-core-1.4.14.jar;C:\Users\Donguinha\.m2\repository\org\apache\logging\log4j\log4j-to-slf4j\2.21.1\log4j-to-slf4j-2.21.1.jar;C:\Users\Donguinha\.m2\repository\org\apache\logging\log4j\log4j-api\2.21.1\log4j-api-2.21.1.jar;C:\Users\Donguinha\.m2\repository\org\slf4j\jul-to-slf4j\2.0.13\jul-to-slf4j-2.0.13.jar;C:\Users\Donguinha\.m2\repository\jakarta\annotation\jakarta.annotation-api\2.1.1\jakarta.annotation-api-2.1.1.jar;C:\Users\Donguinha\.m2\repository\org\yaml\snakeyaml\2.2\snakeyaml-2.2.jar;C:\Users\Donguinha\.m2\repository\org\springframework\boot\spring-boot-starter-json\3.2.5\spring-boot-starter-json-3.2.5.jar;C:\Users\Donguinha\.m2\repository\com\fasterxml\jackson\core\jackson-databind\2.15.4\jackson-databind-2.15.4.jar;C:\Users\Donguinha\.m2\repository\com\fasterxml\jackson\core\jackson-annotations\2.15.4\jackson-annotations-2.15.4.jar;C:\Users\Donguinha\.m2\repository\com\fasterxml\jackson\core\jackson-core\2.15.4\jackson-core-2.15.4.jar;C:\Users\Donguinha\.m2\repository\com\fasterxml\jackson\datatype\jackson-datatype-jdk8\2.15.4\jackson-datatype-jdk8-2.15.4.jar;C:\Users\Donguinha\.m2\repository\com\fasterxml\jackson\datatype\jackson-datatype-jsr310\2.15.4\jackson-datatype-jsr310-2.15.4.jar;C:\Users\Donguinha\.m2\repository\com\fasterxml\jackson\module\jackson-module-parameter-names\2.15.4\jackson-module-parameter-names-2.15.4.jar;C:\U
Launcher Type: SUN_STANDARD

[Global flags]
     intx CICompilerCount                          = 3                                         {product} {ergonomic}
     uint ConcGCThreads                            = 1                                         {product} {ergonomic}
     uint G1ConcRefinementThreads                  = 4                                         {product} {ergonomic}
   size_t G1HeapRegionSize                         = 2097152                                   {product} {ergonomic}
    uintx GCDrainStackTargetSize                   = 64                                        {product} {ergonomic}
   size_t InitialHeapSize                          = 201326592                                 {product} {ergonomic}
   size_t MarkStackSize                            = 4194304                                   {product} {ergonomic}
   size_t MaxHeapSize                              = 3189768192                                {product} {ergonomic}
   size_t MaxNewSize                               = 1912602624                                {product} {ergonomic}
   size_t MinHeapDeltaBytes                        = 2097152                                   {product} {ergonomic}
   size_t MinHeapSize                              = 8388608                                   {product} {ergonomic}
    uintx NonNMethodCodeHeapSize                   = 5832780                                {pd product} {ergonomic}
    uintx NonProfiledCodeHeapSize                  = 122912730                              {pd product} {ergonomic}
    uintx ProfiledCodeHeapSize                     = 122912730                              {pd product} {ergonomic}
    uintx ReservedCodeCacheSize                    = 251658240                              {pd product} {ergonomic}
     bool SegmentedCodeCache                       = true                                      {product} {ergonomic}
   size_t SoftMaxHeapSize                          = 3189768192                             {manageable} {ergonomic}
     bool UseCompressedClassPointers               = true                           {product lp64_product} {ergonomic}
     bool UseCompressedOops                        = true                           {product lp64_product} {ergonomic}
     bool UseG1GC                                  = true                                      {product} {ergonomic}
     bool UseLargePagesIndividualAllocation        = false                                  {pd product} {ergonomic}

Logging:
Log output configuration:
 #0: stdout all=warning uptime,level,tags
 #1: stderr all=off uptime,level,tags

Environment Variables:
PATH=C:\Program Files\Common Files\Oracle\Java\javapath;C:\ProgramData\Oracle\Java\javapath;C:\WINDOWS\system32;C:\WINDOWS;C:\WINDOWS\System32\Wbem;C:\WINDOWS\System32\WindowsPowerShell\v1.0\;C:\WINDOWS\System32\OpenSSH\;C:\Program Files\SafeNet\Authentication\SAC\x64;C:\Program Files\SafeNet\Authentication\SAC\x32;C:\ProgramData\chocolatey\bin;C:\Program Files (x86)\Microsoft SQL Server\160\DTS\Binn\;C:\Program Files (x86)\Microsoft SQL Server\160\Tools\Binn\;C:\Program Files\Microsoft SQL Server\160\Tools\Binn\;C:\Program Files\Microsoft SQL Server\Client SDK\ODBC\170\Tools\Binn\;C:\Program Files\Microsoft SQL Server\160\DTS\Binn\;C:\Program Files\nodejs\;C:\Program Files\Git\cmd;C:\Users\Donguinha\AppData\Local\Microsoft\WindowsApps;;C:\Users\Donguinha\AppData\Local\Programs\Microsoft VS Code\bin;C:\Users\Donguinha\AppData\Roaming\npm
USERNAME=Donguinha
OS=Windows_NT
PROCESSOR_IDENTIFIER=Intel64 Family 6 Model 142 Stepping 9, GenuineIntel
TMP=C:\Users\DONGUI~1\AppData\Local\Temp
TEMP=C:\Users\DONGUI~1\AppData\Local\Temp



Periodic native trim disabled


---------------  S Y S T E M  ---------------

OS:
 Windows 10 , 64 bit Build 19041 (10.0.19041.5794)
OS uptime: 0 days 9:10 hours
Hyper-V role detected

CPU: total 4 (initial active 4) (2 cores per cpu, 2 threads per core) family 6 model 142 stepping 9 microcode 0xb4, cx8, cmov, fxsr, ht, mmx, 3dnowpref, sse, sse2, sse3, ssse3, sse4.1, sse4.2, popcnt, lzcnt, tsc, tscinvbit, avx, avx2, aes, erms, clmul, bmi1, bmi2, adx, fma, vzeroupper, clflush, clflushopt, hv
Processor Information for all 4 processors :
  Max Mhz: 2712, Current Mhz: 2511, Mhz Limit: 2495

Memory: 4k page, system-wide physical 12163M (845M free)
TotalPageFile size 12163M (AvailPageFile size 5M)
current process WorkingSet (physical memory assigned to process): 129M, peak: 129M
current process commit charge ("private bytes"): 324M, peak: 325M

vm_info: OpenJDK 64-Bit Server VM (17.0.13+11) for windows-amd64 JRE (17.0.13+11), built on Oct 16 2024 00:10:08 by "admin" with MS VC++ 17.7 (VS2022)

END.
