#
# There is insufficient memory for the Java Runtime Environment to continue.
# Native memory allocation (malloc) failed to allocate 1027456 bytes. Error detail: Chunk::new
# Possible reasons:
#   The system is out of physical RAM or swap space
#   This process is running with CompressedOops enabled, and the Java Heap may be blocking the growth of the native heap
# Possible solutions:
#   Reduce memory load on the system
#   Increase physical memory or swap space
#   Check if swap backing store is full
#   Decrease Java heap size (-Xmx/-Xms)
#   Decrease number of Java threads
#   Decrease Java thread stack sizes (-Xss)
#   Set larger code cache with -XX:ReservedCodeCacheSize=
#   JVM is running with Zero Based Compressed Oops mode in which the Java heap is
#     placed in the first 32GB address space. The Java Heap base address is the
#     maximum limit for the native heap growth. Please use -XX:HeapBaseMinAddress
#     to set the Java Heap base and to place the Java Heap above 32GB virtual address.
# This output file may be truncated or incomplete.
#
#  Out of Memory Error (arena.cpp:191), pid=6092, tid=16072
#
# JRE version: OpenJDK Runtime Environment Temurin-17.0.13+11 (17.0.13+11) (build 17.0.13+11)
# Java VM: OpenJDK 64-Bit Server VM Temurin-17.0.13+11 (17.0.13+11, mixed mode, sharing, tiered, compressed oops, compressed class ptrs, g1 gc, windows-amd64)
# No core dump will be written. Minidumps are not enabled by default on client versions of Windows
#

---------------  S U M M A R Y ------------

Command Line: -javaagent:C:\Program Files\JetBrains\IntelliJ IDEA Community Edition 2023.3.3\lib\idea_rt.jar=62806:C:\Program Files\JetBrains\IntelliJ IDEA Community Edition 2023.3.3\bin -Dfile.encoding=UTF-8 com.backend.api.BackendApiApplication

Host: Intel(R) Core(TM) i5-7200U CPU @ 2.50GHz, 4 cores, 11G,  Windows 10 , 64 bit Build 19041 (10.0.19041.5794)
Time: Mon Jun  2 07:51:53 2025 Hora oficial do Brasil elapsed time: 148.438459 seconds (0d 0h 2m 28s)

---------------  T H R E A D  ---------------

Current thread (0x0000023d529d61b0):  JavaThread "C2 CompilerThread0" daemon [_thread_in_native, id=16072, stack(0x000000a65a900000,0x000000a65aa00000)]


Current CompileTask:
C2: 148438 5845       4       org.springframework.beans.factory.support.AbstractBeanFactory::isTypeMatch (745 bytes)

Stack: [0x000000a65a900000,0x000000a65aa00000]
Native frames: (J=compiled Java code, j=interpreted, Vv=VM code, C=native code)
V  [jvm.dll+0x682a19]
V  [jvm.dll+0x839538]
V  [jvm.dll+0x83afe3]
V  [jvm.dll+0x83b653]
V  [jvm.dll+0x24704f]
V  [jvm.dll+0xace34]
V  [jvm.dll+0xad4cc]
V  [jvm.dll+0x2ac84f]
V  [jvm.dll+0x588a79]
V  [jvm.dll+0x220ea2]
V  [jvm.dll+0x219d7c]
V  [jvm.dll+0x21738b]
V  [jvm.dll+0x1a3070]
V  [jvm.dll+0x22788c]
V  [jvm.dll+0x2259eb]
V  [jvm.dll+0x7eec98]
V  [jvm.dll+0x7e8ffc]
V  [jvm.dll+0x6818f7]
C  [ucrtbase.dll+0x21bb2]
C  [KERNEL32.DLL+0x17374]
C  [ntdll.dll+0x4cc91]


---------------  P R O C E S S  ---------------

Threads class SMR info:
_java_thread_list=0x0000023d985216d0, length=33, elements={
0x0000023d529b9180, 0x0000023d529b9f10, 0x0000023d529cd9a0, 0x0000023d529cf480,
0x0000023d529d2500, 0x0000023d529d2dd0, 0x0000023d529d61b0, 0x0000023d529dd290,
0x0000023d529ffbc0, 0x0000023d529a2190, 0x0000023d52eff330, 0x0000023d52e60100,
0x0000023d98c3ecb0, 0x0000023d98c3c430, 0x0000023d98c3ce50, 0x0000023d98c3b500,
0x0000023d98c3d360, 0x0000023d99e739c0, 0x0000023d99e73ed0, 0x0000023d99e748f0,
0x0000023d99e74e00, 0x0000023d99e72fa0, 0x0000023d99e734b0, 0x0000023d99e743e0,
0x0000023d99e75310, 0x0000023d99e72070, 0x0000023d99e72580, 0x0000023d99e75820,
0x0000023d99e72a90, 0x0000023d9cbde840, 0x0000023d9cbe1ff0, 0x0000023d9cbded50,
0x0000023d52e36220
}

Java Threads: ( => current thread )
  0x0000023d529b9180 JavaThread "Reference Handler" daemon [_thread_blocked, id=14944, stack(0x000000a65a300000,0x000000a65a400000)]
  0x0000023d529b9f10 JavaThread "Finalizer" daemon [_thread_blocked, id=17368, stack(0x000000a65a400000,0x000000a65a500000)]
  0x0000023d529cd9a0 JavaThread "Signal Dispatcher" daemon [_thread_blocked, id=676, stack(0x000000a65a500000,0x000000a65a600000)]
  0x0000023d529cf480 JavaThread "Attach Listener" daemon [_thread_blocked, id=14612, stack(0x000000a65a600000,0x000000a65a700000)]
  0x0000023d529d2500 JavaThread "Service Thread" daemon [_thread_blocked, id=1032, stack(0x000000a65a700000,0x000000a65a800000)]
  0x0000023d529d2dd0 JavaThread "Monitor Deflation Thread" daemon [_thread_blocked, id=13032, stack(0x000000a65a800000,0x000000a65a900000)]
=>0x0000023d529d61b0 JavaThread "C2 CompilerThread0" daemon [_thread_in_native, id=16072, stack(0x000000a65a900000,0x000000a65aa00000)]
  0x0000023d529dd290 JavaThread "C1 CompilerThread0" daemon [_thread_blocked, id=3668, stack(0x000000a65aa00000,0x000000a65ab00000)]
  0x0000023d529ffbc0 JavaThread "Sweeper thread" daemon [_thread_blocked, id=16228, stack(0x000000a65ab00000,0x000000a65ac00000)]
  0x0000023d529a2190 JavaThread "Common-Cleaner" daemon [_thread_blocked, id=2712, stack(0x000000a65ac00000,0x000000a65ad00000)]
  0x0000023d52eff330 JavaThread "Monitor Ctrl-Break" daemon [_thread_in_native, id=12744, stack(0x000000a65ae00000,0x000000a65af00000)]
  0x0000023d52e60100 JavaThread "Notification Thread" daemon [_thread_blocked, id=14844, stack(0x000000a65af00000,0x000000a65b000000)]
  0x0000023d98c3ecb0 JavaThread "Catalina-utility-1" [_thread_blocked, id=14724, stack(0x000000a65b700000,0x000000a65b800000)]
  0x0000023d98c3c430 JavaThread "Catalina-utility-2" [_thread_blocked, id=16244, stack(0x000000a65b800000,0x000000a65b900000)]
  0x0000023d98c3ce50 JavaThread "container-0" [_thread_blocked, id=12456, stack(0x000000a65b900000,0x000000a65ba00000)]
  0x0000023d98c3b500 JavaThread "PostgreSQL-JDBC-Cleaner" daemon [_thread_blocked, id=20052, stack(0x000000a65bb00000,0x000000a65bc00000)]
  0x0000023d98c3d360 JavaThread "HikariPool-1 housekeeper" daemon [_thread_blocked, id=15328, stack(0x000000a65bc00000,0x000000a65bd00000)]
  0x0000023d99e739c0 JavaThread "File Watcher" daemon [_thread_blocked, id=14020, stack(0x000000a65be00000,0x000000a65bf00000)]
  0x0000023d99e73ed0 JavaThread "Live Reload Server" daemon [_thread_in_native, id=14380, stack(0x000000a65c000000,0x000000a65c100000)]
  0x0000023d99e748f0 JavaThread "http-nio-8080-exec-1" daemon [_thread_in_Java, id=13932, stack(0x000000a65bf00000,0x000000a65c000000)]
  0x0000023d99e74e00 JavaThread "http-nio-8080-exec-2" daemon [_thread_blocked, id=18284, stack(0x000000a65c100000,0x000000a65c200000)]
  0x0000023d99e72fa0 JavaThread "http-nio-8080-exec-3" daemon [_thread_blocked, id=2376, stack(0x000000a65c200000,0x000000a65c300000)]
  0x0000023d99e734b0 JavaThread "http-nio-8080-exec-4" daemon [_thread_blocked, id=14580, stack(0x000000a65c300000,0x000000a65c400000)]
  0x0000023d99e743e0 JavaThread "http-nio-8080-exec-5" daemon [_thread_blocked, id=16144, stack(0x000000a65c400000,0x000000a65c500000)]
  0x0000023d99e75310 JavaThread "http-nio-8080-exec-6" daemon [_thread_blocked, id=17632, stack(0x000000a65c500000,0x000000a65c600000)]
  0x0000023d99e72070 JavaThread "http-nio-8080-exec-7" daemon [_thread_blocked, id=15136, stack(0x000000a65c600000,0x000000a65c700000)]
  0x0000023d99e72580 JavaThread "http-nio-8080-exec-8" daemon [_thread_blocked, id=2532, stack(0x000000a65c700000,0x000000a65c800000)]
  0x0000023d99e75820 JavaThread "http-nio-8080-exec-9" daemon [_thread_blocked, id=19820, stack(0x000000a65c800000,0x000000a65c900000)]
  0x0000023d99e72a90 JavaThread "http-nio-8080-exec-10" daemon [_thread_blocked, id=488, stack(0x000000a65c900000,0x000000a65ca00000)]
  0x0000023d9cbde840 JavaThread "http-nio-8080-Poller" daemon [_thread_in_native, id=5956, stack(0x000000a65ca00000,0x000000a65cb00000)]
  0x0000023d9cbe1ff0 JavaThread "http-nio-8080-Acceptor" daemon [_thread_in_native, id=12632, stack(0x000000a65cb00000,0x000000a65cc00000)]
  0x0000023d9cbded50 JavaThread "DestroyJavaVM" [_thread_blocked, id=20348, stack(0x000000a659c00000,0x000000a659d00000)]
  0x0000023d52e36220 JavaThread "C2 CompilerThread1" daemon [_thread_in_native, id=15204, stack(0x000000a659900000,0x000000a659a00000)]

Other Threads:
  0x0000023d529b1b60 VMThread "VM Thread" [stack: 0x000000a65a200000,0x000000a65a300000] [id=4236]
  0x0000023d98186b60 WatcherThread [stack: 0x000000a65b000000,0x000000a65b100000] [id=4596]
  0x0000023d30992840 GCTaskThread "GC Thread#0" [stack: 0x000000a659d00000,0x000000a659e00000] [id=18540]
  0x0000023d985f5800 GCTaskThread "GC Thread#1" [stack: 0x000000a65b100000,0x000000a65b200000] [id=13024]
  0x0000023d9821de20 GCTaskThread "GC Thread#2" [stack: 0x000000a65b200000,0x000000a65b300000] [id=19720]
  0x0000023d98313cb0 GCTaskThread "GC Thread#3" [stack: 0x000000a65b300000,0x000000a65b400000] [id=19716]
  0x0000023d3099f4b0 ConcurrentGCThread "G1 Main Marker" [stack: 0x000000a659e00000,0x000000a659f00000] [id=11908]
  0x0000023d3099fde0 ConcurrentGCThread "G1 Conc#0" [stack: 0x000000a659f00000,0x000000a65a000000] [id=12064]
  0x0000023d309dc5d0 ConcurrentGCThread "G1 Refine#0" [stack: 0x000000a65a000000,0x000000a65a100000] [id=3696]
  0x0000023d9854f820 ConcurrentGCThread "G1 Refine#1" [stack: 0x000000a65b400000,0x000000a65b500000] [id=19744]
  0x0000023d309dcf10 ConcurrentGCThread "G1 Service" [stack: 0x000000a65a100000,0x000000a65a200000] [id=19984]

Threads with active compile tasks:
C2 CompilerThread0   148479 5845       4       org.springframework.beans.factory.support.AbstractBeanFactory::isTypeMatch (745 bytes)
C2 CompilerThread1   148480 5860   !   4       java.lang.reflect.Executable::declaredAnnotations (85 bytes)

VM state: not at safepoint (normal execution)

VM Mutex/Monitor currently owned by a thread: None

Heap address: 0x0000000741e00000, size: 3042 MB, Compressed Oops mode: Zero based, Oop shift amount: 3

CDS archive(s) mapped at: [0x0000023d53000000-0x0000023d53bb0000-0x0000023d53bb0000), size 12255232, SharedBaseAddress: 0x0000023d53000000, ArchiveRelocationMode: 1.
Compressed class space mapped at: 0x0000023d54000000-0x0000023d94000000, reserved size: 1073741824
Narrow klass base: 0x0000023d53000000, Narrow klass shift: 0, Narrow klass range: 0x100000000

GC Precious Log:
 CPUs: 4 total, 4 available
 Memory: 12163M
 Large Page Support: Disabled
 NUMA Support: Disabled
 Compressed Oops: Enabled (Zero based)
 Heap Region Size: 2M
 Heap Min Capacity: 8M
 Heap Initial Capacity: 192M
 Heap Max Capacity: 3042M
 Pre-touch: Disabled
 Parallel Workers: 4
 Concurrent Workers: 1
 Concurrent Refinement Workers: 4
 Periodic GC: Disabled

Heap:
 garbage-first heap   total 61440K, used 34125K [0x0000000741e00000, 0x0000000800000000)
  region size 2048K, 5 young (10240K), 1 survivors (2048K)
 Metaspace       used 61689K, committed 62272K, reserved 1114112K
  class space    used 8439K, committed 8704K, reserved 1048576K

Heap Regions: E=young(eden), S=young(survivor), O=old, HS=humongous(starts), HC=humongous(continues), CS=collection set, F=free, OA=open archive, CA=closed archive, TAMS=top-at-mark-start (previous, next)
|   0|0x0000000741e00000, 0x0000000742000000, 0x0000000742000000|100%| O|  |TAMS 0x0000000742000000, 0x0000000741e00000| Untracked 
|   1|0x0000000742000000, 0x0000000742200000, 0x0000000742200000|100%| O|  |TAMS 0x0000000742200000, 0x0000000742000000| Untracked 
|   2|0x0000000742200000, 0x0000000742400000, 0x0000000742400000|100%| O|  |TAMS 0x0000000742400000, 0x0000000742200000| Untracked 
|   3|0x0000000742400000, 0x0000000742432000, 0x0000000742600000|  9%| O|  |TAMS 0x0000000742432000, 0x0000000742400000| Untracked 
|   4|0x0000000742600000, 0x0000000742800000, 0x0000000742800000|100%| O|  |TAMS 0x0000000742800000, 0x0000000742600000| Untracked 
|   5|0x0000000742800000, 0x0000000742a00000, 0x0000000742a00000|100%| O|  |TAMS 0x0000000742a00000, 0x0000000742800000| Untracked 
|   6|0x0000000742a00000, 0x0000000742c00000, 0x0000000742c00000|100%| O|  |TAMS 0x0000000742c00000, 0x0000000742a00000| Untracked 
|   7|0x0000000742c00000, 0x0000000742e00000, 0x0000000742e00000|100%| O|  |TAMS 0x0000000742dd2200, 0x0000000742c00000| Untracked 
|   8|0x0000000742e00000, 0x0000000743000000, 0x0000000743000000|100%| O|  |TAMS 0x0000000742e00000, 0x0000000742e00000| Untracked 
|   9|0x0000000743000000, 0x0000000743000000, 0x0000000743200000|  0%| F|  |TAMS 0x0000000743000000, 0x0000000743000000| Untracked 
|  10|0x0000000743200000, 0x0000000743400000, 0x0000000743400000|100%| O|  |TAMS 0x0000000743400000, 0x0000000743200000| Untracked 
|  11|0x0000000743400000, 0x0000000743600000, 0x0000000743600000|100%| O|  |TAMS 0x0000000743600000, 0x0000000743400000| Untracked 
|  12|0x0000000743600000, 0x0000000743800000, 0x0000000743800000|100%| O|  |TAMS 0x0000000743800000, 0x0000000743600000| Untracked 
|  13|0x0000000743800000, 0x0000000743a00000, 0x0000000743a00000|100%| O|  |TAMS 0x0000000743a00000, 0x0000000743800000| Untracked 
|  14|0x0000000743a00000, 0x0000000743c00000, 0x0000000743c00000|100%| O|  |TAMS 0x0000000743c00000, 0x0000000743a00000| Untracked 
|  15|0x0000000743c00000, 0x0000000743c00000, 0x0000000743e00000|  0%| F|  |TAMS 0x0000000743c00000, 0x0000000743c00000| Untracked 
|  16|0x0000000743e00000, 0x0000000743e00000, 0x0000000744000000|  0%| F|  |TAMS 0x0000000743e00000, 0x0000000743e00000| Untracked 
|  17|0x0000000744000000, 0x0000000744000000, 0x0000000744200000|  0%| F|  |TAMS 0x0000000744000000, 0x0000000744000000| Untracked 
|  18|0x0000000744200000, 0x0000000744200000, 0x0000000744400000|  0%| F|  |TAMS 0x0000000744200000, 0x0000000744200000| Untracked 
|  19|0x0000000744400000, 0x0000000744400000, 0x0000000744600000|  0%| F|  |TAMS 0x0000000744400000, 0x0000000744400000| Untracked 
|  20|0x0000000744600000, 0x00000007447216a0, 0x0000000744800000| 56%| S|CS|TAMS 0x0000000744600000, 0x0000000744600000| Complete 
|  21|0x0000000744800000, 0x0000000744800000, 0x0000000744a00000|  0%| F|  |TAMS 0x0000000744800000, 0x0000000744800000| Untracked 
|  22|0x0000000744a00000, 0x0000000744a00000, 0x0000000744c00000|  0%| F|  |TAMS 0x0000000744a00000, 0x0000000744a00000| Untracked 
|  23|0x0000000744c00000, 0x0000000744c00000, 0x0000000744e00000|  0%| F|  |TAMS 0x0000000744c00000, 0x0000000744c00000| Untracked 
|  24|0x0000000744e00000, 0x0000000744e00000, 0x0000000745000000|  0%| F|  |TAMS 0x0000000744e00000, 0x0000000744e00000| Untracked 
|  60|0x0000000749600000, 0x0000000749600000, 0x0000000749800000|  0%| F|  |TAMS 0x0000000749600000, 0x0000000749600000| Untracked 
|  61|0x0000000749800000, 0x00000007499f2060, 0x0000000749a00000| 97%| E|  |TAMS 0x0000000749800000, 0x0000000749800000| Complete 
|  62|0x0000000749a00000, 0x0000000749c00000, 0x0000000749c00000|100%| E|CS|TAMS 0x0000000749a00000, 0x0000000749a00000| Complete 
|  63|0x0000000749c00000, 0x0000000749e00000, 0x0000000749e00000|100%| E|CS|TAMS 0x0000000749c00000, 0x0000000749c00000| Complete 
|  95|0x000000074dc00000, 0x000000074de00000, 0x000000074de00000|100%| E|CS|TAMS 0x000000074dc00000, 0x000000074dc00000| Complete 

Card table byte_map: [0x0000023d49870000,0x0000023d49e70000] _byte_map_base: 0x0000023d45e61000

Marking Bits (Prev, Next): (CMBitMap*) 0x0000023d30992db0, (CMBitMap*) 0x0000023d30992d70
 Prev Bits: [0x0000023d4d400000, 0x0000023d50388000)
 Next Bits: [0x0000023d4a470000, 0x0000023d4d3f8000)

Polling page: 0x0000023d309f0000

Metaspace:

Usage:
  Non-class:     52.00 MB used.
      Class:      8.24 MB used.
       Both:     60.24 MB used.

Virtual space:
  Non-class space:       64.00 MB reserved,      52.31 MB ( 82%) committed,  1 nodes.
      Class space:        1.00 GB reserved,       8.50 MB ( <1%) committed,  1 nodes.
             Both:        1.06 GB reserved,      60.81 MB (  6%) committed. 

Chunk freelists:
   Non-Class:  10.77 MB
       Class:  7.52 MB
        Both:  18.28 MB

MaxMetaspaceSize: unlimited
CompressedClassSpaceSize: 1.00 GB
Initial GC threshold: 21.00 MB
Current GC threshold: 98.44 MB
CDS: on
MetaspaceReclaimPolicy: balanced
 - commit_granule_bytes: 65536.
 - commit_granule_words: 8192.
 - virtual_space_node_default_size: 8388608.
 - enlarge_chunks_in_place: 1.
 - new_chunks_are_fully_committed: 0.
 - uncommit_free_chunks: 1.
 - use_allocation_guard: 0.
 - handle_deallocations: 1.


Internal statistics:

num_allocs_failed_limit: 9.
num_arena_births: 742.
num_arena_deaths: 0.
num_vsnodes_births: 2.
num_vsnodes_deaths: 0.
num_space_committed: 973.
num_space_uncommitted: 0.
num_chunks_returned_to_freelist: 9.
num_chunks_taken_from_freelist: 3006.
num_chunk_merges: 9.
num_chunk_splits: 2177.
num_chunks_enlarged: 1704.
num_inconsistent_stats: 0.

CodeHeap 'non-profiled nmethods': size=120000Kb used=3284Kb max_used=3320Kb free=116715Kb
 bounds [0x0000023d41720000, 0x0000023d41a80000, 0x0000023d48c50000]
CodeHeap 'profiled nmethods': size=120000Kb used=9358Kb max_used=10993Kb free=110641Kb
 bounds [0x0000023d39c50000, 0x0000023d3a710000, 0x0000023d41180000]
CodeHeap 'non-nmethods': size=5760Kb used=1320Kb max_used=1403Kb free=4439Kb
 bounds [0x0000023d41180000, 0x0000023d413f0000, 0x0000023d41720000]
 total_blobs=5719 nmethods=5067 adapters=564
 compilation: enabled
              stopped_count=0, restarted_count=0
 full_count=0

Compilation events (20 events):
Event: 148.290 Thread 0x0000023d529dd290 5855       2       org.springframework.util.ConcurrentReferenceHashMap$Segment::restructureIfNecessary (56 bytes)
Event: 148.291 Thread 0x0000023d529dd290 nmethod 5855 0x0000023d39e26910 code [0x0000023d39e26ac0, 0x0000023d39e26df8]
Event: 148.303 Thread 0x0000023d529dd290 5857       3       java.util.Collections$UnmodifiableMap::isEmpty (10 bytes)
Event: 148.303 Thread 0x0000023d529dd290 nmethod 5857 0x0000023d39e26290 code [0x0000023d39e26440, 0x0000023d39e26628]
Event: 148.305 Thread 0x0000023d529dd290 5858   !   3       org.apache.commons.logging.LogFactory::getFactory (684 bytes)
Event: 148.318 Thread 0x0000023d529dd290 nmethod 5858 0x0000023d3a1c8310 code [0x0000023d3a1c9240, 0x0000023d3a1d1c68]
Event: 148.323 Thread 0x0000023d529dd290 5863       3       org.springframework.core.annotation.AnnotationAttributes::getStringArray (11 bytes)
Event: 148.323 Thread 0x0000023d529dd290 nmethod 5863 0x0000023d39f63610 code [0x0000023d39f637c0, 0x0000023d39f63a08]
Event: 148.328 Thread 0x0000023d529dd290 5864       3       org.postgresql.jdbc.PgConnection::isClosed (10 bytes)
Event: 148.329 Thread 0x0000023d529dd290 nmethod 5864 0x0000023d39e4dc90 code [0x0000023d39e4de60, 0x0000023d39e4e2e8]
Event: 148.329 Thread 0x0000023d529dd290 5865       3       org.postgresql.core.QueryExecutorBase::isClosed (8 bytes)
Event: 148.329 Thread 0x0000023d529dd290 nmethod 5865 0x0000023d3a033810 code [0x0000023d3a0339e0, 0x0000023d3a033d48]
Event: 148.329 Thread 0x0000023d529dd290 5866       3       org.postgresql.jdbc.PgConnection::checkClosed (29 bytes)
Event: 148.329 Thread 0x0000023d529dd290 nmethod 5866 0x0000023d3a1ea990 code [0x0000023d3a1eaba0, 0x0000023d3a1eb328]
Event: 148.330 Thread 0x0000023d52e36220 nmethod 5849 0x0000023d41771110 code [0x0000023d41771360, 0x0000023d41772f40]
Event: 148.330 Thread 0x0000023d52e36220 5852 %     4       java.util.Properties$LineReader::readLine @ 53 (584 bytes)
Event: 148.375 Thread 0x0000023d52e36220 nmethod 5852% 0x0000023d418ed390 code [0x0000023d418ed5c0, 0x0000023d418eec10]
Event: 148.375 Thread 0x0000023d52e36220 5844   !   4       org.springframework.beans.factory.support.DefaultSingletonBeanRegistry::getSingleton (147 bytes)
Event: 148.432 Thread 0x0000023d52e36220 nmethod 5844 0x0000023d4189e910 code [0x0000023d4189eb80, 0x0000023d418a06d0]
Event: 148.432 Thread 0x0000023d52e36220 5862       4       sun.reflect.annotation.AnnotationInvocationHandler::invoke (178 bytes)

GC Heap History (20 events):
Event: 3.781 GC heap before
{Heap before GC invocations=3 (full 0):
 garbage-first heap   total 196608K, used 68195K [0x0000000741e00000, 0x0000000800000000)
  region size 2048K, 32 young (65536K), 2 survivors (4096K)
 Metaspace       used 21214K, committed 21504K, reserved 1114112K
  class space    used 2598K, committed 2752K, reserved 1048576K
}
Event: 3.792 GC heap after
{Heap after GC invocations=4 (full 0):
 garbage-first heap   total 196608K, used 13674K [0x0000000741e00000, 0x0000000800000000)
  region size 2048K, 4 young (8192K), 4 survivors (8192K)
 Metaspace       used 21214K, committed 21504K, reserved 1114112K
  class space    used 2598K, committed 2752K, reserved 1048576K
}
Event: 5.175 GC heap before
{Heap before GC invocations=5 (full 0):
 garbage-first heap   total 61440K, used 44394K [0x0000000741e00000, 0x0000000800000000)
  region size 2048K, 20 young (40960K), 4 survivors (8192K)
 Metaspace       used 26769K, committed 27200K, reserved 1114112K
  class space    used 3413K, committed 3584K, reserved 1048576K
}
Event: 5.188 GC heap after
{Heap after GC invocations=6 (full 0):
 garbage-first heap   total 61440K, used 16868K [0x0000000741e00000, 0x0000000800000000)
  region size 2048K, 6 young (12288K), 6 survivors (12288K)
 Metaspace       used 26769K, committed 27200K, reserved 1114112K
  class space    used 3413K, committed 3584K, reserved 1048576K
}
Event: 6.088 GC heap before
{Heap before GC invocations=6 (full 0):
 garbage-first heap   total 61440K, used 39396K [0x0000000741e00000, 0x0000000800000000)
  region size 2048K, 17 young (34816K), 6 survivors (12288K)
 Metaspace       used 30307K, committed 30784K, reserved 1114112K
  class space    used 3841K, committed 4032K, reserved 1048576K
}
Event: 6.101 GC heap after
{Heap after GC invocations=7 (full 0):
 garbage-first heap   total 61440K, used 18340K [0x0000000741e00000, 0x0000000800000000)
  region size 2048K, 1 young (2048K), 1 survivors (2048K)
 Metaspace       used 30307K, committed 30784K, reserved 1114112K
  class space    used 3841K, committed 4032K, reserved 1048576K
}
Event: 7.152 GC heap before
{Heap before GC invocations=7 (full 0):
 garbage-first heap   total 61440K, used 38820K [0x0000000741e00000, 0x0000000800000000)
  region size 2048K, 12 young (24576K), 1 survivors (2048K)
 Metaspace       used 35537K, committed 35968K, reserved 1114112K
  class space    used 4663K, committed 4864K, reserved 1048576K
}
Event: 7.157 GC heap after
{Heap after GC invocations=8 (full 0):
 garbage-first heap   total 61440K, used 18835K [0x0000000741e00000, 0x0000000800000000)
  region size 2048K, 2 young (4096K), 2 survivors (4096K)
 Metaspace       used 35537K, committed 35968K, reserved 1114112K
  class space    used 4663K, committed 4864K, reserved 1048576K
}
Event: 8.263 GC heap before
{Heap before GC invocations=9 (full 0):
 garbage-first heap   total 61440K, used 43411K [0x0000000741e00000, 0x0000000800000000)
  region size 2048K, 14 young (28672K), 2 survivors (4096K)
 Metaspace       used 41476K, committed 41984K, reserved 1114112K
  class space    used 5428K, committed 5696K, reserved 1048576K
}
Event: 8.268 GC heap after
{Heap after GC invocations=10 (full 0):
 garbage-first heap   total 61440K, used 20371K [0x0000000741e00000, 0x0000000800000000)
  region size 2048K, 2 young (4096K), 2 survivors (4096K)
 Metaspace       used 41476K, committed 41984K, reserved 1114112K
  class space    used 5428K, committed 5696K, reserved 1048576K
}
Event: 9.210 GC heap before
{Heap before GC invocations=10 (full 0):
 garbage-first heap   total 61440K, used 42899K [0x0000000741e00000, 0x0000000800000000)
  region size 2048K, 13 young (26624K), 2 survivors (4096K)
 Metaspace       used 47651K, committed 48128K, reserved 1114112K
  class space    used 6435K, committed 6656K, reserved 1048576K
}
Event: 9.216 GC heap after
{Heap after GC invocations=11 (full 0):
 garbage-first heap   total 61440K, used 21828K [0x0000000741e00000, 0x0000000800000000)
  region size 2048K, 2 young (4096K), 2 survivors (4096K)
 Metaspace       used 47651K, committed 48128K, reserved 1114112K
  class space    used 6435K, committed 6656K, reserved 1048576K
}
Event: 9.993 GC heap before
{Heap before GC invocations=11 (full 0):
 garbage-first heap   total 61440K, used 42308K [0x0000000741e00000, 0x0000000800000000)
  region size 2048K, 13 young (26624K), 2 survivors (4096K)
 Metaspace       used 52045K, committed 52544K, reserved 1114112K
  class space    used 7115K, committed 7360K, reserved 1048576K
}
Event: 9.997 GC heap after
{Heap after GC invocations=12 (full 0):
 garbage-first heap   total 61440K, used 22754K [0x0000000741e00000, 0x0000000800000000)
  region size 2048K, 2 young (4096K), 2 survivors (4096K)
 Metaspace       used 52045K, committed 52544K, reserved 1114112K
  class space    used 7115K, committed 7360K, reserved 1048576K
}
Event: 10.686 GC heap before
{Heap before GC invocations=12 (full 0):
 garbage-first heap   total 61440K, used 45282K [0x0000000741e00000, 0x0000000800000000)
  region size 2048K, 13 young (26624K), 2 survivors (4096K)
 Metaspace       used 55915K, committed 56448K, reserved 1114112K
  class space    used 7610K, committed 7872K, reserved 1048576K
}
Event: 10.692 GC heap after
{Heap after GC invocations=13 (full 0):
 garbage-first heap   total 61440K, used 24741K [0x0000000741e00000, 0x0000000800000000)
  region size 2048K, 2 young (4096K), 2 survivors (4096K)
 Metaspace       used 55915K, committed 56448K, reserved 1114112K
  class space    used 7610K, committed 7872K, reserved 1048576K
}
Event: 11.312 GC heap before
{Heap before GC invocations=13 (full 0):
 garbage-first heap   total 61440K, used 45221K [0x0000000741e00000, 0x0000000800000000)
  region size 2048K, 12 young (24576K), 2 survivors (4096K)
 Metaspace       used 58237K, committed 58688K, reserved 1114112K
  class space    used 7911K, committed 8128K, reserved 1048576K
}
Event: 11.319 GC heap after
{Heap after GC invocations=14 (full 0):
 garbage-first heap   total 61440K, used 27056K [0x0000000741e00000, 0x0000000800000000)
  region size 2048K, 2 young (4096K), 2 survivors (4096K)
 Metaspace       used 58237K, committed 58688K, reserved 1114112K
  class space    used 7911K, committed 8128K, reserved 1048576K
}
Event: 148.102 GC heap before
{Heap before GC invocations=14 (full 0):
 garbage-first heap   total 61440K, used 43440K [0x0000000741e00000, 0x0000000800000000)
  region size 2048K, 11 young (22528K), 2 survivors (4096K)
 Metaspace       used 59765K, committed 60288K, reserved 1114112K
  class space    used 8101K, committed 8384K, reserved 1048576K
}
Event: 148.109 GC heap after
{Heap after GC invocations=15 (full 0):
 garbage-first heap   total 61440K, used 27981K [0x0000000741e00000, 0x0000000800000000)
  region size 2048K, 1 young (2048K), 1 survivors (2048K)
 Metaspace       used 59765K, committed 60288K, reserved 1114112K
  class space    used 8101K, committed 8384K, reserved 1048576K
}

Dll operation events (14 events):
Event: 0.018 Loaded shared library C:\Users\Donguinha\.gradle\jdks\eclipse_adoptium-17-amd64-windows.2\bin\java.dll
Event: 0.050 Loaded shared library C:\Users\Donguinha\.gradle\jdks\eclipse_adoptium-17-amd64-windows.2\bin\jsvml.dll
Event: 0.225 Loaded shared library C:\Users\Donguinha\.gradle\jdks\eclipse_adoptium-17-amd64-windows.2\bin\zip.dll
Event: 0.228 Loaded shared library C:\Users\Donguinha\.gradle\jdks\eclipse_adoptium-17-amd64-windows.2\bin\instrument.dll
Event: 0.238 Loaded shared library C:\Users\Donguinha\.gradle\jdks\eclipse_adoptium-17-amd64-windows.2\bin\net.dll
Event: 0.241 Loaded shared library C:\Users\Donguinha\.gradle\jdks\eclipse_adoptium-17-amd64-windows.2\bin\nio.dll
Event: 0.244 Loaded shared library C:\Users\Donguinha\.gradle\jdks\eclipse_adoptium-17-amd64-windows.2\bin\zip.dll
Event: 0.379 Loaded shared library C:\Program Files\JetBrains\IntelliJ IDEA Community Edition 2023.3.3\bin\breakgen64.dll
Event: 0.399 Loaded shared library C:\Users\Donguinha\.gradle\jdks\eclipse_adoptium-17-amd64-windows.2\bin\extnet.dll
Event: 0.419 Loaded shared library C:\Users\Donguinha\.gradle\jdks\eclipse_adoptium-17-amd64-windows.2\bin\verify.dll
Event: 0.433 Loaded shared library C:\Users\Donguinha\.gradle\jdks\eclipse_adoptium-17-amd64-windows.2\bin\jimage.dll
Event: 0.971 Loaded shared library C:\Users\Donguinha\.gradle\jdks\eclipse_adoptium-17-amd64-windows.2\bin\management.dll
Event: 0.975 Loaded shared library C:\Users\Donguinha\.gradle\jdks\eclipse_adoptium-17-amd64-windows.2\bin\management_ext.dll
Event: 2.380 Loaded shared library C:\Users\Donguinha\.gradle\jdks\eclipse_adoptium-17-amd64-windows.2\bin\sunmscapi.dll

Deoptimization events (20 events):
Event: 11.533 Thread 0x0000023d98c20370 Uncommon trap: trap_request=0xffffff54 fr.pc=0x0000023d417b511c relative=0x000000000000025c
Event: 11.533 Thread 0x0000023d98c20370 Uncommon trap: reason=speculate_null_assert action=make_not_entrant pc=0x0000023d417b511c method=org.springframework.util.ConcurrentReferenceHashMap$Segment.restructureIfNecessary(Z)V @ 41 c2
Event: 11.533 Thread 0x0000023d98c20370 DEOPT PACKING pc=0x0000023d417b511c sp=0x000000a65b6fdee0
Event: 11.533 Thread 0x0000023d98c20370 DEOPT UNPACKING pc=0x0000023d411d69a3 sp=0x000000a65b6fdeb8 mode 2
Event: 11.569 Thread 0x0000023d98c20370 Uncommon trap: trap_request=0xffffff45 fr.pc=0x0000023d41a223a4 relative=0x0000000000001064
Event: 11.569 Thread 0x0000023d98c20370 Uncommon trap: reason=unstable_if action=reinterpret pc=0x0000023d41a223a4 method=java.lang.String.<init>([BIILjava/nio/charset/Charset;)V @ 18 c2
Event: 11.569 Thread 0x0000023d98c20370 DEOPT PACKING pc=0x0000023d41a223a4 sp=0x000000a65b6fd480
Event: 11.569 Thread 0x0000023d98c20370 DEOPT UNPACKING pc=0x0000023d411d69a3 sp=0x000000a65b6fd450 mode 2
Event: 11.595 Thread 0x0000023d98c20370 DEOPT PACKING pc=0x0000023d3a1078d6 sp=0x000000a65b6fdcf0
Event: 11.595 Thread 0x0000023d98c20370 DEOPT UNPACKING pc=0x0000023d411d7143 sp=0x000000a65b6fd1c8 mode 0
Event: 13.572 Thread 0x0000023d99e739c0 DEOPT PACKING pc=0x0000023d3a459108 sp=0x000000a65befef00
Event: 13.572 Thread 0x0000023d99e739c0 DEOPT UNPACKING pc=0x0000023d411d7143 sp=0x000000a65befe3c8 mode 0
Event: 21.808 Thread 0x0000023d99e739c0 DEOPT PACKING pc=0x0000023d39c9de21 sp=0x000000a65befef70
Event: 21.808 Thread 0x0000023d99e739c0 DEOPT UNPACKING pc=0x0000023d411d7143 sp=0x000000a65befe438 mode 0
Event: 148.224 Thread 0x0000023d99e748f0 DEOPT PACKING pc=0x0000023d3a062ec9 sp=0x000000a65bffd630
Event: 148.224 Thread 0x0000023d99e748f0 DEOPT UNPACKING pc=0x0000023d411d7143 sp=0x000000a65bffcae8 mode 0
Event: 148.316 Thread 0x0000023d99e748f0 Uncommon trap: trap_request=0xffffff45 fr.pc=0x0000023d418c0208 relative=0x0000000000000428
Event: 148.316 Thread 0x0000023d99e748f0 Uncommon trap: reason=unstable_if action=reinterpret pc=0x0000023d418c0208 method=java.util.HashMap.getNode(Ljava/lang/Object;)Ljava/util/HashMap$Node; @ 66 c2
Event: 148.316 Thread 0x0000023d99e748f0 DEOPT PACKING pc=0x0000023d418c0208 sp=0x000000a65bffc970
Event: 148.316 Thread 0x0000023d99e748f0 DEOPT UNPACKING pc=0x0000023d411d69a3 sp=0x000000a65bffc820 mode 2

Classes loaded (20 events):
Event: 148.031 Loading class java/nio/channels/WritePendingException
Event: 148.031 Loading class java/nio/channels/WritePendingException done
Event: 148.035 Loading class java/util/concurrent/Semaphore
Event: 148.035 Loading class java/util/concurrent/Semaphore done
Event: 148.035 Loading class java/util/concurrent/Semaphore$NonfairSync
Event: 148.035 Loading class java/util/concurrent/Semaphore$Sync
Event: 148.035 Loading class java/util/concurrent/Semaphore$Sync done
Event: 148.035 Loading class java/util/concurrent/Semaphore$NonfairSync done
Event: 148.035 Loading class sun/nio/ch/SocketAdaptor
Event: 148.036 Loading class sun/nio/ch/SocketAdaptor done
Event: 148.036 Loading class sun/nio/ch/SocketChannelImpl$DefaultOptionsHolder
Event: 148.036 Loading class sun/nio/ch/SocketChannelImpl$DefaultOptionsHolder done
Event: 148.037 Loading class sun/nio/ch/SelectionKeyImpl
Event: 148.038 Loading class java/nio/channels/spi/AbstractSelectionKey
Event: 148.038 Loading class java/nio/channels/SelectionKey
Event: 148.038 Loading class java/nio/channels/SelectionKey done
Event: 148.038 Loading class java/nio/channels/spi/AbstractSelectionKey done
Event: 148.038 Loading class sun/nio/ch/SelectionKeyImpl done
Event: 148.038 Loading class java/lang/invoke/ConstantBootstraps
Event: 148.038 Loading class java/lang/invoke/ConstantBootstraps done

Classes unloaded (0 events):
No events

Classes redefined (0 events):
No events

Internal exceptions (20 events):
Event: 10.088 Thread 0x0000023d98c20370 Exception <a 'java/lang/IncompatibleClassChangeError'{0x0000000749df7c30}: Found class java.lang.Object, but interface was expected> (0x0000000749df7c30) 
thrown [s\src\hotspot\share\interpreter\linkResolver.cpp, line 826]
Event: 10.104 Thread 0x0000023d98c20370 Exception <a 'java/lang/IncompatibleClassChangeError'{0x0000000749a94930}: Found class java.lang.Object, but interface was expected> (0x0000000749a94930) 
thrown [s\src\hotspot\share\interpreter\linkResolver.cpp, line 826]
Event: 10.158 Thread 0x0000023d98c20370 Exception <a 'java/lang/IncompatibleClassChangeError'{0x000000074980b3e0}: Found class java.lang.Object, but interface was expected> (0x000000074980b3e0) 
thrown [s\src\hotspot\share\interpreter\linkResolver.cpp, line 826]
Event: 10.405 Thread 0x0000023d98c20370 Exception <a 'java/lang/IncompatibleClassChangeError'{0x0000000744d8fe10}: Found class java.lang.Object, but interface was expected> (0x0000000744d8fe10) 
thrown [s\src\hotspot\share\interpreter\linkResolver.cpp, line 826]
Event: 10.533 Thread 0x0000023d98c20370 Exception <a 'java/lang/reflect/InvocationTargetException'{0x0000000744978380}> (0x0000000744978380) 
thrown [s\src\hotspot\share\runtime\reflection.cpp, line 1128]
Event: 10.547 Thread 0x0000023d98c20370 Exception <a 'java/lang/NoSuchMethodError'{0x00000007449e0090}: 'int java.lang.invoke.DirectMethodHandle$Holder.invokeStatic(java.lang.Object, java.lang.Object, int)'> (0x00000007449e0090) 
thrown [s\src\hotspot\share\interpreter\linkResolver.cpp, line 759]
Event: 10.558 Thread 0x0000023d98c20370 Exception <a 'java/lang/IncompatibleClassChangeError'{0x0000000744628388}: Found class java.lang.Object, but interface was expected> (0x0000000744628388) 
thrown [s\src\hotspot\share\interpreter\linkResolver.cpp, line 826]
Event: 10.630 Thread 0x0000023d98c20370 Exception <a 'java/lang/NoSuchMethodError'{0x00000007447df500}: 'java.lang.Object java.lang.invoke.DirectMethodHandle$Holder.invokeStatic(java.lang.Object, int, java.lang.Object)'> (0x00000007447df500) 
thrown [s\src\hotspot\share\interpreter\linkResolver.cpp, line 759]
Event: 11.088 Thread 0x0000023d98c20370 Exception <a 'sun/nio/fs/WindowsException'{0x0000000744fd21c0}> (0x0000000744fd21c0) 
thrown [s\src\hotspot\share\prims\jni.cpp, line 516]
Event: 11.160 Thread 0x0000023d98c20370 Exception <a 'java/lang/IncompatibleClassChangeError'{0x0000000744b41b28}: Found class java.lang.Object, but interface was expected> (0x0000000744b41b28) 
thrown [s\src\hotspot\share\interpreter\linkResolver.cpp, line 826]
Event: 11.225 Thread 0x0000023d98c20370 Exception <a 'java/lang/NoSuchMethodError'{0x00000007448f9188}: 'void java.lang.invoke.DirectMethodHandle$Holder.invokeVirtual(java.lang.Object, java.lang.Object, long)'> (0x00000007448f9188) 
thrown [s\src\hotspot\share\interpreter\linkResolver.cpp, line 759]
Event: 11.354 Thread 0x0000023d98c20370 Exception <a 'java/lang/IncompatibleClassChangeError'{0x000000074dd559c0}: Found class java.lang.Object, but interface was expected> (0x000000074dd559c0) 
thrown [s\src\hotspot\share\interpreter\linkResolver.cpp, line 826]
Event: 11.368 Thread 0x0000023d98c20370 Implicit null exception at 0x0000023d4185ccc0 to 0x0000023d4185cec4
Event: 11.535 Thread 0x0000023d98c20370 Exception <a 'java/lang/NoSuchMethodError'{0x00000007498cffa8}: 'java.lang.Object java.lang.invoke.DirectMethodHandle$Holder.newInvokeSpecial(java.lang.Object, java.lang.Object, int, java.lang.Object, java.lang.Object)'> (0x00000007498cffa8) 
thrown [s\src\hotspot\share\interpreter\linkResolver.cpp, line 759]
Event: 11.536 Thread 0x0000023d98c20370 Exception <a 'java/lang/NoSuchMethodError'{0x00000007498db240}: 'java.lang.Object java.lang.invoke.DirectMethodHandle$Holder.invokeSpecial(java.lang.Object, java.lang.Object, int, java.lang.Object, int, java.lang.Object)'> (0x00000007498db240) 
thrown [s\src\hotspot\share\interpreter\linkResolver.cpp, line 759]
Event: 11.537 Thread 0x0000023d98c20370 Exception <a 'java/lang/NoSuchMethodError'{0x00000007498e34b8}: 'java.lang.Object java.lang.invoke.DirectMethodHandle$Holder.newInvokeSpecial(java.lang.Object, java.lang.Object, int, java.lang.Object, int)'> (0x00000007498e34b8) 
thrown [s\src\hotspot\share\interpreter\linkResolver.cpp, line 759]
Event: 11.538 Thread 0x0000023d98c20370 Exception <a 'java/lang/NoSuchMethodError'{0x00000007498e75b8}: 'java.lang.Object java.lang.invoke.DirectMethodHandle$Holder.invokeSpecial(java.lang.Object, java.lang.Object, java.lang.Object, int, java.lang.Object, int)'> (0x00000007498e75b8) 
thrown [s\src\hotspot\share\interpreter\linkResolver.cpp, line 759]
Event: 148.122 Thread 0x0000023d99e748f0 Exception <a 'java/lang/NoSuchMethodError'{0x000000074dc31d58}: 'java.lang.Object java.lang.invoke.DirectMethodHandle$Holder.invokeSpecial(java.lang.Object, java.lang.Object, java.lang.Object, java.lang.Object, java.lang.Object, long)'> (0x000000074dc31d58) 
thrown [s\src\hotspot\share\interpreter\linkResolver.cpp, line 759]
Event: 148.122 Thread 0x0000023d99e748f0 Exception <a 'java/lang/NoSuchMethodError'{0x000000074dc35af0}: 'java.lang.Object java.lang.invoke.Invokers$Holder.linkToTargetMethod(java.lang.Object, java.lang.Object, java.lang.Object, long, java.lang.Object)'> (0x000000074dc35af0) 
thrown [s\src\hotspot\share\interpreter\linkResolver.cpp, line 759]
Event: 148.423 Thread 0x0000023d99e748f0 Exception <a 'java/lang/NoSuchMethodError'{0x000000074985c0d8}: 'java.lang.Object java.lang.invoke.DirectMethodHandle$Holder.invokeInterface(java.lang.Object, java.lang.Object, java.lang.Object, java.lang.Object)'> (0x000000074985c0d8) 
thrown [s\src\hotspot\share\interpreter\linkResolver.cpp, line 759]

VM Operations (20 events):
Event: 75.385 Executing VM operation: Cleanup
Event: 75.385 Executing VM operation: Cleanup done
Event: 77.400 Executing VM operation: Cleanup
Event: 77.400 Executing VM operation: Cleanup done
Event: 107.600 Executing VM operation: Cleanup
Event: 107.600 Executing VM operation: Cleanup done
Event: 109.602 Executing VM operation: Cleanup
Event: 109.602 Executing VM operation: Cleanup done
Event: 148.102 Executing VM operation: CollectForMetadataAllocation
Event: 148.109 Executing VM operation: CollectForMetadataAllocation done
Event: 148.186 Executing VM operation: G1PauseRemark
Event: 148.199 Executing VM operation: G1PauseRemark done
Event: 148.204 Executing VM operation: HandshakeAllThreads
Event: 148.204 Executing VM operation: HandshakeAllThreads done
Event: 148.205 Executing VM operation: HandshakeAllThreads
Event: 148.205 Executing VM operation: HandshakeAllThreads done
Event: 148.234 Executing VM operation: G1PauseCleanup
Event: 148.234 Executing VM operation: G1PauseCleanup done
Event: 148.309 Executing VM operation: HandshakeAllThreads
Event: 148.309 Executing VM operation: HandshakeAllThreads done

Memory protections (0 events):
No events

Nmethod flushes (20 events):
Event: 11.084 Thread 0x0000023d529ffbc0 flushing  nmethod 0x0000023d3a57a590
Event: 11.084 Thread 0x0000023d529ffbc0 flushing  nmethod 0x0000023d3a57b590
Event: 11.084 Thread 0x0000023d529ffbc0 flushing  nmethod 0x0000023d3a57ba10
Event: 11.084 Thread 0x0000023d529ffbc0 flushing  nmethod 0x0000023d3a57e290
Event: 11.084 Thread 0x0000023d529ffbc0 flushing  nmethod 0x0000023d3a57f590
Event: 11.084 Thread 0x0000023d529ffbc0 flushing  nmethod 0x0000023d3a581610
Event: 11.085 Thread 0x0000023d529ffbc0 flushing  nmethod 0x0000023d3a584910
Event: 11.085 Thread 0x0000023d529ffbc0 flushing  nmethod 0x0000023d3a584c90
Event: 11.085 Thread 0x0000023d529ffbc0 flushing  nmethod 0x0000023d3a585010
Event: 11.085 Thread 0x0000023d529ffbc0 flushing  nmethod 0x0000023d3a585390
Event: 11.085 Thread 0x0000023d529ffbc0 flushing  nmethod 0x0000023d3a588790
Event: 11.085 Thread 0x0000023d529ffbc0 flushing  nmethod 0x0000023d3a590f10
Event: 11.085 Thread 0x0000023d529ffbc0 flushing  nmethod 0x0000023d3a59c810
Event: 11.085 Thread 0x0000023d529ffbc0 flushing  nmethod 0x0000023d3a674610
Event: 11.085 Thread 0x0000023d529ffbc0 flushing  nmethod 0x0000023d3a677810
Event: 11.085 Thread 0x0000023d529ffbc0 flushing  nmethod 0x0000023d3a678510
Event: 11.085 Thread 0x0000023d529ffbc0 flushing  nmethod 0x0000023d3a689190
Event: 11.085 Thread 0x0000023d529ffbc0 flushing  nmethod 0x0000023d3a689910
Event: 11.085 Thread 0x0000023d529ffbc0 flushing  nmethod 0x0000023d3a68a010
Event: 11.086 Thread 0x0000023d529ffbc0 flushing  nmethod 0x0000023d3a6e2110

Events (20 events):
Event: 11.508 Thread 0x0000023d99e74e00 Thread exited: 0x0000023d99e74e00
Event: 11.550 Thread 0x0000023d98c20370 Thread added: 0x0000023d99e748f0
Event: 11.551 Thread 0x0000023d98c20370 Thread added: 0x0000023d99e74e00
Event: 11.551 Thread 0x0000023d98c20370 Thread added: 0x0000023d99e72fa0
Event: 11.551 Thread 0x0000023d98c20370 Thread added: 0x0000023d99e734b0
Event: 11.551 Thread 0x0000023d98c20370 Thread added: 0x0000023d99e743e0
Event: 11.551 Thread 0x0000023d98c20370 Thread added: 0x0000023d99e75310
Event: 11.551 Thread 0x0000023d98c20370 Thread added: 0x0000023d99e72070
Event: 11.551 Thread 0x0000023d98c20370 Thread added: 0x0000023d99e72580
Event: 11.551 Thread 0x0000023d98c20370 Thread added: 0x0000023d99e75820
Event: 11.551 Thread 0x0000023d98c20370 Thread added: 0x0000023d99e72a90
Event: 11.572 Thread 0x0000023d98c20370 Thread added: 0x0000023d9cbde840
Event: 11.574 Thread 0x0000023d98c20370 Thread added: 0x0000023d9cbe1ff0
Event: 11.604 Thread 0x0000023d98c20370 Thread exited: 0x0000023d98c20370
Event: 11.607 Thread 0x0000023d989dfdb0 Thread exited: 0x0000023d989dfdb0
Event: 11.607 Thread 0x0000023d3093bbd0 Thread exited: 0x0000023d3093bbd0
Event: 11.607 Thread 0x0000023d9cbded50 Thread added: 0x0000023d9cbded50
Event: 13.572 Thread 0x0000023d52e5fbe0 Thread exited: 0x0000023d52e5fbe0
Event: 14.173 Thread 0x0000023d98c3ba10 Thread exited: 0x0000023d98c3ba10
Event: 148.268 Thread 0x0000023d529dd290 Thread added: 0x0000023d52e36220


Dynamic libraries:
0x00007ff604d70000 - 0x00007ff604d7e000 	C:\Users\Donguinha\.gradle\jdks\eclipse_adoptium-17-amd64-windows.2\bin\java.exe
0x00007ff8fc6f0000 - 0x00007ff8fc8e8000 	C:\WINDOWS\SYSTEM32\ntdll.dll
0x00007ff8fb5e0000 - 0x00007ff8fb6a2000 	C:\WINDOWS\System32\KERNEL32.DLL
0x00007ff8fa370000 - 0x00007ff8fa666000 	C:\WINDOWS\System32\KERNELBASE.dll
0x00007ff8f9d90000 - 0x00007ff8f9e90000 	C:\WINDOWS\System32\ucrtbase.dll
0x00007ff8de380000 - 0x00007ff8de397000 	C:\Users\Donguinha\.gradle\jdks\eclipse_adoptium-17-amd64-windows.2\bin\jli.dll
0x00007ff8da090000 - 0x00007ff8da0ae000 	C:\Users\Donguinha\.gradle\jdks\eclipse_adoptium-17-amd64-windows.2\bin\VCRUNTIME140.dll
0x00007ff8fb3a0000 - 0x00007ff8fb53d000 	C:\WINDOWS\System32\USER32.dll
0x00007ff8fa670000 - 0x00007ff8fa692000 	C:\WINDOWS\System32\win32u.dll
0x00007ff8e8b20000 - 0x00007ff8e8dba000 	C:\WINDOWS\WinSxS\amd64_microsoft.windows.common-controls_6595b64144ccf1df_6.0.19041.5794_none_60bcd33171f2783c\COMCTL32.dll
0x00007ff8fb6e0000 - 0x00007ff8fb70b000 	C:\WINDOWS\System32\GDI32.dll
0x00007ff8fb540000 - 0x00007ff8fb5de000 	C:\WINDOWS\System32\msvcrt.dll
0x00007ff8f9e90000 - 0x00007ff8f9faa000 	C:\WINDOWS\System32\gdi32full.dll
0x00007ff8f9fb0000 - 0x00007ff8fa04d000 	C:\WINDOWS\System32\msvcp_win.dll
0x00007ff8fbc20000 - 0x00007ff8fbc4f000 	C:\WINDOWS\System32\IMM32.DLL
0x00007ff8e45c0000 - 0x00007ff8e45cc000 	C:\Users\Donguinha\.gradle\jdks\eclipse_adoptium-17-amd64-windows.2\bin\vcruntime140_1.dll
0x00007ff8d4e50000 - 0x00007ff8d4edd000 	C:\Users\Donguinha\.gradle\jdks\eclipse_adoptium-17-amd64-windows.2\bin\msvcp140.dll
0x00007ff8c3700000 - 0x00007ff8c436b000 	C:\Users\Donguinha\.gradle\jdks\eclipse_adoptium-17-amd64-windows.2\bin\server\jvm.dll
0x00007ff8fb010000 - 0x00007ff8fb0bf000 	C:\WINDOWS\System32\ADVAPI32.dll
0x00007ff8fbab0000 - 0x00007ff8fbb4f000 	C:\WINDOWS\System32\sechost.dll
0x00007ff8fb7e0000 - 0x00007ff8fb903000 	C:\WINDOWS\System32\RPCRT4.dll
0x00007ff8fa6f0000 - 0x00007ff8fa717000 	C:\WINDOWS\System32\bcrypt.dll
0x00007ff8fbbb0000 - 0x00007ff8fbc1b000 	C:\WINDOWS\System32\WS2_32.dll
0x00007ff8f9900000 - 0x00007ff8f994b000 	C:\WINDOWS\SYSTEM32\POWRPROF.dll
0x00007ff8e39c0000 - 0x00007ff8e39e7000 	C:\WINDOWS\SYSTEM32\WINMM.dll
0x00007ff8e3970000 - 0x00007ff8e397a000 	C:\WINDOWS\SYSTEM32\VERSION.dll
0x00007ff8f97f0000 - 0x00007ff8f9802000 	C:\WINDOWS\SYSTEM32\UMPDC.dll
0x00007ff8f7af0000 - 0x00007ff8f7b02000 	C:\WINDOWS\SYSTEM32\kernel.appcore.dll
0x00007ff8e2ff0000 - 0x00007ff8e2ffa000 	C:\Users\Donguinha\.gradle\jdks\eclipse_adoptium-17-amd64-windows.2\bin\jimage.dll
0x00007ff8e4db0000 - 0x00007ff8e4fb1000 	C:\WINDOWS\SYSTEM32\DBGHELP.DLL
0x00007ff8e4d70000 - 0x00007ff8e4da4000 	C:\WINDOWS\SYSTEM32\dbgcore.DLL
0x00007ff8fa2e0000 - 0x00007ff8fa362000 	C:\WINDOWS\System32\bcryptPrimitives.dll
0x00007ff8f3560000 - 0x00007ff8f356e000 	C:\Users\Donguinha\.gradle\jdks\eclipse_adoptium-17-amd64-windows.2\bin\instrument.dll
0x00007ff8d6b20000 - 0x00007ff8d6b45000 	C:\Users\Donguinha\.gradle\jdks\eclipse_adoptium-17-amd64-windows.2\bin\java.dll
0x00007ff8d45e0000 - 0x00007ff8d46b7000 	C:\Users\Donguinha\.gradle\jdks\eclipse_adoptium-17-amd64-windows.2\bin\jsvml.dll
0x00007ff8fbf40000 - 0x00007ff8fc6ae000 	C:\WINDOWS\System32\SHELL32.dll
0x00007ff8f7dd0000 - 0x00007ff8f8573000 	C:\WINDOWS\SYSTEM32\windows.storage.dll
0x00007ff8fac50000 - 0x00007ff8fafa3000 	C:\WINDOWS\System32\combase.dll
0x00007ff8f9750000 - 0x00007ff8f977b000 	C:\WINDOWS\SYSTEM32\Wldp.dll
0x00007ff8fb710000 - 0x00007ff8fb7dd000 	C:\WINDOWS\System32\OLEAUT32.dll
0x00007ff8fb910000 - 0x00007ff8fb9bd000 	C:\WINDOWS\System32\SHCORE.dll
0x00007ff8fa720000 - 0x00007ff8fa775000 	C:\WINDOWS\System32\shlwapi.dll
0x00007ff8f9cc0000 - 0x00007ff8f9ce5000 	C:\WINDOWS\SYSTEM32\profapi.dll
0x00007ff8d83b0000 - 0x00007ff8d83c8000 	C:\Users\Donguinha\.gradle\jdks\eclipse_adoptium-17-amd64-windows.2\bin\zip.dll
0x00007ff8d8ce0000 - 0x00007ff8d8cf9000 	C:\Users\Donguinha\.gradle\jdks\eclipse_adoptium-17-amd64-windows.2\bin\net.dll
0x00007ff8f24f0000 - 0x00007ff8f25fa000 	C:\WINDOWS\SYSTEM32\WINHTTP.dll
0x00007ff8f9400000 - 0x00007ff8f946c000 	C:\WINDOWS\system32\mswsock.dll
0x00007ff8d85d0000 - 0x00007ff8d85e6000 	C:\Users\Donguinha\.gradle\jdks\eclipse_adoptium-17-amd64-windows.2\bin\nio.dll
0x00007ff8e9fc0000 - 0x00007ff8e9fda000 	C:\Program Files\JetBrains\IntelliJ IDEA Community Edition 2023.3.3\bin\breakgen64.dll
0x00007ff8e1f80000 - 0x00007ff8e1f89000 	C:\Users\Donguinha\.gradle\jdks\eclipse_adoptium-17-amd64-windows.2\bin\extnet.dll
0x00007ff8d82f0000 - 0x00007ff8d8300000 	C:\Users\Donguinha\.gradle\jdks\eclipse_adoptium-17-amd64-windows.2\bin\verify.dll
0x00007ff8e8300000 - 0x00007ff8e830a000 	C:\Users\Donguinha\.gradle\jdks\eclipse_adoptium-17-amd64-windows.2\bin\management.dll
0x00007ff8e82f0000 - 0x00007ff8e82fb000 	C:\Users\Donguinha\.gradle\jdks\eclipse_adoptium-17-amd64-windows.2\bin\management_ext.dll
0x00007ff8fb9c0000 - 0x00007ff8fb9c8000 	C:\WINDOWS\System32\PSAPI.DLL
0x00007ff8e7f00000 - 0x00007ff8e7f0e000 	C:\Users\Donguinha\.gradle\jdks\eclipse_adoptium-17-amd64-windows.2\bin\sunmscapi.dll
0x00007ff8fa180000 - 0x00007ff8fa2dd000 	C:\WINDOWS\System32\CRYPT32.dll
0x00007ff8f97c0000 - 0x00007ff8f97e7000 	C:\WINDOWS\SYSTEM32\ncrypt.dll
0x00007ff8f9780000 - 0x00007ff8f97bb000 	C:\WINDOWS\SYSTEM32\NTASN1.dll
0x00007ff8f9690000 - 0x00007ff8f96a8000 	C:\WINDOWS\SYSTEM32\CRYPTSP.dll
0x00007ff8f8d30000 - 0x00007ff8f8d68000 	C:\WINDOWS\system32\rsaenh.dll
0x00007ff8f9c40000 - 0x00007ff8f9c6e000 	C:\WINDOWS\SYSTEM32\USERENV.dll
0x00007ff8f9680000 - 0x00007ff8f968c000 	C:\WINDOWS\SYSTEM32\CRYPTBASE.dll
0x00007ff8f9100000 - 0x00007ff8f913b000 	C:\WINDOWS\SYSTEM32\IPHLPAPI.DLL
0x00007ff8fbd80000 - 0x00007ff8fbd88000 	C:\WINDOWS\System32\NSI.dll
0x00007ff8f3ec0000 - 0x00007ff8f3ed7000 	C:\WINDOWS\SYSTEM32\dhcpcsvc6.DLL
0x00007ff8f3ea0000 - 0x00007ff8f3ebd000 	C:\WINDOWS\SYSTEM32\dhcpcsvc.DLL
0x00007ff8f9140000 - 0x00007ff8f920a000 	C:\WINDOWS\SYSTEM32\DNSAPI.dll
0x00007ff8ea2e0000 - 0x00007ff8ea2ea000 	C:\Windows\System32\rasadhlp.dll
0x00007ff8eb730000 - 0x00007ff8eb7b0000 	C:\WINDOWS\System32\fwpuclnt.dll
0x00007ff8e8460000 - 0x00007ff8e8467000 	C:\WINDOWS\system32\wshunix.dll

dbghelp: loaded successfully - version: 4.0.5 - missing functions: none
symbol engine: initialized successfully - sym options: 0x614 - pdb path: .;C:\Users\Donguinha\.gradle\jdks\eclipse_adoptium-17-amd64-windows.2\bin;C:\WINDOWS\SYSTEM32;C:\WINDOWS\WinSxS\amd64_microsoft.windows.common-controls_6595b64144ccf1df_6.0.19041.5794_none_60bcd33171f2783c;C:\Users\Donguinha\.gradle\jdks\eclipse_adoptium-17-amd64-windows.2\bin\server;C:\Program Files\JetBrains\IntelliJ IDEA Community Edition 2023.3.3\bin

VM Arguments:
jvm_args: -javaagent:C:\Program Files\JetBrains\IntelliJ IDEA Community Edition 2023.3.3\lib\idea_rt.jar=62806:C:\Program Files\JetBrains\IntelliJ IDEA Community Edition 2023.3.3\bin -Dfile.encoding=UTF-8 
java_command: com.backend.api.BackendApiApplication
java_class_path (initial): C:\Users\Donguinha\IdeaProjects\d2win_backend\target\classes;C:\Users\Donguinha\.m2\repository\org\springframework\boot\spring-boot-starter-web\3.2.5\spring-boot-starter-web-3.2.5.jar;C:\Users\Donguinha\.m2\repository\org\springframework\boot\spring-boot-starter\3.2.5\spring-boot-starter-3.2.5.jar;C:\Users\Donguinha\.m2\repository\org\springframework\boot\spring-boot-starter-logging\3.2.5\spring-boot-starter-logging-3.2.5.jar;C:\Users\Donguinha\.m2\repository\ch\qos\logback\logback-classic\1.4.14\logback-classic-1.4.14.jar;C:\Users\Donguinha\.m2\repository\ch\qos\logback\logback-core\1.4.14\logback-core-1.4.14.jar;C:\Users\Donguinha\.m2\repository\org\apache\logging\log4j\log4j-to-slf4j\2.21.1\log4j-to-slf4j-2.21.1.jar;C:\Users\Donguinha\.m2\repository\org\apache\logging\log4j\log4j-api\2.21.1\log4j-api-2.21.1.jar;C:\Users\Donguinha\.m2\repository\org\slf4j\jul-to-slf4j\2.0.13\jul-to-slf4j-2.0.13.jar;C:\Users\Donguinha\.m2\repository\jakarta\annotation\jakarta.annotation-api\2.1.1\jakarta.annotation-api-2.1.1.jar;C:\Users\Donguinha\.m2\repository\org\yaml\snakeyaml\2.2\snakeyaml-2.2.jar;C:\Users\Donguinha\.m2\repository\org\springframework\boot\spring-boot-starter-json\3.2.5\spring-boot-starter-json-3.2.5.jar;C:\Users\Donguinha\.m2\repository\com\fasterxml\jackson\core\jackson-databind\2.15.4\jackson-databind-2.15.4.jar;C:\Users\Donguinha\.m2\repository\com\fasterxml\jackson\core\jackson-annotations\2.15.4\jackson-annotations-2.15.4.jar;C:\Users\Donguinha\.m2\repository\com\fasterxml\jackson\core\jackson-core\2.15.4\jackson-core-2.15.4.jar;C:\Users\Donguinha\.m2\repository\com\fasterxml\jackson\datatype\jackson-datatype-jdk8\2.15.4\jackson-datatype-jdk8-2.15.4.jar;C:\Users\Donguinha\.m2\repository\com\fasterxml\jackson\datatype\jackson-datatype-jsr310\2.15.4\jackson-datatype-jsr310-2.15.4.jar;C:\Users\Donguinha\.m2\repository\com\fasterxml\jackson\module\jackson-module-parameter-names\2.15.4\jackson-module-parameter-names-2.15.4.jar;C:\U
Launcher Type: SUN_STANDARD

[Global flags]
     intx CICompilerCount                          = 3                                         {product} {ergonomic}
     uint ConcGCThreads                            = 1                                         {product} {ergonomic}
     uint G1ConcRefinementThreads                  = 4                                         {product} {ergonomic}
   size_t G1HeapRegionSize                         = 2097152                                   {product} {ergonomic}
    uintx GCDrainStackTargetSize                   = 64                                        {product} {ergonomic}
   size_t InitialHeapSize                          = 201326592                                 {product} {ergonomic}
   size_t MarkStackSize                            = 4194304                                   {product} {ergonomic}
   size_t MaxHeapSize                              = 3189768192                                {product} {ergonomic}
   size_t MaxNewSize                               = 1912602624                                {product} {ergonomic}
   size_t MinHeapDeltaBytes                        = 2097152                                   {product} {ergonomic}
   size_t MinHeapSize                              = 8388608                                   {product} {ergonomic}
    uintx NonNMethodCodeHeapSize                   = 5832780                                {pd product} {ergonomic}
    uintx NonProfiledCodeHeapSize                  = 122912730                              {pd product} {ergonomic}
    uintx ProfiledCodeHeapSize                     = 122912730                              {pd product} {ergonomic}
    uintx ReservedCodeCacheSize                    = 251658240                              {pd product} {ergonomic}
     bool SegmentedCodeCache                       = true                                      {product} {ergonomic}
   size_t SoftMaxHeapSize                          = 3189768192                             {manageable} {ergonomic}
     bool UseCompressedClassPointers               = true                           {product lp64_product} {ergonomic}
     bool UseCompressedOops                        = true                           {product lp64_product} {ergonomic}
     bool UseG1GC                                  = true                                      {product} {ergonomic}
     bool UseLargePagesIndividualAllocation        = false                                  {pd product} {ergonomic}

Logging:
Log output configuration:
 #0: stdout all=warning uptime,level,tags
 #1: stderr all=off uptime,level,tags

Environment Variables:
PATH=C:\Program Files\Common Files\Oracle\Java\javapath;C:\ProgramData\Oracle\Java\javapath;C:\WINDOWS\system32;C:\WINDOWS;C:\WINDOWS\System32\Wbem;C:\WINDOWS\System32\WindowsPowerShell\v1.0\;C:\WINDOWS\System32\OpenSSH\;C:\Program Files\SafeNet\Authentication\SAC\x64;C:\Program Files\SafeNet\Authentication\SAC\x32;C:\ProgramData\chocolatey\bin;C:\Program Files (x86)\Microsoft SQL Server\160\DTS\Binn\;C:\Program Files (x86)\Microsoft SQL Server\160\Tools\Binn\;C:\Program Files\Microsoft SQL Server\160\Tools\Binn\;C:\Program Files\Microsoft SQL Server\Client SDK\ODBC\170\Tools\Binn\;C:\Program Files\Microsoft SQL Server\160\DTS\Binn\;C:\Program Files\nodejs\;C:\Program Files\Git\cmd;C:\Users\Donguinha\AppData\Local\Microsoft\WindowsApps;;C:\Users\Donguinha\AppData\Local\Programs\Microsoft VS Code\bin;C:\Users\Donguinha\AppData\Roaming\npm
USERNAME=Donguinha
OS=Windows_NT
PROCESSOR_IDENTIFIER=Intel64 Family 6 Model 142 Stepping 9, GenuineIntel
TMP=C:\Users\DONGUI~1\AppData\Local\Temp
TEMP=C:\Users\DONGUI~1\AppData\Local\Temp



Periodic native trim disabled


---------------  S Y S T E M  ---------------

OS:
 Windows 10 , 64 bit Build 19041 (10.0.19041.5794)
OS uptime: 0 days 8:17 hours
Hyper-V role detected

CPU: total 4 (initial active 4) (2 cores per cpu, 2 threads per core) family 6 model 142 stepping 9 microcode 0xb4, cx8, cmov, fxsr, ht, mmx, 3dnowpref, sse, sse2, sse3, ssse3, sse4.1, sse4.2, popcnt, lzcnt, tsc, tscinvbit, avx, avx2, aes, erms, clmul, bmi1, bmi2, adx, fma, vzeroupper, clflush, clflushopt, hv
Processor Information for all 4 processors :
  Max Mhz: 2712, Current Mhz: 2511, Mhz Limit: 2495

Memory: 4k page, system-wide physical 12163M (658M free)
TotalPageFile size 12163M (AvailPageFile size 5M)
current process WorkingSet (physical memory assigned to process): 228M, peak: 253M
current process commit charge ("private bytes"): 261M, peak: 336M

vm_info: OpenJDK 64-Bit Server VM (17.0.13+11) for windows-amd64 JRE (17.0.13+11), built on Oct 16 2024 00:10:08 by "admin" with MS VC++ 17.7 (VS2022)

END.
