#
# There is insufficient memory for the Java Runtime Environment to continue.
# Native memory allocation (malloc) failed to allocate 566480 bytes. Error detail: Chunk::new
# Possible reasons:
#   The system is out of physical RAM or swap space
#   This process is running with CompressedOops enabled, and the Java Heap may be blocking the growth of the native heap
# Possible solutions:
#   Reduce memory load on the system
#   Increase physical memory or swap space
#   Check if swap backing store is full
#   Decrease Java heap size (-Xmx/-Xms)
#   Decrease number of Java threads
#   Decrease Java thread stack sizes (-Xss)
#   Set larger code cache with -XX:ReservedCodeCacheSize=
#   JVM is running with Zero Based Compressed Oops mode in which the Java heap is
#     placed in the first 32GB address space. The Java Heap base address is the
#     maximum limit for the native heap growth. Please use -XX:HeapBaseMinAddress
#     to set the Java Heap base and to place the Java Heap above 32GB virtual address.
# This output file may be truncated or incomplete.
#
#  Out of Memory Error (arena.cpp:191), pid=14320, tid=12584
#
# JRE version: OpenJDK Runtime Environment Temurin-17.0.13+11 (17.0.13+11) (build 17.0.13+11)
# Java VM: OpenJDK 64-Bit Server VM Temurin-17.0.13+11 (17.0.13+11, mixed mode, sharing, tiered, compressed oops, compressed class ptrs, g1 gc, windows-amd64)
# No core dump will be written. Minidumps are not enabled by default on client versions of Windows
#

---------------  S U M M A R Y ------------

Command Line: -javaagent:C:\Program Files\JetBrains\IntelliJ IDEA Community Edition 2023.3.3\lib\idea_rt.jar=62116:C:\Program Files\JetBrains\IntelliJ IDEA Community Edition 2023.3.3\bin -Dfile.encoding=UTF-8 com.backend.api.BackendApiApplication

Host: Intel(R) Core(TM) i5-7200U CPU @ 2.50GHz, 4 cores, 11G,  Windows 10 , 64 bit Build 19041 (10.0.19041.5794)
Time: Mon Jun  2 07:40:26 2025 Hora oficial do Brasil elapsed time: 12.268438 seconds (0d 0h 0m 12s)

---------------  T H R E A D  ---------------

Current thread (0x000001ad1eb16af0):  JavaThread "C2 CompilerThread1" daemon [_thread_in_native, id=12584, stack(0x000000313d900000,0x000000313da00000)]


Current CompileTask:
C2:  12268 5537   !   4       org.springframework.core.annotation.AnnotationsScanner::processClassHierarchy (234 bytes)

Stack: [0x000000313d900000,0x000000313da00000]
Native frames: (J=compiled Java code, j=interpreted, Vv=VM code, C=native code)
V  [jvm.dll+0x682a19]
V  [jvm.dll+0x839538]
V  [jvm.dll+0x83afe3]
V  [jvm.dll+0x83b653]
V  [jvm.dll+0x24704f]
V  [jvm.dll+0xace34]
V  [jvm.dll+0xad4cc]
V  [jvm.dll+0x11dd54]
V  [jvm.dll+0x614a93]
V  [jvm.dll+0x61312c]
V  [jvm.dll+0x217ece]
V  [jvm.dll+0x21748f]
V  [jvm.dll+0x1a3070]
V  [jvm.dll+0x22788c]
V  [jvm.dll+0x2259eb]
V  [jvm.dll+0x7eec98]
V  [jvm.dll+0x7e8ffc]
V  [jvm.dll+0x6818f7]
C  [ucrtbase.dll+0x21bb2]
C  [KERNEL32.DLL+0x17374]
C  [ntdll.dll+0x4cc91]


---------------  P R O C E S S  ---------------

Threads class SMR info:
_java_thread_list=0x000001ad1fa14b40, length=22, elements={
0x000001acb6eaaa40, 0x000001acd6fc9570, 0x000001acd6fca3f0, 0x000001acd6fde190,
0x000001acd6fdfd60, 0x000001acd6fe0920, 0x000001acd6fe33f0, 0x000001acd6fe40e0,
0x000001acd6fe5af0, 0x000001acd7168030, 0x000001acd6fb2e30, 0x000001acd7650490,
0x000001acd76101c0, 0x000001ad1d0b1c80, 0x000001acd7b76bd0, 0x000001ad1e4fd3c0,
0x000001ad1e500150, 0x000001ad1e4fd8d0, 0x000001ad1e4fdde0, 0x000001ad1e4fe2f0,
0x000001ad1e4fe800, 0x000001ad1eb16af0
}

Java Threads: ( => current thread )
  0x000001acb6eaaa40 JavaThread "main" [_thread_blocked, id=4624, stack(0x000000313c800000,0x000000313c900000)]
  0x000001acd6fc9570 JavaThread "Reference Handler" daemon [_thread_blocked, id=1992, stack(0x000000313cf00000,0x000000313d000000)]
  0x000001acd6fca3f0 JavaThread "Finalizer" daemon [_thread_blocked, id=19572, stack(0x000000313d000000,0x000000313d100000)]
  0x000001acd6fde190 JavaThread "Signal Dispatcher" daemon [_thread_blocked, id=7192, stack(0x000000313d100000,0x000000313d200000)]
  0x000001acd6fdfd60 JavaThread "Attach Listener" daemon [_thread_blocked, id=9604, stack(0x000000313d200000,0x000000313d300000)]
  0x000001acd6fe0920 JavaThread "Service Thread" daemon [_thread_blocked, id=15600, stack(0x000000313d300000,0x000000313d400000)]
  0x000001acd6fe33f0 JavaThread "Monitor Deflation Thread" daemon [_thread_blocked, id=2324, stack(0x000000313d400000,0x000000313d500000)]
  0x000001acd6fe40e0 JavaThread "C2 CompilerThread0" daemon [_thread_in_native, id=16868, stack(0x000000313d500000,0x000000313d600000)]
  0x000001acd6fe5af0 JavaThread "C1 CompilerThread0" daemon [_thread_blocked, id=7656, stack(0x000000313d600000,0x000000313d700000)]
  0x000001acd7168030 JavaThread "Sweeper thread" daemon [_thread_blocked, id=19424, stack(0x000000313d700000,0x000000313d800000)]
  0x000001acd6fb2e30 JavaThread "Common-Cleaner" daemon [_thread_blocked, id=17332, stack(0x000000313d800000,0x000000313d900000)]
  0x000001acd7650490 JavaThread "Monitor Ctrl-Break" daemon [_thread_in_native, id=8240, stack(0x000000313da00000,0x000000313db00000)]
  0x000001acd76101c0 JavaThread "Notification Thread" daemon [_thread_blocked, id=16956, stack(0x000000313db00000,0x000000313dc00000)]
  0x000001ad1d0b1c80 JavaThread "Thread-0" [_thread_blocked, id=20016, stack(0x000000313e000000,0x000000313e100000)]
  0x000001acd7b76bd0 JavaThread "restartedMain" [_thread_in_native, id=3912, stack(0x000000313e100000,0x000000313e200000)]
  0x000001ad1e4fd3c0 JavaThread "Catalina-utility-1" [_thread_blocked, id=12096, stack(0x000000313e300000,0x000000313e400000)]
  0x000001ad1e500150 JavaThread "Catalina-utility-2" [_thread_blocked, id=8984, stack(0x000000313e400000,0x000000313e500000)]
  0x000001ad1e4fd8d0 JavaThread "container-0" [_thread_blocked, id=17520, stack(0x000000313e500000,0x000000313e600000)]
  0x000001ad1e4fdde0 JavaThread "PostgreSQL-JDBC-Cleaner" daemon [_thread_blocked, id=12640, stack(0x000000313e700000,0x000000313e800000)]
  0x000001ad1e4fe2f0 JavaThread "HikariPool-1 housekeeper" daemon [_thread_blocked, id=16756, stack(0x000000313e800000,0x000000313e900000)]
  0x000001ad1e4fe800 JavaThread "HikariPool-1 connection adder" daemon [_thread_blocked, id=11684, stack(0x000000313e900000,0x000000313ea00000)]
=>0x000001ad1eb16af0 JavaThread "C2 CompilerThread1" daemon [_thread_in_native, id=12584, stack(0x000000313d900000,0x000000313da00000)]

Other Threads:
  0x000001acd6fc1e60 VMThread "VM Thread" [stack: 0x000000313ce00000,0x000000313cf00000] [id=17288]
  0x000001acd76af7d0 WatcherThread [stack: 0x000000313dc00000,0x000000313dd00000] [id=14972]
  0x000001acb6f01260 GCTaskThread "GC Thread#0" [stack: 0x000000313c900000,0x000000313ca00000] [id=7744]
  0x000001acd7840f60 GCTaskThread "GC Thread#1" [stack: 0x000000313dd00000,0x000000313de00000] [id=11916]
  0x000001acd7687200 GCTaskThread "GC Thread#2" [stack: 0x000000313de00000,0x000000313df00000] [id=1400]
  0x000001acd76874c0 GCTaskThread "GC Thread#3" [stack: 0x000000313df00000,0x000000313e000000] [id=19580]
  0x000001acb6f0dfc0 ConcurrentGCThread "G1 Main Marker" [stack: 0x000000313ca00000,0x000000313cb00000] [id=3680]
  0x000001acb6f0e9e0 ConcurrentGCThread "G1 Conc#0" [stack: 0x000000313cb00000,0x000000313cc00000] [id=19280]
  0x000001acb6f4afa0 ConcurrentGCThread "G1 Refine#0" [stack: 0x000000313cc00000,0x000000313cd00000] [id=7420]
  0x000001ad1e886a40 ConcurrentGCThread "G1 Refine#1" [stack: 0x000000313e200000,0x000000313e300000] [id=20452]
  0x000001acb6f4b9d0 ConcurrentGCThread "G1 Service" [stack: 0x000000313cd00000,0x000000313ce00000] [id=10344]

Threads with active compile tasks:
C2 CompilerThread0    12305 5289   !   4       org.springframework.core.annotation.AnnotationsScanner::processMethodHierarchy (276 bytes)
C2 CompilerThread1    12305 5537   !   4       org.springframework.core.annotation.AnnotationsScanner::processClassHierarchy (234 bytes)

VM state: not at safepoint (normal execution)

VM Mutex/Monitor currently owned by a thread: None

Heap address: 0x0000000741e00000, size: 3042 MB, Compressed Oops mode: Zero based, Oop shift amount: 3

CDS archive(s) mapped at: [0x000001acd8000000-0x000001acd8bb0000-0x000001acd8bb0000), size 12255232, SharedBaseAddress: 0x000001acd8000000, ArchiveRelocationMode: 1.
Compressed class space mapped at: 0x000001acd9000000-0x000001ad19000000, reserved size: 1073741824
Narrow klass base: 0x000001acd8000000, Narrow klass shift: 0, Narrow klass range: 0x100000000

GC Precious Log:
 CPUs: 4 total, 4 available
 Memory: 12163M
 Large Page Support: Disabled
 NUMA Support: Disabled
 Compressed Oops: Enabled (Zero based)
 Heap Region Size: 2M
 Heap Min Capacity: 8M
 Heap Initial Capacity: 192M
 Heap Max Capacity: 3042M
 Pre-touch: Disabled
 Parallel Workers: 4
 Concurrent Workers: 1
 Concurrent Refinement Workers: 4
 Periodic GC: Disabled

Heap:
 garbage-first heap   total 67584K, used 34955K [0x0000000741e00000, 0x0000000800000000)
  region size 2048K, 8 young (16384K), 2 survivors (4096K)
 Metaspace       used 58289K, committed 58752K, reserved 1114112K
  class space    used 7919K, committed 8128K, reserved 1048576K

Heap Regions: E=young(eden), S=young(survivor), O=old, HS=humongous(starts), HC=humongous(continues), CS=collection set, F=free, OA=open archive, CA=closed archive, TAMS=top-at-mark-start (previous, next)
|   0|0x0000000741e00000, 0x0000000742000000, 0x0000000742000000|100%| O|  |TAMS 0x0000000742000000, 0x0000000741e00000| Untracked 
|   1|0x0000000742000000, 0x0000000742200000, 0x0000000742200000|100%| O|  |TAMS 0x0000000742200000, 0x0000000742000000| Untracked 
|   2|0x0000000742200000, 0x0000000742400000, 0x0000000742400000|100%| O|  |TAMS 0x0000000742200000, 0x0000000742200000| Untracked 
|   3|0x0000000742400000, 0x0000000742600000, 0x0000000742600000|100%| O|  |TAMS 0x0000000742600000, 0x0000000742400000| Untracked 
|   4|0x0000000742600000, 0x0000000742800000, 0x0000000742800000|100%| O|  |TAMS 0x0000000742800000, 0x0000000742600000| Untracked 
|   5|0x0000000742800000, 0x0000000742a00000, 0x0000000742a00000|100%| O|  |TAMS 0x0000000742a00000, 0x0000000742800000| Untracked 
|   6|0x0000000742a00000, 0x0000000742c00000, 0x0000000742c00000|100%| O|  |TAMS 0x0000000742c00000, 0x0000000742a00000| Untracked 
|   7|0x0000000742c00000, 0x0000000742e00000, 0x0000000742e00000|100%| O|  |TAMS 0x0000000742e00000, 0x0000000742c00000| Untracked 
|   8|0x0000000742e00000, 0x0000000742e22e00, 0x0000000743000000|  6%| O|  |TAMS 0x0000000742e00000, 0x0000000742e00000| Untracked 
|   9|0x0000000743000000, 0x0000000743200000, 0x0000000743200000|100%| O|  |TAMS 0x0000000743000000, 0x0000000743000000| Untracked 
|  10|0x0000000743200000, 0x0000000743400000, 0x0000000743400000|100%| O|  |TAMS 0x0000000743200000, 0x0000000743200000| Untracked 
|  11|0x0000000743400000, 0x0000000743400000, 0x0000000743600000|  0%| F|  |TAMS 0x0000000743400000, 0x0000000743400000| Untracked 
|  12|0x0000000743600000, 0x0000000743600000, 0x0000000743800000|  0%| F|  |TAMS 0x0000000743600000, 0x0000000743600000| Untracked 
|  13|0x0000000743800000, 0x0000000743800000, 0x0000000743a00000|  0%| F|  |TAMS 0x0000000743800000, 0x0000000743800000| Untracked 
|  14|0x0000000743a00000, 0x0000000743a00000, 0x0000000743c00000|  0%| F|  |TAMS 0x0000000743a00000, 0x0000000743a00000| Untracked 
|  15|0x0000000743c00000, 0x0000000743e00000, 0x0000000743e00000|100%| S|CS|TAMS 0x0000000743c00000, 0x0000000743c00000| Complete 
|  16|0x0000000743e00000, 0x0000000744000000, 0x0000000744000000|100%| S|CS|TAMS 0x0000000743e00000, 0x0000000743e00000| Complete 
|  17|0x0000000744000000, 0x0000000744000000, 0x0000000744200000|  0%| F|  |TAMS 0x0000000744000000, 0x0000000744000000| Untracked 
|  18|0x0000000744200000, 0x0000000744200000, 0x0000000744400000|  0%| F|  |TAMS 0x0000000744200000, 0x0000000744200000| Untracked 
|  19|0x0000000744400000, 0x0000000744400000, 0x0000000744600000|  0%| F|  |TAMS 0x0000000744400000, 0x0000000744400000| Untracked 
|  20|0x0000000744600000, 0x0000000744600000, 0x0000000744800000|  0%| F|  |TAMS 0x0000000744600000, 0x0000000744600000| Untracked 
|  21|0x0000000744800000, 0x0000000744800000, 0x0000000744a00000|  0%| F|  |TAMS 0x0000000744800000, 0x0000000744800000| Untracked 
|  22|0x0000000744a00000, 0x0000000744a00000, 0x0000000744c00000|  0%| F|  |TAMS 0x0000000744a00000, 0x0000000744a00000| Untracked 
|  23|0x0000000744c00000, 0x0000000744c00000, 0x0000000744e00000|  0%| F|  |TAMS 0x0000000744c00000, 0x0000000744c00000| Untracked 
|  24|0x0000000744e00000, 0x0000000744e00000, 0x0000000745000000|  0%| F|  |TAMS 0x0000000744e00000, 0x0000000744e00000| Untracked 
|  25|0x0000000745000000, 0x0000000745000000, 0x0000000745200000|  0%| F|  |TAMS 0x0000000745000000, 0x0000000745000000| Untracked 
|  26|0x0000000745200000, 0x0000000745200000, 0x0000000745400000|  0%| F|  |TAMS 0x0000000745200000, 0x0000000745200000| Untracked 
|  27|0x0000000745400000, 0x0000000745502738, 0x0000000745600000| 50%| E|  |TAMS 0x0000000745400000, 0x0000000745400000| Complete 
|  59|0x0000000749400000, 0x0000000749600000, 0x0000000749600000|100%| E|CS|TAMS 0x0000000749400000, 0x0000000749400000| Complete 
|  60|0x0000000749600000, 0x0000000749800000, 0x0000000749800000|100%| E|CS|TAMS 0x0000000749600000, 0x0000000749600000| Complete 
|  61|0x0000000749800000, 0x0000000749a00000, 0x0000000749a00000|100%| E|CS|TAMS 0x0000000749800000, 0x0000000749800000| Complete 
|  62|0x0000000749a00000, 0x0000000749c00000, 0x0000000749c00000|100%| E|CS|TAMS 0x0000000749a00000, 0x0000000749a00000| Complete 
|  95|0x000000074dc00000, 0x000000074de00000, 0x000000074de00000|100%| E|CS|TAMS 0x000000074dc00000, 0x000000074dc00000| Complete 

Card table byte_map: [0x000001accdfe0000,0x000001acce5e0000] _byte_map_base: 0x000001acca5d1000

Marking Bits (Prev, Next): (CMBitMap*) 0x000001acb6f01880, (CMBitMap*) 0x000001acb6f018c0
 Prev Bits: [0x000001accebe0000, 0x000001acd1b68000)
 Next Bits: [0x000001acd1b70000, 0x000001acd4af8000)

Polling page: 0x000001acb4d50000

Metaspace:

Usage:
  Non-class:     49.19 MB used.
      Class:      7.74 MB used.
       Both:     56.93 MB used.

Virtual space:
  Non-class space:       64.00 MB reserved,      49.44 MB ( 77%) committed,  1 nodes.
      Class space:        1.00 GB reserved,       7.94 MB ( <1%) committed,  1 nodes.
             Both:        1.06 GB reserved,      57.38 MB (  5%) committed. 

Chunk freelists:
   Non-Class:  14.19 MB
       Class:  8.00 MB
        Both:  22.19 MB

MaxMetaspaceSize: unlimited
CompressedClassSpaceSize: 1.00 GB
Initial GC threshold: 21.00 MB
Current GC threshold: 58.75 MB
CDS: on
MetaspaceReclaimPolicy: balanced
 - commit_granule_bytes: 65536.
 - commit_granule_words: 8192.
 - virtual_space_node_default_size: 8388608.
 - enlarge_chunks_in_place: 1.
 - new_chunks_are_fully_committed: 0.
 - uncommit_free_chunks: 1.
 - use_allocation_guard: 0.
 - handle_deallocations: 1.


Internal statistics:

num_allocs_failed_limit: 6.
num_arena_births: 696.
num_arena_deaths: 0.
num_vsnodes_births: 2.
num_vsnodes_deaths: 0.
num_space_committed: 918.
num_space_uncommitted: 0.
num_chunks_returned_to_freelist: 6.
num_chunks_taken_from_freelist: 2866.
num_chunk_merges: 6.
num_chunk_splits: 2048.
num_chunks_enlarged: 1599.
num_inconsistent_stats: 0.

CodeHeap 'non-profiled nmethods': size=120000Kb used=2898Kb max_used=3154Kb free=117101Kb
 bounds [0x000001acc64b0000, 0x000001acc67f0000, 0x000001accd9e0000]
CodeHeap 'profiled nmethods': size=120000Kb used=9413Kb max_used=10716Kb free=110586Kb
 bounds [0x000001acbe9e0000, 0x000001acbf460000, 0x000001acc5f10000]
CodeHeap 'non-nmethods': size=5760Kb used=1313Kb max_used=1412Kb free=4446Kb
 bounds [0x000001acc5f10000, 0x000001acc6180000, 0x000001acc64b0000]
 total_blobs=5497 nmethods=4856 adapters=553
 compilation: enabled
              stopped_count=0, restarted_count=0
 full_count=0

Compilation events (20 events):
Event: 12.142 Thread 0x000001acd6fe5af0 5643       3       org.springframework.transaction.interceptor.AbstractFallbackTransactionAttributeSource::computeTransactionAttribute (112 bytes)
Event: 12.144 Thread 0x000001acd6fe5af0 nmethod 5643 0x000001acbec00290 code [0x000001acbec00620, 0x000001acbec02008]
Event: 12.175 Thread 0x000001acd6fe5af0 5644       2       org.springframework.boot.context.properties.ConfigurationPropertiesBean::findMergedAnnotation (24 bytes)
Event: 12.175 Thread 0x000001acd6fe5af0 nmethod 5644 0x000001acbebffc10 code [0x000001acbebffdc0, 0x000001acbebfff58]
Event: 12.177 Thread 0x000001acd6fe5af0 5645       2       org.springframework.beans.factory.support.AbstractAutowireCapableBeanFactory::populateBean (355 bytes)
Event: 12.179 Thread 0x000001acd6fe5af0 nmethod 5645 0x000001acbea58790 code [0x000001acbea58ba0, 0x000001acbea5a028]
Event: 12.186 Thread 0x000001acd6fe5af0 5647       2       java.lang.invoke.DirectMethodHandle::getFunction (53 bytes)
Event: 12.187 Thread 0x000001acd6fe5af0 nmethod 5647 0x000001acbea58290 code [0x000001acbea58440, 0x000001acbea58688]
Event: 12.188 Thread 0x000001acd6fe5af0 5648       2       java.lang.Class::getDeclaredFields (27 bytes)
Event: 12.189 Thread 0x000001acd6fe5af0 nmethod 5648 0x000001acbeb13010 code [0x000001acbeb131e0, 0x000001acbeb13398]
Event: 12.189 Thread 0x000001acd6fe5af0 5649       2       org.springframework.beans.factory.annotation.InitDestroyAnnotationBeanPostProcessor$$Lambda$523/0x000001acd9314000::<init> (26 bytes)
Event: 12.190 Thread 0x000001acd6fe5af0 nmethod 5649 0x000001acbeb12b10 code [0x000001acbeb12ca0, 0x000001acbeb12f38]
Event: 12.200 Thread 0x000001acd6fe5af0 5651   !   2       jdk.proxy1.$Proxy8::annotationType (29 bytes)
Event: 12.200 Thread 0x000001acd6fe5af0 nmethod 5651 0x000001acbeb12590 code [0x000001acbeb12740, 0x000001acbeb129b8]
Event: 12.201 Thread 0x000001acd6fe5af0 5652   !   2       jdk.proxy2.$Proxy50::annotationType (29 bytes)
Event: 12.201 Thread 0x000001acd6fe5af0 nmethod 5652 0x000001acbf13bf90 code [0x000001acbf13c140, 0x000001acbf13c3b8]
Event: 12.203 Thread 0x000001acd6fe5af0 5653   !   2       jdk.proxy2.$Proxy7::annotationType (29 bytes)
Event: 12.203 Thread 0x000001acd6fe5af0 nmethod 5653 0x000001acbf13ba10 code [0x000001acbf13bbc0, 0x000001acbf13be38]
Event: 12.203 Thread 0x000001acd6fe5af0 5654       2       org.springframework.aop.scope.ScopedProxyUtils::isScopedTarget (19 bytes)
Event: 12.204 Thread 0x000001acd6fe5af0 nmethod 5654 0x000001acbea57e90 code [0x000001acbea58020, 0x000001acbea58168]

GC Heap History (20 events):
Event: 5.081 GC heap before
{Heap before GC invocations=5 (full 0):
 garbage-first heap   total 55296K, used 37579K [0x0000000741e00000, 0x0000000800000000)
  region size 2048K, 16 young (32768K), 4 survivors (8192K)
 Metaspace       used 25087K, committed 25408K, reserved 1114112K
  class space    used 3176K, committed 3328K, reserved 1048576K
}
Event: 5.096 GC heap after
{Heap after GC invocations=6 (full 0):
 garbage-first heap   total 55296K, used 15820K [0x0000000741e00000, 0x0000000800000000)
  region size 2048K, 2 young (4096K), 2 survivors (4096K)
 Metaspace       used 25087K, committed 25408K, reserved 1114112K
  class space    used 3176K, committed 3328K, reserved 1048576K
}
Event: 5.175 GC heap before
{Heap before GC invocations=6 (full 0):
 garbage-first heap   total 55296K, used 17868K [0x0000000741e00000, 0x0000000800000000)
  region size 2048K, 3 young (6144K), 2 survivors (4096K)
 Metaspace       used 25394K, committed 25728K, reserved 1114112K
  class space    used 3256K, committed 3392K, reserved 1048576K
}
Event: 5.182 GC heap after
{Heap after GC invocations=7 (full 0):
 garbage-first heap   total 55296K, used 16034K [0x0000000741e00000, 0x0000000800000000)
  region size 2048K, 1 young (2048K), 1 survivors (2048K)
 Metaspace       used 25394K, committed 25728K, reserved 1114112K
  class space    used 3256K, committed 3392K, reserved 1048576K
}
Event: 5.965 GC heap before
{Heap before GC invocations=7 (full 0):
 garbage-first heap   total 55296K, used 36514K [0x0000000741e00000, 0x0000000800000000)
  region size 2048K, 11 young (22528K), 1 survivors (2048K)
 Metaspace       used 28784K, committed 29184K, reserved 1114112K
  class space    used 3654K, committed 3840K, reserved 1048576K
}
Event: 5.970 GC heap after
{Heap after GC invocations=8 (full 0):
 garbage-first heap   total 55296K, used 17071K [0x0000000741e00000, 0x0000000800000000)
  region size 2048K, 1 young (2048K), 1 survivors (2048K)
 Metaspace       used 28784K, committed 29184K, reserved 1114112K
  class space    used 3654K, committed 3840K, reserved 1048576K
}
Event: 6.718 GC heap before
{Heap before GC invocations=8 (full 0):
 garbage-first heap   total 55296K, used 37551K [0x0000000741e00000, 0x0000000800000000)
  region size 2048K, 11 young (22528K), 1 survivors (2048K)
 Metaspace       used 33302K, committed 33792K, reserved 1114112K
  class space    used 4314K, committed 4544K, reserved 1048576K
}
Event: 6.722 GC heap after
{Heap after GC invocations=9 (full 0):
 garbage-first heap   total 55296K, used 18066K [0x0000000741e00000, 0x0000000800000000)
  region size 2048K, 2 young (4096K), 2 survivors (4096K)
 Metaspace       used 33302K, committed 33792K, reserved 1114112K
  class space    used 4314K, committed 4544K, reserved 1048576K
}
Event: 7.020 GC heap before
{Heap before GC invocations=9 (full 0):
 garbage-first heap   total 55296K, used 26258K [0x0000000741e00000, 0x0000000800000000)
  region size 2048K, 7 young (14336K), 2 survivors (4096K)
 Metaspace       used 35536K, committed 35968K, reserved 1114112K
  class space    used 4666K, committed 4864K, reserved 1048576K
}
Event: 7.025 GC heap after
{Heap after GC invocations=10 (full 0):
 garbage-first heap   total 55296K, used 18593K [0x0000000741e00000, 0x0000000800000000)
  region size 2048K, 1 young (2048K), 1 survivors (2048K)
 Metaspace       used 35536K, committed 35968K, reserved 1114112K
  class space    used 4666K, committed 4864K, reserved 1048576K
}
Event: 8.276 GC heap before
{Heap before GC invocations=11 (full 0):
 garbage-first heap   total 55296K, used 41121K [0x0000000741e00000, 0x0000000800000000)
  region size 2048K, 12 young (24576K), 1 survivors (2048K)
 Metaspace       used 41106K, committed 41600K, reserved 1114112K
  class space    used 5399K, committed 5632K, reserved 1048576K
}
Event: 8.280 GC heap after
{Heap after GC invocations=12 (full 0):
 garbage-first heap   total 55296K, used 19996K [0x0000000741e00000, 0x0000000800000000)
  region size 2048K, 2 young (4096K), 2 survivors (4096K)
 Metaspace       used 41106K, committed 41600K, reserved 1114112K
  class space    used 5399K, committed 5632K, reserved 1048576K
}
Event: 8.334 GC heap before
{Heap before GC invocations=12 (full 0):
 garbage-first heap   total 55296K, used 22044K [0x0000000741e00000, 0x0000000800000000)
  region size 2048K, 3 young (6144K), 2 survivors (4096K)
 Metaspace       used 41442K, committed 41920K, reserved 1114112K
  class space    used 5427K, committed 5696K, reserved 1048576K
}
Event: 8.339 GC heap after
{Heap after GC invocations=13 (full 0):
 garbage-first heap   total 55296K, used 19874K [0x0000000741e00000, 0x0000000800000000)
  region size 2048K, 1 young (2048K), 1 survivors (2048K)
 Metaspace       used 41442K, committed 41920K, reserved 1114112K
  class space    used 5427K, committed 5696K, reserved 1048576K
}
Event: 9.181 GC heap before
{Heap before GC invocations=13 (full 0):
 garbage-first heap   total 55296K, used 40354K [0x0000000741e00000, 0x0000000800000000)
  region size 2048K, 11 young (22528K), 1 survivors (2048K)
 Metaspace       used 47310K, committed 47808K, reserved 1114112K
  class space    used 6378K, committed 6592K, reserved 1048576K
}
Event: 9.183 GC heap after
{Heap after GC invocations=14 (full 0):
 garbage-first heap   total 67584K, used 20607K [0x0000000741e00000, 0x0000000800000000)
  region size 2048K, 1 young (2048K), 1 survivors (2048K)
 Metaspace       used 47310K, committed 47808K, reserved 1114112K
  class space    used 6378K, committed 6592K, reserved 1048576K
}
Event: 10.721 GC heap before
{Heap before GC invocations=14 (full 0):
 garbage-first heap   total 67584K, used 49279K [0x0000000741e00000, 0x0000000800000000)
  region size 2048K, 15 young (30720K), 1 survivors (2048K)
 Metaspace       used 52550K, committed 53120K, reserved 1114112K
  class space    used 7148K, committed 7424K, reserved 1048576K
}
Event: 10.727 GC heap after
{Heap after GC invocations=15 (full 0):
 garbage-first heap   total 67584K, used 21991K [0x0000000741e00000, 0x0000000800000000)
  region size 2048K, 2 young (4096K), 2 survivors (4096K)
 Metaspace       used 52550K, committed 53120K, reserved 1114112K
  class space    used 7148K, committed 7424K, reserved 1048576K
}
Event: 11.921 GC heap before
{Heap before GC invocations=15 (full 0):
 garbage-first heap   total 67584K, used 50663K [0x0000000741e00000, 0x0000000800000000)
  region size 2048K, 16 young (32768K), 2 survivors (4096K)
 Metaspace       used 57117K, committed 57664K, reserved 1114112K
  class space    used 7759K, committed 8000K, reserved 1048576K
}
Event: 11.929 GC heap after
{Heap after GC invocations=16 (full 0):
 garbage-first heap   total 67584K, used 24715K [0x0000000741e00000, 0x0000000800000000)
  region size 2048K, 2 young (4096K), 2 survivors (4096K)
 Metaspace       used 57117K, committed 57664K, reserved 1114112K
  class space    used 7759K, committed 8000K, reserved 1048576K
}

Dll operation events (14 events):
Event: 0.013 Loaded shared library C:\Users\Donguinha\.gradle\jdks\eclipse_adoptium-17-amd64-windows.2\bin\java.dll
Event: 0.039 Loaded shared library C:\Users\Donguinha\.gradle\jdks\eclipse_adoptium-17-amd64-windows.2\bin\jsvml.dll
Event: 0.256 Loaded shared library C:\Users\Donguinha\.gradle\jdks\eclipse_adoptium-17-amd64-windows.2\bin\zip.dll
Event: 0.261 Loaded shared library C:\Users\Donguinha\.gradle\jdks\eclipse_adoptium-17-amd64-windows.2\bin\instrument.dll
Event: 0.269 Loaded shared library C:\Users\Donguinha\.gradle\jdks\eclipse_adoptium-17-amd64-windows.2\bin\net.dll
Event: 0.272 Loaded shared library C:\Users\Donguinha\.gradle\jdks\eclipse_adoptium-17-amd64-windows.2\bin\nio.dll
Event: 0.276 Loaded shared library C:\Users\Donguinha\.gradle\jdks\eclipse_adoptium-17-amd64-windows.2\bin\zip.dll
Event: 0.416 Loaded shared library C:\Program Files\JetBrains\IntelliJ IDEA Community Edition 2023.3.3\bin\breakgen64.dll
Event: 0.438 Loaded shared library C:\Users\Donguinha\.gradle\jdks\eclipse_adoptium-17-amd64-windows.2\bin\extnet.dll
Event: 0.456 Loaded shared library C:\Users\Donguinha\.gradle\jdks\eclipse_adoptium-17-amd64-windows.2\bin\verify.dll
Event: 0.467 Loaded shared library C:\Users\Donguinha\.gradle\jdks\eclipse_adoptium-17-amd64-windows.2\bin\jimage.dll
Event: 1.014 Loaded shared library C:\Users\Donguinha\.gradle\jdks\eclipse_adoptium-17-amd64-windows.2\bin\management.dll
Event: 1.017 Loaded shared library C:\Users\Donguinha\.gradle\jdks\eclipse_adoptium-17-amd64-windows.2\bin\management_ext.dll
Event: 2.546 Loaded shared library C:\Users\Donguinha\.gradle\jdks\eclipse_adoptium-17-amd64-windows.2\bin\sunmscapi.dll

Deoptimization events (20 events):
Event: 11.832 Thread 0x000001acd7b76bd0 DEOPT PACKING pc=0x000001acc66b3de0 sp=0x000000313e1fcce0
Event: 11.832 Thread 0x000001acd7b76bd0 DEOPT UNPACKING pc=0x000001acc5f669a3 sp=0x000000313e1fcc78 mode 2
Event: 11.845 Thread 0x000001acd7b76bd0 Uncommon trap: trap_request=0xffffffc6 fr.pc=0x000001acc67c69d4 relative=0x0000000000001574
Event: 11.845 Thread 0x000001acd7b76bd0 Uncommon trap: reason=bimorphic_or_optimized_type_check action=maybe_recompile pc=0x000001acc67c69d4 method=org.springframework.core.annotation.AnnotationsScanner.processClassHierarchy(Ljava/lang/Object;[ILjava/lang/Class;Lorg/springframework/core/annotat
Event: 11.845 Thread 0x000001acd7b76bd0 DEOPT PACKING pc=0x000001acc67c69d4 sp=0x000000313e1fcfe0
Event: 11.845 Thread 0x000001acd7b76bd0 DEOPT UNPACKING pc=0x000001acc5f669a3 sp=0x000000313e1fd008 mode 2
Event: 11.850 Thread 0x000001acd7b76bd0 Uncommon trap: trap_request=0xffffffc6 fr.pc=0x000001acc67c69d4 relative=0x0000000000001574
Event: 11.850 Thread 0x000001acd7b76bd0 Uncommon trap: reason=bimorphic_or_optimized_type_check action=maybe_recompile pc=0x000001acc67c69d4 method=org.springframework.core.annotation.AnnotationsScanner.processClassHierarchy(Ljava/lang/Object;[ILjava/lang/Class;Lorg/springframework/core/annotat
Event: 11.850 Thread 0x000001acd7b76bd0 DEOPT PACKING pc=0x000001acc67c69d4 sp=0x000000313e1fcfe0
Event: 11.850 Thread 0x000001acd7b76bd0 DEOPT UNPACKING pc=0x000001acc5f669a3 sp=0x000000313e1fd008 mode 2
Event: 11.851 Thread 0x000001acd7b76bd0 Uncommon trap: trap_request=0xffffffc6 fr.pc=0x000001acc67c69d4 relative=0x0000000000001574
Event: 11.851 Thread 0x000001acd7b76bd0 Uncommon trap: reason=bimorphic_or_optimized_type_check action=maybe_recompile pc=0x000001acc67c69d4 method=org.springframework.core.annotation.AnnotationsScanner.processClassHierarchy(Ljava/lang/Object;[ILjava/lang/Class;Lorg/springframework/core/annotat
Event: 11.851 Thread 0x000001acd7b76bd0 DEOPT PACKING pc=0x000001acc67c69d4 sp=0x000000313e1fcfe0
Event: 11.851 Thread 0x000001acd7b76bd0 DEOPT UNPACKING pc=0x000001acc5f669a3 sp=0x000000313e1fd008 mode 2
Event: 11.852 Thread 0x000001acd7b76bd0 Uncommon trap: trap_request=0xffffffc6 fr.pc=0x000001acc67c69d4 relative=0x0000000000001574
Event: 11.852 Thread 0x000001acd7b76bd0 Uncommon trap: reason=bimorphic_or_optimized_type_check action=maybe_recompile pc=0x000001acc67c69d4 method=org.springframework.core.annotation.AnnotationsScanner.processClassHierarchy(Ljava/lang/Object;[ILjava/lang/Class;Lorg/springframework/core/annotat
Event: 11.852 Thread 0x000001acd7b76bd0 DEOPT PACKING pc=0x000001acc67c69d4 sp=0x000000313e1fcfe0
Event: 11.852 Thread 0x000001acd7b76bd0 DEOPT UNPACKING pc=0x000001acc5f669a3 sp=0x000000313e1fd008 mode 2
Event: 12.078 Thread 0x000001acd7b76bd0 DEOPT PACKING pc=0x000001acbeb25b93 sp=0x000000313e1f99f0
Event: 12.078 Thread 0x000001acd7b76bd0 DEOPT UNPACKING pc=0x000001acc5f67143 sp=0x000000313e1f8f00 mode 0

Classes loaded (20 events):
Event: 11.439 Loading class java/util/regex/Pattern$Behind
Event: 11.440 Loading class java/util/regex/Pattern$Behind done
Event: 11.604 Loading class java/time/DurationEditor
Event: 11.604 Loading class java/time/DurationEditor done
Event: 11.681 Loading class java/nio/charset/UnsupportedCharsetException
Event: 11.681 Loading class java/nio/charset/UnsupportedCharsetException done
Event: 11.723 Loading class java/util/regex/PatternSyntaxException
Event: 11.723 Loading class java/util/regex/PatternSyntaxException done
Event: 11.732 Loading class java/util/Comparators$NullComparator
Event: 11.733 Loading class java/util/Comparators$NullComparator done
Event: 11.775 Loading class java/util/ArrayList$ListItr
Event: 11.776 Loading class java/util/ArrayList$ListItr done
Event: 11.911 Loading class java/util/HashMap$EntrySpliterator
Event: 11.911 Loading class java/util/HashMap$EntrySpliterator done
Event: 12.046 Loading class java/util/EnumMap$EntrySet
Event: 12.047 Loading class java/util/EnumMap$EntrySet done
Event: 12.047 Loading class java/util/EnumMap$EntryIterator
Event: 12.047 Loading class java/util/EnumMap$EnumMapIterator
Event: 12.047 Loading class java/util/EnumMap$EnumMapIterator done
Event: 12.047 Loading class java/util/EnumMap$EntryIterator done

Classes unloaded (0 events):
No events

Classes redefined (0 events):
No events

Internal exceptions (20 events):
Event: 9.896 Thread 0x000001acd7b76bd0 Exception <a 'java/lang/NoSuchMethodError'{0x00000007451cea98}: 'java.lang.Object java.lang.invoke.DirectMethodHandle$Holder.invokeSpecial(java.lang.Object, java.lang.Object, java.lang.Object, java.lang.Object, java.lang.Object, java.lang.Object, java.lang.Object, java.lang.Object, java.lang.Object, java.lang.Object, java.lang.Object, java.lang.Object, java.lang.Object)'> (0x00000007451cea98) 
thrown [s\src\hotspot\share\interpreter\linkResolver.cpp, line 759]
Event: 9.896 Thread 0x000001acd7b76bd0 Exception <a 'java/lang/NoSuchMethodError'{0x00000007451d31b0}: 'java.lang.Object java.lang.invoke.Invokers$Holder.linkToTargetMethod(java.lang.Object, java.lang.Object, java.lang.Object, java.lang.Object, java.lang.Object, java.lang.Object, java.lang.Object, java.lang.Object, java.lang.Object, java.lang.Object, java.lang.Object, java.lang.Object)'> (0x00000007451d31b0) 
thrown [s\src\hotspot\share\interpreter\linkResolver.cpp, line 759]
Event: 9.970 Thread 0x000001acd7b76bd0 Exception <a 'java/lang/NoSuchMethodError'{0x0000000744faa958}: 'java.lang.Object java.lang.invoke.DirectMethodHandle$Holder.newInvokeSpecial(java.lang.Object, java.lang.Object, java.lang.Object, java.lang.Object, java.lang.Object, java.lang.Object)'> (0x0000000744faa958) 
thrown [s\src\hotspot\share\interpreter\linkResolver.cpp, line 759]
Event: 9.988 Thread 0x000001acd7b76bd0 Exception <a 'java/lang/NoSuchMethodError'{0x0000000744c25548}: 'java.lang.Object java.lang.invoke.DirectMethodHandle$Holder.newInvokeSpecial(java.lang.Object, java.lang.Object, int, java.lang.Object, int, java.lang.Object, java.lang.Object)'> (0x0000000744c25548) 
thrown [s\src\hotspot\share\interpreter\linkResolver.cpp, line 759]
Event: 10.011 Thread 0x000001acd7b76bd0 Exception <a 'java/lang/NoSuchMethodError'{0x0000000744c9aaa0}: 'java.lang.Object java.lang.invoke.DirectMethodHandle$Holder.newInvokeSpecial(java.lang.Object, java.lang.Object, java.lang.Object, java.lang.Object, java.lang.Object, java.lang.Object, java.lang.Object, int)'> (0x0000000744c9aaa0) 
thrown [s\src\hotspot\share\interpreter\linkResolver.cpp, line 759]
Event: 10.011 Thread 0x000001acd7b76bd0 Exception <a 'java/lang/NoSuchMethodError'{0x0000000744c9fd40}: 'java.lang.Object java.lang.invoke.DirectMethodHandle$Holder.invokeSpecial(java.lang.Object, java.lang.Object, java.lang.Object, java.lang.Object, java.lang.Object, java.lang.Object, java.lang.Object, java.lang.Object, int)'> (0x0000000744c9fd40) 
thrown [s\src\hotspot\share\interpreter\linkResolver.cpp, line 759]
Event: 10.012 Thread 0x000001acd7b76bd0 Exception <a 'java/lang/NoSuchMethodError'{0x0000000744ca4808}: 'java.lang.Object java.lang.invoke.Invokers$Holder.linkToTargetMethod(java.lang.Object, java.lang.Object, java.lang.Object, java.lang.Object, java.lang.Object, java.lang.Object, int, java.lang.Object)'> (0x0000000744ca4808) 
thrown [s\src\hotspot\share\interpreter\linkResolver.cpp, line 759]
Event: 10.073 Thread 0x000001acd7b76bd0 Exception <a 'java/lang/NoSuchMethodError'{0x0000000744d6b998}: 'void java.lang.invoke.DirectMethodHandle$Holder.invokeInterface(java.lang.Object, java.lang.Object)'> (0x0000000744d6b998) 
thrown [s\src\hotspot\share\interpreter\linkResolver.cpp, line 759]
Event: 10.378 Thread 0x000001acd7b76bd0 Exception <a 'java/lang/NoSuchMethodError'{0x0000000744929590}: 'java.lang.Object java.lang.invoke.DirectMethodHandle$Holder.invokeSpecial(java.lang.Object, java.lang.Object, int, java.lang.Object, int)'> (0x0000000744929590) 
thrown [s\src\hotspot\share\interpreter\linkResolver.cpp, line 759]
Event: 10.777 Thread 0x000001acd7b76bd0 Exception <a 'java/lang/IncompatibleClassChangeError'{0x000000074dc72af0}: Found class java.lang.Object, but interface was expected> (0x000000074dc72af0) 
thrown [s\src\hotspot\share\interpreter\linkResolver.cpp, line 826]
Event: 10.795 Thread 0x000001acd7b76bd0 Exception <a 'java/lang/IncompatibleClassChangeError'{0x000000074dcfa100}: Found class java.lang.Object, but interface was expected> (0x000000074dcfa100) 
thrown [s\src\hotspot\share\interpreter\linkResolver.cpp, line 826]
Event: 10.860 Thread 0x000001acd7b76bd0 Exception <a 'java/lang/IncompatibleClassChangeError'{0x0000000749a71998}: Found class java.lang.Object, but interface was expected> (0x0000000749a71998) 
thrown [s\src\hotspot\share\interpreter\linkResolver.cpp, line 826]
Event: 11.223 Thread 0x000001acd7b76bd0 Exception <a 'java/lang/IncompatibleClassChangeError'{0x000000074957b1e8}: Found class java.lang.Object, but interface was expected> (0x000000074957b1e8) 
thrown [s\src\hotspot\share\interpreter\linkResolver.cpp, line 826]
Event: 11.332 Thread 0x000001acd7b76bd0 Exception <a 'java/lang/reflect/InvocationTargetException'{0x00000007453673e0}> (0x00000007453673e0) 
thrown [s\src\hotspot\share\runtime\reflection.cpp, line 1128]
Event: 11.349 Thread 0x000001acd7b76bd0 Exception <a 'java/lang/NoSuchMethodError'{0x00000007453cf618}: 'int java.lang.invoke.DirectMethodHandle$Holder.invokeStatic(java.lang.Object, java.lang.Object, int)'> (0x00000007453cf618) 
thrown [s\src\hotspot\share\interpreter\linkResolver.cpp, line 759]
Event: 11.360 Thread 0x000001acd7b76bd0 Exception <a 'java/lang/IncompatibleClassChangeError'{0x00000007450178b8}: Found class java.lang.Object, but interface was expected> (0x00000007450178b8) 
thrown [s\src\hotspot\share\interpreter\linkResolver.cpp, line 826]
Event: 11.470 Thread 0x000001acd7b76bd0 Exception <a 'java/lang/NoSuchMethodError'{0x00000007451cf660}: 'java.lang.Object java.lang.invoke.DirectMethodHandle$Holder.invokeStatic(java.lang.Object, int, java.lang.Object)'> (0x00000007451cf660) 
thrown [s\src\hotspot\share\interpreter\linkResolver.cpp, line 759]
Event: 12.020 Thread 0x000001acd7b76bd0 Exception <a 'sun/nio/fs/WindowsException'{0x000000074ddf8a10}> (0x000000074ddf8a10) 
thrown [s\src\hotspot\share\prims\jni.cpp, line 516]
Event: 12.095 Thread 0x000001acd7b76bd0 Exception <a 'java/lang/IncompatibleClassChangeError'{0x00000007499daf88}: Found class java.lang.Object, but interface was expected> (0x00000007499daf88) 
thrown [s\src\hotspot\share\interpreter\linkResolver.cpp, line 826]
Event: 12.186 Thread 0x000001acd7b76bd0 Exception <a 'java/lang/NoSuchMethodError'{0x00000007497805c8}: 'void java.lang.invoke.DirectMethodHandle$Holder.invokeVirtual(java.lang.Object, java.lang.Object, long)'> (0x00000007497805c8) 
thrown [s\src\hotspot\share\interpreter\linkResolver.cpp, line 759]

VM Operations (20 events):
Event: 11.119 Executing VM operation: HandshakeAllThreads
Event: 11.119 Executing VM operation: HandshakeAllThreads done
Event: 11.239 Executing VM operation: HandshakeAllThreads
Event: 11.239 Executing VM operation: HandshakeAllThreads done
Event: 11.240 Executing VM operation: HandshakeAllThreads
Event: 11.240 Executing VM operation: HandshakeAllThreads done
Event: 11.607 Executing VM operation: ICBufferFull
Event: 11.607 Executing VM operation: ICBufferFull done
Event: 11.709 Executing VM operation: HandshakeAllThreads
Event: 11.709 Executing VM operation: HandshakeAllThreads done
Event: 11.777 Executing VM operation: HandshakeAllThreads
Event: 11.777 Executing VM operation: HandshakeAllThreads done
Event: 11.797 Executing VM operation: HandshakeAllThreads
Event: 11.797 Executing VM operation: HandshakeAllThreads done
Event: 11.854 Executing VM operation: HandshakeAllThreads
Event: 11.854 Executing VM operation: HandshakeAllThreads done
Event: 11.921 Executing VM operation: G1CollectForAllocation
Event: 11.929 Executing VM operation: G1CollectForAllocation done
Event: 12.221 Executing VM operation: HandshakeAllThreads
Event: 12.221 Executing VM operation: HandshakeAllThreads done

Memory protections (0 events):
No events

Nmethod flushes (20 events):
Event: 10.795 Thread 0x000001acd7168030 flushing  nmethod 0x000001acbf355410
Event: 10.795 Thread 0x000001acd7168030 flushing  nmethod 0x000001acbf35b010
Event: 10.795 Thread 0x000001acd7168030 flushing  nmethod 0x000001acbf35ce10
Event: 10.795 Thread 0x000001acd7168030 flushing  nmethod 0x000001acbf35d210
Event: 10.795 Thread 0x000001acd7168030 flushing  nmethod 0x000001acbf35e190
Event: 10.795 Thread 0x000001acd7168030 flushing  nmethod 0x000001acbf35e610
Event: 10.795 Thread 0x000001acd7168030 flushing  nmethod 0x000001acbf35f610
Event: 10.795 Thread 0x000001acd7168030 flushing  nmethod 0x000001acbf361c90
Event: 10.795 Thread 0x000001acd7168030 flushing  nmethod 0x000001acbf362010
Event: 10.795 Thread 0x000001acd7168030 flushing  nmethod 0x000001acbf364d90
Event: 10.795 Thread 0x000001acd7168030 flushing  nmethod 0x000001acbf365690
Event: 10.795 Thread 0x000001acd7168030 flushing  nmethod 0x000001acbf367790
Event: 10.795 Thread 0x000001acd7168030 flushing  nmethod 0x000001acbf368190
Event: 10.795 Thread 0x000001acd7168030 flushing  nmethod 0x000001acbf368510
Event: 10.795 Thread 0x000001acd7168030 flushing  nmethod 0x000001acbf368890
Event: 10.795 Thread 0x000001acd7168030 flushing  nmethod 0x000001acbf36a010
Event: 10.795 Thread 0x000001acd7168030 flushing  nmethod 0x000001acbf36b010
Event: 10.795 Thread 0x000001acd7168030 flushing  nmethod 0x000001acbf374390
Event: 10.795 Thread 0x000001acd7168030 flushing  nmethod 0x000001acbf375e10
Event: 10.795 Thread 0x000001acd7168030 flushing  nmethod 0x000001acbf380c10

Events (20 events):
Event: 0.416 Thread 0x000001acb6eaaa40 Thread added: 0x000001acd7650490
Event: 0.417 Thread 0x000001acb6eaaa40 Thread added: 0x000001acd76101c0
Event: 1.110 Thread 0x000001acb6eaaa40 Thread added: 0x000001ad1d0b1c80
Event: 1.115 Thread 0x000001ad1d0b1c80 Thread added: 0x000001acd7b76bd0
Event: 1.724 Thread 0x000001acd7b76bd0 Thread added: 0x000001acd7c8f970
Event: 2.555 Thread 0x000001acd7c8f970 Thread exited: 0x000001acd7c8f970
Event: 2.623 Thread 0x000001acd7b76bd0 Thread added: 0x000001ad1d9a2190
Event: 2.727 Thread 0x000001ad1d9a2190 Thread exited: 0x000001ad1d9a2190
Event: 5.909 Thread 0x000001acd7b76bd0 Thread added: 0x000001ad1e4fd3c0
Event: 5.912 Thread 0x000001acd7b76bd0 Thread added: 0x000001ad1e500150
Event: 5.918 Thread 0x000001acd7b76bd0 Thread added: 0x000001ad1e4fd8d0
Event: 7.214 Thread 0x000001acd73dfbb0 Thread exited: 0x000001acd73dfbb0
Event: 7.299 Thread 0x000001acd6fe5af0 Thread added: 0x000001acd73dfbb0
Event: 7.451 Thread 0x000001acd7b76bd0 Thread added: 0x000001ad1e4fdde0
Event: 7.477 Thread 0x000001acd7b76bd0 Thread added: 0x000001ad1e4fe2f0
Event: 7.583 Thread 0x000001ad1e4fe2f0 Thread added: 0x000001ad1e4fe800
Event: 8.996 Thread 0x000001acd73dfbb0 Thread exited: 0x000001acd73dfbb0
Event: 9.291 Thread 0x000001acd6fe5af0 Thread added: 0x000001ad1f942570
Event: 9.924 Thread 0x000001ad1f942570 Thread exited: 0x000001ad1f942570
Event: 10.528 Thread 0x000001acd6fe5af0 Thread added: 0x000001ad1eb16af0


Dynamic libraries:
0x00007ff604d70000 - 0x00007ff604d7e000 	C:\Users\Donguinha\.gradle\jdks\eclipse_adoptium-17-amd64-windows.2\bin\java.exe
0x00007ff8fc6f0000 - 0x00007ff8fc8e8000 	C:\WINDOWS\SYSTEM32\ntdll.dll
0x00007ff8fb5e0000 - 0x00007ff8fb6a2000 	C:\WINDOWS\System32\KERNEL32.DLL
0x00007ff8fa370000 - 0x00007ff8fa666000 	C:\WINDOWS\System32\KERNELBASE.dll
0x00007ff8f9d90000 - 0x00007ff8f9e90000 	C:\WINDOWS\System32\ucrtbase.dll
0x00007ff8de380000 - 0x00007ff8de397000 	C:\Users\Donguinha\.gradle\jdks\eclipse_adoptium-17-amd64-windows.2\bin\jli.dll
0x00007ff8fb3a0000 - 0x00007ff8fb53d000 	C:\WINDOWS\System32\USER32.dll
0x00007ff8fa670000 - 0x00007ff8fa692000 	C:\WINDOWS\System32\win32u.dll
0x00007ff8fb6e0000 - 0x00007ff8fb70b000 	C:\WINDOWS\System32\GDI32.dll
0x00007ff8f9e90000 - 0x00007ff8f9faa000 	C:\WINDOWS\System32\gdi32full.dll
0x00007ff8f9fb0000 - 0x00007ff8fa04d000 	C:\WINDOWS\System32\msvcp_win.dll
0x00007ff8da090000 - 0x00007ff8da0ae000 	C:\Users\Donguinha\.gradle\jdks\eclipse_adoptium-17-amd64-windows.2\bin\VCRUNTIME140.dll
0x00007ff8e8b20000 - 0x00007ff8e8dba000 	C:\WINDOWS\WinSxS\amd64_microsoft.windows.common-controls_6595b64144ccf1df_6.0.19041.5794_none_60bcd33171f2783c\COMCTL32.dll
0x00007ff8fb540000 - 0x00007ff8fb5de000 	C:\WINDOWS\System32\msvcrt.dll
0x00007ff8fbc20000 - 0x00007ff8fbc4f000 	C:\WINDOWS\System32\IMM32.DLL
0x00007ff8e45c0000 - 0x00007ff8e45cc000 	C:\Users\Donguinha\.gradle\jdks\eclipse_adoptium-17-amd64-windows.2\bin\vcruntime140_1.dll
0x00007ff8d4e50000 - 0x00007ff8d4edd000 	C:\Users\Donguinha\.gradle\jdks\eclipse_adoptium-17-amd64-windows.2\bin\msvcp140.dll
0x00007ff8c3700000 - 0x00007ff8c436b000 	C:\Users\Donguinha\.gradle\jdks\eclipse_adoptium-17-amd64-windows.2\bin\server\jvm.dll
0x00007ff8fb010000 - 0x00007ff8fb0bf000 	C:\WINDOWS\System32\ADVAPI32.dll
0x00007ff8fbab0000 - 0x00007ff8fbb4f000 	C:\WINDOWS\System32\sechost.dll
0x00007ff8fb7e0000 - 0x00007ff8fb903000 	C:\WINDOWS\System32\RPCRT4.dll
0x00007ff8fa6f0000 - 0x00007ff8fa717000 	C:\WINDOWS\System32\bcrypt.dll
0x00007ff8fbbb0000 - 0x00007ff8fbc1b000 	C:\WINDOWS\System32\WS2_32.dll
0x00007ff8f9900000 - 0x00007ff8f994b000 	C:\WINDOWS\SYSTEM32\POWRPROF.dll
0x00007ff8e39c0000 - 0x00007ff8e39e7000 	C:\WINDOWS\SYSTEM32\WINMM.dll
0x00007ff8e3970000 - 0x00007ff8e397a000 	C:\WINDOWS\SYSTEM32\VERSION.dll
0x00007ff8f97f0000 - 0x00007ff8f9802000 	C:\WINDOWS\SYSTEM32\UMPDC.dll
0x00007ff8f7af0000 - 0x00007ff8f7b02000 	C:\WINDOWS\SYSTEM32\kernel.appcore.dll
0x00007ff8e2ff0000 - 0x00007ff8e2ffa000 	C:\Users\Donguinha\.gradle\jdks\eclipse_adoptium-17-amd64-windows.2\bin\jimage.dll
0x00007ff8e4db0000 - 0x00007ff8e4fb1000 	C:\WINDOWS\SYSTEM32\DBGHELP.DLL
0x00007ff8e4d70000 - 0x00007ff8e4da4000 	C:\WINDOWS\SYSTEM32\dbgcore.DLL
0x00007ff8fa2e0000 - 0x00007ff8fa362000 	C:\WINDOWS\System32\bcryptPrimitives.dll
0x00007ff8e8340000 - 0x00007ff8e834e000 	C:\Users\Donguinha\.gradle\jdks\eclipse_adoptium-17-amd64-windows.2\bin\instrument.dll
0x00007ff8d6b20000 - 0x00007ff8d6b45000 	C:\Users\Donguinha\.gradle\jdks\eclipse_adoptium-17-amd64-windows.2\bin\java.dll
0x00007ff8d45e0000 - 0x00007ff8d46b7000 	C:\Users\Donguinha\.gradle\jdks\eclipse_adoptium-17-amd64-windows.2\bin\jsvml.dll
0x00007ff8fbf40000 - 0x00007ff8fc6ae000 	C:\WINDOWS\System32\SHELL32.dll
0x00007ff8f7dd0000 - 0x00007ff8f8573000 	C:\WINDOWS\SYSTEM32\windows.storage.dll
0x00007ff8fac50000 - 0x00007ff8fafa3000 	C:\WINDOWS\System32\combase.dll
0x00007ff8f9750000 - 0x00007ff8f977b000 	C:\WINDOWS\SYSTEM32\Wldp.dll
0x00007ff8fb710000 - 0x00007ff8fb7dd000 	C:\WINDOWS\System32\OLEAUT32.dll
0x00007ff8fb910000 - 0x00007ff8fb9bd000 	C:\WINDOWS\System32\SHCORE.dll
0x00007ff8fa720000 - 0x00007ff8fa775000 	C:\WINDOWS\System32\shlwapi.dll
0x00007ff8f9cc0000 - 0x00007ff8f9ce5000 	C:\WINDOWS\SYSTEM32\profapi.dll
0x00007ff8d83b0000 - 0x00007ff8d83c8000 	C:\Users\Donguinha\.gradle\jdks\eclipse_adoptium-17-amd64-windows.2\bin\zip.dll
0x00007ff8d8ce0000 - 0x00007ff8d8cf9000 	C:\Users\Donguinha\.gradle\jdks\eclipse_adoptium-17-amd64-windows.2\bin\net.dll
0x00007ff8f24f0000 - 0x00007ff8f25fa000 	C:\WINDOWS\SYSTEM32\WINHTTP.dll
0x00007ff8f9400000 - 0x00007ff8f946c000 	C:\WINDOWS\system32\mswsock.dll
0x00007ff8d85d0000 - 0x00007ff8d85e6000 	C:\Users\Donguinha\.gradle\jdks\eclipse_adoptium-17-amd64-windows.2\bin\nio.dll
0x00007ff8d5760000 - 0x00007ff8d577a000 	C:\Program Files\JetBrains\IntelliJ IDEA Community Edition 2023.3.3\bin\breakgen64.dll
0x00007ff8e1f80000 - 0x00007ff8e1f89000 	C:\Users\Donguinha\.gradle\jdks\eclipse_adoptium-17-amd64-windows.2\bin\extnet.dll
0x00007ff8d82f0000 - 0x00007ff8d8300000 	C:\Users\Donguinha\.gradle\jdks\eclipse_adoptium-17-amd64-windows.2\bin\verify.dll
0x00007ff8d8310000 - 0x00007ff8d831a000 	C:\Users\Donguinha\.gradle\jdks\eclipse_adoptium-17-amd64-windows.2\bin\management.dll
0x00007ff8d6b50000 - 0x00007ff8d6b5b000 	C:\Users\Donguinha\.gradle\jdks\eclipse_adoptium-17-amd64-windows.2\bin\management_ext.dll
0x00007ff8fb9c0000 - 0x00007ff8fb9c8000 	C:\WINDOWS\System32\PSAPI.DLL
0x00007ff8d6640000 - 0x00007ff8d664e000 	C:\Users\Donguinha\.gradle\jdks\eclipse_adoptium-17-amd64-windows.2\bin\sunmscapi.dll
0x00007ff8fa180000 - 0x00007ff8fa2dd000 	C:\WINDOWS\System32\CRYPT32.dll
0x00007ff8f97c0000 - 0x00007ff8f97e7000 	C:\WINDOWS\SYSTEM32\ncrypt.dll
0x00007ff8f9780000 - 0x00007ff8f97bb000 	C:\WINDOWS\SYSTEM32\NTASN1.dll
0x00007ff8f9690000 - 0x00007ff8f96a8000 	C:\WINDOWS\SYSTEM32\CRYPTSP.dll
0x00007ff8f8d30000 - 0x00007ff8f8d68000 	C:\WINDOWS\system32\rsaenh.dll
0x00007ff8f9c40000 - 0x00007ff8f9c6e000 	C:\WINDOWS\SYSTEM32\USERENV.dll
0x00007ff8f9680000 - 0x00007ff8f968c000 	C:\WINDOWS\SYSTEM32\CRYPTBASE.dll
0x00007ff8f9100000 - 0x00007ff8f913b000 	C:\WINDOWS\SYSTEM32\IPHLPAPI.DLL
0x00007ff8fbd80000 - 0x00007ff8fbd88000 	C:\WINDOWS\System32\NSI.dll
0x00007ff8f3ec0000 - 0x00007ff8f3ed7000 	C:\WINDOWS\SYSTEM32\dhcpcsvc6.DLL
0x00007ff8f3ea0000 - 0x00007ff8f3ebd000 	C:\WINDOWS\SYSTEM32\dhcpcsvc.DLL
0x00007ff8f9140000 - 0x00007ff8f920a000 	C:\WINDOWS\SYSTEM32\DNSAPI.dll
0x00007ff8ea2e0000 - 0x00007ff8ea2ea000 	C:\Windows\System32\rasadhlp.dll
0x00007ff8eb730000 - 0x00007ff8eb7b0000 	C:\WINDOWS\System32\fwpuclnt.dll

dbghelp: loaded successfully - version: 4.0.5 - missing functions: none
symbol engine: initialized successfully - sym options: 0x614 - pdb path: .;C:\Users\Donguinha\.gradle\jdks\eclipse_adoptium-17-amd64-windows.2\bin;C:\WINDOWS\SYSTEM32;C:\WINDOWS\WinSxS\amd64_microsoft.windows.common-controls_6595b64144ccf1df_6.0.19041.5794_none_60bcd33171f2783c;C:\Users\Donguinha\.gradle\jdks\eclipse_adoptium-17-amd64-windows.2\bin\server;C:\Program Files\JetBrains\IntelliJ IDEA Community Edition 2023.3.3\bin

VM Arguments:
jvm_args: -javaagent:C:\Program Files\JetBrains\IntelliJ IDEA Community Edition 2023.3.3\lib\idea_rt.jar=62116:C:\Program Files\JetBrains\IntelliJ IDEA Community Edition 2023.3.3\bin -Dfile.encoding=UTF-8 
java_command: com.backend.api.BackendApiApplication
java_class_path (initial): C:\Users\Donguinha\IdeaProjects\d2win_backend\target\classes;C:\Users\Donguinha\.m2\repository\org\springframework\boot\spring-boot-starter-web\3.2.5\spring-boot-starter-web-3.2.5.jar;C:\Users\Donguinha\.m2\repository\org\springframework\boot\spring-boot-starter\3.2.5\spring-boot-starter-3.2.5.jar;C:\Users\Donguinha\.m2\repository\org\springframework\boot\spring-boot-starter-logging\3.2.5\spring-boot-starter-logging-3.2.5.jar;C:\Users\Donguinha\.m2\repository\ch\qos\logback\logback-classic\1.4.14\logback-classic-1.4.14.jar;C:\Users\Donguinha\.m2\repository\ch\qos\logback\logback-core\1.4.14\logback-core-1.4.14.jar;C:\Users\Donguinha\.m2\repository\org\apache\logging\log4j\log4j-to-slf4j\2.21.1\log4j-to-slf4j-2.21.1.jar;C:\Users\Donguinha\.m2\repository\org\apache\logging\log4j\log4j-api\2.21.1\log4j-api-2.21.1.jar;C:\Users\Donguinha\.m2\repository\org\slf4j\jul-to-slf4j\2.0.13\jul-to-slf4j-2.0.13.jar;C:\Users\Donguinha\.m2\repository\jakarta\annotation\jakarta.annotation-api\2.1.1\jakarta.annotation-api-2.1.1.jar;C:\Users\Donguinha\.m2\repository\org\yaml\snakeyaml\2.2\snakeyaml-2.2.jar;C:\Users\Donguinha\.m2\repository\org\springframework\boot\spring-boot-starter-json\3.2.5\spring-boot-starter-json-3.2.5.jar;C:\Users\Donguinha\.m2\repository\com\fasterxml\jackson\core\jackson-databind\2.15.4\jackson-databind-2.15.4.jar;C:\Users\Donguinha\.m2\repository\com\fasterxml\jackson\core\jackson-annotations\2.15.4\jackson-annotations-2.15.4.jar;C:\Users\Donguinha\.m2\repository\com\fasterxml\jackson\core\jackson-core\2.15.4\jackson-core-2.15.4.jar;C:\Users\Donguinha\.m2\repository\com\fasterxml\jackson\datatype\jackson-datatype-jdk8\2.15.4\jackson-datatype-jdk8-2.15.4.jar;C:\Users\Donguinha\.m2\repository\com\fasterxml\jackson\datatype\jackson-datatype-jsr310\2.15.4\jackson-datatype-jsr310-2.15.4.jar;C:\Users\Donguinha\.m2\repository\com\fasterxml\jackson\module\jackson-module-parameter-names\2.15.4\jackson-module-parameter-names-2.15.4.jar;C:\U
Launcher Type: SUN_STANDARD

[Global flags]
     intx CICompilerCount                          = 3                                         {product} {ergonomic}
     uint ConcGCThreads                            = 1                                         {product} {ergonomic}
     uint G1ConcRefinementThreads                  = 4                                         {product} {ergonomic}
   size_t G1HeapRegionSize                         = 2097152                                   {product} {ergonomic}
    uintx GCDrainStackTargetSize                   = 64                                        {product} {ergonomic}
   size_t InitialHeapSize                          = 201326592                                 {product} {ergonomic}
   size_t MarkStackSize                            = 4194304                                   {product} {ergonomic}
   size_t MaxHeapSize                              = 3189768192                                {product} {ergonomic}
   size_t MaxNewSize                               = 1912602624                                {product} {ergonomic}
   size_t MinHeapDeltaBytes                        = 2097152                                   {product} {ergonomic}
   size_t MinHeapSize                              = 8388608                                   {product} {ergonomic}
    uintx NonNMethodCodeHeapSize                   = 5832780                                {pd product} {ergonomic}
    uintx NonProfiledCodeHeapSize                  = 122912730                              {pd product} {ergonomic}
    uintx ProfiledCodeHeapSize                     = 122912730                              {pd product} {ergonomic}
    uintx ReservedCodeCacheSize                    = 251658240                              {pd product} {ergonomic}
     bool SegmentedCodeCache                       = true                                      {product} {ergonomic}
   size_t SoftMaxHeapSize                          = 3189768192                             {manageable} {ergonomic}
     bool UseCompressedClassPointers               = true                           {product lp64_product} {ergonomic}
     bool UseCompressedOops                        = true                           {product lp64_product} {ergonomic}
     bool UseG1GC                                  = true                                      {product} {ergonomic}
     bool UseLargePagesIndividualAllocation        = false                                  {pd product} {ergonomic}

Logging:
Log output configuration:
 #0: stdout all=warning uptime,level,tags
 #1: stderr all=off uptime,level,tags

Environment Variables:
PATH=C:\Program Files\Common Files\Oracle\Java\javapath;C:\ProgramData\Oracle\Java\javapath;C:\WINDOWS\system32;C:\WINDOWS;C:\WINDOWS\System32\Wbem;C:\WINDOWS\System32\WindowsPowerShell\v1.0\;C:\WINDOWS\System32\OpenSSH\;C:\Program Files\SafeNet\Authentication\SAC\x64;C:\Program Files\SafeNet\Authentication\SAC\x32;C:\ProgramData\chocolatey\bin;C:\Program Files (x86)\Microsoft SQL Server\160\DTS\Binn\;C:\Program Files (x86)\Microsoft SQL Server\160\Tools\Binn\;C:\Program Files\Microsoft SQL Server\160\Tools\Binn\;C:\Program Files\Microsoft SQL Server\Client SDK\ODBC\170\Tools\Binn\;C:\Program Files\Microsoft SQL Server\160\DTS\Binn\;C:\Program Files\nodejs\;C:\Program Files\Git\cmd;C:\Users\Donguinha\AppData\Local\Microsoft\WindowsApps;;C:\Users\Donguinha\AppData\Local\Programs\Microsoft VS Code\bin;C:\Users\Donguinha\AppData\Roaming\npm
USERNAME=Donguinha
OS=Windows_NT
PROCESSOR_IDENTIFIER=Intel64 Family 6 Model 142 Stepping 9, GenuineIntel
TMP=C:\Users\DONGUI~1\AppData\Local\Temp
TEMP=C:\Users\DONGUI~1\AppData\Local\Temp



Periodic native trim disabled


---------------  S Y S T E M  ---------------

OS:
 Windows 10 , 64 bit Build 19041 (10.0.19041.5794)
OS uptime: 0 days 8:06 hours
Hyper-V role detected

CPU: total 4 (initial active 4) (2 cores per cpu, 2 threads per core) family 6 model 142 stepping 9 microcode 0xb4, cx8, cmov, fxsr, ht, mmx, 3dnowpref, sse, sse2, sse3, ssse3, sse4.1, sse4.2, popcnt, lzcnt, tsc, tscinvbit, avx, avx2, aes, erms, clmul, bmi1, bmi2, adx, fma, vzeroupper, clflush, clflushopt, hv
Processor Information for all 4 processors :
  Max Mhz: 2712, Current Mhz: 2511, Mhz Limit: 2495

Memory: 4k page, system-wide physical 12163M (497M free)
TotalPageFile size 12163M (AvailPageFile size 5M)
current process WorkingSet (physical memory assigned to process): 259M, peak: 259M
current process commit charge ("private bytes"): 288M, peak: 337M

vm_info: OpenJDK 64-Bit Server VM (17.0.13+11) for windows-amd64 JRE (17.0.13+11), built on Oct 16 2024 00:10:08 by "admin" with MS VC++ 17.7 (VS2022)

END.
